[ 2017-02-26T14:37:32+08:00 ] 127.0.0.1 /favicon.ico
INFO: [ app_init ] --START--
INFO: Run Behavior\BuildLiteBehavior [ RunTime:0.000000s ]
INFO: [ app_init ] --END-- [ RunTime:0.001000s ]
ERR: 无法加载模块:Favicon

[ 2017-02-26T14:37:40+08:00 ] 127.0.0.1 /assets/vendor/fontawesome/fonts/fontawesome-webfont.woff2?v=4.3.0
INFO: [ app_init ] --START--
INFO: Run Behavior\BuildLiteBehavior [ RunTime:0.000000s ]
INFO: [ app_init ] --END-- [ RunTime:0.001000s ]
ERR: 无法加载模块:Assets

[ 2017-02-26T14:37:40+08:00 ] 127.0.0.1 /public_html/img/ui-bg.png
INFO: [ app_init ] --START--
INFO: Run Behavior\BuildLiteBehavior [ RunTime:0.000000s ]
INFO: [ app_init ] --END-- [ RunTime:0.000000s ]
ERR: 无法加载模块:Public_html

[ 2017-02-26T14:37:40+08:00 ] 127.0.0.1 /assets/styles/img/green.png
INFO: [ app_init ] --START--
INFO: Run Behavior\BuildLiteBehavior [ RunTime:0.000000s ]
INFO: [ app_init ] --END-- [ RunTime:0.000000s ]
ERR: 无法加载模块:Assets

[ 2017-02-26T14:37:40+08:00 ] 127.0.0.1 /assets/vendor/fontawesome/fonts/fontawesome-webfont.woff?v=4.3.0
INFO: [ app_init ] --START--
INFO: Run Behavior\BuildLiteBehavior [ RunTime:0.000000s ]
INFO: [ app_init ] --END-- [ RunTime:0.000000s ]
ERR: 无法加载模块:Assets

[ 2017-02-26T14:37:40+08:00 ] 127.0.0.1 /assets/vendor/fontawesome/fonts/fontawesome-webfont.ttf?v=4.3.0
INFO: [ app_init ] --START--
INFO: Run Behavior\BuildLiteBehavior [ RunTime:0.000000s ]
INFO: [ app_init ] --END-- [ RunTime:0.000000s ]
ERR: 无法加载模块:Assets

[ 2017-02-26T14:39:01+08:00 ] 127.0.0.1 /assets/vendor/fontawesome/fonts/fontawesome-webfont.woff2?v=4.3.0
INFO: [ app_init ] --START--
INFO: Run Behavior\BuildLiteBehavior [ RunTime:0.000000s ]
INFO: [ app_init ] --END-- [ RunTime:0.001000s ]
ERR: 无法加载模块:Assets

[ 2017-02-26T14:39:01+08:00 ] 127.0.0.1 /assets/vendor/fontawesome/fonts/fontawesome-webfont.woff?v=4.3.0
INFO: [ app_init ] --START--
INFO: Run Behavior\BuildLiteBehavior [ RunTime:0.000000s ]
INFO: [ app_init ] --END-- [ RunTime:0.001001s ]
ERR: 无法加载模块:Assets

[ 2017-02-26T14:39:01+08:00 ] 127.0.0.1 /assets/styles/img/green.png
INFO: [ app_init ] --START--
INFO: Run Behavior\BuildLiteBehavior [ RunTime:0.000000s ]
INFO: [ app_init ] --END-- [ RunTime:0.000000s ]
ERR: 无法加载模块:Assets

[ 2017-02-26T14:39:01+08:00 ] 127.0.0.1 /assets/vendor/fontawesome/fonts/fontawesome-webfont.ttf?v=4.3.0
INFO: [ app_init ] --START--
INFO: Run Behavior\BuildLiteBehavior [ RunTime:0.000000s ]
INFO: [ app_init ] --END-- [ RunTime:0.001000s ]
ERR: 无法加载模块:Assets

[ 2017-02-26T14:39:02+08:00 ] 127.0.0.1 /public_html/img/ui-bg.png
INFO: [ app_init ] --START--
INFO: Run Behavior\BuildLiteBehavior [ RunTime:0.000000s ]
INFO: [ app_init ] --END-- [ RunTime:0.001000s ]
ERR: 无法加载模块:Public_html

[ 2017-02-26T14:39:03+08:00 ] 127.0.0.1 /assets/vendor/fontawesome/fonts/fontawesome-webfont.woff2?v=4.3.0
INFO: [ app_init ] --START--
INFO: Run Behavior\BuildLiteBehavior [ RunTime:0.000000s ]
INFO: [ app_init ] --END-- [ RunTime:0.001000s ]
ERR: 无法加载模块:Assets

[ 2017-02-26T14:39:03+08:00 ] 127.0.0.1 /public_html/img/ui-bg.png
INFO: [ app_init ] --START--
INFO: Run Behavior\BuildLiteBehavior [ RunTime:0.000000s ]
INFO: [ app_init ] --END-- [ RunTime:0.001000s ]
ERR: 无法加载模块:Public_html

[ 2017-02-26T14:39:04+08:00 ] 127.0.0.1 /assets/vendor/fontawesome/fonts/fontawesome-webfont.woff?v=4.3.0
INFO: [ app_init ] --START--
INFO: Run Behavior\BuildLiteBehavior [ RunTime:0.000000s ]
INFO: [ app_init ] --END-- [ RunTime:0.000000s ]
ERR: 无法加载模块:Assets

[ 2017-02-26T14:39:04+08:00 ] 127.0.0.1 /assets/vendor/fontawesome/fonts/fontawesome-webfont.ttf?v=4.3.0
INFO: [ app_init ] --START--
INFO: Run Behavior\BuildLiteBehavior [ RunTime:0.000000s ]
INFO: [ app_init ] --END-- [ RunTime:0.000000s ]
ERR: 无法加载模块:Assets

[ 2017-02-26T14:39:05+08:00 ] 127.0.0.1 /assets/vendor/fontawesome/fonts/fontawesome-webfont.woff2?v=4.3.0
INFO: [ app_init ] --START--
INFO: Run Behavior\BuildLiteBehavior [ RunTime:0.000000s ]
INFO: [ app_init ] --END-- [ RunTime:0.001000s ]
ERR: 无法加载模块:Assets

[ 2017-02-26T14:39:05+08:00 ] 127.0.0.1 /assets/vendor/fontawesome/fonts/fontawesome-webfont.woff?v=4.3.0
INFO: [ app_init ] --START--
INFO: Run Behavior\BuildLiteBehavior [ RunTime:0.000000s ]
INFO: [ app_init ] --END-- [ RunTime:0.000000s ]
ERR: 无法加载模块:Assets

[ 2017-02-26T14:39:05+08:00 ] 127.0.0.1 /assets/vendor/fontawesome/fonts/fontawesome-webfont.ttf?v=4.3.0
INFO: [ app_init ] --START--
INFO: Run Behavior\BuildLiteBehavior [ RunTime:0.000000s ]
INFO: [ app_init ] --END-- [ RunTime:0.000000s ]
ERR: 无法加载模块:Assets

[ 2017-02-26T14:39:06+08:00 ] 127.0.0.1 /assets/vendor/fontawesome/fonts/fontawesome-webfont.woff2?v=4.3.0
INFO: [ app_init ] --START--
INFO: Run Behavior\BuildLiteBehavior [ RunTime:0.000000s ]
INFO: [ app_init ] --END-- [ RunTime:0.000000s ]
ERR: 无法加载模块:Assets

[ 2017-02-26T14:39:06+08:00 ] 127.0.0.1 /assets/styles/img/green.png
INFO: [ app_init ] --START--
INFO: Run Behavior\BuildLiteBehavior [ RunTime:0.000000s ]
INFO: [ app_init ] --END-- [ RunTime:0.000000s ]
ERR: 无法加载模块:Assets

[ 2017-02-26T14:39:06+08:00 ] 127.0.0.1 /assets/vendor/fontawesome/fonts/fontawesome-webfont.woff?v=4.3.0
INFO: [ app_init ] --START--
INFO: Run Behavior\BuildLiteBehavior [ RunTime:0.000000s ]
INFO: [ app_init ] --END-- [ RunTime:0.000000s ]
ERR: 无法加载模块:Assets

[ 2017-02-26T14:39:06+08:00 ] 127.0.0.1 /assets/vendor/fontawesome/fonts/fontawesome-webfont.ttf?v=4.3.0
INFO: [ app_init ] --START--
INFO: Run Behavior\BuildLiteBehavior [ RunTime:0.000000s ]
INFO: [ app_init ] --END-- [ RunTime:0.000000s ]
ERR: 无法加载模块:Assets

[ 2017-02-26T14:39:06+08:00 ] 127.0.0.1 /public_html/img/ui-bg.png
INFO: [ app_init ] --START--
INFO: Run Behavior\BuildLiteBehavior [ RunTime:0.000000s ]
INFO: [ app_init ] --END-- [ RunTime:0.001000s ]
ERR: 无法加载模块:Public_html

[ 2017-02-26T14:39:06+08:00 ] 127.0.0.1 /assets/vendor/fontawesome/fonts/fontawesome-webfont.woff2?v=4.3.0
INFO: [ app_init ] --START--
INFO: Run Behavior\BuildLiteBehavior [ RunTime:0.000000s ]
INFO: [ app_init ] --END-- [ RunTime:0.000000s ]
ERR: 无法加载模块:Assets

[ 2017-02-26T14:39:06+08:00 ] 127.0.0.1 /assets/vendor/fontawesome/fonts/fontawesome-webfont.woff?v=4.3.0
INFO: [ app_init ] --START--
INFO: Run Behavior\BuildLiteBehavior [ RunTime:0.000000s ]
INFO: [ app_init ] --END-- [ RunTime:0.001000s ]
ERR: 无法加载模块:Assets

[ 2017-02-26T14:39:06+08:00 ] 127.0.0.1 /assets/vendor/fontawesome/fonts/fontawesome-webfont.ttf?v=4.3.0
INFO: [ app_init ] --START--
INFO: Run Behavior\BuildLiteBehavior [ RunTime:0.000000s ]
INFO: [ app_init ] --END-- [ RunTime:0.000000s ]
ERR: 无法加载模块:Assets

[ 2017-02-26T14:39:07+08:00 ] 127.0.0.1 /public_html/img/ui-bg.png
INFO: [ app_init ] --START--
INFO: Run Behavior\BuildLiteBehavior [ RunTime:0.000000s ]
INFO: [ app_init ] --END-- [ RunTime:0.000000s ]
ERR: 无法加载模块:Public_html

[ 2017-02-26T14:39:07+08:00 ] 127.0.0.1 /assets/vendor/fontawesome/fonts/fontawesome-webfont.woff2?v=4.3.0
INFO: [ app_init ] --START--
INFO: Run Behavior\BuildLiteBehavior [ RunTime:0.000000s ]
INFO: [ app_init ] --END-- [ RunTime:0.000000s ]
ERR: 无法加载模块:Assets

[ 2017-02-26T14:39:07+08:00 ] 127.0.0.1 /assets/vendor/fontawesome/fonts/fontawesome-webfont.woff?v=4.3.0
INFO: [ app_init ] --START--
INFO: Run Behavior\BuildLiteBehavior [ RunTime:0.000000s ]
INFO: [ app_init ] --END-- [ RunTime:0.000000s ]
ERR: 无法加载模块:Assets

[ 2017-02-26T14:39:07+08:00 ] 127.0.0.1 /assets/vendor/fontawesome/fonts/fontawesome-webfont.ttf?v=4.3.0
INFO: [ app_init ] --START--
INFO: Run Behavior\BuildLiteBehavior [ RunTime:0.000000s ]
INFO: [ app_init ] --END-- [ RunTime:0.000000s ]
ERR: 无法加载模块:Assets

[ 2017-02-26T14:39:07+08:00 ] 127.0.0.1 /public_html/img/ui-bg.png
INFO: [ app_init ] --START--
INFO: Run Behavior\BuildLiteBehavior [ RunTime:0.000000s ]
INFO: [ app_init ] --END-- [ RunTime:0.001000s ]
ERR: 无法加载模块:Public_html

[ 2017-02-26T14:39:08+08:00 ] 127.0.0.1 /public_html/img/ui-bg.png
INFO: [ app_init ] --START--
INFO: Run Behavior\BuildLiteBehavior [ RunTime:0.000000s ]
INFO: [ app_init ] --END-- [ RunTime:0.000000s ]
ERR: 无法加载模块:Public_html

[ 2017-02-26T14:40:12+08:00 ] 127.0.0.1 /public_html/img/ui-bg.png
INFO: [ app_init ] --START--
INFO: Run Behavior\BuildLiteBehavior [ RunTime:0.000000s ]
INFO: [ app_init ] --END-- [ RunTime:0.000000s ]
ERR: 无法加载模块:Public_html

[ 2017-02-26T14:40:12+08:00 ] 127.0.0.1 /assets/vendor/fontawesome/fonts/fontawesome-webfont.woff2?v=4.3.0
INFO: [ app_init ] --START--
INFO: Run Behavior\BuildLiteBehavior [ RunTime:0.000000s ]
INFO: [ app_init ] --END-- [ RunTime:0.000000s ]
ERR: 无法加载模块:Assets

[ 2017-02-26T14:40:12+08:00 ] 127.0.0.1 /assets/styles/img/green.png
INFO: [ app_init ] --START--
INFO: Run Behavior\BuildLiteBehavior [ RunTime:0.000000s ]
INFO: [ app_init ] --END-- [ RunTime:0.000000s ]
ERR: 无法加载模块:Assets

[ 2017-02-26T14:40:12+08:00 ] 127.0.0.1 /assets/vendor/fontawesome/fonts/fontawesome-webfont.woff?v=4.3.0
INFO: [ app_init ] --START--
INFO: Run Behavior\BuildLiteBehavior [ RunTime:0.000000s ]
INFO: [ app_init ] --END-- [ RunTime:0.001000s ]
ERR: 无法加载模块:Assets

[ 2017-02-26T14:40:12+08:00 ] 127.0.0.1 /assets/vendor/fontawesome/fonts/fontawesome-webfont.ttf?v=4.3.0
INFO: [ app_init ] --START--
INFO: Run Behavior\BuildLiteBehavior [ RunTime:0.000000s ]
INFO: [ app_init ] --END-- [ RunTime:0.001001s ]
ERR: 无法加载模块:Assets

[ 2017-02-26T14:40:13+08:00 ] 127.0.0.1 /assets/vendor/fontawesome/fonts/fontawesome-webfont.woff2?v=4.3.0
INFO: [ app_init ] --START--
INFO: Run Behavior\BuildLiteBehavior [ RunTime:0.000000s ]
INFO: [ app_init ] --END-- [ RunTime:0.000000s ]
ERR: 无法加载模块:Assets

[ 2017-02-26T14:40:13+08:00 ] 127.0.0.1 /assets/styles/img/green.png
INFO: [ app_init ] --START--
INFO: Run Behavior\BuildLiteBehavior [ RunTime:0.000000s ]
INFO: [ app_init ] --END-- [ RunTime:0.000000s ]
ERR: 无法加载模块:Assets

[ 2017-02-26T14:40:14+08:00 ] 127.0.0.1 /assets/vendor/fontawesome/fonts/fontawesome-webfont.ttf?v=4.3.0
INFO: [ app_init ] --START--
INFO: Run Behavior\BuildLiteBehavior [ RunTime:0.000000s ]
INFO: [ app_init ] --END-- [ RunTime:0.000000s ]
ERR: 无法加载模块:Assets

[ 2017-02-26T14:40:14+08:00 ] 127.0.0.1 /assets/vendor/fontawesome/fonts/fontawesome-webfont.woff2?v=4.3.0
INFO: [ app_init ] --START--
INFO: Run Behavior\BuildLiteBehavior [ RunTime:0.000000s ]
INFO: [ app_init ] --END-- [ RunTime:0.000000s ]
ERR: 无法加载模块:Assets

[ 2017-02-26T14:40:14+08:00 ] 127.0.0.1 /public_html/img/ui-bg.png
INFO: [ app_init ] --START--
INFO: Run Behavior\BuildLiteBehavior [ RunTime:0.000000s ]
INFO: [ app_init ] --END-- [ RunTime:0.001000s ]
ERR: 无法加载模块:Public_html

[ 2017-02-26T14:40:14+08:00 ] 127.0.0.1 /assets/styles/img/green.png
INFO: [ app_init ] --START--
INFO: Run Behavior\BuildLiteBehavior [ RunTime:0.000000s ]
INFO: [ app_init ] --END-- [ RunTime:0.000000s ]
ERR: 无法加载模块:Assets

[ 2017-02-26T14:40:14+08:00 ] 127.0.0.1 /assets/vendor/fontawesome/fonts/fontawesome-webfont.woff?v=4.3.0
INFO: [ app_init ] --START--
INFO: Run Behavior\BuildLiteBehavior [ RunTime:0.000000s ]
INFO: [ app_init ] --END-- [ RunTime:0.001000s ]
ERR: 无法加载模块:Assets

[ 2017-02-26T14:40:14+08:00 ] 127.0.0.1 /assets/vendor/fontawesome/fonts/fontawesome-webfont.woff?v=4.3.0
INFO: [ app_init ] --START--
INFO: Run Behavior\BuildLiteBehavior [ RunTime:0.000000s ]
INFO: [ app_init ] --END-- [ RunTime:0.001000s ]
ERR: 无法加载模块:Assets

[ 2017-02-26T14:40:14+08:00 ] 127.0.0.1 /assets/vendor/fontawesome/fonts/fontawesome-webfont.ttf?v=4.3.0
INFO: [ app_init ] --START--
INFO: Run Behavior\BuildLiteBehavior [ RunTime:0.000000s ]
INFO: [ app_init ] --END-- [ RunTime:0.000000s ]
ERR: 无法加载模块:Assets

[ 2017-02-26T14:40:15+08:00 ] 127.0.0.1 /assets/vendor/fontawesome/fonts/fontawesome-webfont.woff2?v=4.3.0
INFO: [ app_init ] --START--
INFO: Run Behavior\BuildLiteBehavior [ RunTime:0.000000s ]
INFO: [ app_init ] --END-- [ RunTime:0.000000s ]
ERR: 无法加载模块:Assets

[ 2017-02-26T14:40:15+08:00 ] 127.0.0.1 /public_html/img/ui-bg.png
INFO: [ app_init ] --START--
INFO: Run Behavior\BuildLiteBehavior [ RunTime:0.000000s ]
INFO: [ app_init ] --END-- [ RunTime:0.000000s ]
ERR: 无法加载模块:Public_html

[ 2017-02-26T14:40:15+08:00 ] 127.0.0.1 /assets/vendor/fontawesome/fonts/fontawesome-webfont.woff?v=4.3.0
INFO: [ app_init ] --START--
INFO: Run Behavior\BuildLiteBehavior [ RunTime:0.000000s ]
INFO: [ app_init ] --END-- [ RunTime:0.001000s ]
ERR: 无法加载模块:Assets

[ 2017-02-26T14:40:15+08:00 ] 127.0.0.1 /assets/vendor/fontawesome/fonts/fontawesome-webfont.ttf?v=4.3.0
INFO: [ app_init ] --START--
INFO: Run Behavior\BuildLiteBehavior [ RunTime:0.000000s ]
INFO: [ app_init ] --END-- [ RunTime:0.000000s ]
ERR: 无法加载模块:Assets

[ 2017-02-26T14:40:15+08:00 ] 127.0.0.1 /public_html/img/ui-bg.png
INFO: [ app_init ] --START--
INFO: Run Behavior\BuildLiteBehavior [ RunTime:0.000000s ]
INFO: [ app_init ] --END-- [ RunTime:0.000000s ]
ERR: 无法加载模块:Public_html

[ 2017-02-26T14:40:16+08:00 ] 127.0.0.1 /assets/vendor/fontawesome/fonts/fontawesome-webfont.woff2?v=4.3.0
INFO: [ app_init ] --START--
INFO: Run Behavior\BuildLiteBehavior [ RunTime:0.000000s ]
INFO: [ app_init ] --END-- [ RunTime:0.000000s ]
ERR: 无法加载模块:Assets

[ 2017-02-26T14:40:16+08:00 ] 127.0.0.1 /public_html/img/ui-bg.png
INFO: [ app_init ] --START--
INFO: Run Behavior\BuildLiteBehavior [ RunTime:0.000000s ]
INFO: [ app_init ] --END-- [ RunTime:0.001000s ]
ERR: 无法加载模块:Public_html

[ 2017-02-26T14:40:16+08:00 ] 127.0.0.1 /assets/vendor/fontawesome/fonts/fontawesome-webfont.woff?v=4.3.0
INFO: [ app_init ] --START--
INFO: Run Behavior\BuildLiteBehavior [ RunTime:0.000000s ]
INFO: [ app_init ] --END-- [ RunTime:0.000000s ]
ERR: 无法加载模块:Assets

[ 2017-02-26T14:40:16+08:00 ] 127.0.0.1 /assets/vendor/fontawesome/fonts/fontawesome-webfont.ttf?v=4.3.0
INFO: [ app_init ] --START--
INFO: Run Behavior\BuildLiteBehavior [ RunTime:0.000000s ]
INFO: [ app_init ] --END-- [ RunTime:0.001000s ]
ERR: 无法加载模块:Assets

[ 2017-02-26T14:40:16+08:00 ] 127.0.0.1 /assets/vendor/fontawesome/fonts/fontawesome-webfont.woff2?v=4.3.0
INFO: [ app_init ] --START--
INFO: Run Behavior\BuildLiteBehavior [ RunTime:0.000000s ]
INFO: [ app_init ] --END-- [ RunTime:0.000000s ]
ERR: 无法加载模块:Assets

[ 2017-02-26T14:40:16+08:00 ] 127.0.0.1 /public_html/img/ui-bg.png
INFO: [ app_init ] --START--
INFO: Run Behavior\BuildLiteBehavior [ RunTime:0.000000s ]
INFO: [ app_init ] --END-- [ RunTime:0.001000s ]
ERR: 无法加载模块:Public_html

[ 2017-02-26T14:40:17+08:00 ] 127.0.0.1 /assets/vendor/fontawesome/fonts/fontawesome-webfont.woff?v=4.3.0
INFO: [ app_init ] --START--
INFO: Run Behavior\BuildLiteBehavior [ RunTime:0.000000s ]
INFO: [ app_init ] --END-- [ RunTime:0.000000s ]
ERR: 无法加载模块:Assets

[ 2017-02-26T14:40:17+08:00 ] 127.0.0.1 /assets/vendor/fontawesome/fonts/fontawesome-webfont.ttf?v=4.3.0
INFO: [ app_init ] --START--
INFO: Run Behavior\BuildLiteBehavior [ RunTime:0.000000s ]
INFO: [ app_init ] --END-- [ RunTime:0.001000s ]
ERR: 无法加载模块:Assets

[ 2017-02-26T14:40:17+08:00 ] 127.0.0.1 /assets/vendor/fontawesome/fonts/fontawesome-webfont.woff2?v=4.3.0
INFO: [ app_init ] --START--
INFO: Run Behavior\BuildLiteBehavior [ RunTime:0.000000s ]
INFO: [ app_init ] --END-- [ RunTime:0.001000s ]
ERR: 无法加载模块:Assets

[ 2017-02-26T14:40:17+08:00 ] 127.0.0.1 /public_html/img/ui-bg.png
INFO: [ app_init ] --START--
INFO: Run Behavior\BuildLiteBehavior [ RunTime:0.000000s ]
INFO: [ app_init ] --END-- [ RunTime:0.001000s ]
ERR: 无法加载模块:Public_html

[ 2017-02-26T14:40:17+08:00 ] 127.0.0.1 /assets/vendor/fontawesome/fonts/fontawesome-webfont.woff?v=4.3.0
INFO: [ app_init ] --START--
INFO: Run Behavior\BuildLiteBehavior [ RunTime:0.000000s ]
INFO: [ app_init ] --END-- [ RunTime:0.000000s ]
ERR: 无法加载模块:Assets

[ 2017-02-26T14:40:17+08:00 ] 127.0.0.1 /assets/vendor/fontawesome/fonts/fontawesome-webfont.ttf?v=4.3.0
INFO: [ app_init ] --START--
INFO: Run Behavior\BuildLiteBehavior [ RunTime:0.000000s ]
INFO: [ app_init ] --END-- [ RunTime:0.001000s ]
ERR: 无法加载模块:Assets

[ 2017-02-26T14:40:18+08:00 ] 127.0.0.1 /assets/vendor/fontawesome/fonts/fontawesome-webfont.woff2?v=4.3.0
INFO: [ app_init ] --START--
INFO: Run Behavior\BuildLiteBehavior [ RunTime:0.000000s ]
INFO: [ app_init ] --END-- [ RunTime:0.000000s ]
ERR: 无法加载模块:Assets

[ 2017-02-26T14:40:18+08:00 ] 127.0.0.1 /public_html/img/ui-bg.png
INFO: [ app_init ] --START--
INFO: Run Behavior\BuildLiteBehavior [ RunTime:0.000000s ]
INFO: [ app_init ] --END-- [ RunTime:0.000000s ]
ERR: 无法加载模块:Public_html

[ 2017-02-26T14:40:18+08:00 ] 127.0.0.1 /assets/vendor/fontawesome/fonts/fontawesome-webfont.woff?v=4.3.0
INFO: [ app_init ] --START--
INFO: Run Behavior\BuildLiteBehavior [ RunTime:0.000000s ]
INFO: [ app_init ] --END-- [ RunTime:0.001001s ]
ERR: 无法加载模块:Assets

[ 2017-02-26T14:40:18+08:00 ] 127.0.0.1 /assets/vendor/fontawesome/fonts/fontawesome-webfont.ttf?v=4.3.0
INFO: [ app_init ] --START--
INFO: Run Behavior\BuildLiteBehavior [ RunTime:0.000000s ]
INFO: [ app_init ] --END-- [ RunTime:0.000000s ]
ERR: 无法加载模块:Assets

[ 2017-02-26T14:40:19+08:00 ] 127.0.0.1 /public_html/img/ui-bg.png
INFO: [ app_init ] --START--
INFO: Run Behavior\BuildLiteBehavior [ RunTime:0.000000s ]
INFO: [ app_init ] --END-- [ RunTime:0.000000s ]
ERR: 无法加载模块:Public_html

[ 2017-02-26T14:40:19+08:00 ] 127.0.0.1 /assets/vendor/fontawesome/fonts/fontawesome-webfont.woff2?v=4.3.0
INFO: [ app_init ] --START--
INFO: Run Behavior\BuildLiteBehavior [ RunTime:0.000000s ]
INFO: [ app_init ] --END-- [ RunTime:0.000000s ]
ERR: 无法加载模块:Assets

[ 2017-02-26T14:40:19+08:00 ] 127.0.0.1 /assets/vendor/fontawesome/fonts/fontawesome-webfont.woff?v=4.3.0
INFO: [ app_init ] --START--
INFO: Run Behavior\BuildLiteBehavior [ RunTime:0.000000s ]
INFO: [ app_init ] --END-- [ RunTime:0.000000s ]
ERR: 无法加载模块:Assets

[ 2017-02-26T14:40:19+08:00 ] 127.0.0.1 /assets/styles/img/green.png
INFO: [ app_init ] --START--
INFO: Run Behavior\BuildLiteBehavior [ RunTime:0.000000s ]
INFO: [ app_init ] --END-- [ RunTime:0.000000s ]
ERR: 无法加载模块:Assets

[ 2017-02-26T14:40:19+08:00 ] 127.0.0.1 /assets/vendor/fontawesome/fonts/fontawesome-webfont.ttf?v=4.3.0
INFO: [ app_init ] --START--
INFO: Run Behavior\BuildLiteBehavior [ RunTime:0.000000s ]
INFO: [ app_init ] --END-- [ RunTime:0.000000s ]
ERR: 无法加载模块:Assets

[ 2017-02-26T14:40:19+08:00 ] 127.0.0.1 /assets/vendor/fontawesome/fonts/fontawesome-webfont.woff2?v=4.3.0
INFO: [ app_init ] --START--
INFO: Run Behavior\BuildLiteBehavior [ RunTime:0.000000s ]
INFO: [ app_init ] --END-- [ RunTime:0.001000s ]
ERR: 无法加载模块:Assets

[ 2017-02-26T14:40:19+08:00 ] 127.0.0.1 /public_html/img/ui-bg.png
INFO: [ app_init ] --START--
INFO: Run Behavior\BuildLiteBehavior [ RunTime:0.000000s ]
INFO: [ app_init ] --END-- [ RunTime:0.000000s ]
ERR: 无法加载模块:Public_html

[ 2017-02-26T14:40:19+08:00 ] 127.0.0.1 /assets/vendor/fontawesome/fonts/fontawesome-webfont.woff?v=4.3.0
INFO: [ app_init ] --START--
INFO: Run Behavior\BuildLiteBehavior [ RunTime:0.000000s ]
INFO: [ app_init ] --END-- [ RunTime:0.001000s ]
ERR: 无法加载模块:Assets

[ 2017-02-26T14:40:19+08:00 ] 127.0.0.1 /assets/styles/img/green.png
INFO: [ app_init ] --START--
INFO: Run Behavior\BuildLiteBehavior [ RunTime:0.000000s ]
INFO: [ app_init ] --END-- [ RunTime:0.001000s ]
ERR: 无法加载模块:Assets

[ 2017-02-26T14:40:19+08:00 ] 127.0.0.1 /assets/vendor/fontawesome/fonts/fontawesome-webfont.ttf?v=4.3.0
INFO: [ app_init ] --START--
INFO: Run Behavior\BuildLiteBehavior [ RunTime:0.000000s ]
INFO: [ app_init ] --END-- [ RunTime:0.000000s ]
ERR: 无法加载模块:Assets

[ 2017-02-26T14:40:20+08:00 ] 127.0.0.1 /assets/vendor/fontawesome/fonts/fontawesome-webfont.woff2?v=4.3.0
INFO: [ app_init ] --START--
INFO: Run Behavior\BuildLiteBehavior [ RunTime:0.000000s ]
INFO: [ app_init ] --END-- [ RunTime:0.000000s ]
ERR: 无法加载模块:Assets

[ 2017-02-26T14:40:20+08:00 ] 127.0.0.1 /public_html/img/ui-bg.png
INFO: [ app_init ] --START--
INFO: Run Behavior\BuildLiteBehavior [ RunTime:0.000000s ]
INFO: [ app_init ] --END-- [ RunTime:0.000000s ]
ERR: 无法加载模块:Public_html

[ 2017-02-26T14:40:20+08:00 ] 127.0.0.1 /assets/vendor/fontawesome/fonts/fontawesome-webfont.woff?v=4.3.0
INFO: [ app_init ] --START--
INFO: Run Behavior\BuildLiteBehavior [ RunTime:0.000000s ]
INFO: [ app_init ] --END-- [ RunTime:0.000000s ]
ERR: 无法加载模块:Assets

[ 2017-02-26T14:40:20+08:00 ] 127.0.0.1 /assets/vendor/fontawesome/fonts/fontawesome-webfont.ttf?v=4.3.0
INFO: [ app_init ] --START--
INFO: Run Behavior\BuildLiteBehavior [ RunTime:0.000000s ]
INFO: [ app_init ] --END-- [ RunTime:0.001000s ]
ERR: 无法加载模块:Assets

[ 2017-02-26T14:40:20+08:00 ] 127.0.0.1 /public_html/img/ui-bg.png
INFO: [ app_init ] --START--
INFO: Run Behavior\BuildLiteBehavior [ RunTime:0.000000s ]
INFO: [ app_init ] --END-- [ RunTime:0.001000s ]
ERR: 无法加载模块:Public_html

[ 2017-02-26T14:40:20+08:00 ] 127.0.0.1 /assets/vendor/fontawesome/fonts/fontawesome-webfont.woff2?v=4.3.0
INFO: [ app_init ] --START--
INFO: Run Behavior\BuildLiteBehavior [ RunTime:0.000000s ]
INFO: [ app_init ] --END-- [ RunTime:0.000000s ]
ERR: 无法加载模块:Assets

[ 2017-02-26T14:40:21+08:00 ] 127.0.0.1 /assets/vendor/fontawesome/fonts/fontawesome-webfont.woff?v=4.3.0
INFO: [ app_init ] --START--
INFO: Run Behavior\BuildLiteBehavior [ RunTime:0.000000s ]
INFO: [ app_init ] --END-- [ RunTime:0.001000s ]
ERR: 无法加载模块:Assets

[ 2017-02-26T14:40:21+08:00 ] 127.0.0.1 /assets/vendor/fontawesome/fonts/fontawesome-webfont.ttf?v=4.3.0
INFO: [ app_init ] --START--
INFO: Run Behavior\BuildLiteBehavior [ RunTime:0.000000s ]
INFO: [ app_init ] --END-- [ RunTime:0.001000s ]
ERR: 无法加载模块:Assets

[ 2017-02-26T14:40:22+08:00 ] 127.0.0.1 /assets/vendor/fontawesome/fonts/fontawesome-webfont.woff2?v=4.3.0
INFO: [ app_init ] --START--
INFO: Run Behavior\BuildLiteBehavior [ RunTime:0.000000s ]
INFO: [ app_init ] --END-- [ RunTime:0.000000s ]
ERR: 无法加载模块:Assets

[ 2017-02-26T14:40:22+08:00 ] 127.0.0.1 /public_html/img/ui-bg.png
INFO: [ app_init ] --START--
INFO: Run Behavior\BuildLiteBehavior [ RunTime:0.000000s ]
INFO: [ app_init ] --END-- [ RunTime:0.001000s ]
ERR: 无法加载模块:Public_html

[ 2017-02-26T14:40:22+08:00 ] 127.0.0.1 /assets/vendor/fontawesome/fonts/fontawesome-webfont.woff?v=4.3.0
INFO: [ app_init ] --START--
INFO: Run Behavior\BuildLiteBehavior [ RunTime:0.000000s ]
INFO: [ app_init ] --END-- [ RunTime:0.000000s ]
ERR: 无法加载模块:Assets

[ 2017-02-26T14:40:22+08:00 ] 127.0.0.1 /assets/vendor/fontawesome/fonts/fontawesome-webfont.ttf?v=4.3.0
INFO: [ app_init ] --START--
INFO: Run Behavior\BuildLiteBehavior [ RunTime:0.000000s ]
INFO: [ app_init ] --END-- [ RunTime:0.000000s ]
ERR: 无法加载模块:Assets

[ 2017-02-26T14:40:23+08:00 ] 127.0.0.1 /public_html/img/ui-bg.png
INFO: [ app_init ] --START--
INFO: Run Behavior\BuildLiteBehavior [ RunTime:0.000000s ]
INFO: [ app_init ] --END-- [ RunTime:0.000000s ]
ERR: 无法加载模块:Public_html

[ 2017-02-26T14:40:23+08:00 ] 127.0.0.1 /assets/vendor/fontawesome/fonts/fontawesome-webfont.woff2?v=4.3.0
INFO: [ app_init ] --START--
INFO: Run Behavior\BuildLiteBehavior [ RunTime:0.000000s ]
INFO: [ app_init ] --END-- [ RunTime:0.000000s ]
ERR: 无法加载模块:Assets

[ 2017-02-26T14:40:23+08:00 ] 127.0.0.1 /assets/vendor/fontawesome/fonts/fontawesome-webfont.woff?v=4.3.0
INFO: [ app_init ] --START--
INFO: Run Behavior\BuildLiteBehavior [ RunTime:0.000000s ]
INFO: [ app_init ] --END-- [ RunTime:0.000000s ]
ERR: 无法加载模块:Assets

[ 2017-02-26T14:40:23+08:00 ] 127.0.0.1 /assets/styles/img/green.png
INFO: [ app_init ] --START--
INFO: Run Behavior\BuildLiteBehavior [ RunTime:0.000000s ]
INFO: [ app_init ] --END-- [ RunTime:0.000000s ]
ERR: 无法加载模块:Assets

[ 2017-02-26T14:40:23+08:00 ] 127.0.0.1 /assets/vendor/fontawesome/fonts/fontawesome-webfont.ttf?v=4.3.0
INFO: [ app_init ] --START--
INFO: Run Behavior\BuildLiteBehavior [ RunTime:0.000000s ]
INFO: [ app_init ] --END-- [ RunTime:0.000000s ]
ERR: 无法加载模块:Assets

[ 2017-02-26T14:40:24+08:00 ] 127.0.0.1 /assets/vendor/fontawesome/fonts/fontawesome-webfont.woff2?v=4.3.0
INFO: [ app_init ] --START--
INFO: Run Behavior\BuildLiteBehavior [ RunTime:0.000000s ]
INFO: [ app_init ] --END-- [ RunTime:0.000000s ]
ERR: 无法加载模块:Assets

[ 2017-02-26T14:40:24+08:00 ] 127.0.0.1 /public_html/img/ui-bg.png
INFO: [ app_init ] --START--
INFO: Run Behavior\BuildLiteBehavior [ RunTime:0.000000s ]
INFO: [ app_init ] --END-- [ RunTime:0.000000s ]
ERR: 无法加载模块:Public_html

[ 2017-02-26T14:40:24+08:00 ] 127.0.0.1 /assets/vendor/fontawesome/fonts/fontawesome-webfont.woff?v=4.3.0
INFO: [ app_init ] --START--
INFO: Run Behavior\BuildLiteBehavior [ RunTime:0.000000s ]
INFO: [ app_init ] --END-- [ RunTime:0.000000s ]
ERR: 无法加载模块:Assets

[ 2017-02-26T14:40:24+08:00 ] 127.0.0.1 /assets/vendor/fontawesome/fonts/fontawesome-webfont.ttf?v=4.3.0
INFO: [ app_init ] --START--
INFO: Run Behavior\BuildLiteBehavior [ RunTime:0.000000s ]
INFO: [ app_init ] --END-- [ RunTime:0.001000s ]
ERR: 无法加载模块:Assets

[ 2017-02-26T14:40:25+08:00 ] 127.0.0.1 /assets/vendor/fontawesome/fonts/fontawesome-webfont.woff2?v=4.3.0
INFO: [ app_init ] --START--
INFO: Run Behavior\BuildLiteBehavior [ RunTime:0.000000s ]
INFO: [ app_init ] --END-- [ RunTime:0.000000s ]
ERR: 无法加载模块:Assets

[ 2017-02-26T14:40:25+08:00 ] 127.0.0.1 /public_html/img/ui-bg.png
INFO: [ app_init ] --START--
INFO: Run Behavior\BuildLiteBehavior [ RunTime:0.000000s ]
INFO: [ app_init ] --END-- [ RunTime:0.000000s ]
ERR: 无法加载模块:Public_html

[ 2017-02-26T14:40:25+08:00 ] 127.0.0.1 /assets/vendor/fontawesome/fonts/fontawesome-webfont.woff?v=4.3.0
INFO: [ app_init ] --START--
INFO: Run Behavior\BuildLiteBehavior [ RunTime:0.000000s ]
INFO: [ app_init ] --END-- [ RunTime:0.001001s ]
ERR: 无法加载模块:Assets

[ 2017-02-26T14:40:25+08:00 ] 127.0.0.1 /assets/vendor/fontawesome/fonts/fontawesome-webfont.ttf?v=4.3.0
INFO: [ app_init ] --START--
INFO: Run Behavior\BuildLiteBehavior [ RunTime:0.000000s ]
INFO: [ app_init ] --END-- [ RunTime:0.000000s ]
ERR: 无法加载模块:Assets

[ 2017-02-26T15:10:37+08:00 ] 127.0.0.1 /assets/vendor/fontawesome/fonts/fontawesome-webfont.woff2?v=4.3.0
INFO: [ app_init ] --START--
INFO: Run Behavior\BuildLiteBehavior [ RunTime:0.000000s ]
INFO: [ app_init ] --END-- [ RunTime:0.000000s ]
ERR: 无法加载模块:Assets

[ 2017-02-26T15:10:37+08:00 ] 127.0.0.1 /assets/styles/img/green.png
INFO: [ app_init ] --START--
INFO: Run Behavior\BuildLiteBehavior [ RunTime:0.000000s ]
INFO: [ app_init ] --END-- [ RunTime:0.001000s ]
ERR: 无法加载模块:Assets

[ 2017-02-26T15:10:37+08:00 ] 127.0.0.1 /assets/vendor/fontawesome/fonts/fontawesome-webfont.woff?v=4.3.0
INFO: [ app_init ] --START--
INFO: Run Behavior\BuildLiteBehavior [ RunTime:0.000000s ]
INFO: [ app_init ] --END-- [ RunTime:0.000000s ]
ERR: 无法加载模块:Assets

[ 2017-02-26T15:10:37+08:00 ] 127.0.0.1 /assets/vendor/fontawesome/fonts/fontawesome-webfont.ttf?v=4.3.0
INFO: [ app_init ] --START--
INFO: Run Behavior\BuildLiteBehavior [ RunTime:0.000000s ]
INFO: [ app_init ] --END-- [ RunTime:0.000000s ]
ERR: 无法加载模块:Assets

[ 2017-02-26T16:31:16+08:00 ] 127.0.0.1 /public_html/img/ui-bg.png
INFO: [ app_init ] --START--
INFO: Run Behavior\BuildLiteBehavior [ RunTime:0.000000s ]
INFO: [ app_init ] --END-- [ RunTime:0.000000s ]
ERR: 无法加载模块:Public_html

[ 2017-02-26T16:31:16+08:00 ] 127.0.0.1 /assets/vendor/fontawesome/fonts/fontawesome-webfont.woff2?v=4.3.0
INFO: [ app_init ] --START--
INFO: Run Behavior\BuildLiteBehavior [ RunTime:0.000000s ]
INFO: [ app_init ] --END-- [ RunTime:0.000000s ]
ERR: 无法加载模块:Assets

[ 2017-02-26T16:31:16+08:00 ] 127.0.0.1 /assets/styles/img/green.png
INFO: [ app_init ] --START--
INFO: Run Behavior\BuildLiteBehavior [ RunTime:0.000000s ]
INFO: [ app_init ] --END-- [ RunTime:0.000000s ]
ERR: 无法加载模块:Assets

[ 2017-02-26T16:31:16+08:00 ] 127.0.0.1 /assets/vendor/fontawesome/fonts/fontawesome-webfont.woff?v=4.3.0
INFO: [ app_init ] --START--
INFO: Run Behavior\BuildLiteBehavior [ RunTime:0.000000s ]
INFO: [ app_init ] --END-- [ RunTime:0.000000s ]
ERR: 无法加载模块:Assets

[ 2017-02-26T16:31:16+08:00 ] 127.0.0.1 /assets/vendor/fontawesome/fonts/fontawesome-webfont.ttf?v=4.3.0
INFO: [ app_init ] --START--
INFO: Run Behavior\BuildLiteBehavior [ RunTime:0.000000s ]
INFO: [ app_init ] --END-- [ RunTime:0.000000s ]
ERR: 无法加载模块:Assets

[ 2017-02-26T16:32:04+08:00 ] 127.0.0.1 /public_html/img/ui-bg.png
INFO: [ app_init ] --START--
INFO: Run Behavior\BuildLiteBehavior [ RunTime:0.000000s ]
INFO: [ app_init ] --END-- [ RunTime:0.000000s ]
ERR: 无法加载模块:Public_html

[ 2017-02-26T16:32:04+08:00 ] 127.0.0.1 /assets/vendor/fontawesome/fonts/fontawesome-webfont.woff2?v=4.3.0
INFO: [ app_init ] --START--
INFO: Run Behavior\BuildLiteBehavior [ RunTime:0.000000s ]
INFO: [ app_init ] --END-- [ RunTime:0.000000s ]
ERR: 无法加载模块:Assets

[ 2017-02-26T16:32:04+08:00 ] 127.0.0.1 /assets/styles/img/green.png
INFO: [ app_init ] --START--
INFO: Run Behavior\BuildLiteBehavior [ RunTime:0.000000s ]
INFO: [ app_init ] --END-- [ RunTime:0.000000s ]
ERR: 无法加载模块:Assets

[ 2017-02-26T16:32:04+08:00 ] 127.0.0.1 /assets/vendor/fontawesome/fonts/fontawesome-webfont.woff?v=4.3.0
INFO: [ app_init ] --START--
INFO: Run Behavior\BuildLiteBehavior [ RunTime:0.000000s ]
INFO: [ app_init ] --END-- [ RunTime:0.000000s ]
ERR: 无法加载模块:Assets

[ 2017-02-26T16:32:04+08:00 ] 127.0.0.1 /assets/vendor/fontawesome/fonts/fontawesome-webfont.ttf?v=4.3.0
INFO: [ app_init ] --START--
INFO: Run Behavior\BuildLiteBehavior [ RunTime:0.000000s ]
INFO: [ app_init ] --END-- [ RunTime:0.000000s ]
ERR: 无法加载模块:Assets

[ 2017-02-26T16:32:06+08:00 ] 127.0.0.1 /assets/styles/img/green.png
INFO: [ app_init ] --START--
INFO: Run Behavior\BuildLiteBehavior [ RunTime:0.000000s ]
INFO: [ app_init ] --END-- [ RunTime:0.001000s ]
ERR: 无法加载模块:Assets

[ 2017-02-26T16:32:07+08:00 ] 127.0.0.1 /public_html/img/ui-bg.png
INFO: [ app_init ] --START--
INFO: Run Behavior\BuildLiteBehavior [ RunTime:0.000000s ]
INFO: [ app_init ] --END-- [ RunTime:0.000000s ]
ERR: 无法加载模块:Public_html

[ 2017-02-26T16:32:07+08:00 ] 127.0.0.1 /assets/vendor/fontawesome/fonts/fontawesome-webfont.woff2?v=4.3.0
INFO: [ app_init ] --START--
INFO: Run Behavior\BuildLiteBehavior [ RunTime:0.000000s ]
INFO: [ app_init ] --END-- [ RunTime:0.001000s ]
ERR: 无法加载模块:Assets

[ 2017-02-26T16:32:07+08:00 ] 127.0.0.1 /assets/vendor/fontawesome/fonts/fontawesome-webfont.woff?v=4.3.0
INFO: [ app_init ] --START--
INFO: Run Behavior\BuildLiteBehavior [ RunTime:0.000000s ]
INFO: [ app_init ] --END-- [ RunTime:0.000000s ]
ERR: 无法加载模块:Assets

[ 2017-02-26T16:32:07+08:00 ] 127.0.0.1 /assets/vendor/fontawesome/fonts/fontawesome-webfont.ttf?v=4.3.0
INFO: [ app_init ] --START--
INFO: Run Behavior\BuildLiteBehavior [ RunTime:0.000000s ]
INFO: [ app_init ] --END-- [ RunTime:0.000000s ]
ERR: 无法加载模块:Assets

[ 2017-02-26T16:32:33+08:00 ] 127.0.0.1 /public_html/img/ui-bg.png
INFO: [ app_init ] --START--
INFO: Run Behavior\BuildLiteBehavior [ RunTime:0.000000s ]
INFO: [ app_init ] --END-- [ RunTime:0.000000s ]
ERR: 无法加载模块:Public_html

[ 2017-02-26T16:32:33+08:00 ] 127.0.0.1 /assets/vendor/fontawesome/fonts/fontawesome-webfont.woff2?v=4.3.0
INFO: [ app_init ] --START--
INFO: Run Behavior\BuildLiteBehavior [ RunTime:0.000000s ]
INFO: [ app_init ] --END-- [ RunTime:0.000000s ]
ERR: 无法加载模块:Assets

[ 2017-02-26T16:32:33+08:00 ] 127.0.0.1 /assets/styles/img/green.png
INFO: [ app_init ] --START--
INFO: Run Behavior\BuildLiteBehavior [ RunTime:0.000000s ]
INFO: [ app_init ] --END-- [ RunTime:0.000000s ]
ERR: 无法加载模块:Assets

[ 2017-02-26T16:32:33+08:00 ] 127.0.0.1 /assets/vendor/fontawesome/fonts/fontawesome-webfont.woff?v=4.3.0
INFO: [ app_init ] --START--
INFO: Run Behavior\BuildLiteBehavior [ RunTime:0.000000s ]
INFO: [ app_init ] --END-- [ RunTime:0.001000s ]
ERR: 无法加载模块:Assets

[ 2017-02-26T16:32:33+08:00 ] 127.0.0.1 /assets/vendor/fontawesome/fonts/fontawesome-webfont.ttf?v=4.3.0
INFO: [ app_init ] --START--
INFO: Run Behavior\BuildLiteBehavior [ RunTime:0.000000s ]
INFO: [ app_init ] --END-- [ RunTime:0.001000s ]
ERR: 无法加载模块:Assets

[ 2017-02-26T16:32:34+08:00 ] 127.0.0.1 /public_html/img/ui-bg.png
INFO: [ app_init ] --START--
INFO: Run Behavior\BuildLiteBehavior [ RunTime:0.000000s ]
INFO: [ app_init ] --END-- [ RunTime:0.000000s ]
ERR: 无法加载模块:Public_html

[ 2017-02-26T16:32:34+08:00 ] 127.0.0.1 /assets/vendor/fontawesome/fonts/fontawesome-webfont.woff2?v=4.3.0
INFO: [ app_init ] --START--
INFO: Run Behavior\BuildLiteBehavior [ RunTime:0.000000s ]
INFO: [ app_init ] --END-- [ RunTime:0.000000s ]
ERR: 无法加载模块:Assets

[ 2017-02-26T16:32:34+08:00 ] 127.0.0.1 /assets/styles/img/green.png
INFO: [ app_init ] --START--
INFO: Run Behavior\BuildLiteBehavior [ RunTime:0.000000s ]
INFO: [ app_init ] --END-- [ RunTime:0.000000s ]
ERR: 无法加载模块:Assets

[ 2017-02-26T16:32:34+08:00 ] 127.0.0.1 /assets/vendor/fontawesome/fonts/fontawesome-webfont.woff?v=4.3.0
INFO: [ app_init ] --START--
INFO: Run Behavior\BuildLiteBehavior [ RunTime:0.000000s ]
INFO: [ app_init ] --END-- [ RunTime:0.000000s ]
ERR: 无法加载模块:Assets

[ 2017-02-26T16:32:34+08:00 ] 127.0.0.1 /assets/vendor/fontawesome/fonts/fontawesome-webfont.ttf?v=4.3.0
INFO: [ app_init ] --START--
INFO: Run Behavior\BuildLiteBehavior [ RunTime:0.000000s ]
INFO: [ app_init ] --END-- [ RunTime:0.000000s ]
ERR: 无法加载模块:Assets

