[ 2016-11-17T21:39:36+08:00 ] 127.0.0.1 /
INFO: [ app_init ] --START--
INFO: Run Behavior\BuildLiteBehavior [ RunTime:0.000000s ]
INFO: [ app_init ] --END-- [ RunTime:0.001000s ]
INFO: [ app_begin ] --START--
INFO: Run Behavior\ReadHtmlCacheBehavior [ RunTime:0.001000s ]
INFO: [ app_begin ] --END-- [ RunTime:0.001000s ]
SQL: SHOW COLUMNS FROM `ot_system` [ RunTime:0.0150s ]
SQL: SELECT * FROM `ot_system` WHERE `SYS_ID` = 1 LIMIT 1   [ RunTime:0.0010s ]
NOTIC: [8] Undefined index: uname F:\wamp\www\12code\03dirsell\User\Home\Controller\CommonController.class.php 第 85 行.
SQL: SHOW COLUMNS FROM `ot_user` [ RunTime:0.0130s ]
SQL: SELECT * FROM `ot_user` WHERE `UE_account` = null LIMIT 1   [ RunTime:0.0010s ]
SQL: UPDATE `ot_user` SET `levelname`='高级会员' WHERE `UE_account` = null [ RunTime:0.0000s ]
NOTIC: [8] Undefined index: uid F:\wamp\www\12code\03dirsell\User\Home\Controller\CommonController.class.php 第 90 行.
SQL: SELECT * FROM `ot_user` WHERE `UE_ID` = null LIMIT 1   [ RunTime:0.0000s ]

[ 2016-11-17T21:39:37+08:00 ] 127.0.0.1 /Home/Index/home.html
INFO: [ app_init ] --START--
INFO: Run Behavior\BuildLiteBehavior [ RunTime:0.000000s ]
INFO: [ app_init ] --END-- [ RunTime:0.000000s ]
INFO: [ app_begin ] --START--
INFO: Run Behavior\ReadHtmlCacheBehavior [ RunTime:0.001000s ]
INFO: [ app_begin ] --END-- [ RunTime:0.001000s ]
SQL: SHOW COLUMNS FROM `ot_system` [ RunTime:0.0110s ]
SQL: SELECT * FROM `ot_system` WHERE `SYS_ID` = 1 LIMIT 1   [ RunTime:0.0010s ]

[ 2016-11-17T21:39:37+08:00 ] 127.0.0.1 /Home/Login/index.html
INFO: [ app_init ] --START--
INFO: Run Behavior\BuildLiteBehavior [ RunTime:0.000000s ]
INFO: [ app_init ] --END-- [ RunTime:0.001000s ]
INFO: [ app_begin ] --START--
INFO: Run Behavior\ReadHtmlCacheBehavior [ RunTime:0.002000s ]
INFO: [ app_begin ] --END-- [ RunTime:0.002000s ]
INFO: [ view_parse ] --START--
INFO: [ template_filter ] --START--
INFO: Run Behavior\ContentReplaceBehavior [ RunTime:0.000000s ]
INFO: [ template_filter ] --END-- [ RunTime:0.000000s ]
INFO: Run Behavior\ParseTemplateBehavior [ RunTime:0.033501s ]
INFO: [ view_parse ] --END-- [ RunTime:0.033501s ]
INFO: [ view_filter ] --START--
INFO: Run Behavior\WriteHtmlCacheBehavior [ RunTime:0.001001s ]
INFO: Run Behavior\TokenBuildBehavior [ RunTime:0.002000s ]
INFO: [ view_filter ] --END-- [ RunTime:0.003001s ]
INFO: [ app_end ] --START--
INFO: Run Behavior\ShowPageTraceBehavior [ RunTime:0.001000s ]
INFO: [ app_end ] --END-- [ RunTime:0.002000s ]

[ 2016-11-17T21:39:47+08:00 ] 127.0.0.1 /Home/Login/logincl.html
INFO: [ app_init ] --START--
INFO: Run Behavior\BuildLiteBehavior [ RunTime:0.000000s ]
INFO: [ app_init ] --END-- [ RunTime:0.001000s ]
INFO: [ app_begin ] --START--
INFO: Run Behavior\ReadHtmlCacheBehavior [ RunTime:0.002500s ]
INFO: [ app_begin ] --END-- [ RunTime:0.002500s ]
SQL: SHOW COLUMNS FROM `ot_user` [ RunTime:0.0185s ]
SQL: SELECT * FROM `ot_user` WHERE `UE_account` = 'admin@qq.com' LIMIT 1   [ RunTime:0.0020s ]
SQL: SHOW COLUMNS FROM `ot_ppdd` [ RunTime:0.0100s ]
SQL: SELECT * FROM `ot_ppdd` WHERE `g_user` = 'admin@qq.com' AND `zt` = 0  [ RunTime:0.0000s ]
NOTIC: [8] Use of undefined constant ue_id - assumed 'ue_id' F:\wamp\www\12code\03dirsell\User\Home\Controller\LoginController.class.php 第 103 行.
NOTIC: [8] Use of undefined constant ue_account - assumed 'ue_account' F:\wamp\www\12code\03dirsell\User\Home\Controller\LoginController.class.php 第 105 行.
NOTIC: [8] Use of undefined constant ue_account - assumed 'ue_account' F:\wamp\www\12code\03dirsell\User\Home\Controller\LoginController.class.php 第 113 行.
SQL: SHOW COLUMNS FROM `ot_drrz` [ RunTime:0.0095s ]
SQL: INSERT INTO `ot_drrz` (`date`,`ip`,`user`,`leixin`) VALUES ('2016-11-17 21:39:47','','admin@qq.com','0') [ RunTime:0.0000s ]
INFO: [ view_parse ] --START--
INFO: [ template_filter ] --START--
INFO: Run Behavior\ContentReplaceBehavior [ RunTime:0.000000s ]
INFO: [ template_filter ] --END-- [ RunTime:0.000000s ]
INFO: Run Behavior\ParseTemplateBehavior [ RunTime:0.024501s ]
INFO: [ view_parse ] --END-- [ RunTime:0.024501s ]
INFO: [ view_filter ] --START--
INFO: Run Behavior\WriteHtmlCacheBehavior [ RunTime:0.001000s ]
INFO: Run Behavior\TokenBuildBehavior [ RunTime:0.000000s ]
INFO: [ view_filter ] --END-- [ RunTime:0.001000s ]

[ 2016-11-17T21:39:47+08:00 ] 127.0.0.1 /Home/Login/favicon.ico
INFO: [ app_init ] --START--
INFO: Run Behavior\BuildLiteBehavior [ RunTime:0.000000s ]
INFO: [ app_init ] --END-- [ RunTime:0.001000s ]

[ 2016-11-17T21:39:50+08:00 ] 127.0.0.1 /Home/Index/home/
INFO: [ app_init ] --START--
INFO: Run Behavior\BuildLiteBehavior [ RunTime:0.000000s ]
INFO: [ app_init ] --END-- [ RunTime:0.000000s ]
INFO: [ app_begin ] --START--
INFO: Run Behavior\ReadHtmlCacheBehavior [ RunTime:0.002000s ]
INFO: [ app_begin ] --END-- [ RunTime:0.002000s ]
SQL: SHOW COLUMNS FROM `ot_system` [ RunTime:0.0080s ]
SQL: SELECT * FROM `ot_system` WHERE `SYS_ID` = 1 LIMIT 1   [ RunTime:0.0010s ]
SQL: SHOW COLUMNS FROM `ot_user` [ RunTime:0.0080s ]
SQL: SELECT * FROM `ot_user` WHERE `UE_account` = 'admin@qq.com' LIMIT 1   [ RunTime:0.0000s ]
SQL: UPDATE `ot_user` SET `levelname`='高级会员' WHERE `UE_account` = 'admin@qq.com' [ RunTime:0.0010s ]
SQL: SELECT * FROM `ot_user` WHERE `UE_ID` = 61451 LIMIT 1   [ RunTime:0.0010s ]
SQL: SHOW COLUMNS FROM `ot_tgbz` [ RunTime:0.0070s ]
SQL: SELECT COUNT(*) AS tp_count FROM `ot_tgbz` WHERE `user` = 'admin@qq.com' LIMIT 1   [ RunTime:0.0010s ]
SQL: SELECT * FROM `ot_tgbz` WHERE `user` = 'admin@qq.com' ORDER BY id DESC LIMIT 0,100   [ RunTime:0.0010s ]
SQL: SHOW COLUMNS FROM `ot_jsbz` [ RunTime:0.0070s ]
SQL: SELECT COUNT(*) AS tp_count FROM `ot_jsbz` WHERE `user` = 'admin@qq.com' LIMIT 1   [ RunTime:0.0020s ]
SQL: SELECT * FROM `ot_jsbz` WHERE `user` = 'admin@qq.com' ORDER BY id DESC LIMIT 0,100   [ RunTime:0.0010s ]
SQL: SELECT * FROM `ot_jsbz` WHERE `user` = 'admin@qq.com' LIMIT 1   [ RunTime:0.0000s ]
SQL: SHOW COLUMNS FROM `ot_ppdd` [ RunTime:0.0080s ]
SQL: SELECT COUNT(*) AS tp_count FROM `ot_ppdd` WHERE `p_user` = 'admin@qq.com' LIMIT 1   [ RunTime:0.0010s ]
SQL: SELECT * FROM `ot_ppdd` WHERE `p_user` = 'admin@qq.com' ORDER BY id DESC LIMIT 0,100   [ RunTime:0.0000s ]
SQL: SELECT COUNT(*) AS tp_count FROM `ot_ppdd` WHERE `g_user` = 'admin@qq.com' LIMIT 1   [ RunTime:0.0010s ]
SQL: SELECT * FROM `ot_ppdd` WHERE `g_user` = 'admin@qq.com' ORDER BY id DESC LIMIT 0,100   [ RunTime:0.0000s ]
INFO: [ view_parse ] --START--
INFO: [ template_filter ] --START--
INFO: Run Behavior\ContentReplaceBehavior [ RunTime:0.000000s ]
INFO: [ template_filter ] --END-- [ RunTime:0.000000s ]
NOTIC: [8] Undefined variable: a F:\wamp\www\12code\03dirsell\User\Runtime\Cache\Home\9b888f9a05177cc78c87c9cd7e37319c.php 第 1611 行.
INFO: Run Behavior\ParseTemplateBehavior [ RunTime:0.088005s ]
INFO: [ view_parse ] --END-- [ RunTime:0.088005s ]
INFO: [ view_filter ] --START--
INFO: Run Behavior\WriteHtmlCacheBehavior [ RunTime:0.001000s ]
INFO: Run Behavior\TokenBuildBehavior [ RunTime:0.001000s ]
INFO: [ view_filter ] --END-- [ RunTime:0.002000s ]
INFO: [ app_end ] --START--
INFO: Run Behavior\ShowPageTraceBehavior [ RunTime:0.002000s ]
INFO: [ app_end ] --END-- [ RunTime:0.002000s ]

[ 2016-11-17T21:39:58+08:00 ] 127.0.0.1 /Home/Info/cwmx
INFO: [ app_init ] --START--
INFO: Run Behavior\BuildLiteBehavior [ RunTime:0.000000s ]
INFO: [ app_init ] --END-- [ RunTime:0.001000s ]
INFO: [ app_begin ] --START--
INFO: Run Behavior\ReadHtmlCacheBehavior [ RunTime:0.001000s ]
INFO: [ app_begin ] --END-- [ RunTime:0.001000s ]
SQL: SHOW COLUMNS FROM `ot_system` [ RunTime:0.0130s ]
SQL: SELECT * FROM `ot_system` WHERE `SYS_ID` = 1 LIMIT 1   [ RunTime:0.0050s ]
SQL: SHOW COLUMNS FROM `ot_user` [ RunTime:0.0090s ]
SQL: SELECT * FROM `ot_user` WHERE `UE_account` = 'admin@qq.com' LIMIT 1   [ RunTime:0.0010s ]
SQL: UPDATE `ot_user` SET `levelname`='高级会员' WHERE `UE_account` = 'admin@qq.com' [ RunTime:0.0025s ]
SQL: SELECT * FROM `ot_user` WHERE `UE_ID` = 61451 LIMIT 1   [ RunTime:0.0010s ]
SQL: SHOW COLUMNS FROM `ot_tgbz` [ RunTime:0.0060s ]
SQL: SELECT * FROM `ot_tgbz` WHERE `user` = 'admin@qq.com' AND `zt` = 0 ORDER BY id DESC  [ RunTime:0.0025s ]
SQL: SHOW COLUMNS FROM `ot_user_jj` [ RunTime:0.0090s ]
SQL: SELECT COUNT(*) AS tp_count FROM `ot_user_jj` WHERE `user` = 'admin@qq.com' LIMIT 1   [ RunTime:0.0010s ]
SQL: SELECT * FROM `ot_user_jj` WHERE `user` = 'admin@qq.com' ORDER BY id DESC LIMIT 0,10   [ RunTime:0.0010s ]
SQL: SHOW COLUMNS FROM `ot_user_jl` [ RunTime:0.0070s ]
SQL: SELECT COUNT(*) AS tp_count FROM `ot_user_jl` WHERE `user` = 'admin@qq.com' LIMIT 1   [ RunTime:0.0000s ]
SQL: SELECT * FROM `ot_user_jl` WHERE `user` = 'admin@qq.com' ORDER BY id DESC LIMIT 0,10   [ RunTime:0.0010s ]
SQL: SHOW COLUMNS FROM `ot_userget` [ RunTime:0.0070s ]
SQL: SELECT COUNT(*) AS tp_count FROM `ot_userget` WHERE `UG_account` = 'admin@qq.com' LIMIT 1   [ RunTime:0.0000s ]
SQL: SELECT * FROM `ot_userget` WHERE `UG_account` = 'admin@qq.com' ORDER BY UG_ID DESC LIMIT 0,10   [ RunTime:0.0000s ]
SQL: SHOW COLUMNS FROM `ot_tixian` [ RunTime:0.0080s ]
SQL: SELECT COUNT(*) AS tp_count FROM `ot_tixian` WHERE `UG_account` = 'admin@qq.com' LIMIT 1   [ RunTime:0.0000s ]
SQL: SELECT * FROM `ot_tixian` WHERE `UG_account` = 'admin@qq.com' ORDER BY id DESC LIMIT 0,10   [ RunTime:0.0000s ]
NOTIC: [8] Use of undefined constant UE_account - assumed 'UE_account' F:\wamp\www\12code\03dirsell\User\Home\Controller\InfoController.class.php 第 517 行.
SQL: SELECT * FROM `ot_user` WHERE `UE_account` = 'admin@qq.com' LIMIT 1   [ RunTime:0.0010s ]
SQL: SELECT SUM(UG_money) AS tp_sum FROM `ot_userget` WHERE `UG_account` = 'admin@qq.com' AND `UG_dataType` = 'tjj' LIMIT 1   [ RunTime:0.0010s ]
SQL: SELECT SUM(UG_money) AS tp_sum FROM `ot_userget` WHERE `UG_account` = 'admin@qq.com' AND `UG_dataType` = 'jlj' LIMIT 1   [ RunTime:0.0000s ]
INFO: [ view_parse ] --START--
INFO: [ template_filter ] --START--
INFO: Run Behavior\ContentReplaceBehavior [ RunTime:0.001000s ]
INFO: [ template_filter ] --END-- [ RunTime:0.001000s ]
NOTIC: [8] Undefined variable: tgurl F:\wamp\www\12code\03dirsell\User\Runtime\Cache\Home\95d2402fc4416413d7cf886e5691e94b.php 第 62 行.
NOTIC: [8] Undefined variable: tgurl F:\wamp\www\12code\03dirsell\User\Runtime\Cache\Home\95d2402fc4416413d7cf886e5691e94b.php 第 72 行.
NOTIC: [8] Undefined variable: ztrs3 F:\wamp\www\12code\03dirsell\User\Runtime\Cache\Home\95d2402fc4416413d7cf886e5691e94b.php 第 566 行.
SQL: SHOW COLUMNS FROM `ot_ppdd` [ RunTime:0.0080s ]
SQL: SELECT * FROM `ot_ppdd` WHERE `id` = 39 LIMIT 1   [ RunTime:0.0025s ]
NOTIC: [8] Undefined variable: ztrs2 F:\wamp\www\12code\03dirsell\User\Runtime\Cache\Home\95d2402fc4416413d7cf886e5691e94b.php 第 567 行.
SQL: SELECT * FROM `ot_ppdd` WHERE `id` = 39 LIMIT 1   [ RunTime:0.0000s ]
NOTIC: [8] Undefined variable: ztrs3 F:\wamp\www\12code\03dirsell\User\Runtime\Cache\Home\95d2402fc4416413d7cf886e5691e94b.php 第 566 行.
SQL: SELECT * FROM `ot_ppdd` WHERE `id` = 39 LIMIT 1   [ RunTime:0.0000s ]
NOTIC: [8] Undefined variable: ztrs2 F:\wamp\www\12code\03dirsell\User\Runtime\Cache\Home\95d2402fc4416413d7cf886e5691e94b.php 第 567 行.
SQL: SELECT * FROM `ot_ppdd` WHERE `id` = 39 LIMIT 1   [ RunTime:0.0000s ]
NOTIC: [8] Undefined variable: ztrs3 F:\wamp\www\12code\03dirsell\User\Runtime\Cache\Home\95d2402fc4416413d7cf886e5691e94b.php 第 566 行.
SQL: SELECT * FROM `ot_ppdd` WHERE `id` = 38 LIMIT 1   [ RunTime:0.0010s ]
NOTIC: [8] Undefined variable: ztrs2 F:\wamp\www\12code\03dirsell\User\Runtime\Cache\Home\95d2402fc4416413d7cf886e5691e94b.php 第 567 行.
SQL: SELECT * FROM `ot_ppdd` WHERE `id` = 38 LIMIT 1   [ RunTime:0.0000s ]
NOTIC: [8] Undefined variable: ztrs3 F:\wamp\www\12code\03dirsell\User\Runtime\Cache\Home\95d2402fc4416413d7cf886e5691e94b.php 第 566 行.
SQL: SELECT * FROM `ot_ppdd` WHERE `id` = 38 LIMIT 1   [ RunTime:0.0000s ]
NOTIC: [8] Undefined variable: ztrs2 F:\wamp\www\12code\03dirsell\User\Runtime\Cache\Home\95d2402fc4416413d7cf886e5691e94b.php 第 567 行.
SQL: SELECT * FROM `ot_ppdd` WHERE `id` = 38 LIMIT 1   [ RunTime:0.0010s ]
NOTIC: [8] Undefined variable: ztrs3 F:\wamp\www\12code\03dirsell\User\Runtime\Cache\Home\95d2402fc4416413d7cf886e5691e94b.php 第 566 行.
SQL: SELECT * FROM `ot_ppdd` WHERE `id` = 37 LIMIT 1   [ RunTime:0.0040s ]
NOTIC: [8] Undefined variable: ztrs2 F:\wamp\www\12code\03dirsell\User\Runtime\Cache\Home\95d2402fc4416413d7cf886e5691e94b.php 第 567 行.
SQL: SELECT * FROM `ot_ppdd` WHERE `id` = 37 LIMIT 1   [ RunTime:0.0010s ]
NOTIC: [8] Undefined variable: ztrs3 F:\wamp\www\12code\03dirsell\User\Runtime\Cache\Home\95d2402fc4416413d7cf886e5691e94b.php 第 566 行.
SQL: SELECT * FROM `ot_ppdd` WHERE `id` = 37 LIMIT 1   [ RunTime:0.0010s ]
NOTIC: [8] Undefined variable: ztrs2 F:\wamp\www\12code\03dirsell\User\Runtime\Cache\Home\95d2402fc4416413d7cf886e5691e94b.php 第 567 行.
SQL: SELECT * FROM `ot_ppdd` WHERE `id` = 37 LIMIT 1   [ RunTime:0.0000s ]
NOTIC: [8] Undefined variable: ztrs3 F:\wamp\www\12code\03dirsell\User\Runtime\Cache\Home\95d2402fc4416413d7cf886e5691e94b.php 第 566 行.
SQL: SELECT * FROM `ot_ppdd` WHERE `id` = 36 LIMIT 1   [ RunTime:0.0010s ]
NOTIC: [8] Undefined variable: ztrs2 F:\wamp\www\12code\03dirsell\User\Runtime\Cache\Home\95d2402fc4416413d7cf886e5691e94b.php 第 567 行.
SQL: SELECT * FROM `ot_ppdd` WHERE `id` = 36 LIMIT 1   [ RunTime:0.0000s ]
NOTIC: [8] Undefined variable: ztrs3 F:\wamp\www\12code\03dirsell\User\Runtime\Cache\Home\95d2402fc4416413d7cf886e5691e94b.php 第 566 行.
SQL: SELECT * FROM `ot_ppdd` WHERE `id` = 35 LIMIT 1   [ RunTime:0.0000s ]
NOTIC: [8] Undefined variable: ztrs2 F:\wamp\www\12code\03dirsell\User\Runtime\Cache\Home\95d2402fc4416413d7cf886e5691e94b.php 第 567 行.
SQL: SELECT * FROM `ot_ppdd` WHERE `id` = 35 LIMIT 1   [ RunTime:0.0010s ]
NOTIC: [8] Undefined variable: ztrs3 F:\wamp\www\12code\03dirsell\User\Runtime\Cache\Home\95d2402fc4416413d7cf886e5691e94b.php 第 566 行.
SQL: SELECT * FROM `ot_ppdd` WHERE `id` = 26 LIMIT 1   [ RunTime:0.0000s ]
NOTIC: [8] Undefined variable: ztrs2 F:\wamp\www\12code\03dirsell\User\Runtime\Cache\Home\95d2402fc4416413d7cf886e5691e94b.php 第 567 行.
SQL: SELECT * FROM `ot_ppdd` WHERE `id` = 26 LIMIT 1   [ RunTime:0.0000s ]
NOTIC: [8] Undefined variable: ztrs3 F:\wamp\www\12code\03dirsell\User\Runtime\Cache\Home\95d2402fc4416413d7cf886e5691e94b.php 第 566 行.
SQL: SELECT * FROM `ot_ppdd` WHERE `id` = 26 LIMIT 1   [ RunTime:0.0010s ]
NOTIC: [8] Undefined variable: ztrs2 F:\wamp\www\12code\03dirsell\User\Runtime\Cache\Home\95d2402fc4416413d7cf886e5691e94b.php 第 567 行.
SQL: SELECT * FROM `ot_ppdd` WHERE `id` = 26 LIMIT 1   [ RunTime:0.0000s ]
INFO: Run Behavior\ParseTemplateBehavior [ RunTime:0.106006s ]
INFO: [ view_parse ] --END-- [ RunTime:0.106006s ]
INFO: [ view_filter ] --START--
INFO: Run Behavior\WriteHtmlCacheBehavior [ RunTime:0.001000s ]
INFO: Run Behavior\TokenBuildBehavior [ RunTime:0.000000s ]
INFO: [ view_filter ] --END-- [ RunTime:0.002000s ]
INFO: [ app_end ] --START--
INFO: Run Behavior\ShowPageTraceBehavior [ RunTime:0.001000s ]
INFO: [ app_end ] --END-- [ RunTime:0.001000s ]

[ 2016-11-17T21:40:00+08:00 ] 127.0.0.1 /Home/Info/cwmx
INFO: [ app_init ] --START--
INFO: Run Behavior\BuildLiteBehavior [ RunTime:0.000000s ]
INFO: [ app_init ] --END-- [ RunTime:0.002500s ]
INFO: [ app_begin ] --START--
INFO: Run Behavior\ReadHtmlCacheBehavior [ RunTime:0.000000s ]
INFO: [ app_begin ] --END-- [ RunTime:0.000000s ]
SQL: SHOW COLUMNS FROM `ot_system` [ RunTime:0.0100s ]
SQL: SELECT * FROM `ot_system` WHERE `SYS_ID` = 1 LIMIT 1   [ RunTime:0.0010s ]
SQL: SHOW COLUMNS FROM `ot_user` [ RunTime:0.0100s ]
SQL: SELECT * FROM `ot_user` WHERE `UE_account` = 'admin@qq.com' LIMIT 1   [ RunTime:0.0010s ]
SQL: UPDATE `ot_user` SET `levelname`='高级会员' WHERE `UE_account` = 'admin@qq.com' [ RunTime:0.0000s ]
SQL: SELECT * FROM `ot_user` WHERE `UE_ID` = 61451 LIMIT 1   [ RunTime:0.0010s ]
SQL: SHOW COLUMNS FROM `ot_tgbz` [ RunTime:0.0080s ]
SQL: SELECT * FROM `ot_tgbz` WHERE `user` = 'admin@qq.com' AND `zt` = 0 ORDER BY id DESC  [ RunTime:0.0010s ]
SQL: SHOW COLUMNS FROM `ot_user_jj` [ RunTime:0.0090s ]
SQL: SELECT COUNT(*) AS tp_count FROM `ot_user_jj` WHERE `user` = 'admin@qq.com' LIMIT 1   [ RunTime:0.0000s ]
SQL: SELECT * FROM `ot_user_jj` WHERE `user` = 'admin@qq.com' ORDER BY id DESC LIMIT 0,10   [ RunTime:0.0000s ]
SQL: SHOW COLUMNS FROM `ot_user_jl` [ RunTime:0.0070s ]
SQL: SELECT COUNT(*) AS tp_count FROM `ot_user_jl` WHERE `user` = 'admin@qq.com' LIMIT 1   [ RunTime:0.0010s ]
SQL: SELECT * FROM `ot_user_jl` WHERE `user` = 'admin@qq.com' ORDER BY id DESC LIMIT 0,10   [ RunTime:0.0000s ]
SQL: SHOW COLUMNS FROM `ot_userget` [ RunTime:0.0070s ]
SQL: SELECT COUNT(*) AS tp_count FROM `ot_userget` WHERE `UG_account` = 'admin@qq.com' LIMIT 1   [ RunTime:0.0010s ]
SQL: SELECT * FROM `ot_userget` WHERE `UG_account` = 'admin@qq.com' ORDER BY UG_ID DESC LIMIT 0,10   [ RunTime:0.0010s ]
SQL: SHOW COLUMNS FROM `ot_tixian` [ RunTime:0.0080s ]
SQL: SELECT COUNT(*) AS tp_count FROM `ot_tixian` WHERE `UG_account` = 'admin@qq.com' LIMIT 1   [ RunTime:0.0000s ]
SQL: SELECT * FROM `ot_tixian` WHERE `UG_account` = 'admin@qq.com' ORDER BY id DESC LIMIT 0,10   [ RunTime:0.0000s ]
NOTIC: [8] Use of undefined constant UE_account - assumed 'UE_account' F:\wamp\www\12code\03dirsell\User\Home\Controller\InfoController.class.php 第 517 行.
SQL: SELECT * FROM `ot_user` WHERE `UE_account` = 'admin@qq.com' LIMIT 1   [ RunTime:0.0010s ]
SQL: SELECT SUM(UG_money) AS tp_sum FROM `ot_userget` WHERE `UG_account` = 'admin@qq.com' AND `UG_dataType` = 'tjj' LIMIT 1   [ RunTime:0.0010s ]
SQL: SELECT SUM(UG_money) AS tp_sum FROM `ot_userget` WHERE `UG_account` = 'admin@qq.com' AND `UG_dataType` = 'jlj' LIMIT 1   [ RunTime:0.0010s ]
INFO: [ view_parse ] --START--
INFO: [ template_filter ] --START--
INFO: Run Behavior\ContentReplaceBehavior [ RunTime:0.001000s ]
INFO: [ template_filter ] --END-- [ RunTime:0.001000s ]
NOTIC: [8] Undefined variable: tgurl F:\wamp\www\12code\03dirsell\User\Runtime\Cache\Home\95d2402fc4416413d7cf886e5691e94b.php 第 62 行.
NOTIC: [8] Undefined variable: tgurl F:\wamp\www\12code\03dirsell\User\Runtime\Cache\Home\95d2402fc4416413d7cf886e5691e94b.php 第 72 行.
NOTIC: [8] Undefined variable: ztrs3 F:\wamp\www\12code\03dirsell\User\Runtime\Cache\Home\95d2402fc4416413d7cf886e5691e94b.php 第 566 行.
SQL: SHOW COLUMNS FROM `ot_ppdd` [ RunTime:0.0080s ]
SQL: SELECT * FROM `ot_ppdd` WHERE `id` = 39 LIMIT 1   [ RunTime:0.0000s ]
NOTIC: [8] Undefined variable: ztrs2 F:\wamp\www\12code\03dirsell\User\Runtime\Cache\Home\95d2402fc4416413d7cf886e5691e94b.php 第 567 行.
SQL: SELECT * FROM `ot_ppdd` WHERE `id` = 39 LIMIT 1   [ RunTime:0.0000s ]
NOTIC: [8] Undefined variable: ztrs3 F:\wamp\www\12code\03dirsell\User\Runtime\Cache\Home\95d2402fc4416413d7cf886e5691e94b.php 第 566 行.
SQL: SELECT * FROM `ot_ppdd` WHERE `id` = 39 LIMIT 1   [ RunTime:0.0010s ]
NOTIC: [8] Undefined variable: ztrs2 F:\wamp\www\12code\03dirsell\User\Runtime\Cache\Home\95d2402fc4416413d7cf886e5691e94b.php 第 567 行.
SQL: SELECT * FROM `ot_ppdd` WHERE `id` = 39 LIMIT 1   [ RunTime:0.0010s ]
NOTIC: [8] Undefined variable: ztrs3 F:\wamp\www\12code\03dirsell\User\Runtime\Cache\Home\95d2402fc4416413d7cf886e5691e94b.php 第 566 行.
SQL: SELECT * FROM `ot_ppdd` WHERE `id` = 38 LIMIT 1   [ RunTime:0.0000s ]
NOTIC: [8] Undefined variable: ztrs2 F:\wamp\www\12code\03dirsell\User\Runtime\Cache\Home\95d2402fc4416413d7cf886e5691e94b.php 第 567 行.
SQL: SELECT * FROM `ot_ppdd` WHERE `id` = 38 LIMIT 1   [ RunTime:0.0000s ]
NOTIC: [8] Undefined variable: ztrs3 F:\wamp\www\12code\03dirsell\User\Runtime\Cache\Home\95d2402fc4416413d7cf886e5691e94b.php 第 566 行.
SQL: SELECT * FROM `ot_ppdd` WHERE `id` = 38 LIMIT 1   [ RunTime:0.0010s ]
NOTIC: [8] Undefined variable: ztrs2 F:\wamp\www\12code\03dirsell\User\Runtime\Cache\Home\95d2402fc4416413d7cf886e5691e94b.php 第 567 行.
SQL: SELECT * FROM `ot_ppdd` WHERE `id` = 38 LIMIT 1   [ RunTime:0.0000s ]
NOTIC: [8] Undefined variable: ztrs3 F:\wamp\www\12code\03dirsell\User\Runtime\Cache\Home\95d2402fc4416413d7cf886e5691e94b.php 第 566 行.
SQL: SELECT * FROM `ot_ppdd` WHERE `id` = 37 LIMIT 1   [ RunTime:0.0000s ]
NOTIC: [8] Undefined variable: ztrs2 F:\wamp\www\12code\03dirsell\User\Runtime\Cache\Home\95d2402fc4416413d7cf886e5691e94b.php 第 567 行.
SQL: SELECT * FROM `ot_ppdd` WHERE `id` = 37 LIMIT 1   [ RunTime:0.0010s ]
NOTIC: [8] Undefined variable: ztrs3 F:\wamp\www\12code\03dirsell\User\Runtime\Cache\Home\95d2402fc4416413d7cf886e5691e94b.php 第 566 行.
SQL: SELECT * FROM `ot_ppdd` WHERE `id` = 37 LIMIT 1   [ RunTime:0.0010s ]
NOTIC: [8] Undefined variable: ztrs2 F:\wamp\www\12code\03dirsell\User\Runtime\Cache\Home\95d2402fc4416413d7cf886e5691e94b.php 第 567 行.
SQL: SELECT * FROM `ot_ppdd` WHERE `id` = 37 LIMIT 1   [ RunTime:0.0000s ]
NOTIC: [8] Undefined variable: ztrs3 F:\wamp\www\12code\03dirsell\User\Runtime\Cache\Home\95d2402fc4416413d7cf886e5691e94b.php 第 566 行.
SQL: SELECT * FROM `ot_ppdd` WHERE `id` = 36 LIMIT 1   [ RunTime:0.0000s ]
NOTIC: [8] Undefined variable: ztrs2 F:\wamp\www\12code\03dirsell\User\Runtime\Cache\Home\95d2402fc4416413d7cf886e5691e94b.php 第 567 行.
SQL: SELECT * FROM `ot_ppdd` WHERE `id` = 36 LIMIT 1   [ RunTime:0.0000s ]
NOTIC: [8] Undefined variable: ztrs3 F:\wamp\www\12code\03dirsell\User\Runtime\Cache\Home\95d2402fc4416413d7cf886e5691e94b.php 第 566 行.
SQL: SELECT * FROM `ot_ppdd` WHERE `id` = 35 LIMIT 1   [ RunTime:0.0000s ]
NOTIC: [8] Undefined variable: ztrs2 F:\wamp\www\12code\03dirsell\User\Runtime\Cache\Home\95d2402fc4416413d7cf886e5691e94b.php 第 567 行.
SQL: SELECT * FROM `ot_ppdd` WHERE `id` = 35 LIMIT 1   [ RunTime:0.0010s ]
NOTIC: [8] Undefined variable: ztrs3 F:\wamp\www\12code\03dirsell\User\Runtime\Cache\Home\95d2402fc4416413d7cf886e5691e94b.php 第 566 行.
SQL: SELECT * FROM `ot_ppdd` WHERE `id` = 26 LIMIT 1   [ RunTime:0.0000s ]
NOTIC: [8] Undefined variable: ztrs2 F:\wamp\www\12code\03dirsell\User\Runtime\Cache\Home\95d2402fc4416413d7cf886e5691e94b.php 第 567 行.
SQL: SELECT * FROM `ot_ppdd` WHERE `id` = 26 LIMIT 1   [ RunTime:0.0000s ]
NOTIC: [8] Undefined variable: ztrs3 F:\wamp\www\12code\03dirsell\User\Runtime\Cache\Home\95d2402fc4416413d7cf886e5691e94b.php 第 566 行.
SQL: SELECT * FROM `ot_ppdd` WHERE `id` = 26 LIMIT 1   [ RunTime:0.0010s ]
NOTIC: [8] Undefined variable: ztrs2 F:\wamp\www\12code\03dirsell\User\Runtime\Cache\Home\95d2402fc4416413d7cf886e5691e94b.php 第 567 行.
SQL: SELECT * FROM `ot_ppdd` WHERE `id` = 26 LIMIT 1   [ RunTime:0.0000s ]
INFO: Run Behavior\ParseTemplateBehavior [ RunTime:0.061004s ]
INFO: [ view_parse ] --END-- [ RunTime:0.061004s ]
INFO: [ view_filter ] --START--
INFO: Run Behavior\WriteHtmlCacheBehavior [ RunTime:0.001000s ]
INFO: Run Behavior\TokenBuildBehavior [ RunTime:0.001000s ]
INFO: [ view_filter ] --END-- [ RunTime:0.002000s ]
INFO: [ app_end ] --START--
INFO: Run Behavior\ShowPageTraceBehavior [ RunTime:0.002000s ]
INFO: [ app_end ] --END-- [ RunTime:0.002000s ]

[ 2016-11-17T21:40:02+08:00 ] 127.0.0.1 /Home/Index/reg/
INFO: [ app_init ] --START--
INFO: Run Behavior\BuildLiteBehavior [ RunTime:0.000000s ]
INFO: [ app_init ] --END-- [ RunTime:0.001000s ]
INFO: [ app_begin ] --START--
INFO: Run Behavior\ReadHtmlCacheBehavior [ RunTime:0.001001s ]
INFO: [ app_begin ] --END-- [ RunTime:0.001001s ]
SQL: SHOW COLUMNS FROM `ot_system` [ RunTime:0.0115s ]
SQL: SELECT * FROM `ot_system` WHERE `SYS_ID` = 1 LIMIT 1   [ RunTime:0.0000s ]
SQL: SHOW COLUMNS FROM `ot_user` [ RunTime:0.0110s ]
SQL: SELECT * FROM `ot_user` WHERE `UE_account` = 'admin@qq.com' LIMIT 1   [ RunTime:0.0010s ]
SQL: UPDATE `ot_user` SET `levelname`='高级会员' WHERE `UE_account` = 'admin@qq.com' [ RunTime:0.0010s ]
SQL: SELECT * FROM `ot_user` WHERE `UE_ID` = 61451 LIMIT 1   [ RunTime:0.0010s ]
SQL: SELECT COUNT(*) AS tp_count FROM `ot_user` WHERE `zcr` = 'admin@qq.com' LIMIT 1   [ RunTime:0.0000s ]
SQL: SELECT * FROM `ot_user` WHERE `zcr` = 'admin@qq.com' ORDER BY UE_ID DESC LIMIT 0,20   [ RunTime:0.0010s ]
SQL: SHOW COLUMNS FROM `ot_pin` [ RunTime:0.0080s ]
SQL: SELECT * FROM `ot_pin` WHERE `user` = 'admin@qq.com' AND `zt` = '0' LIMIT 1   [ RunTime:0.0000s ]
INFO: [ view_parse ] --START--
INFO: [ template_filter ] --START--
INFO: Run Behavior\ContentReplaceBehavior [ RunTime:0.000000s ]
INFO: [ template_filter ] --END-- [ RunTime:0.000000s ]
NOTIC: [8] Undefined variable: tgurl F:\wamp\www\12code\03dirsell\User\Runtime\Cache\Home\786a7e8aa27dcabec0bc8e1b37345e8e.php 第 37 行.
NOTIC: [8] Undefined variable: tgurl F:\wamp\www\12code\03dirsell\User\Runtime\Cache\Home\786a7e8aa27dcabec0bc8e1b37345e8e.php 第 47 行.
INFO: Run Behavior\ParseTemplateBehavior [ RunTime:0.072004s ]
INFO: [ view_parse ] --END-- [ RunTime:0.072004s ]
INFO: [ view_filter ] --START--
INFO: Run Behavior\WriteHtmlCacheBehavior [ RunTime:0.001000s ]
INFO: Run Behavior\TokenBuildBehavior [ RunTime:0.000000s ]
INFO: [ view_filter ] --END-- [ RunTime:0.002000s ]
INFO: [ app_end ] --START--
INFO: Run Behavior\ShowPageTraceBehavior [ RunTime:0.002000s ]
INFO: [ app_end ] --END-- [ RunTime:0.002000s ]

[ 2016-11-17T21:42:40+08:00 ] 127.0.0.1 /
INFO: [ app_init ] --START--
INFO: Run Behavior\BuildLiteBehavior [ RunTime:0.000000s ]
INFO: [ app_init ] --END-- [ RunTime:0.001000s ]
INFO: [ app_begin ] --START--
INFO: Run Behavior\ReadHtmlCacheBehavior [ RunTime:0.004001s ]
INFO: [ app_begin ] --END-- [ RunTime:0.004001s ]
SQL: SHOW COLUMNS FROM `ot_system` [ RunTime:0.0080s ]
SQL: SELECT * FROM `ot_system` WHERE `SYS_ID` = 1 LIMIT 1   [ RunTime:0.0000s ]
SQL: SHOW COLUMNS FROM `ot_user` [ RunTime:0.0080s ]
SQL: SELECT * FROM `ot_user` WHERE `UE_account` = 'admin@qq.com' LIMIT 1   [ RunTime:0.0010s ]
SQL: UPDATE `ot_user` SET `levelname`='高级会员' WHERE `UE_account` = 'admin@qq.com' [ RunTime:0.0010s ]
SQL: SELECT * FROM `ot_user` WHERE `UE_ID` = 61451 LIMIT 1   [ RunTime:0.0010s ]

[ 2016-11-17T21:42:41+08:00 ] 127.0.0.1 /Home/Index/home.html
INFO: [ app_init ] --START--
INFO: Run Behavior\BuildLiteBehavior [ RunTime:0.000000s ]
INFO: [ app_init ] --END-- [ RunTime:0.000000s ]
INFO: [ app_begin ] --START--
INFO: Run Behavior\ReadHtmlCacheBehavior [ RunTime:0.001001s ]
INFO: [ app_begin ] --END-- [ RunTime:0.001001s ]
SQL: SHOW COLUMNS FROM `ot_system` [ RunTime:0.0055s ]
SQL: SELECT * FROM `ot_system` WHERE `SYS_ID` = 1 LIMIT 1   [ RunTime:0.0025s ]
SQL: SHOW COLUMNS FROM `ot_user` [ RunTime:0.0080s ]
SQL: SELECT * FROM `ot_user` WHERE `UE_account` = 'admin@qq.com' LIMIT 1   [ RunTime:0.0010s ]
SQL: UPDATE `ot_user` SET `levelname`='高级会员' WHERE `UE_account` = 'admin@qq.com' [ RunTime:0.0000s ]
SQL: SELECT * FROM `ot_user` WHERE `UE_ID` = 61451 LIMIT 1   [ RunTime:0.0000s ]
SQL: SHOW COLUMNS FROM `ot_tgbz` [ RunTime:0.0060s ]
SQL: SELECT COUNT(*) AS tp_count FROM `ot_tgbz` WHERE `user` = 'admin@qq.com' LIMIT 1   [ RunTime:0.0010s ]
SQL: SELECT * FROM `ot_tgbz` WHERE `user` = 'admin@qq.com' ORDER BY id DESC LIMIT 0,100   [ RunTime:0.0010s ]
SQL: SHOW COLUMNS FROM `ot_jsbz` [ RunTime:0.0060s ]
SQL: SELECT COUNT(*) AS tp_count FROM `ot_jsbz` WHERE `user` = 'admin@qq.com' LIMIT 1   [ RunTime:0.0000s ]
SQL: SELECT * FROM `ot_jsbz` WHERE `user` = 'admin@qq.com' ORDER BY id DESC LIMIT 0,100   [ RunTime:0.0020s ]
SQL: SELECT * FROM `ot_jsbz` WHERE `user` = 'admin@qq.com' LIMIT 1   [ RunTime:0.0000s ]
SQL: SHOW COLUMNS FROM `ot_ppdd` [ RunTime:0.0060s ]
SQL: SELECT COUNT(*) AS tp_count FROM `ot_ppdd` WHERE `p_user` = 'admin@qq.com' LIMIT 1   [ RunTime:0.0010s ]
SQL: SELECT * FROM `ot_ppdd` WHERE `p_user` = 'admin@qq.com' ORDER BY id DESC LIMIT 0,100   [ RunTime:0.0000s ]
SQL: SELECT COUNT(*) AS tp_count FROM `ot_ppdd` WHERE `g_user` = 'admin@qq.com' LIMIT 1   [ RunTime:0.0000s ]
SQL: SELECT * FROM `ot_ppdd` WHERE `g_user` = 'admin@qq.com' ORDER BY id DESC LIMIT 0,100   [ RunTime:0.0010s ]
INFO: [ view_parse ] --START--
INFO: [ template_filter ] --START--
INFO: Run Behavior\ContentReplaceBehavior [ RunTime:0.000000s ]
INFO: [ template_filter ] --END-- [ RunTime:0.000000s ]
NOTIC: [8] Undefined variable: a F:\wamp\www\12code\03dirsell\User\Runtime\Cache\Home\9b888f9a05177cc78c87c9cd7e37319c.php 第 1611 行.
INFO: Run Behavior\ParseTemplateBehavior [ RunTime:0.056003s ]
INFO: [ view_parse ] --END-- [ RunTime:0.056003s ]
INFO: [ view_filter ] --START--
INFO: Run Behavior\WriteHtmlCacheBehavior [ RunTime:0.002500s ]
INFO: Run Behavior\TokenBuildBehavior [ RunTime:0.000000s ]
INFO: [ view_filter ] --END-- [ RunTime:0.002500s ]
INFO: [ app_end ] --START--
INFO: Run Behavior\ShowPageTraceBehavior [ RunTime:0.002000s ]
INFO: [ app_end ] --END-- [ RunTime:0.002000s ]

[ 2016-11-17T21:42:43+08:00 ] 127.0.0.1 /Home/Index/home.html
INFO: [ app_init ] --START--
INFO: Run Behavior\BuildLiteBehavior [ RunTime:0.000000s ]
INFO: [ app_init ] --END-- [ RunTime:0.000000s ]
INFO: [ app_begin ] --START--
INFO: Run Behavior\ReadHtmlCacheBehavior [ RunTime:0.001000s ]
INFO: [ app_begin ] --END-- [ RunTime:0.001000s ]
SQL: SHOW COLUMNS FROM `ot_system` [ RunTime:0.0140s ]
SQL: SELECT * FROM `ot_system` WHERE `SYS_ID` = 1 LIMIT 1   [ RunTime:0.0010s ]
SQL: SHOW COLUMNS FROM `ot_user` [ RunTime:0.0145s ]
SQL: SELECT * FROM `ot_user` WHERE `UE_account` = 'admin@qq.com' LIMIT 1   [ RunTime:0.0010s ]
SQL: UPDATE `ot_user` SET `levelname`='高级会员' WHERE `UE_account` = 'admin@qq.com' [ RunTime:0.0010s ]
SQL: SELECT * FROM `ot_user` WHERE `UE_ID` = 61451 LIMIT 1   [ RunTime:0.0010s ]
SQL: SHOW COLUMNS FROM `ot_tgbz` [ RunTime:0.0120s ]
SQL: SELECT COUNT(*) AS tp_count FROM `ot_tgbz` WHERE `user` = 'admin@qq.com' LIMIT 1   [ RunTime:0.0010s ]
SQL: SELECT * FROM `ot_tgbz` WHERE `user` = 'admin@qq.com' ORDER BY id DESC LIMIT 0,100   [ RunTime:0.0010s ]
SQL: SHOW COLUMNS FROM `ot_jsbz` [ RunTime:0.0090s ]
SQL: SELECT COUNT(*) AS tp_count FROM `ot_jsbz` WHERE `user` = 'admin@qq.com' LIMIT 1   [ RunTime:0.0000s ]
SQL: SELECT * FROM `ot_jsbz` WHERE `user` = 'admin@qq.com' ORDER BY id DESC LIMIT 0,100   [ RunTime:0.0000s ]
SQL: SELECT * FROM `ot_jsbz` WHERE `user` = 'admin@qq.com' LIMIT 1   [ RunTime:0.0010s ]
SQL: SHOW COLUMNS FROM `ot_ppdd` [ RunTime:0.0135s ]
SQL: SELECT COUNT(*) AS tp_count FROM `ot_ppdd` WHERE `p_user` = 'admin@qq.com' LIMIT 1   [ RunTime:0.0000s ]
SQL: SELECT * FROM `ot_ppdd` WHERE `p_user` = 'admin@qq.com' ORDER BY id DESC LIMIT 0,100   [ RunTime:0.0000s ]
SQL: SELECT COUNT(*) AS tp_count FROM `ot_ppdd` WHERE `g_user` = 'admin@qq.com' LIMIT 1   [ RunTime:0.0010s ]
SQL: SELECT * FROM `ot_ppdd` WHERE `g_user` = 'admin@qq.com' ORDER BY id DESC LIMIT 0,100   [ RunTime:0.0000s ]
INFO: [ view_parse ] --START--
INFO: [ template_filter ] --START--
INFO: Run Behavior\ContentReplaceBehavior [ RunTime:0.001000s ]
INFO: [ template_filter ] --END-- [ RunTime:0.001000s ]
NOTIC: [8] Undefined variable: a F:\wamp\www\12code\03dirsell\User\Runtime\Cache\Home\9b888f9a05177cc78c87c9cd7e37319c.php 第 1611 行.
INFO: Run Behavior\ParseTemplateBehavior [ RunTime:0.050003s ]
INFO: [ view_parse ] --END-- [ RunTime:0.050003s ]
INFO: [ view_filter ] --START--
INFO: Run Behavior\WriteHtmlCacheBehavior [ RunTime:0.001000s ]
INFO: Run Behavior\TokenBuildBehavior [ RunTime:0.001000s ]
INFO: [ view_filter ] --END-- [ RunTime:0.002000s ]
INFO: [ app_end ] --START--
INFO: Run Behavior\ShowPageTraceBehavior [ RunTime:0.002000s ]
INFO: [ app_end ] --END-- [ RunTime:0.002000s ]

[ 2016-11-17T21:43:16+08:00 ] 127.0.0.1 /Home/Info/cwmx
INFO: [ app_init ] --START--
INFO: Run Behavior\BuildLiteBehavior [ RunTime:0.000000s ]
INFO: [ app_init ] --END-- [ RunTime:0.001000s ]
INFO: [ app_begin ] --START--
INFO: Run Behavior\ReadHtmlCacheBehavior [ RunTime:0.001000s ]
INFO: [ app_begin ] --END-- [ RunTime:0.001000s ]
SQL: SHOW COLUMNS FROM `ot_system` [ RunTime:0.0080s ]
SQL: SELECT * FROM `ot_system` WHERE `SYS_ID` = 1 LIMIT 1   [ RunTime:0.0010s ]
SQL: SHOW COLUMNS FROM `ot_user` [ RunTime:0.0090s ]
SQL: SELECT * FROM `ot_user` WHERE `UE_account` = 'admin@qq.com' LIMIT 1   [ RunTime:0.0010s ]
SQL: UPDATE `ot_user` SET `levelname`='高级会员' WHERE `UE_account` = 'admin@qq.com' [ RunTime:0.0000s ]
SQL: SELECT * FROM `ot_user` WHERE `UE_ID` = 61451 LIMIT 1   [ RunTime:0.0000s ]
SQL: SHOW COLUMNS FROM `ot_tgbz` [ RunTime:0.0070s ]
SQL: SELECT * FROM `ot_tgbz` WHERE `user` = 'admin@qq.com' AND `zt` = 0 ORDER BY id DESC  [ RunTime:0.0010s ]
SQL: SHOW COLUMNS FROM `ot_user_jj` [ RunTime:0.0050s ]
SQL: SELECT COUNT(*) AS tp_count FROM `ot_user_jj` WHERE `user` = 'admin@qq.com' LIMIT 1   [ RunTime:0.0000s ]
SQL: SELECT * FROM `ot_user_jj` WHERE `user` = 'admin@qq.com' ORDER BY id DESC LIMIT 0,10   [ RunTime:0.0000s ]
SQL: SHOW COLUMNS FROM `ot_user_jl` [ RunTime:0.0090s ]
SQL: SELECT COUNT(*) AS tp_count FROM `ot_user_jl` WHERE `user` = 'admin@qq.com' LIMIT 1   [ RunTime:0.0000s ]
SQL: SELECT * FROM `ot_user_jl` WHERE `user` = 'admin@qq.com' ORDER BY id DESC LIMIT 0,10   [ RunTime:0.0010s ]
SQL: SHOW COLUMNS FROM `ot_userget` [ RunTime:0.0070s ]
SQL: SELECT COUNT(*) AS tp_count FROM `ot_userget` WHERE `UG_account` = 'admin@qq.com' LIMIT 1   [ RunTime:0.0010s ]
SQL: SELECT * FROM `ot_userget` WHERE `UG_account` = 'admin@qq.com' ORDER BY UG_ID DESC LIMIT 0,10   [ RunTime:0.0000s ]
SQL: SHOW COLUMNS FROM `ot_tixian` [ RunTime:0.0070s ]
SQL: SELECT COUNT(*) AS tp_count FROM `ot_tixian` WHERE `UG_account` = 'admin@qq.com' LIMIT 1   [ RunTime:0.0000s ]
SQL: SELECT * FROM `ot_tixian` WHERE `UG_account` = 'admin@qq.com' ORDER BY id DESC LIMIT 0,10   [ RunTime:0.0000s ]
NOTIC: [8] Use of undefined constant UE_account - assumed 'UE_account' F:\wamp\www\12code\03dirsell\User\Home\Controller\InfoController.class.php 第 517 行.
SQL: SELECT * FROM `ot_user` WHERE `UE_account` = 'admin@qq.com' LIMIT 1   [ RunTime:0.0025s ]
SQL: SELECT SUM(UG_money) AS tp_sum FROM `ot_userget` WHERE `UG_account` = 'admin@qq.com' AND `UG_dataType` = 'tjj' LIMIT 1   [ RunTime:0.0000s ]
SQL: SELECT SUM(UG_money) AS tp_sum FROM `ot_userget` WHERE `UG_account` = 'admin@qq.com' AND `UG_dataType` = 'jlj' LIMIT 1   [ RunTime:0.0000s ]
INFO: [ view_parse ] --START--
INFO: [ template_filter ] --START--
INFO: Run Behavior\ContentReplaceBehavior [ RunTime:0.000000s ]
INFO: [ template_filter ] --END-- [ RunTime:0.000000s ]
NOTIC: [8] Undefined variable: tgurl F:\wamp\www\12code\03dirsell\User\Runtime\Cache\Home\95d2402fc4416413d7cf886e5691e94b.php 第 62 行.
NOTIC: [8] Undefined variable: tgurl F:\wamp\www\12code\03dirsell\User\Runtime\Cache\Home\95d2402fc4416413d7cf886e5691e94b.php 第 72 行.
NOTIC: [8] Undefined variable: ztrs3 F:\wamp\www\12code\03dirsell\User\Runtime\Cache\Home\95d2402fc4416413d7cf886e5691e94b.php 第 566 行.
SQL: SHOW COLUMNS FROM `ot_ppdd` [ RunTime:0.0060s ]
SQL: SELECT * FROM `ot_ppdd` WHERE `id` = 39 LIMIT 1   [ RunTime:0.0000s ]
NOTIC: [8] Undefined variable: ztrs2 F:\wamp\www\12code\03dirsell\User\Runtime\Cache\Home\95d2402fc4416413d7cf886e5691e94b.php 第 567 行.
SQL: SELECT * FROM `ot_ppdd` WHERE `id` = 39 LIMIT 1   [ RunTime:0.0000s ]
NOTIC: [8] Undefined variable: ztrs3 F:\wamp\www\12code\03dirsell\User\Runtime\Cache\Home\95d2402fc4416413d7cf886e5691e94b.php 第 566 行.
SQL: SELECT * FROM `ot_ppdd` WHERE `id` = 39 LIMIT 1   [ RunTime:0.0000s ]
NOTIC: [8] Undefined variable: ztrs2 F:\wamp\www\12code\03dirsell\User\Runtime\Cache\Home\95d2402fc4416413d7cf886e5691e94b.php 第 567 行.
SQL: SELECT * FROM `ot_ppdd` WHERE `id` = 39 LIMIT 1   [ RunTime:0.0025s ]
NOTIC: [8] Undefined variable: ztrs3 F:\wamp\www\12code\03dirsell\User\Runtime\Cache\Home\95d2402fc4416413d7cf886e5691e94b.php 第 566 行.
SQL: SELECT * FROM `ot_ppdd` WHERE `id` = 38 LIMIT 1   [ RunTime:0.0010s ]
NOTIC: [8] Undefined variable: ztrs2 F:\wamp\www\12code\03dirsell\User\Runtime\Cache\Home\95d2402fc4416413d7cf886e5691e94b.php 第 567 行.
SQL: SELECT * FROM `ot_ppdd` WHERE `id` = 38 LIMIT 1   [ RunTime:0.0000s ]
NOTIC: [8] Undefined variable: ztrs3 F:\wamp\www\12code\03dirsell\User\Runtime\Cache\Home\95d2402fc4416413d7cf886e5691e94b.php 第 566 行.
SQL: SELECT * FROM `ot_ppdd` WHERE `id` = 38 LIMIT 1   [ RunTime:0.0010s ]
NOTIC: [8] Undefined variable: ztrs2 F:\wamp\www\12code\03dirsell\User\Runtime\Cache\Home\95d2402fc4416413d7cf886e5691e94b.php 第 567 行.
SQL: SELECT * FROM `ot_ppdd` WHERE `id` = 38 LIMIT 1   [ RunTime:0.0010s ]
NOTIC: [8] Undefined variable: ztrs3 F:\wamp\www\12code\03dirsell\User\Runtime\Cache\Home\95d2402fc4416413d7cf886e5691e94b.php 第 566 行.
SQL: SELECT * FROM `ot_ppdd` WHERE `id` = 37 LIMIT 1   [ RunTime:0.0000s ]
NOTIC: [8] Undefined variable: ztrs2 F:\wamp\www\12code\03dirsell\User\Runtime\Cache\Home\95d2402fc4416413d7cf886e5691e94b.php 第 567 行.
SQL: SELECT * FROM `ot_ppdd` WHERE `id` = 37 LIMIT 1   [ RunTime:0.0000s ]
NOTIC: [8] Undefined variable: ztrs3 F:\wamp\www\12code\03dirsell\User\Runtime\Cache\Home\95d2402fc4416413d7cf886e5691e94b.php 第 566 行.
SQL: SELECT * FROM `ot_ppdd` WHERE `id` = 37 LIMIT 1   [ RunTime:0.0010s ]
NOTIC: [8] Undefined variable: ztrs2 F:\wamp\www\12code\03dirsell\User\Runtime\Cache\Home\95d2402fc4416413d7cf886e5691e94b.php 第 567 行.
SQL: SELECT * FROM `ot_ppdd` WHERE `id` = 37 LIMIT 1   [ RunTime:0.0000s ]
NOTIC: [8] Undefined variable: ztrs3 F:\wamp\www\12code\03dirsell\User\Runtime\Cache\Home\95d2402fc4416413d7cf886e5691e94b.php 第 566 行.
SQL: SELECT * FROM `ot_ppdd` WHERE `id` = 36 LIMIT 1   [ RunTime:0.0000s ]
NOTIC: [8] Undefined variable: ztrs2 F:\wamp\www\12code\03dirsell\User\Runtime\Cache\Home\95d2402fc4416413d7cf886e5691e94b.php 第 567 行.
SQL: SELECT * FROM `ot_ppdd` WHERE `id` = 36 LIMIT 1   [ RunTime:0.0010s ]
NOTIC: [8] Undefined variable: ztrs3 F:\wamp\www\12code\03dirsell\User\Runtime\Cache\Home\95d2402fc4416413d7cf886e5691e94b.php 第 566 行.
SQL: SELECT * FROM `ot_ppdd` WHERE `id` = 35 LIMIT 1   [ RunTime:0.0000s ]
NOTIC: [8] Undefined variable: ztrs2 F:\wamp\www\12code\03dirsell\User\Runtime\Cache\Home\95d2402fc4416413d7cf886e5691e94b.php 第 567 行.
SQL: SELECT * FROM `ot_ppdd` WHERE `id` = 35 LIMIT 1   [ RunTime:0.0010s ]
NOTIC: [8] Undefined variable: ztrs3 F:\wamp\www\12code\03dirsell\User\Runtime\Cache\Home\95d2402fc4416413d7cf886e5691e94b.php 第 566 行.
SQL: SELECT * FROM `ot_ppdd` WHERE `id` = 26 LIMIT 1   [ RunTime:0.0000s ]
NOTIC: [8] Undefined variable: ztrs2 F:\wamp\www\12code\03dirsell\User\Runtime\Cache\Home\95d2402fc4416413d7cf886e5691e94b.php 第 567 行.
SQL: SELECT * FROM `ot_ppdd` WHERE `id` = 26 LIMIT 1   [ RunTime:0.0000s ]
NOTIC: [8] Undefined variable: ztrs3 F:\wamp\www\12code\03dirsell\User\Runtime\Cache\Home\95d2402fc4416413d7cf886e5691e94b.php 第 566 行.
SQL: SELECT * FROM `ot_ppdd` WHERE `id` = 26 LIMIT 1   [ RunTime:0.0010s ]
NOTIC: [8] Undefined variable: ztrs2 F:\wamp\www\12code\03dirsell\User\Runtime\Cache\Home\95d2402fc4416413d7cf886e5691e94b.php 第 567 行.
SQL: SELECT * FROM `ot_ppdd` WHERE `id` = 26 LIMIT 1   [ RunTime:0.0010s ]
INFO: Run Behavior\ParseTemplateBehavior [ RunTime:0.059503s ]
INFO: [ view_parse ] --END-- [ RunTime:0.059503s ]
INFO: [ view_filter ] --START--
INFO: Run Behavior\WriteHtmlCacheBehavior [ RunTime:0.001000s ]
INFO: Run Behavior\TokenBuildBehavior [ RunTime:0.001000s ]
INFO: [ view_filter ] --END-- [ RunTime:0.002000s ]
INFO: [ app_end ] --START--
INFO: Run Behavior\ShowPageTraceBehavior [ RunTime:0.003000s ]
INFO: [ app_end ] --END-- [ RunTime:0.003000s ]

[ 2016-11-17T21:43:17+08:00 ] 127.0.0.1 /Home/Info/cwmx
INFO: [ app_init ] --START--
INFO: Run Behavior\BuildLiteBehavior [ RunTime:0.000000s ]
INFO: [ app_init ] --END-- [ RunTime:0.001000s ]
INFO: [ app_begin ] --START--
INFO: Run Behavior\ReadHtmlCacheBehavior [ RunTime:0.000000s ]
INFO: [ app_begin ] --END-- [ RunTime:0.001000s ]
SQL: SHOW COLUMNS FROM `ot_system` [ RunTime:0.0090s ]
SQL: SELECT * FROM `ot_system` WHERE `SYS_ID` = 1 LIMIT 1   [ RunTime:0.0010s ]
SQL: SHOW COLUMNS FROM `ot_user` [ RunTime:0.0090s ]
SQL: SELECT * FROM `ot_user` WHERE `UE_account` = 'admin@qq.com' LIMIT 1   [ RunTime:0.0020s ]
SQL: UPDATE `ot_user` SET `levelname`='高级会员' WHERE `UE_account` = 'admin@qq.com' [ RunTime:0.0010s ]
SQL: SELECT * FROM `ot_user` WHERE `UE_ID` = 61451 LIMIT 1   [ RunTime:0.0010s ]
SQL: SHOW COLUMNS FROM `ot_tgbz` [ RunTime:0.0090s ]
SQL: SELECT * FROM `ot_tgbz` WHERE `user` = 'admin@qq.com' AND `zt` = 0 ORDER BY id DESC  [ RunTime:0.0000s ]
SQL: SHOW COLUMNS FROM `ot_user_jj` [ RunTime:0.0070s ]
SQL: SELECT COUNT(*) AS tp_count FROM `ot_user_jj` WHERE `user` = 'admin@qq.com' LIMIT 1   [ RunTime:0.0010s ]
SQL: SELECT * FROM `ot_user_jj` WHERE `user` = 'admin@qq.com' ORDER BY id DESC LIMIT 0,10   [ RunTime:0.0010s ]
SQL: SHOW COLUMNS FROM `ot_user_jl` [ RunTime:0.0070s ]
SQL: SELECT COUNT(*) AS tp_count FROM `ot_user_jl` WHERE `user` = 'admin@qq.com' LIMIT 1   [ RunTime:0.0000s ]
SQL: SELECT * FROM `ot_user_jl` WHERE `user` = 'admin@qq.com' ORDER BY id DESC LIMIT 0,10   [ RunTime:0.0000s ]
SQL: SHOW COLUMNS FROM `ot_userget` [ RunTime:0.0080s ]
SQL: SELECT COUNT(*) AS tp_count FROM `ot_userget` WHERE `UG_account` = 'admin@qq.com' LIMIT 1   [ RunTime:0.0000s ]
SQL: SELECT * FROM `ot_userget` WHERE `UG_account` = 'admin@qq.com' ORDER BY UG_ID DESC LIMIT 0,10   [ RunTime:0.0000s ]
SQL: SHOW COLUMNS FROM `ot_tixian` [ RunTime:0.0060s ]
SQL: SELECT COUNT(*) AS tp_count FROM `ot_tixian` WHERE `UG_account` = 'admin@qq.com' LIMIT 1   [ RunTime:0.0000s ]
SQL: SELECT * FROM `ot_tixian` WHERE `UG_account` = 'admin@qq.com' ORDER BY id DESC LIMIT 0,10   [ RunTime:0.0000s ]
NOTIC: [8] Use of undefined constant UE_account - assumed 'UE_account' F:\wamp\www\12code\03dirsell\User\Home\Controller\InfoController.class.php 第 517 行.
SQL: SELECT * FROM `ot_user` WHERE `UE_account` = 'admin@qq.com' LIMIT 1   [ RunTime:0.0000s ]
SQL: SELECT SUM(UG_money) AS tp_sum FROM `ot_userget` WHERE `UG_account` = 'admin@qq.com' AND `UG_dataType` = 'tjj' LIMIT 1   [ RunTime:0.0010s ]
SQL: SELECT SUM(UG_money) AS tp_sum FROM `ot_userget` WHERE `UG_account` = 'admin@qq.com' AND `UG_dataType` = 'jlj' LIMIT 1   [ RunTime:0.0000s ]
INFO: [ view_parse ] --START--
INFO: [ template_filter ] --START--
INFO: Run Behavior\ContentReplaceBehavior [ RunTime:0.001000s ]
INFO: [ template_filter ] --END-- [ RunTime:0.001000s ]
NOTIC: [8] Undefined variable: tgurl F:\wamp\www\12code\03dirsell\User\Runtime\Cache\Home\95d2402fc4416413d7cf886e5691e94b.php 第 62 行.
NOTIC: [8] Undefined variable: tgurl F:\wamp\www\12code\03dirsell\User\Runtime\Cache\Home\95d2402fc4416413d7cf886e5691e94b.php 第 72 行.
NOTIC: [8] Undefined variable: ztrs3 F:\wamp\www\12code\03dirsell\User\Runtime\Cache\Home\95d2402fc4416413d7cf886e5691e94b.php 第 566 行.
SQL: SHOW COLUMNS FROM `ot_ppdd` [ RunTime:0.0070s ]
SQL: SELECT * FROM `ot_ppdd` WHERE `id` = 39 LIMIT 1   [ RunTime:0.0010s ]
NOTIC: [8] Undefined variable: ztrs2 F:\wamp\www\12code\03dirsell\User\Runtime\Cache\Home\95d2402fc4416413d7cf886e5691e94b.php 第 567 行.
SQL: SELECT * FROM `ot_ppdd` WHERE `id` = 39 LIMIT 1   [ RunTime:0.0000s ]
NOTIC: [8] Undefined variable: ztrs3 F:\wamp\www\12code\03dirsell\User\Runtime\Cache\Home\95d2402fc4416413d7cf886e5691e94b.php 第 566 行.
SQL: SELECT * FROM `ot_ppdd` WHERE `id` = 39 LIMIT 1   [ RunTime:0.0000s ]
NOTIC: [8] Undefined variable: ztrs2 F:\wamp\www\12code\03dirsell\User\Runtime\Cache\Home\95d2402fc4416413d7cf886e5691e94b.php 第 567 行.
SQL: SELECT * FROM `ot_ppdd` WHERE `id` = 39 LIMIT 1   [ RunTime:0.0010s ]
NOTIC: [8] Undefined variable: ztrs3 F:\wamp\www\12code\03dirsell\User\Runtime\Cache\Home\95d2402fc4416413d7cf886e5691e94b.php 第 566 行.
SQL: SELECT * FROM `ot_ppdd` WHERE `id` = 38 LIMIT 1   [ RunTime:0.0000s ]
NOTIC: [8] Undefined variable: ztrs2 F:\wamp\www\12code\03dirsell\User\Runtime\Cache\Home\95d2402fc4416413d7cf886e5691e94b.php 第 567 行.
SQL: SELECT * FROM `ot_ppdd` WHERE `id` = 38 LIMIT 1   [ RunTime:0.0000s ]
NOTIC: [8] Undefined variable: ztrs3 F:\wamp\www\12code\03dirsell\User\Runtime\Cache\Home\95d2402fc4416413d7cf886e5691e94b.php 第 566 行.
SQL: SELECT * FROM `ot_ppdd` WHERE `id` = 38 LIMIT 1   [ RunTime:0.0010s ]
NOTIC: [8] Undefined variable: ztrs2 F:\wamp\www\12code\03dirsell\User\Runtime\Cache\Home\95d2402fc4416413d7cf886e5691e94b.php 第 567 行.
SQL: SELECT * FROM `ot_ppdd` WHERE `id` = 38 LIMIT 1   [ RunTime:0.0000s ]
NOTIC: [8] Undefined variable: ztrs3 F:\wamp\www\12code\03dirsell\User\Runtime\Cache\Home\95d2402fc4416413d7cf886e5691e94b.php 第 566 行.
SQL: SELECT * FROM `ot_ppdd` WHERE `id` = 37 LIMIT 1   [ RunTime:0.0000s ]
NOTIC: [8] Undefined variable: ztrs2 F:\wamp\www\12code\03dirsell\User\Runtime\Cache\Home\95d2402fc4416413d7cf886e5691e94b.php 第 567 行.
SQL: SELECT * FROM `ot_ppdd` WHERE `id` = 37 LIMIT 1   [ RunTime:0.0000s ]
NOTIC: [8] Undefined variable: ztrs3 F:\wamp\www\12code\03dirsell\User\Runtime\Cache\Home\95d2402fc4416413d7cf886e5691e94b.php 第 566 行.
SQL: SELECT * FROM `ot_ppdd` WHERE `id` = 37 LIMIT 1   [ RunTime:0.0010s ]
NOTIC: [8] Undefined variable: ztrs2 F:\wamp\www\12code\03dirsell\User\Runtime\Cache\Home\95d2402fc4416413d7cf886e5691e94b.php 第 567 行.
SQL: SELECT * FROM `ot_ppdd` WHERE `id` = 37 LIMIT 1   [ RunTime:0.0000s ]
NOTIC: [8] Undefined variable: ztrs3 F:\wamp\www\12code\03dirsell\User\Runtime\Cache\Home\95d2402fc4416413d7cf886e5691e94b.php 第 566 行.
SQL: SELECT * FROM `ot_ppdd` WHERE `id` = 36 LIMIT 1   [ RunTime:0.0000s ]
NOTIC: [8] Undefined variable: ztrs2 F:\wamp\www\12code\03dirsell\User\Runtime\Cache\Home\95d2402fc4416413d7cf886e5691e94b.php 第 567 行.
SQL: SELECT * FROM `ot_ppdd` WHERE `id` = 36 LIMIT 1   [ RunTime:0.0000s ]
NOTIC: [8] Undefined variable: ztrs3 F:\wamp\www\12code\03dirsell\User\Runtime\Cache\Home\95d2402fc4416413d7cf886e5691e94b.php 第 566 行.
SQL: SELECT * FROM `ot_ppdd` WHERE `id` = 35 LIMIT 1   [ RunTime:0.0000s ]
NOTIC: [8] Undefined variable: ztrs2 F:\wamp\www\12code\03dirsell\User\Runtime\Cache\Home\95d2402fc4416413d7cf886e5691e94b.php 第 567 行.
SQL: SELECT * FROM `ot_ppdd` WHERE `id` = 35 LIMIT 1   [ RunTime:0.0000s ]
NOTIC: [8] Undefined variable: ztrs3 F:\wamp\www\12code\03dirsell\User\Runtime\Cache\Home\95d2402fc4416413d7cf886e5691e94b.php 第 566 行.
SQL: SELECT * FROM `ot_ppdd` WHERE `id` = 26 LIMIT 1   [ RunTime:0.0000s ]
NOTIC: [8] Undefined variable: ztrs2 F:\wamp\www\12code\03dirsell\User\Runtime\Cache\Home\95d2402fc4416413d7cf886e5691e94b.php 第 567 行.
SQL: SELECT * FROM `ot_ppdd` WHERE `id` = 26 LIMIT 1   [ RunTime:0.0025s ]
NOTIC: [8] Undefined variable: ztrs3 F:\wamp\www\12code\03dirsell\User\Runtime\Cache\Home\95d2402fc4416413d7cf886e5691e94b.php 第 566 行.
SQL: SELECT * FROM `ot_ppdd` WHERE `id` = 26 LIMIT 1   [ RunTime:0.0000s ]
NOTIC: [8] Undefined variable: ztrs2 F:\wamp\www\12code\03dirsell\User\Runtime\Cache\Home\95d2402fc4416413d7cf886e5691e94b.php 第 567 行.
SQL: SELECT * FROM `ot_ppdd` WHERE `id` = 26 LIMIT 1   [ RunTime:0.0000s ]
INFO: Run Behavior\ParseTemplateBehavior [ RunTime:0.057503s ]
INFO: [ view_parse ] --END-- [ RunTime:0.057503s ]
INFO: [ view_filter ] --START--
INFO: Run Behavior\WriteHtmlCacheBehavior [ RunTime:0.000000s ]
INFO: Run Behavior\TokenBuildBehavior [ RunTime:0.002501s ]
INFO: [ view_filter ] --END-- [ RunTime:0.002501s ]
INFO: [ app_end ] --START--
INFO: Run Behavior\ShowPageTraceBehavior [ RunTime:0.001000s ]
INFO: [ app_end ] --END-- [ RunTime:0.001000s ]

[ 2016-11-17T21:43:29+08:00 ] 127.0.0.1 /Home/Myuser/lxwm/
INFO: [ app_init ] --START--
INFO: Run Behavior\BuildLiteBehavior [ RunTime:0.000000s ]
INFO: [ app_init ] --END-- [ RunTime:0.001001s ]
INFO: [ app_begin ] --START--
INFO: Run Behavior\ReadHtmlCacheBehavior [ RunTime:0.001000s ]
INFO: [ app_begin ] --END-- [ RunTime:0.001000s ]
SQL: SHOW COLUMNS FROM `ot_system` [ RunTime:0.0070s ]
SQL: SELECT * FROM `ot_system` WHERE `SYS_ID` = 1 LIMIT 1   [ RunTime:0.0010s ]
SQL: SHOW COLUMNS FROM `ot_user` [ RunTime:0.0120s ]
SQL: SELECT * FROM `ot_user` WHERE `UE_account` = 'admin@qq.com' LIMIT 1   [ RunTime:0.0010s ]
SQL: UPDATE `ot_user` SET `levelname`='高级会员' WHERE `UE_account` = 'admin@qq.com' [ RunTime:0.0000s ]
SQL: SELECT * FROM `ot_user` WHERE `UE_ID` = 61451 LIMIT 1   [ RunTime:0.0000s ]
SQL: SHOW COLUMNS FROM `ot_message` [ RunTime:0.0055s ]
SQL: SELECT COUNT(*) AS tp_count FROM `ot_message` WHERE `MA_userName` = 'admin@qq.com' LIMIT 1   [ RunTime:0.0025s ]
SQL: SELECT * FROM `ot_message` WHERE `MA_userName` = 'admin@qq.com' ORDER BY MA_ID DESC LIMIT 0,12   [ RunTime:0.0000s ]
SQL: SELECT * FROM `ot_user` WHERE `UE_ID` = 61451 LIMIT 1   [ RunTime:0.0000s ]
INFO: [ view_parse ] --START--
INFO: [ template_filter ] --START--
INFO: Run Behavior\ContentReplaceBehavior [ RunTime:0.000000s ]
INFO: [ template_filter ] --END-- [ RunTime:0.000000s ]
NOTIC: [8] Undefined variable: tgurl F:\wamp\www\12code\03dirsell\User\Runtime\Cache\Home\35788c78ae110064cbf698cd6b336981.php 第 59 行.
NOTIC: [8] Undefined variable: tgurl F:\wamp\www\12code\03dirsell\User\Runtime\Cache\Home\35788c78ae110064cbf698cd6b336981.php 第 69 行.
INFO: Run Behavior\ParseTemplateBehavior [ RunTime:0.019001s ]
INFO: [ view_parse ] --END-- [ RunTime:0.019001s ]
INFO: [ view_filter ] --START--
INFO: Run Behavior\WriteHtmlCacheBehavior [ RunTime:0.000000s ]
INFO: Run Behavior\TokenBuildBehavior [ RunTime:0.001000s ]
INFO: [ view_filter ] --END-- [ RunTime:0.001000s ]
INFO: [ app_end ] --START--
INFO: Run Behavior\ShowPageTraceBehavior [ RunTime:0.001000s ]
INFO: [ app_end ] --END-- [ RunTime:0.001000s ]

[ 2016-11-17T21:44:34+08:00 ] 127.0.0.1 /Home/Info/cwmx
INFO: [ app_init ] --START--
INFO: Run Behavior\BuildLiteBehavior [ RunTime:0.000000s ]
INFO: [ app_init ] --END-- [ RunTime:0.001000s ]
INFO: [ app_begin ] --START--
INFO: Run Behavior\ReadHtmlCacheBehavior [ RunTime:0.002000s ]
INFO: [ app_begin ] --END-- [ RunTime:0.002000s ]
SQL: SHOW COLUMNS FROM `ot_system` [ RunTime:0.0110s ]
SQL: SELECT * FROM `ot_system` WHERE `SYS_ID` = 1 LIMIT 1   [ RunTime:0.0025s ]
SQL: SHOW COLUMNS FROM `ot_user` [ RunTime:0.0125s ]
SQL: SELECT * FROM `ot_user` WHERE `UE_account` = 'admin@qq.com' LIMIT 1   [ RunTime:0.0025s ]
SQL: UPDATE `ot_user` SET `levelname`='高级会员' WHERE `UE_account` = 'admin@qq.com' [ RunTime:0.0035s ]
SQL: SELECT * FROM `ot_user` WHERE `UE_ID` = 61451 LIMIT 1   [ RunTime:0.0010s ]
SQL: SHOW COLUMNS FROM `ot_tgbz` [ RunTime:0.0090s ]
SQL: SELECT * FROM `ot_tgbz` WHERE `user` = 'admin@qq.com' AND `zt` = 0 ORDER BY id DESC  [ RunTime:0.0000s ]
SQL: SHOW COLUMNS FROM `ot_user_jj` [ RunTime:0.0070s ]
SQL: SELECT COUNT(*) AS tp_count FROM `ot_user_jj` WHERE `user` = 'admin@qq.com' LIMIT 1   [ RunTime:0.0010s ]
SQL: SELECT * FROM `ot_user_jj` WHERE `user` = 'admin@qq.com' ORDER BY id DESC LIMIT 0,10   [ RunTime:0.0010s ]
SQL: SHOW COLUMNS FROM `ot_user_jl` [ RunTime:0.0065s ]
SQL: SELECT COUNT(*) AS tp_count FROM `ot_user_jl` WHERE `user` = 'admin@qq.com' LIMIT 1   [ RunTime:0.0010s ]
SQL: SELECT * FROM `ot_user_jl` WHERE `user` = 'admin@qq.com' ORDER BY id DESC LIMIT 0,10   [ RunTime:0.0000s ]
SQL: SHOW COLUMNS FROM `ot_userget` [ RunTime:0.0060s ]
SQL: SELECT COUNT(*) AS tp_count FROM `ot_userget` WHERE `UG_account` = 'admin@qq.com' LIMIT 1   [ RunTime:0.0000s ]
SQL: SELECT * FROM `ot_userget` WHERE `UG_account` = 'admin@qq.com' ORDER BY UG_ID DESC LIMIT 0,10   [ RunTime:0.0010s ]
SQL: SHOW COLUMNS FROM `ot_tixian` [ RunTime:0.0060s ]
SQL: SELECT COUNT(*) AS tp_count FROM `ot_tixian` WHERE `UG_account` = 'admin@qq.com' LIMIT 1   [ RunTime:0.0010s ]
SQL: SELECT * FROM `ot_tixian` WHERE `UG_account` = 'admin@qq.com' ORDER BY id DESC LIMIT 0,10   [ RunTime:0.0000s ]
NOTIC: [8] Use of undefined constant UE_account - assumed 'UE_account' F:\wamp\www\12code\03dirsell\User\Home\Controller\InfoController.class.php 第 517 行.
SQL: SELECT * FROM `ot_user` WHERE `UE_account` = 'admin@qq.com' LIMIT 1   [ RunTime:0.0010s ]
SQL: SELECT SUM(UG_money) AS tp_sum FROM `ot_userget` WHERE `UG_account` = 'admin@qq.com' AND `UG_dataType` = 'tjj' LIMIT 1   [ RunTime:0.0000s ]
SQL: SELECT SUM(UG_money) AS tp_sum FROM `ot_userget` WHERE `UG_account` = 'admin@qq.com' AND `UG_dataType` = 'jlj' LIMIT 1   [ RunTime:0.0010s ]
INFO: [ view_parse ] --START--
INFO: [ template_filter ] --START--
INFO: Run Behavior\ContentReplaceBehavior [ RunTime:0.001000s ]
INFO: [ template_filter ] --END-- [ RunTime:0.001000s ]
NOTIC: [8] Undefined variable: tgurl F:\wamp\www\12code\03dirsell\User\Runtime\Cache\Home\95d2402fc4416413d7cf886e5691e94b.php 第 62 行.
NOTIC: [8] Undefined variable: tgurl F:\wamp\www\12code\03dirsell\User\Runtime\Cache\Home\95d2402fc4416413d7cf886e5691e94b.php 第 72 行.
NOTIC: [8] Undefined variable: ztrs3 F:\wamp\www\12code\03dirsell\User\Runtime\Cache\Home\95d2402fc4416413d7cf886e5691e94b.php 第 566 行.
SQL: SHOW COLUMNS FROM `ot_ppdd` [ RunTime:0.0080s ]
SQL: SELECT * FROM `ot_ppdd` WHERE `id` = 39 LIMIT 1   [ RunTime:0.0010s ]
NOTIC: [8] Undefined variable: ztrs2 F:\wamp\www\12code\03dirsell\User\Runtime\Cache\Home\95d2402fc4416413d7cf886e5691e94b.php 第 567 行.
SQL: SELECT * FROM `ot_ppdd` WHERE `id` = 39 LIMIT 1   [ RunTime:0.0000s ]
NOTIC: [8] Undefined variable: ztrs3 F:\wamp\www\12code\03dirsell\User\Runtime\Cache\Home\95d2402fc4416413d7cf886e5691e94b.php 第 566 行.
SQL: SELECT * FROM `ot_ppdd` WHERE `id` = 39 LIMIT 1   [ RunTime:0.0010s ]
NOTIC: [8] Undefined variable: ztrs2 F:\wamp\www\12code\03dirsell\User\Runtime\Cache\Home\95d2402fc4416413d7cf886e5691e94b.php 第 567 行.
SQL: SELECT * FROM `ot_ppdd` WHERE `id` = 39 LIMIT 1   [ RunTime:0.0000s ]
NOTIC: [8] Undefined variable: ztrs3 F:\wamp\www\12code\03dirsell\User\Runtime\Cache\Home\95d2402fc4416413d7cf886e5691e94b.php 第 566 行.
SQL: SELECT * FROM `ot_ppdd` WHERE `id` = 38 LIMIT 1   [ RunTime:0.0000s ]
NOTIC: [8] Undefined variable: ztrs2 F:\wamp\www\12code\03dirsell\User\Runtime\Cache\Home\95d2402fc4416413d7cf886e5691e94b.php 第 567 行.
SQL: SELECT * FROM `ot_ppdd` WHERE `id` = 38 LIMIT 1   [ RunTime:0.0010s ]
NOTIC: [8] Undefined variable: ztrs3 F:\wamp\www\12code\03dirsell\User\Runtime\Cache\Home\95d2402fc4416413d7cf886e5691e94b.php 第 566 行.
SQL: SELECT * FROM `ot_ppdd` WHERE `id` = 38 LIMIT 1   [ RunTime:0.0000s ]
NOTIC: [8] Undefined variable: ztrs2 F:\wamp\www\12code\03dirsell\User\Runtime\Cache\Home\95d2402fc4416413d7cf886e5691e94b.php 第 567 行.
SQL: SELECT * FROM `ot_ppdd` WHERE `id` = 38 LIMIT 1   [ RunTime:0.0000s ]
NOTIC: [8] Undefined variable: ztrs3 F:\wamp\www\12code\03dirsell\User\Runtime\Cache\Home\95d2402fc4416413d7cf886e5691e94b.php 第 566 行.
SQL: SELECT * FROM `ot_ppdd` WHERE `id` = 37 LIMIT 1   [ RunTime:0.0010s ]
NOTIC: [8] Undefined variable: ztrs2 F:\wamp\www\12code\03dirsell\User\Runtime\Cache\Home\95d2402fc4416413d7cf886e5691e94b.php 第 567 行.
SQL: SELECT * FROM `ot_ppdd` WHERE `id` = 37 LIMIT 1   [ RunTime:0.0000s ]
NOTIC: [8] Undefined variable: ztrs3 F:\wamp\www\12code\03dirsell\User\Runtime\Cache\Home\95d2402fc4416413d7cf886e5691e94b.php 第 566 行.
SQL: SELECT * FROM `ot_ppdd` WHERE `id` = 37 LIMIT 1   [ RunTime:0.0000s ]
NOTIC: [8] Undefined variable: ztrs2 F:\wamp\www\12code\03dirsell\User\Runtime\Cache\Home\95d2402fc4416413d7cf886e5691e94b.php 第 567 行.
SQL: SELECT * FROM `ot_ppdd` WHERE `id` = 37 LIMIT 1   [ RunTime:0.0010s ]
NOTIC: [8] Undefined variable: ztrs3 F:\wamp\www\12code\03dirsell\User\Runtime\Cache\Home\95d2402fc4416413d7cf886e5691e94b.php 第 566 行.
SQL: SELECT * FROM `ot_ppdd` WHERE `id` = 36 LIMIT 1   [ RunTime:0.0000s ]
NOTIC: [8] Undefined variable: ztrs2 F:\wamp\www\12code\03dirsell\User\Runtime\Cache\Home\95d2402fc4416413d7cf886e5691e94b.php 第 567 行.
SQL: SELECT * FROM `ot_ppdd` WHERE `id` = 36 LIMIT 1   [ RunTime:0.0010s ]
NOTIC: [8] Undefined variable: ztrs3 F:\wamp\www\12code\03dirsell\User\Runtime\Cache\Home\95d2402fc4416413d7cf886e5691e94b.php 第 566 行.
SQL: SELECT * FROM `ot_ppdd` WHERE `id` = 35 LIMIT 1   [ RunTime:0.0000s ]
NOTIC: [8] Undefined variable: ztrs2 F:\wamp\www\12code\03dirsell\User\Runtime\Cache\Home\95d2402fc4416413d7cf886e5691e94b.php 第 567 行.
SQL: SELECT * FROM `ot_ppdd` WHERE `id` = 35 LIMIT 1   [ RunTime:0.0010s ]
NOTIC: [8] Undefined variable: ztrs3 F:\wamp\www\12code\03dirsell\User\Runtime\Cache\Home\95d2402fc4416413d7cf886e5691e94b.php 第 566 行.
SQL: SELECT * FROM `ot_ppdd` WHERE `id` = 26 LIMIT 1   [ RunTime:0.0010s ]
NOTIC: [8] Undefined variable: ztrs2 F:\wamp\www\12code\03dirsell\User\Runtime\Cache\Home\95d2402fc4416413d7cf886e5691e94b.php 第 567 行.
SQL: SELECT * FROM `ot_ppdd` WHERE `id` = 26 LIMIT 1   [ RunTime:0.0000s ]
NOTIC: [8] Undefined variable: ztrs3 F:\wamp\www\12code\03dirsell\User\Runtime\Cache\Home\95d2402fc4416413d7cf886e5691e94b.php 第 566 行.
SQL: SELECT * FROM `ot_ppdd` WHERE `id` = 26 LIMIT 1   [ RunTime:0.0000s ]
NOTIC: [8] Undefined variable: ztrs2 F:\wamp\www\12code\03dirsell\User\Runtime\Cache\Home\95d2402fc4416413d7cf886e5691e94b.php 第 567 行.
SQL: SELECT * FROM `ot_ppdd` WHERE `id` = 26 LIMIT 1   [ RunTime:0.0010s ]
INFO: Run Behavior\ParseTemplateBehavior [ RunTime:0.061003s ]
INFO: [ view_parse ] --END-- [ RunTime:0.061003s ]
INFO: [ view_filter ] --START--
INFO: Run Behavior\WriteHtmlCacheBehavior [ RunTime:0.001000s ]
INFO: Run Behavior\TokenBuildBehavior [ RunTime:0.001000s ]
INFO: [ view_filter ] --END-- [ RunTime:0.002000s ]
INFO: [ app_end ] --START--
INFO: Run Behavior\ShowPageTraceBehavior [ RunTime:0.001000s ]
INFO: [ app_end ] --END-- [ RunTime:0.001000s ]

[ 2016-11-17T21:49:22+08:00 ] 127.0.0.1 /Home/Info/cwmx
INFO: [ app_init ] --START--
INFO: Run Behavior\BuildLiteBehavior [ RunTime:0.000000s ]
INFO: [ app_init ] --END-- [ RunTime:0.002000s ]
INFO: [ app_begin ] --START--
INFO: Run Behavior\ReadHtmlCacheBehavior [ RunTime:0.003000s ]
INFO: [ app_begin ] --END-- [ RunTime:0.003000s ]
SQL: SHOW COLUMNS FROM `ot_system` [ RunTime:0.0090s ]
SQL: SELECT * FROM `ot_system` WHERE `SYS_ID` = 1 LIMIT 1   [ RunTime:0.0025s ]
SQL: SHOW COLUMNS FROM `ot_user` [ RunTime:0.0100s ]
SQL: SELECT * FROM `ot_user` WHERE `UE_account` = 'admin@qq.com' LIMIT 1   [ RunTime:0.0010s ]
SQL: UPDATE `ot_user` SET `levelname`='高级会员' WHERE `UE_account` = 'admin@qq.com' [ RunTime:0.0010s ]
SQL: SELECT * FROM `ot_user` WHERE `UE_ID` = 61451 LIMIT 1   [ RunTime:0.0010s ]
SQL: SHOW COLUMNS FROM `ot_tgbz` [ RunTime:0.0090s ]
SQL: SELECT * FROM `ot_tgbz` WHERE `user` = 'admin@qq.com' AND `zt` = 0 ORDER BY id DESC  [ RunTime:0.0010s ]
SQL: SHOW COLUMNS FROM `ot_user_jj` [ RunTime:0.0085s ]
SQL: SELECT COUNT(*) AS tp_count FROM `ot_user_jj` WHERE `user` = 'admin@qq.com' LIMIT 1   [ RunTime:0.0000s ]
SQL: SELECT * FROM `ot_user_jj` WHERE `user` = 'admin@qq.com' ORDER BY id DESC LIMIT 0,10   [ RunTime:0.0010s ]
SQL: SHOW COLUMNS FROM `ot_user_jl` [ RunTime:0.0075s ]
SQL: SELECT COUNT(*) AS tp_count FROM `ot_user_jl` WHERE `user` = 'admin@qq.com' LIMIT 1   [ RunTime:0.0025s ]
SQL: SELECT * FROM `ot_user_jl` WHERE `user` = 'admin@qq.com' ORDER BY id DESC LIMIT 0,10   [ RunTime:0.0010s ]
SQL: SHOW COLUMNS FROM `ot_userget` [ RunTime:0.0110s ]
SQL: SELECT COUNT(*) AS tp_count FROM `ot_userget` WHERE `UG_account` = 'admin@qq.com' LIMIT 1   [ RunTime:0.0010s ]
SQL: SELECT * FROM `ot_userget` WHERE `UG_account` = 'admin@qq.com' ORDER BY UG_ID DESC LIMIT 0,10   [ RunTime:0.0010s ]
SQL: SHOW COLUMNS FROM `ot_tixian` [ RunTime:0.0090s ]
SQL: SELECT COUNT(*) AS tp_count FROM `ot_tixian` WHERE `UG_account` = 'admin@qq.com' LIMIT 1   [ RunTime:0.0010s ]
SQL: SELECT * FROM `ot_tixian` WHERE `UG_account` = 'admin@qq.com' ORDER BY id DESC LIMIT 0,10   [ RunTime:0.0010s ]
NOTIC: [8] Use of undefined constant UE_account - assumed 'UE_account' F:\wamp\www\12code\03dirsell\User\Home\Controller\InfoController.class.php 第 517 行.
SQL: SELECT * FROM `ot_user` WHERE `UE_account` = 'admin@qq.com' LIMIT 1   [ RunTime:0.0010s ]
SQL: SELECT SUM(UG_money) AS tp_sum FROM `ot_userget` WHERE `UG_account` = 'admin@qq.com' AND `UG_dataType` = 'tjj' LIMIT 1   [ RunTime:0.0030s ]
SQL: SELECT SUM(UG_money) AS tp_sum FROM `ot_userget` WHERE `UG_account` = 'admin@qq.com' AND `UG_dataType` = 'jlj' LIMIT 1   [ RunTime:0.0000s ]
INFO: [ view_parse ] --START--
INFO: [ template_filter ] --START--
INFO: Run Behavior\ContentReplaceBehavior [ RunTime:0.000000s ]
INFO: [ template_filter ] --END-- [ RunTime:0.000000s ]
NOTIC: [8] Undefined variable: tgurl F:\wamp\www\12code\03dirsell\User\Runtime\Cache\Home\95d2402fc4416413d7cf886e5691e94b.php 第 62 行.
NOTIC: [8] Undefined variable: tgurl F:\wamp\www\12code\03dirsell\User\Runtime\Cache\Home\95d2402fc4416413d7cf886e5691e94b.php 第 72 行.
NOTIC: [8] Undefined variable: ztrs3 F:\wamp\www\12code\03dirsell\User\Runtime\Cache\Home\95d2402fc4416413d7cf886e5691e94b.php 第 566 行.
SQL: SHOW COLUMNS FROM `ot_ppdd` [ RunTime:0.0090s ]
SQL: SELECT * FROM `ot_ppdd` WHERE `id` = 39 LIMIT 1   [ RunTime:0.0010s ]
NOTIC: [8] Undefined variable: ztrs2 F:\wamp\www\12code\03dirsell\User\Runtime\Cache\Home\95d2402fc4416413d7cf886e5691e94b.php 第 567 行.
SQL: SELECT * FROM `ot_ppdd` WHERE `id` = 39 LIMIT 1   [ RunTime:0.0000s ]
NOTIC: [8] Undefined variable: ztrs3 F:\wamp\www\12code\03dirsell\User\Runtime\Cache\Home\95d2402fc4416413d7cf886e5691e94b.php 第 566 行.
SQL: SELECT * FROM `ot_ppdd` WHERE `id` = 39 LIMIT 1   [ RunTime:0.0010s ]
NOTIC: [8] Undefined variable: ztrs2 F:\wamp\www\12code\03dirsell\User\Runtime\Cache\Home\95d2402fc4416413d7cf886e5691e94b.php 第 567 行.
SQL: SELECT * FROM `ot_ppdd` WHERE `id` = 39 LIMIT 1   [ RunTime:0.0000s ]
NOTIC: [8] Undefined variable: ztrs3 F:\wamp\www\12code\03dirsell\User\Runtime\Cache\Home\95d2402fc4416413d7cf886e5691e94b.php 第 566 行.
SQL: SELECT * FROM `ot_ppdd` WHERE `id` = 38 LIMIT 1   [ RunTime:0.0000s ]
NOTIC: [8] Undefined variable: ztrs2 F:\wamp\www\12code\03dirsell\User\Runtime\Cache\Home\95d2402fc4416413d7cf886e5691e94b.php 第 567 行.
SQL: SELECT * FROM `ot_ppdd` WHERE `id` = 38 LIMIT 1   [ RunTime:0.0000s ]
NOTIC: [8] Undefined variable: ztrs3 F:\wamp\www\12code\03dirsell\User\Runtime\Cache\Home\95d2402fc4416413d7cf886e5691e94b.php 第 566 行.
SQL: SELECT * FROM `ot_ppdd` WHERE `id` = 38 LIMIT 1   [ RunTime:0.0000s ]
NOTIC: [8] Undefined variable: ztrs2 F:\wamp\www\12code\03dirsell\User\Runtime\Cache\Home\95d2402fc4416413d7cf886e5691e94b.php 第 567 行.
SQL: SELECT * FROM `ot_ppdd` WHERE `id` = 38 LIMIT 1   [ RunTime:0.0000s ]
NOTIC: [8] Undefined variable: ztrs3 F:\wamp\www\12code\03dirsell\User\Runtime\Cache\Home\95d2402fc4416413d7cf886e5691e94b.php 第 566 行.
SQL: SELECT * FROM `ot_ppdd` WHERE `id` = 37 LIMIT 1   [ RunTime:0.0000s ]
NOTIC: [8] Undefined variable: ztrs2 F:\wamp\www\12code\03dirsell\User\Runtime\Cache\Home\95d2402fc4416413d7cf886e5691e94b.php 第 567 行.
SQL: SELECT * FROM `ot_ppdd` WHERE `id` = 37 LIMIT 1   [ RunTime:0.0000s ]
NOTIC: [8] Undefined variable: ztrs3 F:\wamp\www\12code\03dirsell\User\Runtime\Cache\Home\95d2402fc4416413d7cf886e5691e94b.php 第 566 行.
SQL: SELECT * FROM `ot_ppdd` WHERE `id` = 37 LIMIT 1   [ RunTime:0.0000s ]
NOTIC: [8] Undefined variable: ztrs2 F:\wamp\www\12code\03dirsell\User\Runtime\Cache\Home\95d2402fc4416413d7cf886e5691e94b.php 第 567 行.
SQL: SELECT * FROM `ot_ppdd` WHERE `id` = 37 LIMIT 1   [ RunTime:0.0000s ]
NOTIC: [8] Undefined variable: ztrs3 F:\wamp\www\12code\03dirsell\User\Runtime\Cache\Home\95d2402fc4416413d7cf886e5691e94b.php 第 566 行.
SQL: SELECT * FROM `ot_ppdd` WHERE `id` = 36 LIMIT 1   [ RunTime:0.0000s ]
NOTIC: [8] Undefined variable: ztrs2 F:\wamp\www\12code\03dirsell\User\Runtime\Cache\Home\95d2402fc4416413d7cf886e5691e94b.php 第 567 行.
SQL: SELECT * FROM `ot_ppdd` WHERE `id` = 36 LIMIT 1   [ RunTime:0.0000s ]
NOTIC: [8] Undefined variable: ztrs3 F:\wamp\www\12code\03dirsell\User\Runtime\Cache\Home\95d2402fc4416413d7cf886e5691e94b.php 第 566 行.
SQL: SELECT * FROM `ot_ppdd` WHERE `id` = 35 LIMIT 1   [ RunTime:0.0000s ]
NOTIC: [8] Undefined variable: ztrs2 F:\wamp\www\12code\03dirsell\User\Runtime\Cache\Home\95d2402fc4416413d7cf886e5691e94b.php 第 567 行.
SQL: SELECT * FROM `ot_ppdd` WHERE `id` = 35 LIMIT 1   [ RunTime:0.0000s ]
NOTIC: [8] Undefined variable: ztrs3 F:\wamp\www\12code\03dirsell\User\Runtime\Cache\Home\95d2402fc4416413d7cf886e5691e94b.php 第 566 行.
SQL: SELECT * FROM `ot_ppdd` WHERE `id` = 26 LIMIT 1   [ RunTime:0.0000s ]
NOTIC: [8] Undefined variable: ztrs2 F:\wamp\www\12code\03dirsell\User\Runtime\Cache\Home\95d2402fc4416413d7cf886e5691e94b.php 第 567 行.
SQL: SELECT * FROM `ot_ppdd` WHERE `id` = 26 LIMIT 1   [ RunTime:0.0000s ]
NOTIC: [8] Undefined variable: ztrs3 F:\wamp\www\12code\03dirsell\User\Runtime\Cache\Home\95d2402fc4416413d7cf886e5691e94b.php 第 566 行.
SQL: SELECT * FROM `ot_ppdd` WHERE `id` = 26 LIMIT 1   [ RunTime:0.0010s ]
NOTIC: [8] Undefined variable: ztrs2 F:\wamp\www\12code\03dirsell\User\Runtime\Cache\Home\95d2402fc4416413d7cf886e5691e94b.php 第 567 行.
SQL: SELECT * FROM `ot_ppdd` WHERE `id` = 26 LIMIT 1   [ RunTime:0.0000s ]
INFO: Run Behavior\ParseTemplateBehavior [ RunTime:0.060002s ]
INFO: [ view_parse ] --END-- [ RunTime:0.060002s ]
INFO: [ view_filter ] --START--
INFO: Run Behavior\WriteHtmlCacheBehavior [ RunTime:0.001000s ]
INFO: Run Behavior\TokenBuildBehavior [ RunTime:0.001001s ]
INFO: [ view_filter ] --END-- [ RunTime:0.002001s ]
INFO: [ app_end ] --START--
INFO: Run Behavior\ShowPageTraceBehavior [ RunTime:0.001000s ]
INFO: [ app_end ] --END-- [ RunTime:0.001000s ]

[ 2016-11-17T21:49:26+08:00 ] 127.0.0.1 /Home/Index/reg/
INFO: [ app_init ] --START--
INFO: Run Behavior\BuildLiteBehavior [ RunTime:0.000000s ]
INFO: [ app_init ] --END-- [ RunTime:0.001000s ]
INFO: [ app_begin ] --START--
INFO: Run Behavior\ReadHtmlCacheBehavior [ RunTime:0.000000s ]
INFO: [ app_begin ] --END-- [ RunTime:0.000000s ]
SQL: SHOW COLUMNS FROM `ot_system` [ RunTime:0.0140s ]
SQL: SELECT * FROM `ot_system` WHERE `SYS_ID` = 1 LIMIT 1   [ RunTime:0.0010s ]
SQL: SHOW COLUMNS FROM `ot_user` [ RunTime:0.0130s ]
SQL: SELECT * FROM `ot_user` WHERE `UE_account` = 'admin@qq.com' LIMIT 1   [ RunTime:0.0010s ]
SQL: UPDATE `ot_user` SET `levelname`='高级会员' WHERE `UE_account` = 'admin@qq.com' [ RunTime:0.0010s ]
SQL: SELECT * FROM `ot_user` WHERE `UE_ID` = 61451 LIMIT 1   [ RunTime:0.0010s ]
SQL: SELECT COUNT(*) AS tp_count FROM `ot_user` WHERE `zcr` = 'admin@qq.com' LIMIT 1   [ RunTime:0.0000s ]
SQL: SELECT * FROM `ot_user` WHERE `zcr` = 'admin@qq.com' ORDER BY UE_ID DESC LIMIT 0,20   [ RunTime:0.0010s ]
SQL: SHOW COLUMNS FROM `ot_pin` [ RunTime:0.0120s ]
SQL: SELECT * FROM `ot_pin` WHERE `user` = 'admin@qq.com' AND `zt` = '0' LIMIT 1   [ RunTime:0.0010s ]
INFO: [ view_parse ] --START--
INFO: [ template_filter ] --START--
INFO: Run Behavior\ContentReplaceBehavior [ RunTime:0.001000s ]
INFO: [ template_filter ] --END-- [ RunTime:0.001000s ]
NOTIC: [8] Undefined variable: tgurl F:\wamp\www\12code\03dirsell\User\Runtime\Cache\Home\786a7e8aa27dcabec0bc8e1b37345e8e.php 第 37 行.
NOTIC: [8] Undefined variable: tgurl F:\wamp\www\12code\03dirsell\User\Runtime\Cache\Home\786a7e8aa27dcabec0bc8e1b37345e8e.php 第 47 行.
INFO: Run Behavior\ParseTemplateBehavior [ RunTime:0.040501s ]
INFO: [ view_parse ] --END-- [ RunTime:0.040501s ]
INFO: [ view_filter ] --START--
INFO: Run Behavior\WriteHtmlCacheBehavior [ RunTime:0.001000s ]
INFO: Run Behavior\TokenBuildBehavior [ RunTime:0.001001s ]
INFO: [ view_filter ] --END-- [ RunTime:0.002001s ]
INFO: [ app_end ] --START--
INFO: Run Behavior\ShowPageTraceBehavior [ RunTime:0.001000s ]
INFO: [ app_end ] --END-- [ RunTime:0.001000s ]

[ 2016-11-17T21:49:34+08:00 ] 127.0.0.1 /Home/Myuser/lxwm/
INFO: [ app_init ] --START--
INFO: Run Behavior\BuildLiteBehavior [ RunTime:0.000000s ]
INFO: [ app_init ] --END-- [ RunTime:0.000000s ]
INFO: [ app_begin ] --START--
INFO: Run Behavior\ReadHtmlCacheBehavior [ RunTime:0.001000s ]
INFO: [ app_begin ] --END-- [ RunTime:0.001000s ]
SQL: SHOW COLUMNS FROM `ot_system` [ RunTime:0.0130s ]
SQL: SELECT * FROM `ot_system` WHERE `SYS_ID` = 1 LIMIT 1   [ RunTime:0.0010s ]
SQL: SHOW COLUMNS FROM `ot_user` [ RunTime:0.0120s ]
SQL: SELECT * FROM `ot_user` WHERE `UE_account` = 'admin@qq.com' LIMIT 1   [ RunTime:0.0010s ]
SQL: UPDATE `ot_user` SET `levelname`='高级会员' WHERE `UE_account` = 'admin@qq.com' [ RunTime:0.0000s ]
SQL: SELECT * FROM `ot_user` WHERE `UE_ID` = 61451 LIMIT 1   [ RunTime:0.0025s ]
SQL: SHOW COLUMNS FROM `ot_message` [ RunTime:0.0105s ]
SQL: SELECT COUNT(*) AS tp_count FROM `ot_message` WHERE `MA_userName` = 'admin@qq.com' LIMIT 1   [ RunTime:0.0000s ]
SQL: SELECT * FROM `ot_message` WHERE `MA_userName` = 'admin@qq.com' ORDER BY MA_ID DESC LIMIT 0,12   [ RunTime:0.0000s ]
SQL: SELECT * FROM `ot_user` WHERE `UE_ID` = 61451 LIMIT 1   [ RunTime:0.0010s ]
INFO: [ view_parse ] --START--
INFO: [ template_filter ] --START--
INFO: Run Behavior\ContentReplaceBehavior [ RunTime:0.000000s ]
INFO: [ template_filter ] --END-- [ RunTime:0.000000s ]
NOTIC: [8] Undefined variable: tgurl F:\wamp\www\12code\03dirsell\User\Runtime\Cache\Home\35788c78ae110064cbf698cd6b336981.php 第 59 行.
NOTIC: [8] Undefined variable: tgurl F:\wamp\www\12code\03dirsell\User\Runtime\Cache\Home\35788c78ae110064cbf698cd6b336981.php 第 69 行.
INFO: Run Behavior\ParseTemplateBehavior [ RunTime:0.017001s ]
INFO: [ view_parse ] --END-- [ RunTime:0.017001s ]
INFO: [ view_filter ] --START--
INFO: Run Behavior\WriteHtmlCacheBehavior [ RunTime:0.000000s ]
INFO: Run Behavior\TokenBuildBehavior [ RunTime:0.001000s ]
INFO: [ view_filter ] --END-- [ RunTime:0.001000s ]
INFO: [ app_end ] --START--
INFO: Run Behavior\ShowPageTraceBehavior [ RunTime:0.001000s ]
INFO: [ app_end ] --END-- [ RunTime:0.001000s ]

[ 2016-11-17T21:49:40+08:00 ] 127.0.0.1 /
INFO: [ app_init ] --START--
INFO: Run Behavior\BuildLiteBehavior [ RunTime:0.000000s ]
INFO: [ app_init ] --END-- [ RunTime:0.001000s ]
INFO: [ app_begin ] --START--
INFO: Run Behavior\ReadHtmlCacheBehavior [ RunTime:0.001000s ]
INFO: [ app_begin ] --END-- [ RunTime:0.001000s ]
SQL: SHOW COLUMNS FROM `ot_system` [ RunTime:0.0160s ]
SQL: SELECT * FROM `ot_system` WHERE `SYS_ID` = 1 LIMIT 1   [ RunTime:0.0010s ]
SQL: SHOW COLUMNS FROM `ot_user` [ RunTime:0.0095s ]
SQL: SELECT * FROM `ot_user` WHERE `UE_account` = 'admin@qq.com' LIMIT 1   [ RunTime:0.0010s ]
SQL: UPDATE `ot_user` SET `levelname`='高级会员' WHERE `UE_account` = 'admin@qq.com' [ RunTime:0.0000s ]
SQL: SELECT * FROM `ot_user` WHERE `UE_ID` = 61451 LIMIT 1   [ RunTime:0.0010s ]

[ 2016-11-17T21:49:41+08:00 ] 127.0.0.1 /Home/Index/home.html
INFO: [ app_init ] --START--
INFO: Run Behavior\BuildLiteBehavior [ RunTime:0.000000s ]
INFO: [ app_init ] --END-- [ RunTime:0.001001s ]
INFO: [ app_begin ] --START--
INFO: Run Behavior\ReadHtmlCacheBehavior [ RunTime:0.001000s ]
INFO: [ app_begin ] --END-- [ RunTime:0.001000s ]
SQL: SHOW COLUMNS FROM `ot_system` [ RunTime:0.0080s ]
SQL: SELECT * FROM `ot_system` WHERE `SYS_ID` = 1 LIMIT 1   [ RunTime:0.0025s ]
SQL: SHOW COLUMNS FROM `ot_user` [ RunTime:0.0080s ]
SQL: SELECT * FROM `ot_user` WHERE `UE_account` = 'admin@qq.com' LIMIT 1   [ RunTime:0.0000s ]
SQL: UPDATE `ot_user` SET `levelname`='高级会员' WHERE `UE_account` = 'admin@qq.com' [ RunTime:0.0000s ]
SQL: SELECT * FROM `ot_user` WHERE `UE_ID` = 61451 LIMIT 1   [ RunTime:0.0000s ]
SQL: SHOW COLUMNS FROM `ot_tgbz` [ RunTime:0.0060s ]
SQL: SELECT COUNT(*) AS tp_count FROM `ot_tgbz` WHERE `user` = 'admin@qq.com' LIMIT 1   [ RunTime:0.0000s ]
SQL: SELECT * FROM `ot_tgbz` WHERE `user` = 'admin@qq.com' ORDER BY id DESC LIMIT 0,100   [ RunTime:0.0000s ]
SQL: SHOW COLUMNS FROM `ot_jsbz` [ RunTime:0.0090s ]
SQL: SELECT COUNT(*) AS tp_count FROM `ot_jsbz` WHERE `user` = 'admin@qq.com' LIMIT 1   [ RunTime:0.0000s ]
SQL: SELECT * FROM `ot_jsbz` WHERE `user` = 'admin@qq.com' ORDER BY id DESC LIMIT 0,100   [ RunTime:0.0020s ]
SQL: SELECT * FROM `ot_jsbz` WHERE `user` = 'admin@qq.com' LIMIT 1   [ RunTime:0.0000s ]
SQL: SHOW COLUMNS FROM `ot_ppdd` [ RunTime:0.0080s ]
SQL: SELECT COUNT(*) AS tp_count FROM `ot_ppdd` WHERE `p_user` = 'admin@qq.com' LIMIT 1   [ RunTime:0.0010s ]
SQL: SELECT * FROM `ot_ppdd` WHERE `p_user` = 'admin@qq.com' ORDER BY id DESC LIMIT 0,100   [ RunTime:0.0010s ]
SQL: SELECT COUNT(*) AS tp_count FROM `ot_ppdd` WHERE `g_user` = 'admin@qq.com' LIMIT 1   [ RunTime:0.0000s ]
SQL: SELECT * FROM `ot_ppdd` WHERE `g_user` = 'admin@qq.com' ORDER BY id DESC LIMIT 0,100   [ RunTime:0.0000s ]
INFO: [ view_parse ] --START--
INFO: [ template_filter ] --START--
INFO: Run Behavior\ContentReplaceBehavior [ RunTime:0.001000s ]
INFO: [ template_filter ] --END-- [ RunTime:0.001000s ]
NOTIC: [8] Undefined variable: a F:\wamp\www\12code\03dirsell\User\Runtime\Cache\Home\9b888f9a05177cc78c87c9cd7e37319c.php 第 1611 行.
INFO: Run Behavior\ParseTemplateBehavior [ RunTime:0.050502s ]
INFO: [ view_parse ] --END-- [ RunTime:0.050502s ]
INFO: [ view_filter ] --START--
INFO: Run Behavior\WriteHtmlCacheBehavior [ RunTime:0.000000s ]
INFO: Run Behavior\TokenBuildBehavior [ RunTime:0.001000s ]
INFO: [ view_filter ] --END-- [ RunTime:0.002000s ]
INFO: [ app_end ] --START--
INFO: Run Behavior\ShowPageTraceBehavior [ RunTime:0.001000s ]
INFO: [ app_end ] --END-- [ RunTime:0.001000s ]

[ 2016-11-17T22:14:23+08:00 ] 127.0.0.1 /Home/Info/pin
INFO: [ app_init ] --START--
INFO: Run Behavior\BuildLiteBehavior [ RunTime:0.000000s ]
INFO: [ app_init ] --END-- [ RunTime:0.001000s ]
INFO: [ app_begin ] --START--
INFO: Run Behavior\ReadHtmlCacheBehavior [ RunTime:0.001000s ]
INFO: [ app_begin ] --END-- [ RunTime:0.002000s ]
SQL: SHOW COLUMNS FROM `ot_system` [ RunTime:0.0120s ]
SQL: SELECT * FROM `ot_system` WHERE `SYS_ID` = 1 LIMIT 1   [ RunTime:0.0000s ]
SQL: SHOW COLUMNS FROM `ot_user` [ RunTime:0.0090s ]
SQL: SELECT * FROM `ot_user` WHERE `UE_account` = 'admin@qq.com' LIMIT 1   [ RunTime:0.0000s ]
SQL: UPDATE `ot_user` SET `levelname`='高级会员' WHERE `UE_account` = 'admin@qq.com' [ RunTime:0.0000s ]
SQL: SELECT * FROM `ot_user` WHERE `UE_ID` = 61451 LIMIT 1   [ RunTime:0.0010s ]
SQL: SHOW COLUMNS FROM `ot_pin` [ RunTime:0.0055s ]
SQL: SELECT COUNT(*) AS tp_count FROM `ot_pin` WHERE `user` = 'admin@qq.com' LIMIT 1   [ RunTime:0.0000s ]
SQL: SELECT * FROM `ot_pin` WHERE `user` = 'admin@qq.com' ORDER BY id DESC LIMIT 0,10   [ RunTime:0.0010s ]
SQL: SELECT COUNT(*) AS tp_count FROM `ot_pin` WHERE `user` = 'admin@qq.com' AND `zt` = 0 LIMIT 1   [ RunTime:0.0010s ]
INFO: [ view_parse ] --START--
INFO: [ template_filter ] --START--
INFO: Run Behavior\ContentReplaceBehavior [ RunTime:0.000000s ]
INFO: [ template_filter ] --END-- [ RunTime:0.001000s ]
NOTIC: [8] Undefined variable: tgurl F:\wamp\www\12code\03dirsell\User\Runtime\Cache\Home\bf304dab9709729f41042ad3b2073dd1.php 第 37 行.
NOTIC: [8] Undefined variable: tgurl F:\wamp\www\12code\03dirsell\User\Runtime\Cache\Home\bf304dab9709729f41042ad3b2073dd1.php 第 47 行.
INFO: Run Behavior\ParseTemplateBehavior [ RunTime:0.050003s ]
INFO: [ view_parse ] --END-- [ RunTime:0.050003s ]
INFO: [ view_filter ] --START--
INFO: Run Behavior\WriteHtmlCacheBehavior [ RunTime:0.001000s ]
INFO: Run Behavior\TokenBuildBehavior [ RunTime:0.001000s ]
INFO: [ view_filter ] --END-- [ RunTime:0.002000s ]
INFO: [ app_end ] --START--
INFO: Run Behavior\ShowPageTraceBehavior [ RunTime:0.001000s ]
INFO: [ app_end ] --END-- [ RunTime:0.001000s ]

