[ 2016-11-30T21:59:46+08:00 ] 127.0.0.1 /
INFO: [ app_init ] --START--
INFO: Run Behavior\BuildLiteBehavior [ RunTime:0.000000s ]
INFO: [ app_init ] --END-- [ RunTime:0.002000s ]
INFO: [ app_begin ] --START--
INFO: Run Behavior\ReadHtmlCacheBehavior [ RunTime:0.002000s ]
INFO: [ app_begin ] --END-- [ RunTime:0.002000s ]
SQL: SHOW COLUMNS FROM `ot_system` [ RunTime:0.0340s ]
SQL: SELECT * FROM `ot_system` WHERE `SYS_ID` = 1 LIMIT 1   [ RunTime:0.0010s ]
NOTIC: [8] Undefined index: uname F:\wamp\www\12code\03dirsell\User\Home\Controller\CommonController.class.php 第 85 行.
SQL: SHOW COLUMNS FROM `ot_user` [ RunTime:0.0260s ]
SQL: SELECT * FROM `ot_user` WHERE `UE_account` = null LIMIT 1   [ RunTime:0.0000s ]
SQL: UPDATE `ot_user` SET `levelname`='高级会员' WHERE `UE_account` = null [ RunTime:0.0000s ]
NOTIC: [8] Undefined index: uid F:\wamp\www\12code\03dirsell\User\Home\Controller\CommonController.class.php 第 90 行.
SQL: SELECT * FROM `ot_user` WHERE `UE_ID` = null LIMIT 1   [ RunTime:0.0010s ]

[ 2016-11-30T21:59:47+08:00 ] 127.0.0.1 /Home/Index/home.html
INFO: [ app_init ] --START--
INFO: Run Behavior\BuildLiteBehavior [ RunTime:0.000000s ]
INFO: [ app_init ] --END-- [ RunTime:0.000000s ]
INFO: [ app_begin ] --START--
INFO: Run Behavior\ReadHtmlCacheBehavior [ RunTime:0.001000s ]
INFO: [ app_begin ] --END-- [ RunTime:0.001000s ]
SQL: SHOW COLUMNS FROM `ot_system` [ RunTime:0.0100s ]
SQL: SELECT * FROM `ot_system` WHERE `SYS_ID` = 1 LIMIT 1   [ RunTime:0.0010s ]

[ 2016-11-30T21:59:48+08:00 ] 127.0.0.1 /Home/Login/index.html
INFO: [ app_init ] --START--
INFO: Run Behavior\BuildLiteBehavior [ RunTime:0.000000s ]
INFO: [ app_init ] --END-- [ RunTime:0.001000s ]
INFO: [ app_begin ] --START--
INFO: Run Behavior\ReadHtmlCacheBehavior [ RunTime:0.000000s ]
INFO: [ app_begin ] --END-- [ RunTime:0.001000s ]
INFO: [ view_parse ] --START--
INFO: [ template_filter ] --START--
INFO: Run Behavior\ContentReplaceBehavior [ RunTime:0.000000s ]
INFO: [ template_filter ] --END-- [ RunTime:0.000000s ]
INFO: Run Behavior\ParseTemplateBehavior [ RunTime:0.079005s ]
INFO: [ view_parse ] --END-- [ RunTime:0.079005s ]
INFO: [ view_filter ] --START--
INFO: Run Behavior\WriteHtmlCacheBehavior [ RunTime:0.017001s ]
INFO: Run Behavior\TokenBuildBehavior [ RunTime:0.004000s ]
INFO: [ view_filter ] --END-- [ RunTime:0.021001s ]
INFO: [ app_end ] --START--
INFO: Run Behavior\ShowPageTraceBehavior [ RunTime:0.002000s ]
INFO: [ app_end ] --END-- [ RunTime:0.003000s ]

[ 2016-11-30T21:59:58+08:00 ] 127.0.0.1 /Home/Login/logincl.html
INFO: [ app_init ] --START--
INFO: Run Behavior\BuildLiteBehavior [ RunTime:0.000000s ]
INFO: [ app_init ] --END-- [ RunTime:0.001000s ]
INFO: [ app_begin ] --START--
INFO: Run Behavior\ReadHtmlCacheBehavior [ RunTime:0.003000s ]
INFO: [ app_begin ] --END-- [ RunTime:0.003000s ]
SQL: SHOW COLUMNS FROM `ot_user` [ RunTime:0.0130s ]
SQL: SELECT * FROM `ot_user` WHERE `UE_account` = 'admin@qq.com' LIMIT 1   [ RunTime:0.0120s ]
SQL: SHOW COLUMNS FROM `ot_ppdd` [ RunTime:0.0310s ]
SQL: SELECT * FROM `ot_ppdd` WHERE `g_user` = 'admin@qq.com' AND `zt` = 0  [ RunTime:0.0010s ]
NOTIC: [8] Use of undefined constant ue_id - assumed 'ue_id' F:\wamp\www\12code\03dirsell\User\Home\Controller\LoginController.class.php 第 103 行.
NOTIC: [8] Use of undefined constant ue_account - assumed 'ue_account' F:\wamp\www\12code\03dirsell\User\Home\Controller\LoginController.class.php 第 105 行.
NOTIC: [8] Use of undefined constant ue_account - assumed 'ue_account' F:\wamp\www\12code\03dirsell\User\Home\Controller\LoginController.class.php 第 113 行.
SQL: SHOW COLUMNS FROM `ot_drrz` [ RunTime:0.0970s ]
SQL: INSERT INTO `ot_drrz` (`date`,`ip`,`user`,`leixin`) VALUES ('2016-11-30 21:59:58','','admin@qq.com','0') [ RunTime:0.0010s ]
INFO: [ view_parse ] --START--
INFO: [ template_filter ] --START--
INFO: Run Behavior\ContentReplaceBehavior [ RunTime:0.000000s ]
INFO: [ template_filter ] --END-- [ RunTime:0.000000s ]
INFO: Run Behavior\ParseTemplateBehavior [ RunTime:0.044002s ]
INFO: [ view_parse ] --END-- [ RunTime:0.044002s ]
INFO: [ view_filter ] --START--
INFO: Run Behavior\WriteHtmlCacheBehavior [ RunTime:0.001000s ]
INFO: Run Behavior\TokenBuildBehavior [ RunTime:0.001000s ]
INFO: [ view_filter ] --END-- [ RunTime:0.002000s ]

[ 2016-11-30T21:59:58+08:00 ] 127.0.0.1 /Home/Login/favicon.ico
INFO: [ app_init ] --START--
INFO: Run Behavior\BuildLiteBehavior [ RunTime:0.000000s ]
INFO: [ app_init ] --END-- [ RunTime:0.001000s ]

[ 2016-11-30T22:00:01+08:00 ] 127.0.0.1 /Home/Index/home/
INFO: [ app_init ] --START--
INFO: Run Behavior\BuildLiteBehavior [ RunTime:0.000000s ]
INFO: [ app_init ] --END-- [ RunTime:0.001000s ]
INFO: [ app_begin ] --START--
INFO: Run Behavior\ReadHtmlCacheBehavior [ RunTime:0.001000s ]
INFO: [ app_begin ] --END-- [ RunTime:0.001000s ]
SQL: SHOW COLUMNS FROM `ot_system` [ RunTime:0.0160s ]
SQL: SELECT * FROM `ot_system` WHERE `SYS_ID` = 1 LIMIT 1   [ RunTime:0.0010s ]
SQL: SHOW COLUMNS FROM `ot_user` [ RunTime:0.0120s ]
SQL: SELECT * FROM `ot_user` WHERE `UE_account` = 'admin@qq.com' LIMIT 1   [ RunTime:0.0000s ]
SQL: UPDATE `ot_user` SET `levelname`='高级会员' WHERE `UE_account` = 'admin@qq.com' [ RunTime:0.0000s ]
SQL: SELECT * FROM `ot_user` WHERE `UE_ID` = 61451 LIMIT 1   [ RunTime:0.0000s ]
SQL: SHOW COLUMNS FROM `ot_tgbz` [ RunTime:0.0670s ]
SQL: SELECT COUNT(*) AS tp_count FROM `ot_tgbz` WHERE `user` = 'admin@qq.com' LIMIT 1   [ RunTime:0.0010s ]
SQL: SELECT * FROM `ot_tgbz` WHERE `user` = 'admin@qq.com' ORDER BY id DESC LIMIT 0,100   [ RunTime:0.0010s ]
SQL: SHOW COLUMNS FROM `ot_jsbz` [ RunTime:0.0440s ]
SQL: SELECT COUNT(*) AS tp_count FROM `ot_jsbz` WHERE `user` = 'admin@qq.com' LIMIT 1   [ RunTime:0.0000s ]
SQL: SELECT * FROM `ot_jsbz` WHERE `user` = 'admin@qq.com' ORDER BY id DESC LIMIT 0,100   [ RunTime:0.0000s ]
SQL: SELECT * FROM `ot_jsbz` WHERE `user` = 'admin@qq.com' LIMIT 1   [ RunTime:0.0010s ]
SQL: SHOW COLUMNS FROM `ot_ppdd` [ RunTime:0.0110s ]
SQL: SELECT COUNT(*) AS tp_count FROM `ot_ppdd` WHERE `p_user` = 'admin@qq.com' LIMIT 1   [ RunTime:0.0010s ]
SQL: SELECT * FROM `ot_ppdd` WHERE `p_user` = 'admin@qq.com' ORDER BY id DESC LIMIT 0,100   [ RunTime:0.0000s ]
SQL: SELECT COUNT(*) AS tp_count FROM `ot_ppdd` WHERE `g_user` = 'admin@qq.com' LIMIT 1   [ RunTime:0.0000s ]
SQL: SELECT * FROM `ot_ppdd` WHERE `g_user` = 'admin@qq.com' ORDER BY id DESC LIMIT 0,100   [ RunTime:0.0000s ]
INFO: [ view_parse ] --START--
INFO: [ template_filter ] --START--
INFO: Run Behavior\ContentReplaceBehavior [ RunTime:0.000000s ]
INFO: [ template_filter ] --END-- [ RunTime:0.001001s ]
NOTIC: [8] Undefined variable: a F:\wamp\www\12code\03dirsell\User\Runtime\Cache\Home\9b888f9a05177cc78c87c9cd7e37319c.php 第 1611 行.
INFO: Run Behavior\ParseTemplateBehavior [ RunTime:0.116006s ]
INFO: [ view_parse ] --END-- [ RunTime:0.116006s ]
INFO: [ view_filter ] --START--
INFO: Run Behavior\WriteHtmlCacheBehavior [ RunTime:0.001000s ]
INFO: Run Behavior\TokenBuildBehavior [ RunTime:0.003001s ]
INFO: [ view_filter ] --END-- [ RunTime:0.004001s ]
INFO: [ app_end ] --START--
INFO: Run Behavior\ShowPageTraceBehavior [ RunTime:0.009000s ]
INFO: [ app_end ] --END-- [ RunTime:0.011000s ]

[ 2016-11-30T22:00:06+08:00 ] 127.0.0.1 /Home/Info/pin
INFO: [ app_init ] --START--
INFO: Run Behavior\BuildLiteBehavior [ RunTime:0.000000s ]
INFO: [ app_init ] --END-- [ RunTime:0.001000s ]
INFO: [ app_begin ] --START--
INFO: Run Behavior\ReadHtmlCacheBehavior [ RunTime:0.002000s ]
INFO: [ app_begin ] --END-- [ RunTime:0.002000s ]
SQL: SHOW COLUMNS FROM `ot_system` [ RunTime:0.0120s ]
SQL: SELECT * FROM `ot_system` WHERE `SYS_ID` = 1 LIMIT 1   [ RunTime:0.0000s ]
SQL: SHOW COLUMNS FROM `ot_user` [ RunTime:0.0090s ]
SQL: SELECT * FROM `ot_user` WHERE `UE_account` = 'admin@qq.com' LIMIT 1   [ RunTime:0.0010s ]
SQL: UPDATE `ot_user` SET `levelname`='高级会员' WHERE `UE_account` = 'admin@qq.com' [ RunTime:0.0000s ]
SQL: SELECT * FROM `ot_user` WHERE `UE_ID` = 61451 LIMIT 1   [ RunTime:0.0010s ]
SQL: SHOW COLUMNS FROM `ot_pin` [ RunTime:0.0660s ]
SQL: SELECT COUNT(*) AS tp_count FROM `ot_pin` WHERE `user` = 'admin@qq.com' LIMIT 1   [ RunTime:0.0010s ]
SQL: SELECT * FROM `ot_pin` WHERE `user` = 'admin@qq.com' ORDER BY id DESC LIMIT 0,10   [ RunTime:0.0010s ]
SQL: SELECT COUNT(*) AS tp_count FROM `ot_pin` WHERE `user` = 'admin@qq.com' AND `zt` = 0 LIMIT 1   [ RunTime:0.0010s ]
INFO: [ view_parse ] --START--
INFO: [ template_filter ] --START--
INFO: Run Behavior\ContentReplaceBehavior [ RunTime:0.000000s ]
INFO: [ template_filter ] --END-- [ RunTime:0.000000s ]
NOTIC: [8] Undefined variable: tgurl F:\wamp\www\12code\03dirsell\User\Runtime\Cache\Home\bf304dab9709729f41042ad3b2073dd1.php 第 37 行.
NOTIC: [8] Undefined variable: tgurl F:\wamp\www\12code\03dirsell\User\Runtime\Cache\Home\bf304dab9709729f41042ad3b2073dd1.php 第 47 行.
INFO: Run Behavior\ParseTemplateBehavior [ RunTime:0.080004s ]
INFO: [ view_parse ] --END-- [ RunTime:0.080004s ]
INFO: [ view_filter ] --START--
INFO: Run Behavior\WriteHtmlCacheBehavior [ RunTime:0.001000s ]
INFO: Run Behavior\TokenBuildBehavior [ RunTime:0.002000s ]
INFO: [ view_filter ] --END-- [ RunTime:0.003000s ]
INFO: [ app_end ] --START--
INFO: Run Behavior\ShowPageTraceBehavior [ RunTime:0.003001s ]
INFO: [ app_end ] --END-- [ RunTime:0.003001s ]

