[ 2017-02-24T09:16:14+08:00 ] 127.0.0.1 /
INFO: [ app_init ] --START--
INFO: Run Behavior\BuildLiteBehavior [ RunTime:0.000000s ]
INFO: [ app_init ] --END-- [ RunTime:0.000000s ]
INFO: [ app_begin ] --START--
INFO: Run Behavior\ReadHtmlCacheBehavior [ RunTime:0.000000s ]
INFO: [ app_begin ] --END-- [ RunTime:0.000000s ]
SQL: SHOW COLUMNS FROM `ot_system` [ RunTime:0.0030s ]
SQL: SELECT * FROM `ot_system` WHERE `SYS_ID` = 1 LIMIT 1   [ RunTime:0.0000s ]
NOTIC: [8] Undefined index: uname F:\Product\03dirsell\User\Home\Controller\CommonController.class.php 第 78 行.
SQL: SHOW COLUMNS FROM `ot_user` [ RunTime:0.0290s ]
SQL: SELECT * FROM `ot_user` WHERE `UE_account` = null LIMIT 1   [ RunTime:0.0000s ]
SQL: UPDATE `ot_user` SET `levelname`='高级会员' WHERE `UE_account` = null [ RunTime:0.0000s ]
NOTIC: [8] Undefined index: uid F:\Product\03dirsell\User\Home\Controller\CommonController.class.php 第 83 行.
SQL: SELECT * FROM `ot_user` WHERE `UE_ID` = null LIMIT 1   [ RunTime:0.0000s ]

[ 2017-02-24T09:16:14+08:00 ] 127.0.0.1 /Home/Index/home.html
INFO: [ app_init ] --START--
INFO: Run Behavior\BuildLiteBehavior [ RunTime:0.000000s ]
INFO: [ app_init ] --END-- [ RunTime:0.000000s ]
INFO: [ app_begin ] --START--
INFO: Run Behavior\ReadHtmlCacheBehavior [ RunTime:0.000000s ]
INFO: [ app_begin ] --END-- [ RunTime:0.000000s ]
SQL: SHOW COLUMNS FROM `ot_system` [ RunTime:0.0030s ]
SQL: SELECT * FROM `ot_system` WHERE `SYS_ID` = 1 LIMIT 1   [ RunTime:0.0000s ]

[ 2017-02-24T09:16:14+08:00 ] 127.0.0.1 /Home/Login/index.html
INFO: [ app_init ] --START--
INFO: Run Behavior\BuildLiteBehavior [ RunTime:0.000000s ]
INFO: [ app_init ] --END-- [ RunTime:0.001000s ]
INFO: [ app_begin ] --START--
INFO: Run Behavior\ReadHtmlCacheBehavior [ RunTime:0.000000s ]
INFO: [ app_begin ] --END-- [ RunTime:0.000000s ]
INFO: [ view_parse ] --START--
INFO: [ template_filter ] --START--
INFO: Run Behavior\ContentReplaceBehavior [ RunTime:0.000000s ]
INFO: [ template_filter ] --END-- [ RunTime:0.000000s ]
INFO: Run Behavior\ParseTemplateBehavior [ RunTime:0.020001s ]
INFO: [ view_parse ] --END-- [ RunTime:0.020001s ]
INFO: [ view_filter ] --START--
INFO: Run Behavior\WriteHtmlCacheBehavior [ RunTime:0.000000s ]
INFO: Run Behavior\TokenBuildBehavior [ RunTime:0.001001s ]
INFO: [ view_filter ] --END-- [ RunTime:0.001001s ]
INFO: [ app_end ] --START--
INFO: Run Behavior\ShowPageTraceBehavior [ RunTime:0.000000s ]
INFO: [ app_end ] --END-- [ RunTime:0.000000s ]

[ 2017-02-24T09:16:23+08:00 ] 127.0.0.1 /
INFO: [ app_init ] --START--
INFO: Run Behavior\BuildLiteBehavior [ RunTime:0.000000s ]
INFO: [ app_init ] --END-- [ RunTime:0.000000s ]
INFO: [ app_begin ] --START--
INFO: Run Behavior\ReadHtmlCacheBehavior [ RunTime:0.000000s ]
INFO: [ app_begin ] --END-- [ RunTime:0.000000s ]
SQL: SHOW COLUMNS FROM `ot_system` [ RunTime:0.0020s ]
SQL: SELECT * FROM `ot_system` WHERE `SYS_ID` = 1 LIMIT 1   [ RunTime:0.0000s ]
NOTIC: [8] Undefined index: uname F:\Product\03dirsell\User\Home\Controller\CommonController.class.php 第 78 行.
SQL: SHOW COLUMNS FROM `ot_user` [ RunTime:0.0030s ]
SQL: SELECT * FROM `ot_user` WHERE `UE_account` = null LIMIT 1   [ RunTime:0.0010s ]
SQL: UPDATE `ot_user` SET `levelname`='高级会员' WHERE `UE_account` = null [ RunTime:0.0000s ]
NOTIC: [8] Undefined index: uid F:\Product\03dirsell\User\Home\Controller\CommonController.class.php 第 83 行.
SQL: SELECT * FROM `ot_user` WHERE `UE_ID` = null LIMIT 1   [ RunTime:0.0000s ]

[ 2017-02-24T09:16:23+08:00 ] 127.0.0.1 /Home/Index/home.html
INFO: [ app_init ] --START--
INFO: Run Behavior\BuildLiteBehavior [ RunTime:0.000000s ]
INFO: [ app_init ] --END-- [ RunTime:0.000000s ]
INFO: [ app_begin ] --START--
INFO: Run Behavior\ReadHtmlCacheBehavior [ RunTime:0.001001s ]
INFO: [ app_begin ] --END-- [ RunTime:0.001001s ]
SQL: SHOW COLUMNS FROM `ot_system` [ RunTime:0.0020s ]
SQL: SELECT * FROM `ot_system` WHERE `SYS_ID` = 1 LIMIT 1   [ RunTime:0.0000s ]

[ 2017-02-24T09:16:23+08:00 ] 127.0.0.1 /Home/Login/index.html
INFO: [ app_init ] --START--
INFO: Run Behavior\BuildLiteBehavior [ RunTime:0.000000s ]
INFO: [ app_init ] --END-- [ RunTime:0.000000s ]
INFO: [ app_begin ] --START--
INFO: Run Behavior\ReadHtmlCacheBehavior [ RunTime:0.001001s ]
INFO: [ app_begin ] --END-- [ RunTime:0.001001s ]
INFO: [ view_parse ] --START--
INFO: [ template_filter ] --START--
INFO: Run Behavior\ContentReplaceBehavior [ RunTime:0.000000s ]
INFO: [ template_filter ] --END-- [ RunTime:0.000000s ]
INFO: Run Behavior\ParseTemplateBehavior [ RunTime:0.003000s ]
INFO: [ view_parse ] --END-- [ RunTime:0.004000s ]
INFO: [ view_filter ] --START--
INFO: Run Behavior\WriteHtmlCacheBehavior [ RunTime:0.000000s ]
INFO: Run Behavior\TokenBuildBehavior [ RunTime:0.000000s ]
INFO: [ view_filter ] --END-- [ RunTime:0.000000s ]
INFO: [ app_end ] --START--
INFO: Run Behavior\ShowPageTraceBehavior [ RunTime:0.000000s ]
INFO: [ app_end ] --END-- [ RunTime:0.000000s ]

[ 2017-02-24T09:16:41+08:00 ] 127.0.0.1 /Home/Login/logincl.html
INFO: [ app_init ] --START--
INFO: Run Behavior\BuildLiteBehavior [ RunTime:0.000000s ]
INFO: [ app_init ] --END-- [ RunTime:0.000000s ]
INFO: [ app_begin ] --START--
INFO: Run Behavior\ReadHtmlCacheBehavior [ RunTime:0.000000s ]
INFO: [ app_begin ] --END-- [ RunTime:0.000000s ]
SQL: SHOW COLUMNS FROM `ot_user` [ RunTime:0.0030s ]
SQL: SELECT * FROM `ot_user` WHERE `UE_account` = 'admin@qq.com' LIMIT 1   [ RunTime:0.0000s ]
SQL: SHOW COLUMNS FROM `ot_ppdd` [ RunTime:0.0030s ]
SQL: SELECT * FROM `ot_ppdd` WHERE `g_user` = 'admin@qq.com' AND `zt` = 0  [ RunTime:0.0000s ]
NOTIC: [8] Use of undefined constant ue_id - assumed 'ue_id' F:\Product\03dirsell\User\Home\Controller\LoginController.class.php 第 103 行.
NOTIC: [8] Use of undefined constant ue_account - assumed 'ue_account' F:\Product\03dirsell\User\Home\Controller\LoginController.class.php 第 105 行.
NOTIC: [8] Use of undefined constant ue_account - assumed 'ue_account' F:\Product\03dirsell\User\Home\Controller\LoginController.class.php 第 113 行.
SQL: SHOW COLUMNS FROM `ot_drrz` [ RunTime:0.0250s ]
SQL: INSERT INTO `ot_drrz` (`date`,`ip`,`user`,`leixin`) VALUES ('2017-02-24 09:16:41','','admin@qq.com','0') [ RunTime:0.0770s ]
INFO: [ view_parse ] --START--
INFO: [ template_filter ] --START--
INFO: Run Behavior\ContentReplaceBehavior [ RunTime:0.000000s ]
INFO: [ template_filter ] --END-- [ RunTime:0.000000s ]
INFO: Run Behavior\ParseTemplateBehavior [ RunTime:0.024001s ]
INFO: [ view_parse ] --END-- [ RunTime:0.024001s ]
INFO: [ view_filter ] --START--
INFO: Run Behavior\WriteHtmlCacheBehavior [ RunTime:0.001000s ]
INFO: Run Behavior\TokenBuildBehavior [ RunTime:0.000000s ]
INFO: [ view_filter ] --END-- [ RunTime:0.001000s ]

[ 2017-02-24T09:16:42+08:00 ] 127.0.0.1 /Home/Login/favicon.ico
INFO: [ app_init ] --START--
INFO: Run Behavior\BuildLiteBehavior [ RunTime:0.000000s ]
INFO: [ app_init ] --END-- [ RunTime:0.000000s ]

[ 2017-02-24T09:16:44+08:00 ] 127.0.0.1 /Home/Index/home/
INFO: [ app_init ] --START--
INFO: Run Behavior\BuildLiteBehavior [ RunTime:0.000000s ]
INFO: [ app_init ] --END-- [ RunTime:0.000000s ]
INFO: [ app_begin ] --START--
INFO: Run Behavior\ReadHtmlCacheBehavior [ RunTime:0.001000s ]
INFO: [ app_begin ] --END-- [ RunTime:0.001000s ]
SQL: SHOW COLUMNS FROM `ot_system` [ RunTime:0.0040s ]
SQL: SELECT * FROM `ot_system` WHERE `SYS_ID` = 1 LIMIT 1   [ RunTime:0.0000s ]
SQL: SHOW COLUMNS FROM `ot_user` [ RunTime:0.0030s ]
SQL: SELECT * FROM `ot_user` WHERE `UE_account` = 'admin@qq.com' LIMIT 1   [ RunTime:0.0010s ]
SQL: UPDATE `ot_user` SET `levelname`='高级会员' WHERE `UE_account` = 'admin@qq.com' [ RunTime:0.0000s ]
SQL: SELECT * FROM `ot_user` WHERE `UE_ID` = 61451 LIMIT 1   [ RunTime:0.0010s ]
SQL: SHOW COLUMNS FROM `ot_tgbz` [ RunTime:0.0020s ]
SQL: SELECT COUNT(*) AS tp_count FROM `ot_tgbz` WHERE `user` = 'admin@qq.com' LIMIT 1   [ RunTime:0.0010s ]
SQL: SELECT * FROM `ot_tgbz` WHERE `user` = 'admin@qq.com' ORDER BY id DESC LIMIT 0,100   [ RunTime:0.0000s ]
SQL: SHOW COLUMNS FROM `ot_jsbz` [ RunTime:0.0190s ]
SQL: SELECT COUNT(*) AS tp_count FROM `ot_jsbz` WHERE `user` = 'admin@qq.com' LIMIT 1   [ RunTime:0.0010s ]
SQL: SELECT * FROM `ot_jsbz` WHERE `user` = 'admin@qq.com' ORDER BY id DESC LIMIT 0,100   [ RunTime:0.0000s ]
SQL: SELECT * FROM `ot_jsbz` WHERE `user` = 'admin@qq.com' LIMIT 1   [ RunTime:0.0010s ]
SQL: SHOW COLUMNS FROM `ot_ppdd` [ RunTime:0.0020s ]
SQL: SELECT COUNT(*) AS tp_count FROM `ot_ppdd` WHERE `p_user` = 'admin@qq.com' LIMIT 1   [ RunTime:0.0010s ]
SQL: SELECT * FROM `ot_ppdd` WHERE `p_user` = 'admin@qq.com' ORDER BY id DESC LIMIT 0,100   [ RunTime:0.0000s ]
SQL: SELECT COUNT(*) AS tp_count FROM `ot_ppdd` WHERE `g_user` = 'admin@qq.com' LIMIT 1   [ RunTime:0.0000s ]
SQL: SELECT * FROM `ot_ppdd` WHERE `g_user` = 'admin@qq.com' ORDER BY id DESC LIMIT 0,100   [ RunTime:0.0000s ]
INFO: [ view_parse ] --START--
INFO: [ template_filter ] --START--
INFO: Run Behavior\ContentReplaceBehavior [ RunTime:0.000000s ]
INFO: [ template_filter ] --END-- [ RunTime:0.000000s ]
NOTIC: [8] Undefined variable: a F:\Product\03dirsell\User\Runtime\Cache\Home\9b888f9a05177cc78c87c9cd7e37319c.php 第 1611 行.
INFO: Run Behavior\ParseTemplateBehavior [ RunTime:0.025001s ]
INFO: [ view_parse ] --END-- [ RunTime:0.025001s ]
INFO: [ view_filter ] --START--
INFO: Run Behavior\WriteHtmlCacheBehavior [ RunTime:0.000000s ]
INFO: Run Behavior\TokenBuildBehavior [ RunTime:0.001001s ]
INFO: [ view_filter ] --END-- [ RunTime:0.001001s ]
INFO: [ app_end ] --START--
INFO: Run Behavior\ShowPageTraceBehavior [ RunTime:0.000000s ]
INFO: [ app_end ] --END-- [ RunTime:0.000000s ]

[ 2017-02-24T09:33:45+08:00 ] 127.0.0.1 /Home/Login/loginadmin.html
INFO: [ app_init ] --START--
INFO: Run Behavior\BuildLiteBehavior [ RunTime:0.000000s ]
INFO: [ app_init ] --END-- [ RunTime:0.001000s ]
INFO: [ app_begin ] --START--
INFO: Run Behavior\ReadHtmlCacheBehavior [ RunTime:0.000000s ]
INFO: [ app_begin ] --END-- [ RunTime:0.000000s ]
SQL: SHOW COLUMNS FROM `ot_user` [ RunTime:0.0030s ]
SQL: SELECT * FROM `ot_user` WHERE `UE_account` = '' LIMIT 1   [ RunTime:0.0000s ]
INFO: [ view_parse ] --START--
INFO: [ template_filter ] --START--
INFO: Run Behavior\ContentReplaceBehavior [ RunTime:0.000000s ]
INFO: [ template_filter ] --END-- [ RunTime:0.000000s ]
INFO: Run Behavior\ParseTemplateBehavior [ RunTime:0.010000s ]
INFO: [ view_parse ] --END-- [ RunTime:0.011000s ]
INFO: [ view_filter ] --START--
INFO: Run Behavior\WriteHtmlCacheBehavior [ RunTime:0.000000s ]
INFO: Run Behavior\TokenBuildBehavior [ RunTime:0.000000s ]
INFO: [ view_filter ] --END-- [ RunTime:0.000000s ]

[ 2017-02-24T09:33:53+08:00 ] 127.0.0.1 /Home/Login/logincl.html
INFO: [ app_init ] --START--
INFO: Run Behavior\BuildLiteBehavior [ RunTime:0.000000s ]
INFO: [ app_init ] --END-- [ RunTime:0.001000s ]
INFO: [ app_begin ] --START--
INFO: Run Behavior\ReadHtmlCacheBehavior [ RunTime:0.000000s ]
INFO: [ app_begin ] --END-- [ RunTime:0.001000s ]
SQL: SHOW COLUMNS FROM `ot_user` [ RunTime:0.0040s ]
SQL: SELECT * FROM `ot_user` WHERE `UE_account` = 'admin@qq.com' LIMIT 1   [ RunTime:0.0010s ]
SQL: SHOW COLUMNS FROM `ot_ppdd` [ RunTime:0.0020s ]
SQL: SELECT * FROM `ot_ppdd` WHERE `g_user` = 'admin@qq.com' AND `zt` = 0  [ RunTime:0.0000s ]
NOTIC: [8] Use of undefined constant ue_id - assumed 'ue_id' F:\Product\03dirsell\User\Home\Controller\LoginController.class.php 第 110 行.
NOTIC: [8] Use of undefined constant ue_account - assumed 'ue_account' F:\Product\03dirsell\User\Home\Controller\LoginController.class.php 第 112 行.
NOTIC: [8] Use of undefined constant ue_account - assumed 'ue_account' F:\Product\03dirsell\User\Home\Controller\LoginController.class.php 第 120 行.
SQL: SHOW COLUMNS FROM `ot_drrz` [ RunTime:0.0020s ]
SQL: INSERT INTO `ot_drrz` (`date`,`ip`,`user`,`leixin`) VALUES ('2017-02-24 09:33:53','','admin@qq.com','0') [ RunTime:0.0000s ]
INFO: [ view_parse ] --START--
INFO: [ template_filter ] --START--
INFO: Run Behavior\ContentReplaceBehavior [ RunTime:0.000000s ]
INFO: [ template_filter ] --END-- [ RunTime:0.000000s ]
INFO: Run Behavior\ParseTemplateBehavior [ RunTime:0.005001s ]
INFO: [ view_parse ] --END-- [ RunTime:0.005001s ]
INFO: [ view_filter ] --START--
INFO: Run Behavior\WriteHtmlCacheBehavior [ RunTime:0.000000s ]
INFO: Run Behavior\TokenBuildBehavior [ RunTime:0.000000s ]
INFO: [ view_filter ] --END-- [ RunTime:0.000000s ]

[ 2017-02-24T09:33:55+08:00 ] 127.0.0.1 /Home/Index/home/
INFO: [ app_init ] --START--
INFO: Run Behavior\BuildLiteBehavior [ RunTime:0.001000s ]
INFO: [ app_init ] --END-- [ RunTime:0.001000s ]
INFO: [ app_begin ] --START--
INFO: Run Behavior\ReadHtmlCacheBehavior [ RunTime:0.000000s ]
INFO: [ app_begin ] --END-- [ RunTime:0.001000s ]
SQL: SHOW COLUMNS FROM `ot_system` [ RunTime:0.0030s ]
SQL: SELECT * FROM `ot_system` WHERE `SYS_ID` = 1 LIMIT 1   [ RunTime:0.0000s ]
SQL: SHOW COLUMNS FROM `ot_user` [ RunTime:0.0030s ]
SQL: SELECT * FROM `ot_user` WHERE `UE_account` = 'admin@qq.com' LIMIT 1   [ RunTime:0.0010s ]
SQL: UPDATE `ot_user` SET `levelname`='高级会员' WHERE `UE_account` = 'admin@qq.com' [ RunTime:0.0000s ]
SQL: SELECT * FROM `ot_user` WHERE `UE_ID` = 61451 LIMIT 1   [ RunTime:0.0010s ]
SQL: SHOW COLUMNS FROM `ot_tgbz` [ RunTime:0.0040s ]
SQL: SELECT COUNT(*) AS tp_count FROM `ot_tgbz` WHERE `user` = 'admin@qq.com' LIMIT 1   [ RunTime:0.0010s ]
SQL: SELECT * FROM `ot_tgbz` WHERE `user` = 'admin@qq.com' ORDER BY id DESC LIMIT 0,100   [ RunTime:0.0010s ]
SQL: SHOW COLUMNS FROM `ot_jsbz` [ RunTime:0.0020s ]
SQL: SELECT COUNT(*) AS tp_count FROM `ot_jsbz` WHERE `user` = 'admin@qq.com' LIMIT 1   [ RunTime:0.0000s ]
SQL: SELECT * FROM `ot_jsbz` WHERE `user` = 'admin@qq.com' ORDER BY id DESC LIMIT 0,100   [ RunTime:0.0000s ]
SQL: SELECT * FROM `ot_jsbz` WHERE `user` = 'admin@qq.com' LIMIT 1   [ RunTime:0.0010s ]
SQL: SHOW COLUMNS FROM `ot_ppdd` [ RunTime:0.0020s ]
SQL: SELECT COUNT(*) AS tp_count FROM `ot_ppdd` WHERE `p_user` = 'admin@qq.com' LIMIT 1   [ RunTime:0.0000s ]
SQL: SELECT * FROM `ot_ppdd` WHERE `p_user` = 'admin@qq.com' ORDER BY id DESC LIMIT 0,100   [ RunTime:0.0000s ]
SQL: SELECT COUNT(*) AS tp_count FROM `ot_ppdd` WHERE `g_user` = 'admin@qq.com' LIMIT 1   [ RunTime:0.0000s ]
SQL: SELECT * FROM `ot_ppdd` WHERE `g_user` = 'admin@qq.com' ORDER BY id DESC LIMIT 0,100   [ RunTime:0.0000s ]
INFO: [ view_parse ] --START--
INFO: [ template_filter ] --START--
INFO: Run Behavior\ContentReplaceBehavior [ RunTime:0.000000s ]
INFO: [ template_filter ] --END-- [ RunTime:0.000000s ]
NOTIC: [8] Undefined variable: a F:\Product\03dirsell\User\Runtime\Cache\Home\9b888f9a05177cc78c87c9cd7e37319c.php 第 1611 行.
INFO: Run Behavior\ParseTemplateBehavior [ RunTime:0.026001s ]
INFO: [ view_parse ] --END-- [ RunTime:0.026001s ]
INFO: [ view_filter ] --START--
INFO: Run Behavior\WriteHtmlCacheBehavior [ RunTime:0.000000s ]
INFO: Run Behavior\TokenBuildBehavior [ RunTime:0.000000s ]
INFO: [ view_filter ] --END-- [ RunTime:0.000000s ]
INFO: [ app_end ] --START--
INFO: Run Behavior\ShowPageTraceBehavior [ RunTime:0.001000s ]
INFO: [ app_end ] --END-- [ RunTime:0.001000s ]

[ 2017-02-24T10:06:47+08:00 ] 127.0.0.1 /Home/login/home/
INFO: [ app_init ] --START--
INFO: Run Behavior\BuildLiteBehavior [ RunTime:0.000000s ]
INFO: [ app_init ] --END-- [ RunTime:0.000000s ]
INFO: [ app_begin ] --START--
INFO: Run Behavior\ReadHtmlCacheBehavior [ RunTime:0.001000s ]
INFO: [ app_begin ] --END-- [ RunTime:0.001000s ]
ERR: 非法操作:home

[ 2017-02-24T10:06:51+08:00 ] 127.0.0.1 /Home/login/mmzh/
INFO: [ app_init ] --START--
INFO: Run Behavior\BuildLiteBehavior [ RunTime:0.000000s ]
INFO: [ app_init ] --END-- [ RunTime:0.001001s ]
INFO: [ app_begin ] --START--
INFO: Run Behavior\ReadHtmlCacheBehavior [ RunTime:0.000000s ]
INFO: [ app_begin ] --END-- [ RunTime:0.000000s ]
INFO: [ view_parse ] --START--
INFO: [ template_filter ] --START--
INFO: Run Behavior\ContentReplaceBehavior [ RunTime:0.000000s ]
INFO: [ template_filter ] --END-- [ RunTime:0.000000s ]
INFO: Run Behavior\ParseTemplateBehavior [ RunTime:0.131007s ]
INFO: [ view_parse ] --END-- [ RunTime:0.131007s ]
INFO: [ view_filter ] --START--
INFO: Run Behavior\WriteHtmlCacheBehavior [ RunTime:0.000000s ]
INFO: Run Behavior\TokenBuildBehavior [ RunTime:0.000000s ]
INFO: [ view_filter ] --END-- [ RunTime:0.000000s ]
INFO: [ app_end ] --START--
INFO: Run Behavior\ShowPageTraceBehavior [ RunTime:0.001000s ]
INFO: [ app_end ] --END-- [ RunTime:0.001000s ]

[ 2017-02-24T10:06:51+08:00 ] 127.0.0.1 /Home/login/verify
INFO: [ app_init ] --START--
INFO: Run Behavior\BuildLiteBehavior [ RunTime:0.000000s ]
INFO: [ app_init ] --END-- [ RunTime:0.001000s ]
INFO: [ app_begin ] --START--
INFO: Run Behavior\ReadHtmlCacheBehavior [ RunTime:0.000000s ]
INFO: [ app_begin ] --END-- [ RunTime:0.000000s ]
INFO: [ app_end ] --START--
INFO: Run Behavior\ShowPageTraceBehavior [ RunTime:0.001000s ]
INFO: [ app_end ] --END-- [ RunTime:0.001000s ]

[ 2017-02-24T10:07:27+08:00 ] 127.0.0.1 /Home/login/verify?0.7904508899364506
INFO: [ app_init ] --START--
INFO: Run Behavior\BuildLiteBehavior [ RunTime:0.000000s ]
INFO: [ app_init ] --END-- [ RunTime:0.001001s ]
INFO: [ app_begin ] --START--
INFO: Run Behavior\ReadHtmlCacheBehavior [ RunTime:0.000000s ]
INFO: [ app_begin ] --END-- [ RunTime:0.000000s ]
INFO: [ app_end ] --START--
INFO: Run Behavior\ShowPageTraceBehavior [ RunTime:0.001000s ]
INFO: [ app_end ] --END-- [ RunTime:0.001000s ]

[ 2017-02-24T10:07:28+08:00 ] 127.0.0.1 /Home/login/verify?0.5695046802187815
INFO: [ app_init ] --START--
INFO: Run Behavior\BuildLiteBehavior [ RunTime:0.000000s ]
INFO: [ app_init ] --END-- [ RunTime:0.001000s ]
INFO: [ app_begin ] --START--
INFO: Run Behavior\ReadHtmlCacheBehavior [ RunTime:0.000000s ]
INFO: [ app_begin ] --END-- [ RunTime:0.000000s ]
INFO: [ app_end ] --START--
INFO: Run Behavior\ShowPageTraceBehavior [ RunTime:0.000000s ]
INFO: [ app_end ] --END-- [ RunTime:0.000000s ]

[ 2017-02-24T10:07:28+08:00 ] 127.0.0.1 /Home/login/verify?0.1609442695946437
INFO: [ app_init ] --START--
INFO: Run Behavior\BuildLiteBehavior [ RunTime:0.000000s ]
INFO: [ app_init ] --END-- [ RunTime:0.000000s ]
INFO: [ app_begin ] --START--
INFO: Run Behavior\ReadHtmlCacheBehavior [ RunTime:0.000000s ]
INFO: [ app_begin ] --END-- [ RunTime:0.001000s ]
INFO: [ app_end ] --START--
INFO: Run Behavior\ShowPageTraceBehavior [ RunTime:0.000000s ]
INFO: [ app_end ] --END-- [ RunTime:0.000000s ]

[ 2017-02-24T10:07:29+08:00 ] 127.0.0.1 /Home/login/verify?0.4362835411438104
INFO: [ app_init ] --START--
INFO: Run Behavior\BuildLiteBehavior [ RunTime:0.000000s ]
INFO: [ app_init ] --END-- [ RunTime:0.000000s ]
INFO: [ app_begin ] --START--
INFO: Run Behavior\ReadHtmlCacheBehavior [ RunTime:0.001000s ]
INFO: [ app_begin ] --END-- [ RunTime:0.001000s ]
INFO: [ app_end ] --START--
INFO: Run Behavior\ShowPageTraceBehavior [ RunTime:0.000000s ]
INFO: [ app_end ] --END-- [ RunTime:0.000000s ]

[ 2017-02-24T10:07:54+08:00 ] 127.0.0.1 /Home/login/mmzh2/
INFO: [ app_init ] --START--
INFO: Run Behavior\BuildLiteBehavior [ RunTime:0.000000s ]
INFO: [ app_init ] --END-- [ RunTime:0.000000s ]
INFO: [ app_begin ] --START--
INFO: Run Behavior\ReadHtmlCacheBehavior [ RunTime:0.000000s ]
INFO: [ app_begin ] --END-- [ RunTime:0.000000s ]
INFO: [ app_end ] --START--
INFO: Run Behavior\ShowPageTraceBehavior [ RunTime:0.000000s ]
INFO: [ app_end ] --END-- [ RunTime:0.000000s ]

[ 2017-02-24T16:52:39+08:00 ] 127.0.0.1 /
INFO: [ app_init ] --START--
INFO: Run Behavior\BuildLiteBehavior [ RunTime:0.000000s ]
INFO: [ app_init ] --END-- [ RunTime:0.000000s ]
INFO: [ app_begin ] --START--
INFO: Run Behavior\ReadHtmlCacheBehavior [ RunTime:0.001000s ]
INFO: [ app_begin ] --END-- [ RunTime:0.001000s ]
SQL: SHOW COLUMNS FROM `ot_system` [ RunTime:0.0030s ]
SQL: SELECT * FROM `ot_system` WHERE `SYS_ID` = 1 LIMIT 1   [ RunTime:0.0000s ]
SQL: SHOW COLUMNS FROM `ot_user` [ RunTime:0.0040s ]
SQL: SELECT * FROM `ot_user` WHERE `UE_account` = 'admin@qq.com' LIMIT 1   [ RunTime:0.0000s ]
SQL: UPDATE `ot_user` SET `levelname`='高级会员' WHERE `UE_account` = 'admin@qq.com' [ RunTime:0.0000s ]
SQL: SELECT * FROM `ot_user` WHERE `UE_ID` = 61451 LIMIT 1   [ RunTime:0.0000s ]

[ 2017-02-24T16:52:39+08:00 ] 127.0.0.1 /Home/Index/home.html
INFO: [ app_init ] --START--
INFO: Run Behavior\BuildLiteBehavior [ RunTime:0.000000s ]
INFO: [ app_init ] --END-- [ RunTime:0.000000s ]
INFO: [ app_begin ] --START--
INFO: Run Behavior\ReadHtmlCacheBehavior [ RunTime:0.001000s ]
INFO: [ app_begin ] --END-- [ RunTime:0.001000s ]
SQL: SHOW COLUMNS FROM `ot_system` [ RunTime:0.0030s ]
SQL: SELECT * FROM `ot_system` WHERE `SYS_ID` = 1 LIMIT 1   [ RunTime:0.0010s ]
SQL: SHOW COLUMNS FROM `ot_user` [ RunTime:0.0030s ]
SQL: SELECT * FROM `ot_user` WHERE `UE_account` = 'admin@qq.com' LIMIT 1   [ RunTime:0.0010s ]
SQL: UPDATE `ot_user` SET `levelname`='高级会员' WHERE `UE_account` = 'admin@qq.com' [ RunTime:0.0000s ]
SQL: SELECT * FROM `ot_user` WHERE `UE_ID` = 61451 LIMIT 1   [ RunTime:0.0000s ]
SQL: SHOW COLUMNS FROM `ot_tgbz` [ RunTime:0.0020s ]
SQL: SELECT COUNT(*) AS tp_count FROM `ot_tgbz` WHERE `user` = 'admin@qq.com' LIMIT 1   [ RunTime:0.0000s ]
SQL: SELECT * FROM `ot_tgbz` WHERE `user` = 'admin@qq.com' ORDER BY id DESC LIMIT 0,100   [ RunTime:0.0000s ]
SQL: SHOW COLUMNS FROM `ot_jsbz` [ RunTime:0.0030s ]
SQL: SELECT COUNT(*) AS tp_count FROM `ot_jsbz` WHERE `user` = 'admin@qq.com' LIMIT 1   [ RunTime:0.0000s ]
SQL: SELECT * FROM `ot_jsbz` WHERE `user` = 'admin@qq.com' ORDER BY id DESC LIMIT 0,100   [ RunTime:0.0000s ]
SQL: SELECT * FROM `ot_jsbz` WHERE `user` = 'admin@qq.com' LIMIT 1   [ RunTime:0.0010s ]
SQL: SHOW COLUMNS FROM `ot_ppdd` [ RunTime:0.0020s ]
SQL: SELECT COUNT(*) AS tp_count FROM `ot_ppdd` WHERE `p_user` = 'admin@qq.com' LIMIT 1   [ RunTime:0.0010s ]
SQL: SELECT * FROM `ot_ppdd` WHERE `p_user` = 'admin@qq.com' ORDER BY id DESC LIMIT 0,100   [ RunTime:0.0000s ]
SQL: SELECT COUNT(*) AS tp_count FROM `ot_ppdd` WHERE `g_user` = 'admin@qq.com' LIMIT 1   [ RunTime:0.0000s ]
SQL: SELECT * FROM `ot_ppdd` WHERE `g_user` = 'admin@qq.com' ORDER BY id DESC LIMIT 0,100   [ RunTime:0.0000s ]
INFO: [ view_parse ] --START--
INFO: [ template_filter ] --START--
INFO: Run Behavior\ContentReplaceBehavior [ RunTime:0.000000s ]
INFO: [ template_filter ] --END-- [ RunTime:0.000000s ]
NOTIC: [8] Undefined variable: a F:\Product\03dirsell\User\Runtime\Cache\Home\9b888f9a05177cc78c87c9cd7e37319c.php 第 1611 行.
INFO: Run Behavior\ParseTemplateBehavior [ RunTime:0.029002s ]
INFO: [ view_parse ] --END-- [ RunTime:0.029002s ]
INFO: [ view_filter ] --START--
INFO: Run Behavior\WriteHtmlCacheBehavior [ RunTime:0.000000s ]
INFO: Run Behavior\TokenBuildBehavior [ RunTime:0.000000s ]
INFO: [ view_filter ] --END-- [ RunTime:0.000000s ]
INFO: [ app_end ] --START--
INFO: Run Behavior\ShowPageTraceBehavior [ RunTime:0.001000s ]
INFO: [ app_end ] --END-- [ RunTime:0.001000s ]

[ 2017-02-24T16:52:41+08:00 ] 127.0.0.1 /Home/Info/pin
INFO: [ app_init ] --START--
INFO: Run Behavior\BuildLiteBehavior [ RunTime:0.000000s ]
INFO: [ app_init ] --END-- [ RunTime:0.000000s ]
INFO: [ app_begin ] --START--
INFO: Run Behavior\ReadHtmlCacheBehavior [ RunTime:0.000000s ]
INFO: [ app_begin ] --END-- [ RunTime:0.001001s ]
SQL: SHOW COLUMNS FROM `ot_system` [ RunTime:0.0040s ]
SQL: SELECT * FROM `ot_system` WHERE `SYS_ID` = 1 LIMIT 1   [ RunTime:0.0010s ]
SQL: SHOW COLUMNS FROM `ot_user` [ RunTime:0.0030s ]
SQL: SELECT * FROM `ot_user` WHERE `UE_account` = 'admin@qq.com' LIMIT 1   [ RunTime:0.0000s ]
SQL: UPDATE `ot_user` SET `levelname`='高级会员' WHERE `UE_account` = 'admin@qq.com' [ RunTime:0.0000s ]
SQL: SELECT * FROM `ot_user` WHERE `UE_ID` = 61451 LIMIT 1   [ RunTime:0.0010s ]
SQL: SHOW COLUMNS FROM `ot_pin` [ RunTime:0.0030s ]
SQL: SELECT COUNT(*) AS tp_count FROM `ot_pin` WHERE `user` = 'admin@qq.com' LIMIT 1   [ RunTime:0.0140s ]
SQL: SELECT * FROM `ot_pin` WHERE `user` = 'admin@qq.com' ORDER BY id DESC LIMIT 0,10   [ RunTime:0.0010s ]
SQL: SELECT COUNT(*) AS tp_count FROM `ot_pin` WHERE `user` = 'admin@qq.com' AND `zt` = 0 LIMIT 1   [ RunTime:0.0000s ]
INFO: [ view_parse ] --START--
INFO: [ template_filter ] --START--
INFO: Run Behavior\ContentReplaceBehavior [ RunTime:0.000000s ]
INFO: [ template_filter ] --END-- [ RunTime:0.000000s ]
NOTIC: [8] Undefined variable: tgurl F:\Product\03dirsell\User\Runtime\Cache\Home\bf304dab9709729f41042ad3b2073dd1.php 第 37 行.
NOTIC: [8] Undefined variable: tgurl F:\Product\03dirsell\User\Runtime\Cache\Home\bf304dab9709729f41042ad3b2073dd1.php 第 47 行.
INFO: Run Behavior\ParseTemplateBehavior [ RunTime:0.022002s ]
INFO: [ view_parse ] --END-- [ RunTime:0.022002s ]
INFO: [ view_filter ] --START--
INFO: Run Behavior\WriteHtmlCacheBehavior [ RunTime:0.000000s ]
INFO: Run Behavior\TokenBuildBehavior [ RunTime:0.000000s ]
INFO: [ view_filter ] --END-- [ RunTime:0.000000s ]
INFO: [ app_end ] --START--
INFO: Run Behavior\ShowPageTraceBehavior [ RunTime:0.001000s ]
INFO: [ app_end ] --END-- [ RunTime:0.001000s ]

[ 2017-02-24T16:52:41+08:00 ] 127.0.0.1 /Home/Index/news/
INFO: [ app_init ] --START--
INFO: Run Behavior\BuildLiteBehavior [ RunTime:0.000000s ]
INFO: [ app_init ] --END-- [ RunTime:0.000000s ]
INFO: [ app_begin ] --START--
INFO: Run Behavior\ReadHtmlCacheBehavior [ RunTime:0.001000s ]
INFO: [ app_begin ] --END-- [ RunTime:0.001000s ]
SQL: SHOW COLUMNS FROM `ot_system` [ RunTime:0.0040s ]
SQL: SELECT * FROM `ot_system` WHERE `SYS_ID` = 1 LIMIT 1   [ RunTime:0.0010s ]
SQL: SHOW COLUMNS FROM `ot_user` [ RunTime:0.0030s ]
SQL: SELECT * FROM `ot_user` WHERE `UE_account` = 'admin@qq.com' LIMIT 1   [ RunTime:0.0000s ]
SQL: UPDATE `ot_user` SET `levelname`='高级会员' WHERE `UE_account` = 'admin@qq.com' [ RunTime:0.0010s ]
SQL: SELECT * FROM `ot_user` WHERE `UE_ID` = 61451 LIMIT 1   [ RunTime:0.0000s ]
SQL: SHOW COLUMNS FROM `ot_info` [ RunTime:0.0030s ]
SQL: SELECT COUNT(*) AS tp_count FROM `ot_info` WHERE `IF_type` = 'news' LIMIT 1   [ RunTime:0.0000s ]
SQL: SELECT * FROM `ot_info` WHERE `IF_type` = 'news' ORDER BY IF_ID DESC LIMIT 0,20   [ RunTime:0.0170s ]
SQL: SELECT COUNT(*) AS tp_count FROM `ot_info` WHERE `IF_type` = 'bzzx' LIMIT 1   [ RunTime:0.0000s ]
SQL: SELECT * FROM `ot_info` WHERE `IF_type` = 'bzzx' ORDER BY IF_ID DESC LIMIT 0,100   [ RunTime:0.0000s ]
INFO: [ view_parse ] --START--
INFO: [ template_filter ] --START--
INFO: Run Behavior\ContentReplaceBehavior [ RunTime:0.000000s ]
INFO: [ template_filter ] --END-- [ RunTime:0.000000s ]
NOTIC: [8] Undefined variable: tgurl F:\Product\03dirsell\User\Runtime\Cache\Home\5429f051fcf0e3d118043f47f8b18b03.php 第 37 行.
NOTIC: [8] Undefined variable: tgurl F:\Product\03dirsell\User\Runtime\Cache\Home\5429f051fcf0e3d118043f47f8b18b03.php 第 47 行.
INFO: Run Behavior\ParseTemplateBehavior [ RunTime:0.024002s ]
INFO: [ view_parse ] --END-- [ RunTime:0.024002s ]
INFO: [ view_filter ] --START--
INFO: Run Behavior\WriteHtmlCacheBehavior [ RunTime:0.001000s ]
INFO: Run Behavior\TokenBuildBehavior [ RunTime:0.000000s ]
INFO: [ view_filter ] --END-- [ RunTime:0.001000s ]
INFO: [ app_end ] --START--
INFO: Run Behavior\ShowPageTraceBehavior [ RunTime:0.001000s ]
INFO: [ app_end ] --END-- [ RunTime:0.001000s ]

[ 2017-02-24T16:52:43+08:00 ] 127.0.0.1 /Home/Myuser/
INFO: [ app_init ] --START--
INFO: Run Behavior\BuildLiteBehavior [ RunTime:0.000000s ]
INFO: [ app_init ] --END-- [ RunTime:0.001000s ]
INFO: [ app_begin ] --START--
INFO: Run Behavior\ReadHtmlCacheBehavior [ RunTime:0.000000s ]
INFO: [ app_begin ] --END-- [ RunTime:0.000000s ]
SQL: SHOW COLUMNS FROM `ot_system` [ RunTime:0.0030s ]
SQL: SELECT * FROM `ot_system` WHERE `SYS_ID` = 1 LIMIT 1   [ RunTime:0.0000s ]
SQL: SHOW COLUMNS FROM `ot_user` [ RunTime:0.0030s ]
SQL: SELECT * FROM `ot_user` WHERE `UE_account` = 'admin@qq.com' LIMIT 1   [ RunTime:0.0000s ]
SQL: UPDATE `ot_user` SET `levelname`='高级会员' WHERE `UE_account` = 'admin@qq.com' [ RunTime:0.0000s ]
SQL: SELECT * FROM `ot_user` WHERE `UE_ID` = 61451 LIMIT 1   [ RunTime:0.0000s ]
SQL: SELECT COUNT(*) AS tp_count FROM `ot_user` WHERE `UE_accName` = 'admin@qq.com' LIMIT 1   [ RunTime:0.0000s ]
SQL: SELECT * FROM `ot_user` WHERE `UE_accName` = 'admin@qq.com' ORDER BY UE_ID DESC LIMIT 0,10   [ RunTime:0.0000s ]
SQL: SELECT * FROM `ot_user` WHERE `UE_ID` = 61451 LIMIT 1   [ RunTime:0.0000s ]
INFO: [ view_parse ] --START--
INFO: [ template_filter ] --START--
INFO: Run Behavior\ContentReplaceBehavior [ RunTime:0.000000s ]
INFO: [ template_filter ] --END-- [ RunTime:0.000000s ]
NOTIC: [8] Undefined variable: tgurl F:\Product\03dirsell\User\Runtime\Cache\Home\2ea9978e54dd44c6f035b76408e4b778.php 第 37 行.
NOTIC: [8] Undefined variable: tgurl F:\Product\03dirsell\User\Runtime\Cache\Home\2ea9978e54dd44c6f035b76408e4b778.php 第 47 行.
INFO: Run Behavior\ParseTemplateBehavior [ RunTime:0.027002s ]
INFO: [ view_parse ] --END-- [ RunTime:0.027002s ]
INFO: [ view_filter ] --START--
INFO: Run Behavior\WriteHtmlCacheBehavior [ RunTime:0.000000s ]
INFO: Run Behavior\TokenBuildBehavior [ RunTime:0.000000s ]
INFO: [ view_filter ] --END-- [ RunTime:0.000000s ]
INFO: [ app_end ] --START--
INFO: Run Behavior\ShowPageTraceBehavior [ RunTime:0.001000s ]
INFO: [ app_end ] --END-- [ RunTime:0.001000s ]

[ 2017-02-24T16:52:43+08:00 ] 127.0.0.1 /Home/Info/cwmx
INFO: [ app_init ] --START--
INFO: Run Behavior\BuildLiteBehavior [ RunTime:0.000000s ]
INFO: [ app_init ] --END-- [ RunTime:0.000000s ]
INFO: [ app_begin ] --START--
INFO: Run Behavior\ReadHtmlCacheBehavior [ RunTime:0.001000s ]
INFO: [ app_begin ] --END-- [ RunTime:0.001000s ]
SQL: SHOW COLUMNS FROM `ot_system` [ RunTime:0.0060s ]
SQL: SELECT * FROM `ot_system` WHERE `SYS_ID` = 1 LIMIT 1   [ RunTime:0.0000s ]
SQL: SHOW COLUMNS FROM `ot_user` [ RunTime:0.0040s ]
SQL: SELECT * FROM `ot_user` WHERE `UE_account` = 'admin@qq.com' LIMIT 1   [ RunTime:0.0010s ]
SQL: UPDATE `ot_user` SET `levelname`='高级会员' WHERE `UE_account` = 'admin@qq.com' [ RunTime:0.0000s ]
SQL: SELECT * FROM `ot_user` WHERE `UE_ID` = 61451 LIMIT 1   [ RunTime:0.0010s ]
SQL: SHOW COLUMNS FROM `ot_tgbz` [ RunTime:0.0040s ]
SQL: SELECT * FROM `ot_tgbz` WHERE `user` = 'admin@qq.com' AND `zt` = 0 ORDER BY id DESC  [ RunTime:0.0000s ]
SQL: SHOW COLUMNS FROM `ot_user_jj` [ RunTime:0.0020s ]
SQL: SELECT COUNT(*) AS tp_count FROM `ot_user_jj` WHERE `user` = 'admin@qq.com' LIMIT 1   [ RunTime:0.0010s ]
SQL: SELECT * FROM `ot_user_jj` WHERE `user` = 'admin@qq.com' ORDER BY id DESC LIMIT 0,10   [ RunTime:0.0000s ]
SQL: SHOW COLUMNS FROM `ot_user_jl` [ RunTime:0.0030s ]
SQL: SELECT COUNT(*) AS tp_count FROM `ot_user_jl` WHERE `user` = 'admin@qq.com' LIMIT 1   [ RunTime:0.0180s ]
SQL: SELECT * FROM `ot_user_jl` WHERE `user` = 'admin@qq.com' ORDER BY id DESC LIMIT 0,10   [ RunTime:0.0000s ]
SQL: SHOW COLUMNS FROM `ot_userget` [ RunTime:0.0030s ]
SQL: SELECT COUNT(*) AS tp_count FROM `ot_userget` WHERE `UG_account` = 'admin@qq.com' LIMIT 1   [ RunTime:0.0070s ]
SQL: SELECT * FROM `ot_userget` WHERE `UG_account` = 'admin@qq.com' ORDER BY UG_ID DESC LIMIT 0,10   [ RunTime:0.0020s ]
SQL: SHOW COLUMNS FROM `ot_tixian` [ RunTime:0.0040s ]
SQL: SELECT COUNT(*) AS tp_count FROM `ot_tixian` WHERE `UG_account` = 'admin@qq.com' LIMIT 1   [ RunTime:0.0000s ]
SQL: SELECT * FROM `ot_tixian` WHERE `UG_account` = 'admin@qq.com' ORDER BY id DESC LIMIT 0,10   [ RunTime:0.0000s ]
NOTIC: [8] Use of undefined constant UE_account - assumed 'UE_account' F:\Product\03dirsell\User\Home\Controller\InfoController.class.php 第 604 行.
SQL: SELECT * FROM `ot_user` WHERE `UE_account` = 'admin@qq.com' LIMIT 1   [ RunTime:0.0000s ]
SQL: SELECT SUM(UG_money) AS tp_sum FROM `ot_userget` WHERE `UG_account` = 'admin@qq.com' AND `UG_dataType` = 'tjj' LIMIT 1   [ RunTime:0.0000s ]
SQL: SELECT SUM(UG_money) AS tp_sum FROM `ot_userget` WHERE `UG_account` = 'admin@qq.com' AND `UG_dataType` = 'jlj' LIMIT 1   [ RunTime:0.0000s ]
INFO: [ view_parse ] --START--
INFO: [ template_filter ] --START--
INFO: Run Behavior\ContentReplaceBehavior [ RunTime:0.001000s ]
INFO: [ template_filter ] --END-- [ RunTime:0.001000s ]
NOTIC: [8] Undefined variable: tgurl F:\Product\03dirsell\User\Runtime\Cache\Home\95d2402fc4416413d7cf886e5691e94b.php 第 62 行.
NOTIC: [8] Undefined variable: tgurl F:\Product\03dirsell\User\Runtime\Cache\Home\95d2402fc4416413d7cf886e5691e94b.php 第 72 行.
NOTIC: [8] Undefined variable: ztrs3 F:\Product\03dirsell\User\Runtime\Cache\Home\95d2402fc4416413d7cf886e5691e94b.php 第 566 行.
SQL: SHOW COLUMNS FROM `ot_ppdd` [ RunTime:0.0030s ]
SQL: SELECT * FROM `ot_ppdd` WHERE `id` = 39 LIMIT 1   [ RunTime:0.0000s ]
NOTIC: [8] Undefined variable: ztrs2 F:\Product\03dirsell\User\Runtime\Cache\Home\95d2402fc4416413d7cf886e5691e94b.php 第 567 行.
SQL: SELECT * FROM `ot_ppdd` WHERE `id` = 39 LIMIT 1   [ RunTime:0.0010s ]
NOTIC: [8] Undefined variable: ztrs3 F:\Product\03dirsell\User\Runtime\Cache\Home\95d2402fc4416413d7cf886e5691e94b.php 第 566 行.
SQL: SELECT * FROM `ot_ppdd` WHERE `id` = 39 LIMIT 1   [ RunTime:0.0000s ]
NOTIC: [8] Undefined variable: ztrs2 F:\Product\03dirsell\User\Runtime\Cache\Home\95d2402fc4416413d7cf886e5691e94b.php 第 567 行.
SQL: SELECT * FROM `ot_ppdd` WHERE `id` = 39 LIMIT 1   [ RunTime:0.0000s ]
NOTIC: [8] Undefined variable: ztrs3 F:\Product\03dirsell\User\Runtime\Cache\Home\95d2402fc4416413d7cf886e5691e94b.php 第 566 行.
SQL: SELECT * FROM `ot_ppdd` WHERE `id` = 38 LIMIT 1   [ RunTime:0.0010s ]
NOTIC: [8] Undefined variable: ztrs2 F:\Product\03dirsell\User\Runtime\Cache\Home\95d2402fc4416413d7cf886e5691e94b.php 第 567 行.
SQL: SELECT * FROM `ot_ppdd` WHERE `id` = 38 LIMIT 1   [ RunTime:0.0000s ]
NOTIC: [8] Undefined variable: ztrs3 F:\Product\03dirsell\User\Runtime\Cache\Home\95d2402fc4416413d7cf886e5691e94b.php 第 566 行.
SQL: SELECT * FROM `ot_ppdd` WHERE `id` = 38 LIMIT 1   [ RunTime:0.0010s ]
NOTIC: [8] Undefined variable: ztrs2 F:\Product\03dirsell\User\Runtime\Cache\Home\95d2402fc4416413d7cf886e5691e94b.php 第 567 行.
SQL: SELECT * FROM `ot_ppdd` WHERE `id` = 38 LIMIT 1   [ RunTime:0.0010s ]
NOTIC: [8] Undefined variable: ztrs3 F:\Product\03dirsell\User\Runtime\Cache\Home\95d2402fc4416413d7cf886e5691e94b.php 第 566 行.
SQL: SELECT * FROM `ot_ppdd` WHERE `id` = 37 LIMIT 1   [ RunTime:0.0000s ]
NOTIC: [8] Undefined variable: ztrs2 F:\Product\03dirsell\User\Runtime\Cache\Home\95d2402fc4416413d7cf886e5691e94b.php 第 567 行.
SQL: SELECT * FROM `ot_ppdd` WHERE `id` = 37 LIMIT 1   [ RunTime:0.0010s ]
NOTIC: [8] Undefined variable: ztrs3 F:\Product\03dirsell\User\Runtime\Cache\Home\95d2402fc4416413d7cf886e5691e94b.php 第 566 行.
SQL: SELECT * FROM `ot_ppdd` WHERE `id` = 37 LIMIT 1   [ RunTime:0.0000s ]
NOTIC: [8] Undefined variable: ztrs2 F:\Product\03dirsell\User\Runtime\Cache\Home\95d2402fc4416413d7cf886e5691e94b.php 第 567 行.
SQL: SELECT * FROM `ot_ppdd` WHERE `id` = 37 LIMIT 1   [ RunTime:0.0010s ]
NOTIC: [8] Undefined variable: ztrs3 F:\Product\03dirsell\User\Runtime\Cache\Home\95d2402fc4416413d7cf886e5691e94b.php 第 566 行.
SQL: SELECT * FROM `ot_ppdd` WHERE `id` = 36 LIMIT 1   [ RunTime:0.0010s ]
NOTIC: [8] Undefined variable: ztrs2 F:\Product\03dirsell\User\Runtime\Cache\Home\95d2402fc4416413d7cf886e5691e94b.php 第 567 行.
SQL: SELECT * FROM `ot_ppdd` WHERE `id` = 36 LIMIT 1   [ RunTime:0.0000s ]
NOTIC: [8] Undefined variable: ztrs3 F:\Product\03dirsell\User\Runtime\Cache\Home\95d2402fc4416413d7cf886e5691e94b.php 第 566 行.
SQL: SELECT * FROM `ot_ppdd` WHERE `id` = 35 LIMIT 1   [ RunTime:0.0010s ]
NOTIC: [8] Undefined variable: ztrs2 F:\Product\03dirsell\User\Runtime\Cache\Home\95d2402fc4416413d7cf886e5691e94b.php 第 567 行.
SQL: SELECT * FROM `ot_ppdd` WHERE `id` = 35 LIMIT 1   [ RunTime:0.0010s ]
NOTIC: [8] Undefined variable: ztrs3 F:\Product\03dirsell\User\Runtime\Cache\Home\95d2402fc4416413d7cf886e5691e94b.php 第 566 行.
SQL: SELECT * FROM `ot_ppdd` WHERE `id` = 26 LIMIT 1   [ RunTime:0.0010s ]
NOTIC: [8] Undefined variable: ztrs2 F:\Product\03dirsell\User\Runtime\Cache\Home\95d2402fc4416413d7cf886e5691e94b.php 第 567 行.
SQL: SELECT * FROM `ot_ppdd` WHERE `id` = 26 LIMIT 1   [ RunTime:0.0000s ]
NOTIC: [8] Undefined variable: ztrs3 F:\Product\03dirsell\User\Runtime\Cache\Home\95d2402fc4416413d7cf886e5691e94b.php 第 566 行.
SQL: SELECT * FROM `ot_ppdd` WHERE `id` = 26 LIMIT 1   [ RunTime:0.0010s ]
NOTIC: [8] Undefined variable: ztrs2 F:\Product\03dirsell\User\Runtime\Cache\Home\95d2402fc4416413d7cf886e5691e94b.php 第 567 行.
SQL: SELECT * FROM `ot_ppdd` WHERE `id` = 26 LIMIT 1   [ RunTime:0.0000s ]
INFO: Run Behavior\ParseTemplateBehavior [ RunTime:0.052003s ]
INFO: [ view_parse ] --END-- [ RunTime:0.052003s ]
INFO: [ view_filter ] --START--
INFO: Run Behavior\WriteHtmlCacheBehavior [ RunTime:0.000000s ]
INFO: Run Behavior\TokenBuildBehavior [ RunTime:0.000000s ]
INFO: [ view_filter ] --END-- [ RunTime:0.000000s ]
INFO: [ app_end ] --START--
INFO: Run Behavior\ShowPageTraceBehavior [ RunTime:0.000000s ]
INFO: [ app_end ] --END-- [ RunTime:0.000000s ]

[ 2017-02-24T16:52:46+08:00 ] 127.0.0.1 /Home/Myuser/
INFO: [ app_init ] --START--
INFO: Run Behavior\BuildLiteBehavior [ RunTime:0.000000s ]
INFO: [ app_init ] --END-- [ RunTime:0.001000s ]
INFO: [ app_begin ] --START--
INFO: Run Behavior\ReadHtmlCacheBehavior [ RunTime:0.000000s ]
INFO: [ app_begin ] --END-- [ RunTime:0.000000s ]
SQL: SHOW COLUMNS FROM `ot_system` [ RunTime:0.0030s ]
SQL: SELECT * FROM `ot_system` WHERE `SYS_ID` = 1 LIMIT 1   [ RunTime:0.0000s ]
SQL: SHOW COLUMNS FROM `ot_user` [ RunTime:0.0030s ]
SQL: SELECT * FROM `ot_user` WHERE `UE_account` = 'admin@qq.com' LIMIT 1   [ RunTime:0.0000s ]
SQL: UPDATE `ot_user` SET `levelname`='高级会员' WHERE `UE_account` = 'admin@qq.com' [ RunTime:0.0000s ]
SQL: SELECT * FROM `ot_user` WHERE `UE_ID` = 61451 LIMIT 1   [ RunTime:0.0000s ]
SQL: SELECT COUNT(*) AS tp_count FROM `ot_user` WHERE `UE_accName` = 'admin@qq.com' LIMIT 1   [ RunTime:0.0000s ]
SQL: SELECT * FROM `ot_user` WHERE `UE_accName` = 'admin@qq.com' ORDER BY UE_ID DESC LIMIT 0,10   [ RunTime:0.0000s ]
SQL: SELECT * FROM `ot_user` WHERE `UE_ID` = 61451 LIMIT 1   [ RunTime:0.0010s ]
INFO: [ view_parse ] --START--
INFO: [ template_filter ] --START--
INFO: Run Behavior\ContentReplaceBehavior [ RunTime:0.001000s ]
INFO: [ template_filter ] --END-- [ RunTime:0.001000s ]
NOTIC: [8] Undefined variable: tgurl F:\Product\03dirsell\User\Runtime\Cache\Home\2ea9978e54dd44c6f035b76408e4b778.php 第 37 行.
NOTIC: [8] Undefined variable: tgurl F:\Product\03dirsell\User\Runtime\Cache\Home\2ea9978e54dd44c6f035b76408e4b778.php 第 47 行.
INFO: Run Behavior\ParseTemplateBehavior [ RunTime:0.006000s ]
INFO: [ view_parse ] --END-- [ RunTime:0.006000s ]
INFO: [ view_filter ] --START--
INFO: Run Behavior\WriteHtmlCacheBehavior [ RunTime:0.001000s ]
INFO: Run Behavior\TokenBuildBehavior [ RunTime:0.000000s ]
INFO: [ view_filter ] --END-- [ RunTime:0.001000s ]
INFO: [ app_end ] --START--
INFO: Run Behavior\ShowPageTraceBehavior [ RunTime:0.000000s ]
INFO: [ app_end ] --END-- [ RunTime:0.000000s ]

[ 2017-02-24T16:57:10+08:00 ] 127.0.0.1 /Home/Myuser/xzzh/
INFO: [ app_init ] --START--
INFO: Run Behavior\BuildLiteBehavior [ RunTime:0.000000s ]
INFO: [ app_init ] --END-- [ RunTime:0.000000s ]
INFO: [ app_begin ] --START--
INFO: Run Behavior\ReadHtmlCacheBehavior [ RunTime:0.000000s ]
INFO: [ app_begin ] --END-- [ RunTime:0.000000s ]
SQL: SHOW COLUMNS FROM `ot_system` [ RunTime:0.0030s ]
SQL: SELECT * FROM `ot_system` WHERE `SYS_ID` = 1 LIMIT 1   [ RunTime:0.0000s ]
SQL: SHOW COLUMNS FROM `ot_user` [ RunTime:0.0040s ]
SQL: SELECT * FROM `ot_user` WHERE `UE_account` = 'admin@qq.com' LIMIT 1   [ RunTime:0.0000s ]
SQL: UPDATE `ot_user` SET `levelname`='高级会员' WHERE `UE_account` = 'admin@qq.com' [ RunTime:0.0000s ]
SQL: SELECT * FROM `ot_user` WHERE `UE_ID` = 61451 LIMIT 1   [ RunTime:0.0000s ]
SQL: SHOW COLUMNS FROM `ot_tgbz` [ RunTime:0.0020s ]
SQL: SELECT COUNT(*) AS tp_count FROM `ot_tgbz` WHERE `user_tjr` = 'admin@qq.com' LIMIT 1   [ RunTime:0.0010s ]
SQL: SELECT * FROM `ot_tgbz` WHERE `user_tjr` = 'admin@qq.com' ORDER BY id DESC LIMIT 0,10   [ RunTime:0.0000s ]
SQL: SHOW COLUMNS FROM `ot_jsbz` [ RunTime:0.0020s ]
SQL: SELECT COUNT(*) AS tp_count FROM `ot_jsbz` WHERE `user_tjr` = 'admin@qq.com' LIMIT 1   [ RunTime:0.0000s ]
SQL: SELECT * FROM `ot_jsbz` WHERE `user_tjr` = 'admin@qq.com' ORDER BY id DESC LIMIT 0,100   [ RunTime:0.0000s ]
INFO: [ view_parse ] --START--
INFO: [ template_filter ] --START--
INFO: Run Behavior\ContentReplaceBehavior [ RunTime:0.000000s ]
INFO: [ template_filter ] --END-- [ RunTime:0.000000s ]
NOTIC: [8] Undefined variable: tgurl F:\Product\03dirsell\User\Runtime\Cache\Home\90eaf8959c76b6ce5cbe92c607759d92.php 第 37 行.
NOTIC: [8] Undefined variable: tgurl F:\Product\03dirsell\User\Runtime\Cache\Home\90eaf8959c76b6ce5cbe92c607759d92.php 第 47 行.
NOTIC: [8] Undefined variable: ztrs F:\Product\03dirsell\User\Runtime\Cache\Home\90eaf8959c76b6ce5cbe92c607759d92.php 第 276 行.
SQL: SELECT * FROM `ot_tgbz` WHERE `id` = 1122 LIMIT 1   [ RunTime:0.0000s ]
NOTIC: [8] Undefined variable: ztrs1 F:\Product\03dirsell\User\Runtime\Cache\Home\90eaf8959c76b6ce5cbe92c607759d92.php 第 279 行.
SQL: SELECT * FROM `ot_tgbz` WHERE `id` = 1122 LIMIT 1   [ RunTime:0.0000s ]
NOTIC: [8] Use of undefined constant UE_account - assumed 'UE_account' F:\Product\03dirsell\User\Home\Common\function.php 第 206 行.
SQL: SELECT * FROM `ot_user` WHERE `UE_account` = '77@qq.com' LIMIT 1   [ RunTime:0.0010s ]
NOTIC: [8] Undefined variable: ztrs F:\Product\03dirsell\User\Runtime\Cache\Home\90eaf8959c76b6ce5cbe92c607759d92.php 第 276 行.
SQL: SELECT * FROM `ot_tgbz` WHERE `id` = 1121 LIMIT 1   [ RunTime:0.0000s ]
NOTIC: [8] Undefined variable: ztrs1 F:\Product\03dirsell\User\Runtime\Cache\Home\90eaf8959c76b6ce5cbe92c607759d92.php 第 279 行.
SQL: SELECT * FROM `ot_tgbz` WHERE `id` = 1121 LIMIT 1   [ RunTime:0.0000s ]
NOTIC: [8] Use of undefined constant UE_account - assumed 'UE_account' F:\Product\03dirsell\User\Home\Common\function.php 第 206 行.
SQL: SELECT * FROM `ot_user` WHERE `UE_account` = 'c2' LIMIT 1   [ RunTime:0.0000s ]
NOTIC: [8] Undefined variable: ztrs F:\Product\03dirsell\User\Runtime\Cache\Home\90eaf8959c76b6ce5cbe92c607759d92.php 第 276 行.
SQL: SELECT * FROM `ot_tgbz` WHERE `id` = 1120 LIMIT 1   [ RunTime:0.0000s ]
NOTIC: [8] Undefined variable: ztrs1 F:\Product\03dirsell\User\Runtime\Cache\Home\90eaf8959c76b6ce5cbe92c607759d92.php 第 279 行.
SQL: SELECT * FROM `ot_tgbz` WHERE `id` = 1120 LIMIT 1   [ RunTime:0.0000s ]
NOTIC: [8] Use of undefined constant UE_account - assumed 'UE_account' F:\Product\03dirsell\User\Home\Common\function.php 第 206 行.
SQL: SELECT * FROM `ot_user` WHERE `UE_account` = 'c2' LIMIT 1   [ RunTime:0.0000s ]
NOTIC: [8] Undefined variable: ztrs F:\Product\03dirsell\User\Runtime\Cache\Home\90eaf8959c76b6ce5cbe92c607759d92.php 第 276 行.
SQL: SELECT * FROM `ot_tgbz` WHERE `id` = 1119 LIMIT 1   [ RunTime:0.0000s ]
NOTIC: [8] Undefined variable: ztrs1 F:\Product\03dirsell\User\Runtime\Cache\Home\90eaf8959c76b6ce5cbe92c607759d92.php 第 279 行.
SQL: SELECT * FROM `ot_tgbz` WHERE `id` = 1119 LIMIT 1   [ RunTime:0.0000s ]
NOTIC: [8] Use of undefined constant UE_account - assumed 'UE_account' F:\Product\03dirsell\User\Home\Common\function.php 第 206 行.
SQL: SELECT * FROM `ot_user` WHERE `UE_account` = 'c2' LIMIT 1   [ RunTime:0.0000s ]
NOTIC: [8] Undefined variable: ztrs F:\Product\03dirsell\User\Runtime\Cache\Home\90eaf8959c76b6ce5cbe92c607759d92.php 第 276 行.
SQL: SELECT * FROM `ot_tgbz` WHERE `id` = 1115 LIMIT 1   [ RunTime:0.0000s ]
NOTIC: [8] Undefined variable: ztrs1 F:\Product\03dirsell\User\Runtime\Cache\Home\90eaf8959c76b6ce5cbe92c607759d92.php 第 279 行.
SQL: SELECT * FROM `ot_tgbz` WHERE `id` = 1115 LIMIT 1   [ RunTime:0.0000s ]
NOTIC: [8] Use of undefined constant UE_account - assumed 'UE_account' F:\Product\03dirsell\User\Home\Common\function.php 第 206 行.
SQL: SELECT * FROM `ot_user` WHERE `UE_account` = 'ccc' LIMIT 1   [ RunTime:0.0000s ]
NOTIC: [8] Undefined variable: ztrs F:\Product\03dirsell\User\Runtime\Cache\Home\90eaf8959c76b6ce5cbe92c607759d92.php 第 276 行.
SQL: SELECT * FROM `ot_tgbz` WHERE `id` = 1091 LIMIT 1   [ RunTime:0.0000s ]
NOTIC: [8] Undefined variable: ztrs1 F:\Product\03dirsell\User\Runtime\Cache\Home\90eaf8959c76b6ce5cbe92c607759d92.php 第 279 行.
SQL: SELECT * FROM `ot_tgbz` WHERE `id` = 1091 LIMIT 1   [ RunTime:0.0000s ]
NOTIC: [8] Use of undefined constant UE_account - assumed 'UE_account' F:\Product\03dirsell\User\Home\Common\function.php 第 206 行.
SQL: SELECT * FROM `ot_user` WHERE `UE_account` = 'cs@qq.com' LIMIT 1   [ RunTime:0.0000s ]
NOTIC: [8] Undefined variable: ztrs F:\Product\03dirsell\User\Runtime\Cache\Home\90eaf8959c76b6ce5cbe92c607759d92.php 第 320 行.
SQL: SELECT * FROM `ot_jsbz` WHERE `id` = 812 LIMIT 1   [ RunTime:0.0000s ]
NOTIC: [8] Undefined variable: ztrs1 F:\Product\03dirsell\User\Runtime\Cache\Home\90eaf8959c76b6ce5cbe92c607759d92.php 第 322 行.
SQL: SELECT * FROM `ot_jsbz` WHERE `id` = 812 LIMIT 1   [ RunTime:0.0000s ]
NOTIC: [8] Use of undefined constant UE_account - assumed 'UE_account' F:\Product\03dirsell\User\Home\Common\function.php 第 237 行.
SQL: SELECT * FROM `ot_user` WHERE `UE_account` = 'ccc' LIMIT 1   [ RunTime:0.0000s ]
NOTIC: [8] Undefined variable: ztrs F:\Product\03dirsell\User\Runtime\Cache\Home\90eaf8959c76b6ce5cbe92c607759d92.php 第 320 行.
SQL: SELECT * FROM `ot_jsbz` WHERE `id` = 811 LIMIT 1   [ RunTime:0.0010s ]
NOTIC: [8] Undefined variable: ztrs1 F:\Product\03dirsell\User\Runtime\Cache\Home\90eaf8959c76b6ce5cbe92c607759d92.php 第 322 行.
SQL: SELECT * FROM `ot_jsbz` WHERE `id` = 811 LIMIT 1   [ RunTime:0.0000s ]
NOTIC: [8] Use of undefined constant UE_account - assumed 'UE_account' F:\Product\03dirsell\User\Home\Common\function.php 第 237 行.
SQL: SELECT * FROM `ot_user` WHERE `UE_account` = 'ccc' LIMIT 1   [ RunTime:0.0000s ]
NOTIC: [8] Undefined variable: ztrs F:\Product\03dirsell\User\Runtime\Cache\Home\90eaf8959c76b6ce5cbe92c607759d92.php 第 320 行.
SQL: SELECT * FROM `ot_jsbz` WHERE `id` = 810 LIMIT 1   [ RunTime:0.0000s ]
NOTIC: [8] Undefined variable: ztrs1 F:\Product\03dirsell\User\Runtime\Cache\Home\90eaf8959c76b6ce5cbe92c607759d92.php 第 322 行.
SQL: SELECT * FROM `ot_jsbz` WHERE `id` = 810 LIMIT 1   [ RunTime:0.0010s ]
NOTIC: [8] Use of undefined constant UE_account - assumed 'UE_account' F:\Product\03dirsell\User\Home\Common\function.php 第 237 行.
SQL: SELECT * FROM `ot_user` WHERE `UE_account` = 'ccc' LIMIT 1   [ RunTime:0.0000s ]
NOTIC: [8] Undefined variable: ztrs F:\Product\03dirsell\User\Runtime\Cache\Home\90eaf8959c76b6ce5cbe92c607759d92.php 第 320 行.
SQL: SELECT * FROM `ot_jsbz` WHERE `id` = 808 LIMIT 1   [ RunTime:0.0000s ]
NOTIC: [8] Undefined variable: ztrs1 F:\Product\03dirsell\User\Runtime\Cache\Home\90eaf8959c76b6ce5cbe92c607759d92.php 第 322 行.
SQL: SELECT * FROM `ot_jsbz` WHERE `id` = 808 LIMIT 1   [ RunTime:0.0000s ]
NOTIC: [8] Use of undefined constant UE_account - assumed 'UE_account' F:\Product\03dirsell\User\Home\Common\function.php 第 237 行.
SQL: SELECT * FROM `ot_user` WHERE `UE_account` = 'c2' LIMIT 1   [ RunTime:0.0010s ]
INFO: Run Behavior\ParseTemplateBehavior [ RunTime:0.084005s ]
INFO: [ view_parse ] --END-- [ RunTime:0.084005s ]
INFO: [ view_filter ] --START--
INFO: Run Behavior\WriteHtmlCacheBehavior [ RunTime:0.000000s ]
INFO: Run Behavior\TokenBuildBehavior [ RunTime:0.000000s ]
INFO: [ view_filter ] --END-- [ RunTime:0.000000s ]
INFO: [ app_end ] --START--
INFO: Run Behavior\ShowPageTraceBehavior [ RunTime:0.000000s ]
INFO: [ app_end ] --END-- [ RunTime:0.000000s ]

[ 2017-02-24T16:57:19+08:00 ] 127.0.0.1 /Home/Myuser/
INFO: [ app_init ] --START--
INFO: Run Behavior\BuildLiteBehavior [ RunTime:0.000000s ]
INFO: [ app_init ] --END-- [ RunTime:0.001001s ]
INFO: [ app_begin ] --START--
INFO: Run Behavior\ReadHtmlCacheBehavior [ RunTime:0.000000s ]
INFO: [ app_begin ] --END-- [ RunTime:0.000000s ]
SQL: SHOW COLUMNS FROM `ot_system` [ RunTime:0.0020s ]
SQL: SELECT * FROM `ot_system` WHERE `SYS_ID` = 1 LIMIT 1   [ RunTime:0.0000s ]
SQL: SHOW COLUMNS FROM `ot_user` [ RunTime:0.0030s ]
SQL: SELECT * FROM `ot_user` WHERE `UE_account` = 'admin@qq.com' LIMIT 1   [ RunTime:0.0000s ]
SQL: UPDATE `ot_user` SET `levelname`='高级会员' WHERE `UE_account` = 'admin@qq.com' [ RunTime:0.0000s ]
SQL: SELECT * FROM `ot_user` WHERE `UE_ID` = 61451 LIMIT 1   [ RunTime:0.0000s ]
SQL: SELECT COUNT(*) AS tp_count FROM `ot_user` WHERE `UE_accName` = 'admin@qq.com' LIMIT 1   [ RunTime:0.0000s ]
SQL: SELECT * FROM `ot_user` WHERE `UE_accName` = 'admin@qq.com' ORDER BY UE_ID DESC LIMIT 0,10   [ RunTime:0.0000s ]
SQL: SELECT * FROM `ot_user` WHERE `UE_ID` = 61451 LIMIT 1   [ RunTime:0.0010s ]
INFO: [ view_parse ] --START--
INFO: [ template_filter ] --START--
INFO: Run Behavior\ContentReplaceBehavior [ RunTime:0.000000s ]
INFO: [ template_filter ] --END-- [ RunTime:0.000000s ]
NOTIC: [8] Undefined variable: tgurl F:\Product\03dirsell\User\Runtime\Cache\Home\2ea9978e54dd44c6f035b76408e4b778.php 第 37 行.
NOTIC: [8] Undefined variable: tgurl F:\Product\03dirsell\User\Runtime\Cache\Home\2ea9978e54dd44c6f035b76408e4b778.php 第 47 行.
INFO: Run Behavior\ParseTemplateBehavior [ RunTime:0.006000s ]
INFO: [ view_parse ] --END-- [ RunTime:0.006000s ]
INFO: [ view_filter ] --START--
INFO: Run Behavior\WriteHtmlCacheBehavior [ RunTime:0.000000s ]
INFO: Run Behavior\TokenBuildBehavior [ RunTime:0.000000s ]
INFO: [ view_filter ] --END-- [ RunTime:0.000000s ]
INFO: [ app_end ] --START--
INFO: Run Behavior\ShowPageTraceBehavior [ RunTime:0.000000s ]
INFO: [ app_end ] --END-- [ RunTime:0.000000s ]

[ 2017-02-24T16:57:21+08:00 ] 127.0.0.1 /Home/Myuser/xzzh/
INFO: [ app_init ] --START--
INFO: Run Behavior\BuildLiteBehavior [ RunTime:0.000000s ]
INFO: [ app_init ] --END-- [ RunTime:0.000000s ]
INFO: [ app_begin ] --START--
INFO: Run Behavior\ReadHtmlCacheBehavior [ RunTime:0.001000s ]
INFO: [ app_begin ] --END-- [ RunTime:0.001000s ]
SQL: SHOW COLUMNS FROM `ot_system` [ RunTime:0.0020s ]
SQL: SELECT * FROM `ot_system` WHERE `SYS_ID` = 1 LIMIT 1   [ RunTime:0.0000s ]
SQL: SHOW COLUMNS FROM `ot_user` [ RunTime:0.0030s ]
SQL: SELECT * FROM `ot_user` WHERE `UE_account` = 'admin@qq.com' LIMIT 1   [ RunTime:0.0000s ]
SQL: UPDATE `ot_user` SET `levelname`='高级会员' WHERE `UE_account` = 'admin@qq.com' [ RunTime:0.0000s ]
SQL: SELECT * FROM `ot_user` WHERE `UE_ID` = 61451 LIMIT 1   [ RunTime:0.0000s ]
SQL: SHOW COLUMNS FROM `ot_tgbz` [ RunTime:0.0030s ]
SQL: SELECT COUNT(*) AS tp_count FROM `ot_tgbz` WHERE `user_tjr` = 'admin@qq.com' LIMIT 1   [ RunTime:0.0000s ]
SQL: SELECT * FROM `ot_tgbz` WHERE `user_tjr` = 'admin@qq.com' ORDER BY id DESC LIMIT 0,10   [ RunTime:0.0000s ]
SQL: SHOW COLUMNS FROM `ot_jsbz` [ RunTime:0.0020s ]
SQL: SELECT COUNT(*) AS tp_count FROM `ot_jsbz` WHERE `user_tjr` = 'admin@qq.com' LIMIT 1   [ RunTime:0.0000s ]
SQL: SELECT * FROM `ot_jsbz` WHERE `user_tjr` = 'admin@qq.com' ORDER BY id DESC LIMIT 0,100   [ RunTime:0.0000s ]
INFO: [ view_parse ] --START--
INFO: [ template_filter ] --START--
INFO: Run Behavior\ContentReplaceBehavior [ RunTime:0.000000s ]
INFO: [ template_filter ] --END-- [ RunTime:0.000000s ]
NOTIC: [8] Undefined variable: tgurl F:\Product\03dirsell\User\Runtime\Cache\Home\90eaf8959c76b6ce5cbe92c607759d92.php 第 37 行.
NOTIC: [8] Undefined variable: tgurl F:\Product\03dirsell\User\Runtime\Cache\Home\90eaf8959c76b6ce5cbe92c607759d92.php 第 47 行.
NOTIC: [8] Undefined variable: ztrs F:\Product\03dirsell\User\Runtime\Cache\Home\90eaf8959c76b6ce5cbe92c607759d92.php 第 276 行.
SQL: SELECT * FROM `ot_tgbz` WHERE `id` = 1122 LIMIT 1   [ RunTime:0.0010s ]
NOTIC: [8] Undefined variable: ztrs1 F:\Product\03dirsell\User\Runtime\Cache\Home\90eaf8959c76b6ce5cbe92c607759d92.php 第 279 行.
SQL: SELECT * FROM `ot_tgbz` WHERE `id` = 1122 LIMIT 1   [ RunTime:0.0000s ]
NOTIC: [8] Use of undefined constant UE_account - assumed 'UE_account' F:\Product\03dirsell\User\Home\Common\function.php 第 206 行.
SQL: SELECT * FROM `ot_user` WHERE `UE_account` = '77@qq.com' LIMIT 1   [ RunTime:0.0010s ]
NOTIC: [8] Undefined variable: ztrs F:\Product\03dirsell\User\Runtime\Cache\Home\90eaf8959c76b6ce5cbe92c607759d92.php 第 276 行.
SQL: SELECT * FROM `ot_tgbz` WHERE `id` = 1121 LIMIT 1   [ RunTime:0.0000s ]
NOTIC: [8] Undefined variable: ztrs1 F:\Product\03dirsell\User\Runtime\Cache\Home\90eaf8959c76b6ce5cbe92c607759d92.php 第 279 行.
SQL: SELECT * FROM `ot_tgbz` WHERE `id` = 1121 LIMIT 1   [ RunTime:0.0010s ]
NOTIC: [8] Use of undefined constant UE_account - assumed 'UE_account' F:\Product\03dirsell\User\Home\Common\function.php 第 206 行.
SQL: SELECT * FROM `ot_user` WHERE `UE_account` = 'c2' LIMIT 1   [ RunTime:0.0000s ]
NOTIC: [8] Undefined variable: ztrs F:\Product\03dirsell\User\Runtime\Cache\Home\90eaf8959c76b6ce5cbe92c607759d92.php 第 276 行.
SQL: SELECT * FROM `ot_tgbz` WHERE `id` = 1120 LIMIT 1   [ RunTime:0.0000s ]
NOTIC: [8] Undefined variable: ztrs1 F:\Product\03dirsell\User\Runtime\Cache\Home\90eaf8959c76b6ce5cbe92c607759d92.php 第 279 行.
SQL: SELECT * FROM `ot_tgbz` WHERE `id` = 1120 LIMIT 1   [ RunTime:0.0000s ]
NOTIC: [8] Use of undefined constant UE_account - assumed 'UE_account' F:\Product\03dirsell\User\Home\Common\function.php 第 206 行.
SQL: SELECT * FROM `ot_user` WHERE `UE_account` = 'c2' LIMIT 1   [ RunTime:0.0010s ]
NOTIC: [8] Undefined variable: ztrs F:\Product\03dirsell\User\Runtime\Cache\Home\90eaf8959c76b6ce5cbe92c607759d92.php 第 276 行.
SQL: SELECT * FROM `ot_tgbz` WHERE `id` = 1119 LIMIT 1   [ RunTime:0.0000s ]
NOTIC: [8] Undefined variable: ztrs1 F:\Product\03dirsell\User\Runtime\Cache\Home\90eaf8959c76b6ce5cbe92c607759d92.php 第 279 行.
SQL: SELECT * FROM `ot_tgbz` WHERE `id` = 1119 LIMIT 1   [ RunTime:0.0000s ]
NOTIC: [8] Use of undefined constant UE_account - assumed 'UE_account' F:\Product\03dirsell\User\Home\Common\function.php 第 206 行.
SQL: SELECT * FROM `ot_user` WHERE `UE_account` = 'c2' LIMIT 1   [ RunTime:0.0000s ]
NOTIC: [8] Undefined variable: ztrs F:\Product\03dirsell\User\Runtime\Cache\Home\90eaf8959c76b6ce5cbe92c607759d92.php 第 276 行.
SQL: SELECT * FROM `ot_tgbz` WHERE `id` = 1115 LIMIT 1   [ RunTime:0.0000s ]
NOTIC: [8] Undefined variable: ztrs1 F:\Product\03dirsell\User\Runtime\Cache\Home\90eaf8959c76b6ce5cbe92c607759d92.php 第 279 行.
SQL: SELECT * FROM `ot_tgbz` WHERE `id` = 1115 LIMIT 1   [ RunTime:0.0000s ]
NOTIC: [8] Use of undefined constant UE_account - assumed 'UE_account' F:\Product\03dirsell\User\Home\Common\function.php 第 206 行.
SQL: SELECT * FROM `ot_user` WHERE `UE_account` = 'ccc' LIMIT 1   [ RunTime:0.0000s ]
NOTIC: [8] Undefined variable: ztrs F:\Product\03dirsell\User\Runtime\Cache\Home\90eaf8959c76b6ce5cbe92c607759d92.php 第 276 行.
SQL: SELECT * FROM `ot_tgbz` WHERE `id` = 1091 LIMIT 1   [ RunTime:0.0010s ]
NOTIC: [8] Undefined variable: ztrs1 F:\Product\03dirsell\User\Runtime\Cache\Home\90eaf8959c76b6ce5cbe92c607759d92.php 第 279 行.
SQL: SELECT * FROM `ot_tgbz` WHERE `id` = 1091 LIMIT 1   [ RunTime:0.0000s ]
NOTIC: [8] Use of undefined constant UE_account - assumed 'UE_account' F:\Product\03dirsell\User\Home\Common\function.php 第 206 行.
SQL: SELECT * FROM `ot_user` WHERE `UE_account` = 'cs@qq.com' LIMIT 1   [ RunTime:0.0000s ]
NOTIC: [8] Undefined variable: ztrs F:\Product\03dirsell\User\Runtime\Cache\Home\90eaf8959c76b6ce5cbe92c607759d92.php 第 320 行.
SQL: SELECT * FROM `ot_jsbz` WHERE `id` = 812 LIMIT 1   [ RunTime:0.0000s ]
NOTIC: [8] Undefined variable: ztrs1 F:\Product\03dirsell\User\Runtime\Cache\Home\90eaf8959c76b6ce5cbe92c607759d92.php 第 322 行.
SQL: SELECT * FROM `ot_jsbz` WHERE `id` = 812 LIMIT 1   [ RunTime:0.0000s ]
NOTIC: [8] Use of undefined constant UE_account - assumed 'UE_account' F:\Product\03dirsell\User\Home\Common\function.php 第 237 行.
SQL: SELECT * FROM `ot_user` WHERE `UE_account` = 'ccc' LIMIT 1   [ RunTime:0.0000s ]
NOTIC: [8] Undefined variable: ztrs F:\Product\03dirsell\User\Runtime\Cache\Home\90eaf8959c76b6ce5cbe92c607759d92.php 第 320 行.
SQL: SELECT * FROM `ot_jsbz` WHERE `id` = 811 LIMIT 1   [ RunTime:0.0000s ]
NOTIC: [8] Undefined variable: ztrs1 F:\Product\03dirsell\User\Runtime\Cache\Home\90eaf8959c76b6ce5cbe92c607759d92.php 第 322 行.
SQL: SELECT * FROM `ot_jsbz` WHERE `id` = 811 LIMIT 1   [ RunTime:0.0010s ]
NOTIC: [8] Use of undefined constant UE_account - assumed 'UE_account' F:\Product\03dirsell\User\Home\Common\function.php 第 237 行.
SQL: SELECT * FROM `ot_user` WHERE `UE_account` = 'ccc' LIMIT 1   [ RunTime:0.0000s ]
NOTIC: [8] Undefined variable: ztrs F:\Product\03dirsell\User\Runtime\Cache\Home\90eaf8959c76b6ce5cbe92c607759d92.php 第 320 行.
SQL: SELECT * FROM `ot_jsbz` WHERE `id` = 810 LIMIT 1   [ RunTime:0.0000s ]
NOTIC: [8] Undefined variable: ztrs1 F:\Product\03dirsell\User\Runtime\Cache\Home\90eaf8959c76b6ce5cbe92c607759d92.php 第 322 行.
SQL: SELECT * FROM `ot_jsbz` WHERE `id` = 810 LIMIT 1   [ RunTime:0.0000s ]
NOTIC: [8] Use of undefined constant UE_account - assumed 'UE_account' F:\Product\03dirsell\User\Home\Common\function.php 第 237 行.
SQL: SELECT * FROM `ot_user` WHERE `UE_account` = 'ccc' LIMIT 1   [ RunTime:0.0010s ]
NOTIC: [8] Undefined variable: ztrs F:\Product\03dirsell\User\Runtime\Cache\Home\90eaf8959c76b6ce5cbe92c607759d92.php 第 320 行.
SQL: SELECT * FROM `ot_jsbz` WHERE `id` = 808 LIMIT 1   [ RunTime:0.0000s ]
NOTIC: [8] Undefined variable: ztrs1 F:\Product\03dirsell\User\Runtime\Cache\Home\90eaf8959c76b6ce5cbe92c607759d92.php 第 322 行.
SQL: SELECT * FROM `ot_jsbz` WHERE `id` = 808 LIMIT 1   [ RunTime:0.0000s ]
NOTIC: [8] Use of undefined constant UE_account - assumed 'UE_account' F:\Product\03dirsell\User\Home\Common\function.php 第 237 行.
SQL: SELECT * FROM `ot_user` WHERE `UE_account` = 'c2' LIMIT 1   [ RunTime:0.0010s ]
INFO: Run Behavior\ParseTemplateBehavior [ RunTime:0.019002s ]
INFO: [ view_parse ] --END-- [ RunTime:0.019002s ]
INFO: [ view_filter ] --START--
INFO: Run Behavior\WriteHtmlCacheBehavior [ RunTime:0.000000s ]
INFO: Run Behavior\TokenBuildBehavior [ RunTime:0.000000s ]
INFO: [ view_filter ] --END-- [ RunTime:0.000000s ]
INFO: [ app_end ] --START--
INFO: Run Behavior\ShowPageTraceBehavior [ RunTime:0.001000s ]
INFO: [ app_end ] --END-- [ RunTime:0.001000s ]

