[ 2017-02-21T16:02:55+08:00 ] 127.0.0.1 /
INFO: [ app_init ] --START--
INFO: Run Behavior\BuildLiteBehavior [ RunTime:0.000000s ]
INFO: [ app_init ] --END-- [ RunTime:0.001000s ]
INFO: [ app_begin ] --START--
INFO: Run Behavior\ReadHtmlCacheBehavior [ RunTime:0.001000s ]
INFO: [ app_begin ] --END-- [ RunTime:0.001000s ]
SQL: SHOW COLUMNS FROM `ot_system` [ RunTime:0.0350s ]
SQL: SELECT * FROM `ot_system` WHERE `SYS_ID` = 1 LIMIT 1   [ RunTime:0.0010s ]
NOTIC: [8] Undefined index: uname F:\wamp\www\12code\03dirsell\User\Home\Controller\CommonController.class.php 第 85 行.
SQL: SHOW COLUMNS FROM `ot_user` [ RunTime:0.0180s ]
SQL: SELECT * FROM `ot_user` WHERE `UE_account` = null LIMIT 1   [ RunTime:0.0010s ]
SQL: UPDATE `ot_user` SET `levelname`='高级会员' WHERE `UE_account` = null [ RunTime:0.0000s ]
NOTIC: [8] Undefined index: uid F:\wamp\www\12code\03dirsell\User\Home\Controller\CommonController.class.php 第 90 行.
SQL: SELECT * FROM `ot_user` WHERE `UE_ID` = null LIMIT 1   [ RunTime:0.0000s ]

[ 2017-02-21T16:02:56+08:00 ] 127.0.0.1 /Home/Index/home.html
INFO: [ app_init ] --START--
INFO: Run Behavior\BuildLiteBehavior [ RunTime:0.000000s ]
INFO: [ app_init ] --END-- [ RunTime:0.001000s ]
INFO: [ app_begin ] --START--
INFO: Run Behavior\ReadHtmlCacheBehavior [ RunTime:0.001000s ]
INFO: [ app_begin ] --END-- [ RunTime:0.001000s ]
SQL: SHOW COLUMNS FROM `ot_system` [ RunTime:0.0060s ]
SQL: SELECT * FROM `ot_system` WHERE `SYS_ID` = 1 LIMIT 1   [ RunTime:0.0010s ]

[ 2017-02-21T16:02:56+08:00 ] 127.0.0.1 /Home/Login/index.html
INFO: [ app_init ] --START--
INFO: Run Behavior\BuildLiteBehavior [ RunTime:0.000000s ]
INFO: [ app_init ] --END-- [ RunTime:0.000000s ]
INFO: [ app_begin ] --START--
INFO: Run Behavior\ReadHtmlCacheBehavior [ RunTime:0.001000s ]
INFO: [ app_begin ] --END-- [ RunTime:0.001000s ]
INFO: [ view_parse ] --START--
INFO: [ template_filter ] --START--
INFO: Run Behavior\ContentReplaceBehavior [ RunTime:0.000000s ]
INFO: [ template_filter ] --END-- [ RunTime:0.000000s ]
INFO: Run Behavior\ParseTemplateBehavior [ RunTime:0.019001s ]
INFO: [ view_parse ] --END-- [ RunTime:0.019001s ]
INFO: [ view_filter ] --START--
INFO: Run Behavior\WriteHtmlCacheBehavior [ RunTime:0.001000s ]
INFO: Run Behavior\TokenBuildBehavior [ RunTime:0.001000s ]
INFO: [ view_filter ] --END-- [ RunTime:0.002000s ]
INFO: [ app_end ] --START--
INFO: Run Behavior\ShowPageTraceBehavior [ RunTime:0.001000s ]
INFO: [ app_end ] --END-- [ RunTime:0.001000s ]

[ 2017-02-21T16:03:37+08:00 ] 127.0.0.1 /Home/Login/index.html
INFO: [ app_init ] --START--
INFO: Run Behavior\BuildLiteBehavior [ RunTime:0.000000s ]
INFO: [ app_init ] --END-- [ RunTime:0.000000s ]
INFO: [ app_begin ] --START--
INFO: Run Behavior\ReadHtmlCacheBehavior [ RunTime:0.001001s ]
INFO: [ app_begin ] --END-- [ RunTime:0.001001s ]
INFO: [ view_parse ] --START--
INFO: [ template_filter ] --START--
INFO: Run Behavior\ContentReplaceBehavior [ RunTime:0.000000s ]
INFO: [ template_filter ] --END-- [ RunTime:0.000000s ]
INFO: Run Behavior\ParseTemplateBehavior [ RunTime:0.008000s ]
INFO: [ view_parse ] --END-- [ RunTime:0.008000s ]
INFO: [ view_filter ] --START--
INFO: Run Behavior\WriteHtmlCacheBehavior [ RunTime:0.001000s ]
INFO: Run Behavior\TokenBuildBehavior [ RunTime:0.001000s ]
INFO: [ view_filter ] --END-- [ RunTime:0.002000s ]
INFO: [ app_end ] --START--
INFO: Run Behavior\ShowPageTraceBehavior [ RunTime:0.000000s ]
INFO: [ app_end ] --END-- [ RunTime:0.000000s ]

[ 2017-02-21T16:27:46+08:00 ] 127.0.0.1 /Home/Login/index.html
INFO: [ app_init ] --START--
INFO: Run Behavior\BuildLiteBehavior [ RunTime:0.000000s ]
INFO: [ app_init ] --END-- [ RunTime:0.001000s ]
INFO: [ app_begin ] --START--
INFO: Run Behavior\ReadHtmlCacheBehavior [ RunTime:0.001000s ]
INFO: [ app_begin ] --END-- [ RunTime:0.001000s ]
INFO: [ view_parse ] --START--
INFO: [ template_filter ] --START--
INFO: Run Behavior\ContentReplaceBehavior [ RunTime:0.000000s ]
INFO: [ template_filter ] --END-- [ RunTime:0.000000s ]
INFO: Run Behavior\ParseTemplateBehavior [ RunTime:0.008001s ]
INFO: [ view_parse ] --END-- [ RunTime:0.008001s ]
INFO: [ view_filter ] --START--
INFO: Run Behavior\WriteHtmlCacheBehavior [ RunTime:0.000000s ]
INFO: Run Behavior\TokenBuildBehavior [ RunTime:0.001000s ]
INFO: [ view_filter ] --END-- [ RunTime:0.001000s ]
INFO: [ app_end ] --START--
INFO: Run Behavior\ShowPageTraceBehavior [ RunTime:0.001000s ]
INFO: [ app_end ] --END-- [ RunTime:0.001000s ]

[ 2017-02-21T16:27:49+08:00 ] 127.0.0.1 /Home/Login/index.html
INFO: [ app_init ] --START--
INFO: Run Behavior\BuildLiteBehavior [ RunTime:0.000000s ]
INFO: [ app_init ] --END-- [ RunTime:0.001000s ]
INFO: [ app_begin ] --START--
INFO: Run Behavior\ReadHtmlCacheBehavior [ RunTime:0.001000s ]
INFO: [ app_begin ] --END-- [ RunTime:0.001000s ]
INFO: [ view_parse ] --START--
INFO: [ template_filter ] --START--
INFO: Run Behavior\ContentReplaceBehavior [ RunTime:0.000000s ]
INFO: [ template_filter ] --END-- [ RunTime:0.000000s ]
INFO: Run Behavior\ParseTemplateBehavior [ RunTime:0.012001s ]
INFO: [ view_parse ] --END-- [ RunTime:0.012001s ]
INFO: [ view_filter ] --START--
INFO: Run Behavior\WriteHtmlCacheBehavior [ RunTime:0.000000s ]
INFO: Run Behavior\TokenBuildBehavior [ RunTime:0.000000s ]
INFO: [ view_filter ] --END-- [ RunTime:0.001000s ]
INFO: [ app_end ] --START--
INFO: Run Behavior\ShowPageTraceBehavior [ RunTime:0.001000s ]
INFO: [ app_end ] --END-- [ RunTime:0.003000s ]

[ 2017-02-21T16:28:03+08:00 ] 127.0.0.1 /Home/Login/index.html
INFO: [ app_init ] --START--
INFO: Run Behavior\BuildLiteBehavior [ RunTime:0.000000s ]
INFO: [ app_init ] --END-- [ RunTime:0.000000s ]
INFO: [ app_begin ] --START--
INFO: Run Behavior\ReadHtmlCacheBehavior [ RunTime:0.001000s ]
INFO: [ app_begin ] --END-- [ RunTime:0.001000s ]
INFO: [ view_parse ] --START--
INFO: [ template_filter ] --START--
INFO: Run Behavior\ContentReplaceBehavior [ RunTime:0.000000s ]
INFO: [ template_filter ] --END-- [ RunTime:0.000000s ]
INFO: Run Behavior\ParseTemplateBehavior [ RunTime:0.011001s ]
INFO: [ view_parse ] --END-- [ RunTime:0.011001s ]
INFO: [ view_filter ] --START--
INFO: Run Behavior\WriteHtmlCacheBehavior [ RunTime:0.000000s ]
INFO: Run Behavior\TokenBuildBehavior [ RunTime:0.001000s ]
INFO: [ view_filter ] --END-- [ RunTime:0.001000s ]
INFO: [ app_end ] --START--
INFO: Run Behavior\ShowPageTraceBehavior [ RunTime:0.001000s ]
INFO: [ app_end ] --END-- [ RunTime:0.001000s ]

[ 2017-02-21T16:28:05+08:00 ] 127.0.0.1 /Home/Login/index.html
INFO: [ app_init ] --START--
INFO: Run Behavior\BuildLiteBehavior [ RunTime:0.000000s ]
INFO: [ app_init ] --END-- [ RunTime:0.001000s ]
INFO: [ app_begin ] --START--
INFO: Run Behavior\ReadHtmlCacheBehavior [ RunTime:0.001000s ]
INFO: [ app_begin ] --END-- [ RunTime:0.001000s ]
INFO: [ view_parse ] --START--
INFO: [ template_filter ] --START--
INFO: Run Behavior\ContentReplaceBehavior [ RunTime:0.000000s ]
INFO: [ template_filter ] --END-- [ RunTime:0.000000s ]
INFO: Run Behavior\ParseTemplateBehavior [ RunTime:0.008000s ]
INFO: [ view_parse ] --END-- [ RunTime:0.008000s ]
INFO: [ view_filter ] --START--
INFO: Run Behavior\WriteHtmlCacheBehavior [ RunTime:0.000000s ]
INFO: Run Behavior\TokenBuildBehavior [ RunTime:0.001000s ]
INFO: [ view_filter ] --END-- [ RunTime:0.001000s ]
INFO: [ app_end ] --START--
INFO: Run Behavior\ShowPageTraceBehavior [ RunTime:0.001000s ]
INFO: [ app_end ] --END-- [ RunTime:0.001000s ]

[ 2017-02-21T16:28:16+08:00 ] 127.0.0.1 /Home/Login/index.html
INFO: [ app_init ] --START--
INFO: Run Behavior\BuildLiteBehavior [ RunTime:0.000000s ]
INFO: [ app_init ] --END-- [ RunTime:0.002000s ]
INFO: [ app_begin ] --START--
INFO: Run Behavior\ReadHtmlCacheBehavior [ RunTime:0.002000s ]
INFO: [ app_begin ] --END-- [ RunTime:0.002000s ]
INFO: [ view_parse ] --START--
INFO: [ template_filter ] --START--
INFO: Run Behavior\ContentReplaceBehavior [ RunTime:0.000000s ]
INFO: [ template_filter ] --END-- [ RunTime:0.001000s ]
INFO: Run Behavior\ParseTemplateBehavior [ RunTime:0.013000s ]
INFO: [ view_parse ] --END-- [ RunTime:0.013000s ]
INFO: [ view_filter ] --START--
INFO: Run Behavior\WriteHtmlCacheBehavior [ RunTime:0.000000s ]
INFO: Run Behavior\TokenBuildBehavior [ RunTime:0.001001s ]
INFO: [ view_filter ] --END-- [ RunTime:0.001001s ]
INFO: [ app_end ] --START--
INFO: Run Behavior\ShowPageTraceBehavior [ RunTime:0.001000s ]
INFO: [ app_end ] --END-- [ RunTime:0.002000s ]

[ 2017-02-21T16:28:17+08:00 ] 127.0.0.1 /Home/Login/index.html
INFO: [ app_init ] --START--
INFO: Run Behavior\BuildLiteBehavior [ RunTime:0.000000s ]
INFO: [ app_init ] --END-- [ RunTime:0.001000s ]
INFO: [ app_begin ] --START--
INFO: Run Behavior\ReadHtmlCacheBehavior [ RunTime:0.000000s ]
INFO: [ app_begin ] --END-- [ RunTime:0.000000s ]
INFO: [ view_parse ] --START--
INFO: [ template_filter ] --START--
INFO: Run Behavior\ContentReplaceBehavior [ RunTime:0.000000s ]
INFO: [ template_filter ] --END-- [ RunTime:0.000000s ]
INFO: Run Behavior\ParseTemplateBehavior [ RunTime:0.009000s ]
INFO: [ view_parse ] --END-- [ RunTime:0.009000s ]
INFO: [ view_filter ] --START--
INFO: Run Behavior\WriteHtmlCacheBehavior [ RunTime:0.000000s ]
INFO: Run Behavior\TokenBuildBehavior [ RunTime:0.001000s ]
INFO: [ view_filter ] --END-- [ RunTime:0.001000s ]
INFO: [ app_end ] --START--
INFO: Run Behavior\ShowPageTraceBehavior [ RunTime:0.001000s ]
INFO: [ app_end ] --END-- [ RunTime:0.001000s ]

[ 2017-02-21T16:28:18+08:00 ] 127.0.0.1 /Home/Login/index.html
INFO: [ app_init ] --START--
INFO: Run Behavior\BuildLiteBehavior [ RunTime:0.000000s ]
INFO: [ app_init ] --END-- [ RunTime:0.001000s ]
INFO: [ app_begin ] --START--
INFO: Run Behavior\ReadHtmlCacheBehavior [ RunTime:0.001000s ]
INFO: [ app_begin ] --END-- [ RunTime:0.001000s ]
INFO: [ view_parse ] --START--
INFO: [ template_filter ] --START--
INFO: Run Behavior\ContentReplaceBehavior [ RunTime:0.000000s ]
INFO: [ template_filter ] --END-- [ RunTime:0.000000s ]
INFO: Run Behavior\ParseTemplateBehavior [ RunTime:0.008000s ]
INFO: [ view_parse ] --END-- [ RunTime:0.008000s ]
INFO: [ view_filter ] --START--
INFO: Run Behavior\WriteHtmlCacheBehavior [ RunTime:0.000000s ]
INFO: Run Behavior\TokenBuildBehavior [ RunTime:0.001001s ]
INFO: [ view_filter ] --END-- [ RunTime:0.001001s ]
INFO: [ app_end ] --START--
INFO: Run Behavior\ShowPageTraceBehavior [ RunTime:0.001000s ]
INFO: [ app_end ] --END-- [ RunTime:0.001000s ]

[ 2017-02-21T16:28:18+08:00 ] 127.0.0.1 /Home/Login/index.html
INFO: [ app_init ] --START--
INFO: Run Behavior\BuildLiteBehavior [ RunTime:0.000000s ]
INFO: [ app_init ] --END-- [ RunTime:0.001000s ]
INFO: [ app_begin ] --START--
INFO: Run Behavior\ReadHtmlCacheBehavior [ RunTime:0.001000s ]
INFO: [ app_begin ] --END-- [ RunTime:0.002000s ]
INFO: [ view_parse ] --START--
INFO: [ template_filter ] --START--
INFO: Run Behavior\ContentReplaceBehavior [ RunTime:0.000000s ]
INFO: [ template_filter ] --END-- [ RunTime:0.000000s ]
INFO: Run Behavior\ParseTemplateBehavior [ RunTime:0.011001s ]
INFO: [ view_parse ] --END-- [ RunTime:0.011001s ]
INFO: [ view_filter ] --START--
INFO: Run Behavior\WriteHtmlCacheBehavior [ RunTime:0.001000s ]
INFO: Run Behavior\TokenBuildBehavior [ RunTime:0.000000s ]
INFO: [ view_filter ] --END-- [ RunTime:0.002000s ]
INFO: [ app_end ] --START--
INFO: Run Behavior\ShowPageTraceBehavior [ RunTime:0.001000s ]
INFO: [ app_end ] --END-- [ RunTime:0.001000s ]

[ 2017-02-21T16:28:19+08:00 ] 127.0.0.1 /Home/Login/index.html
INFO: [ app_init ] --START--
INFO: Run Behavior\BuildLiteBehavior [ RunTime:0.000000s ]
INFO: [ app_init ] --END-- [ RunTime:0.001000s ]
INFO: [ app_begin ] --START--
INFO: Run Behavior\ReadHtmlCacheBehavior [ RunTime:0.000000s ]
INFO: [ app_begin ] --END-- [ RunTime:0.001000s ]
INFO: [ view_parse ] --START--
INFO: [ template_filter ] --START--
INFO: Run Behavior\ContentReplaceBehavior [ RunTime:0.000000s ]
INFO: [ template_filter ] --END-- [ RunTime:0.000000s ]
INFO: Run Behavior\ParseTemplateBehavior [ RunTime:0.012001s ]
INFO: [ view_parse ] --END-- [ RunTime:0.012001s ]
INFO: [ view_filter ] --START--
INFO: Run Behavior\WriteHtmlCacheBehavior [ RunTime:0.001000s ]
INFO: Run Behavior\TokenBuildBehavior [ RunTime:0.000000s ]
INFO: [ view_filter ] --END-- [ RunTime:0.001000s ]
INFO: [ app_end ] --START--
INFO: Run Behavior\ShowPageTraceBehavior [ RunTime:0.001000s ]
INFO: [ app_end ] --END-- [ RunTime:0.002000s ]

[ 2017-02-21T16:28:19+08:00 ] 127.0.0.1 /Home/Login/index.html
INFO: [ app_init ] --START--
INFO: Run Behavior\BuildLiteBehavior [ RunTime:0.000000s ]
INFO: [ app_init ] --END-- [ RunTime:0.001000s ]
INFO: [ app_begin ] --START--
INFO: Run Behavior\ReadHtmlCacheBehavior [ RunTime:0.001000s ]
INFO: [ app_begin ] --END-- [ RunTime:0.002000s ]
INFO: [ view_parse ] --START--
INFO: [ template_filter ] --START--
INFO: Run Behavior\ContentReplaceBehavior [ RunTime:0.000000s ]
INFO: [ template_filter ] --END-- [ RunTime:0.000000s ]
INFO: Run Behavior\ParseTemplateBehavior [ RunTime:0.009000s ]
INFO: [ view_parse ] --END-- [ RunTime:0.009000s ]
INFO: [ view_filter ] --START--
INFO: Run Behavior\WriteHtmlCacheBehavior [ RunTime:0.000000s ]
INFO: Run Behavior\TokenBuildBehavior [ RunTime:0.001000s ]
INFO: [ view_filter ] --END-- [ RunTime:0.001000s ]
INFO: [ app_end ] --START--
INFO: Run Behavior\ShowPageTraceBehavior [ RunTime:0.001000s ]
INFO: [ app_end ] --END-- [ RunTime:0.001000s ]

[ 2017-02-21T16:28:19+08:00 ] 127.0.0.1 /Home/Login/index.html
INFO: [ app_init ] --START--
INFO: Run Behavior\BuildLiteBehavior [ RunTime:0.000000s ]
INFO: [ app_init ] --END-- [ RunTime:0.001000s ]
INFO: [ app_begin ] --START--
INFO: Run Behavior\ReadHtmlCacheBehavior [ RunTime:0.000000s ]
INFO: [ app_begin ] --END-- [ RunTime:0.001000s ]
INFO: [ view_parse ] --START--
INFO: [ template_filter ] --START--
INFO: Run Behavior\ContentReplaceBehavior [ RunTime:0.001000s ]
INFO: [ template_filter ] --END-- [ RunTime:0.001000s ]
INFO: Run Behavior\ParseTemplateBehavior [ RunTime:0.015001s ]
INFO: [ view_parse ] --END-- [ RunTime:0.015001s ]
INFO: [ view_filter ] --START--
INFO: Run Behavior\WriteHtmlCacheBehavior [ RunTime:0.000000s ]
INFO: Run Behavior\TokenBuildBehavior [ RunTime:0.000000s ]
INFO: [ view_filter ] --END-- [ RunTime:0.001000s ]
INFO: [ app_end ] --START--
INFO: Run Behavior\ShowPageTraceBehavior [ RunTime:0.000000s ]
INFO: [ app_end ] --END-- [ RunTime:0.000000s ]

[ 2017-02-21T16:29:01+08:00 ] 127.0.0.1 /Home/Login/index.html
INFO: [ app_init ] --START--
INFO: Run Behavior\BuildLiteBehavior [ RunTime:0.000000s ]
INFO: [ app_init ] --END-- [ RunTime:0.001000s ]
INFO: [ app_begin ] --START--
INFO: Run Behavior\ReadHtmlCacheBehavior [ RunTime:0.001001s ]
INFO: [ app_begin ] --END-- [ RunTime:0.001001s ]
INFO: [ view_parse ] --START--
INFO: [ template_filter ] --START--
INFO: Run Behavior\ContentReplaceBehavior [ RunTime:0.001000s ]
INFO: [ template_filter ] --END-- [ RunTime:0.001000s ]
INFO: Run Behavior\ParseTemplateBehavior [ RunTime:0.014001s ]
INFO: [ view_parse ] --END-- [ RunTime:0.014001s ]
INFO: [ view_filter ] --START--
INFO: Run Behavior\WriteHtmlCacheBehavior [ RunTime:0.001000s ]
INFO: Run Behavior\TokenBuildBehavior [ RunTime:0.001000s ]
INFO: [ view_filter ] --END-- [ RunTime:0.002000s ]
INFO: [ app_end ] --START--
INFO: Run Behavior\ShowPageTraceBehavior [ RunTime:0.001000s ]
INFO: [ app_end ] --END-- [ RunTime:0.001000s ]

[ 2017-02-21T16:29:01+08:00 ] 127.0.0.1 /Home/Login/index.html
INFO: [ app_init ] --START--
INFO: Run Behavior\BuildLiteBehavior [ RunTime:0.000000s ]
INFO: [ app_init ] --END-- [ RunTime:0.001000s ]
INFO: [ app_begin ] --START--
INFO: Run Behavior\ReadHtmlCacheBehavior [ RunTime:0.001000s ]
INFO: [ app_begin ] --END-- [ RunTime:0.002000s ]
INFO: [ view_parse ] --START--
INFO: [ template_filter ] --START--
INFO: Run Behavior\ContentReplaceBehavior [ RunTime:0.000000s ]
INFO: [ template_filter ] --END-- [ RunTime:0.000000s ]
INFO: Run Behavior\ParseTemplateBehavior [ RunTime:0.058004s ]
INFO: [ view_parse ] --END-- [ RunTime:0.058004s ]
INFO: [ view_filter ] --START--
INFO: Run Behavior\WriteHtmlCacheBehavior [ RunTime:0.001000s ]
INFO: Run Behavior\TokenBuildBehavior [ RunTime:0.001000s ]
INFO: [ view_filter ] --END-- [ RunTime:0.002000s ]
INFO: [ app_end ] --START--
INFO: Run Behavior\ShowPageTraceBehavior [ RunTime:0.001000s ]
INFO: [ app_end ] --END-- [ RunTime:0.001000s ]

[ 2017-02-21T16:29:15+08:00 ] 127.0.0.1 /
INFO: [ app_init ] --START--
INFO: Run Behavior\BuildLiteBehavior [ RunTime:0.000000s ]
INFO: [ app_init ] --END-- [ RunTime:0.001000s ]
INFO: [ app_begin ] --START--
INFO: Run Behavior\ReadHtmlCacheBehavior [ RunTime:0.001000s ]
INFO: [ app_begin ] --END-- [ RunTime:0.001000s ]
SQL: SHOW COLUMNS FROM `ot_system` [ RunTime:0.0080s ]
SQL: SELECT * FROM `ot_system` WHERE `SYS_ID` = 1 LIMIT 1   [ RunTime:0.0010s ]
NOTIC: [8] Undefined index: uname F:\wamp\www\12code\03dirsell\User\Home\Controller\CommonController.class.php 第 85 行.
SQL: SHOW COLUMNS FROM `ot_user` [ RunTime:0.0090s ]
SQL: SELECT * FROM `ot_user` WHERE `UE_account` = null LIMIT 1   [ RunTime:0.0010s ]
SQL: UPDATE `ot_user` SET `levelname`='高级会员' WHERE `UE_account` = null [ RunTime:0.0000s ]
NOTIC: [8] Undefined index: uid F:\wamp\www\12code\03dirsell\User\Home\Controller\CommonController.class.php 第 90 行.
SQL: SELECT * FROM `ot_user` WHERE `UE_ID` = null LIMIT 1   [ RunTime:0.0010s ]

[ 2017-02-21T16:29:16+08:00 ] 127.0.0.1 /Home/Index/home.html
INFO: [ app_init ] --START--
INFO: Run Behavior\BuildLiteBehavior [ RunTime:0.000000s ]
INFO: [ app_init ] --END-- [ RunTime:0.001000s ]
INFO: [ app_begin ] --START--
INFO: Run Behavior\ReadHtmlCacheBehavior [ RunTime:0.001000s ]
INFO: [ app_begin ] --END-- [ RunTime:0.001000s ]
SQL: SHOW COLUMNS FROM `ot_system` [ RunTime:0.0070s ]
SQL: SELECT * FROM `ot_system` WHERE `SYS_ID` = 1 LIMIT 1   [ RunTime:0.0010s ]

[ 2017-02-21T16:29:16+08:00 ] 127.0.0.1 /Home/Login/index.html
INFO: [ app_init ] --START--
INFO: Run Behavior\BuildLiteBehavior [ RunTime:0.000000s ]
INFO: [ app_init ] --END-- [ RunTime:0.000000s ]
INFO: [ app_begin ] --START--
INFO: Run Behavior\ReadHtmlCacheBehavior [ RunTime:0.001000s ]
INFO: [ app_begin ] --END-- [ RunTime:0.001000s ]
INFO: [ view_parse ] --START--
INFO: [ template_filter ] --START--
INFO: Run Behavior\ContentReplaceBehavior [ RunTime:0.000000s ]
INFO: [ template_filter ] --END-- [ RunTime:0.000000s ]
INFO: Run Behavior\ParseTemplateBehavior [ RunTime:0.009000s ]
INFO: [ view_parse ] --END-- [ RunTime:0.009000s ]
INFO: [ view_filter ] --START--
INFO: Run Behavior\WriteHtmlCacheBehavior [ RunTime:0.000000s ]
INFO: Run Behavior\TokenBuildBehavior [ RunTime:0.001000s ]
INFO: [ view_filter ] --END-- [ RunTime:0.001000s ]
INFO: [ app_end ] --START--
INFO: Run Behavior\ShowPageTraceBehavior [ RunTime:0.001000s ]
INFO: [ app_end ] --END-- [ RunTime:0.001000s ]

[ 2017-02-21T16:30:01+08:00 ] 127.0.0.1 /Home/Login/logincl.html
INFO: [ app_init ] --START--
INFO: Run Behavior\BuildLiteBehavior [ RunTime:0.000000s ]
INFO: [ app_init ] --END-- [ RunTime:0.001000s ]
INFO: [ app_begin ] --START--
INFO: Run Behavior\ReadHtmlCacheBehavior [ RunTime:0.001000s ]
INFO: [ app_begin ] --END-- [ RunTime:0.001000s ]
SQL: SHOW COLUMNS FROM `ot_user` [ RunTime:0.0080s ]
SQL: SELECT * FROM `ot_user` WHERE `UE_account` = 'admin' LIMIT 1   [ RunTime:0.0000s ]

[ 2017-02-21T16:30:17+08:00 ] 127.0.0.1 /Home/Login/logincl.html
INFO: [ app_init ] --START--
INFO: Run Behavior\BuildLiteBehavior [ RunTime:0.000000s ]
INFO: [ app_init ] --END-- [ RunTime:0.001000s ]
INFO: [ app_begin ] --START--
INFO: Run Behavior\ReadHtmlCacheBehavior [ RunTime:0.000000s ]
INFO: [ app_begin ] --END-- [ RunTime:0.000000s ]
SQL: SHOW COLUMNS FROM `ot_user` [ RunTime:0.0080s ]
SQL: SELECT * FROM `ot_user` WHERE `UE_account` = 'admin@qq.com' LIMIT 1   [ RunTime:0.0200s ]
SQL: SHOW COLUMNS FROM `ot_ppdd` [ RunTime:0.0170s ]
SQL: SELECT * FROM `ot_ppdd` WHERE `g_user` = 'admin@qq.com' AND `zt` = 0  [ RunTime:0.0000s ]
NOTIC: [8] Use of undefined constant ue_id - assumed 'ue_id' F:\wamp\www\12code\03dirsell\User\Home\Controller\LoginController.class.php 第 103 行.
NOTIC: [8] Use of undefined constant ue_account - assumed 'ue_account' F:\wamp\www\12code\03dirsell\User\Home\Controller\LoginController.class.php 第 105 行.
NOTIC: [8] Use of undefined constant ue_account - assumed 'ue_account' F:\wamp\www\12code\03dirsell\User\Home\Controller\LoginController.class.php 第 113 行.
SQL: SHOW COLUMNS FROM `ot_drrz` [ RunTime:0.0350s ]
SQL: INSERT INTO `ot_drrz` (`date`,`ip`,`user`,`leixin`) VALUES ('2017-02-21 16:30:17','','admin@qq.com','0') [ RunTime:0.0300s ]
INFO: [ view_parse ] --START--
INFO: [ template_filter ] --START--
INFO: Run Behavior\ContentReplaceBehavior [ RunTime:0.000000s ]
INFO: [ template_filter ] --END-- [ RunTime:0.001000s ]
INFO: Run Behavior\ParseTemplateBehavior [ RunTime:0.008000s ]
INFO: [ view_parse ] --END-- [ RunTime:0.008000s ]
INFO: [ view_filter ] --START--
INFO: Run Behavior\WriteHtmlCacheBehavior [ RunTime:0.001000s ]
INFO: Run Behavior\TokenBuildBehavior [ RunTime:0.001000s ]
INFO: [ view_filter ] --END-- [ RunTime:0.002000s ]

[ 2017-02-21T16:30:18+08:00 ] 127.0.0.1 /Home/Login/favicon.ico
INFO: [ app_init ] --START--
INFO: Run Behavior\BuildLiteBehavior [ RunTime:0.000000s ]
INFO: [ app_init ] --END-- [ RunTime:0.001000s ]

[ 2017-02-21T16:30:21+08:00 ] 127.0.0.1 /Home/Index/home/
INFO: [ app_init ] --START--
INFO: Run Behavior\BuildLiteBehavior [ RunTime:0.000000s ]
INFO: [ app_init ] --END-- [ RunTime:0.001000s ]
INFO: [ app_begin ] --START--
INFO: Run Behavior\ReadHtmlCacheBehavior [ RunTime:0.001000s ]
INFO: [ app_begin ] --END-- [ RunTime:0.001000s ]
SQL: SHOW COLUMNS FROM `ot_system` [ RunTime:0.0100s ]
SQL: SELECT * FROM `ot_system` WHERE `SYS_ID` = 1 LIMIT 1   [ RunTime:0.0010s ]
SQL: SHOW COLUMNS FROM `ot_user` [ RunTime:0.0110s ]
SQL: SELECT * FROM `ot_user` WHERE `UE_account` = 'admin@qq.com' LIMIT 1   [ RunTime:0.0020s ]
SQL: UPDATE `ot_user` SET `levelname`='高级会员' WHERE `UE_account` = 'admin@qq.com' [ RunTime:0.0010s ]
SQL: SELECT * FROM `ot_user` WHERE `UE_ID` = 61451 LIMIT 1   [ RunTime:0.0010s ]
SQL: SHOW COLUMNS FROM `ot_tgbz` [ RunTime:0.0130s ]
SQL: SELECT COUNT(*) AS tp_count FROM `ot_tgbz` WHERE `user` = 'admin@qq.com' LIMIT 1   [ RunTime:0.0010s ]
SQL: SELECT * FROM `ot_tgbz` WHERE `user` = 'admin@qq.com' ORDER BY id DESC LIMIT 0,100   [ RunTime:0.0010s ]
SQL: SHOW COLUMNS FROM `ot_jsbz` [ RunTime:0.0420s ]
SQL: SELECT COUNT(*) AS tp_count FROM `ot_jsbz` WHERE `user` = 'admin@qq.com' LIMIT 1   [ RunTime:0.0000s ]
SQL: SELECT * FROM `ot_jsbz` WHERE `user` = 'admin@qq.com' ORDER BY id DESC LIMIT 0,100   [ RunTime:0.0010s ]
SQL: SELECT * FROM `ot_jsbz` WHERE `user` = 'admin@qq.com' LIMIT 1   [ RunTime:0.0000s ]
SQL: SHOW COLUMNS FROM `ot_ppdd` [ RunTime:0.0100s ]
SQL: SELECT COUNT(*) AS tp_count FROM `ot_ppdd` WHERE `p_user` = 'admin@qq.com' LIMIT 1   [ RunTime:0.0010s ]
SQL: SELECT * FROM `ot_ppdd` WHERE `p_user` = 'admin@qq.com' ORDER BY id DESC LIMIT 0,100   [ RunTime:0.0010s ]
SQL: SELECT COUNT(*) AS tp_count FROM `ot_ppdd` WHERE `g_user` = 'admin@qq.com' LIMIT 1   [ RunTime:0.0010s ]
SQL: SELECT * FROM `ot_ppdd` WHERE `g_user` = 'admin@qq.com' ORDER BY id DESC LIMIT 0,100   [ RunTime:0.0010s ]
INFO: [ view_parse ] --START--
INFO: [ template_filter ] --START--
INFO: Run Behavior\ContentReplaceBehavior [ RunTime:0.000000s ]
INFO: [ template_filter ] --END-- [ RunTime:0.001000s ]
NOTIC: [8] Undefined variable: a F:\wamp\www\12code\03dirsell\User\Runtime\Cache\Home\9b888f9a05177cc78c87c9cd7e37319c.php 第 1611 行.
INFO: Run Behavior\ParseTemplateBehavior [ RunTime:0.101006s ]
INFO: [ view_parse ] --END-- [ RunTime:0.102006s ]
INFO: [ view_filter ] --START--
INFO: Run Behavior\WriteHtmlCacheBehavior [ RunTime:0.002000s ]
INFO: Run Behavior\TokenBuildBehavior [ RunTime:0.001000s ]
INFO: [ view_filter ] --END-- [ RunTime:0.003000s ]
INFO: [ app_end ] --START--
INFO: Run Behavior\ShowPageTraceBehavior [ RunTime:0.005000s ]
INFO: [ app_end ] --END-- [ RunTime:0.006000s ]

[ 2017-02-21T16:30:25+08:00 ] 127.0.0.1 /Home/Index/reg/
INFO: [ app_init ] --START--
INFO: Run Behavior\BuildLiteBehavior [ RunTime:0.000000s ]
INFO: [ app_init ] --END-- [ RunTime:0.001000s ]
INFO: [ app_begin ] --START--
INFO: Run Behavior\ReadHtmlCacheBehavior [ RunTime:0.001000s ]
INFO: [ app_begin ] --END-- [ RunTime:0.001000s ]
SQL: SHOW COLUMNS FROM `ot_system` [ RunTime:0.0060s ]
SQL: SELECT * FROM `ot_system` WHERE `SYS_ID` = 1 LIMIT 1   [ RunTime:0.0030s ]
SQL: SHOW COLUMNS FROM `ot_user` [ RunTime:0.0070s ]
SQL: SELECT * FROM `ot_user` WHERE `UE_account` = 'admin@qq.com' LIMIT 1   [ RunTime:0.0010s ]
SQL: UPDATE `ot_user` SET `levelname`='高级会员' WHERE `UE_account` = 'admin@qq.com' [ RunTime:0.0010s ]
SQL: SELECT * FROM `ot_user` WHERE `UE_ID` = 61451 LIMIT 1   [ RunTime:0.0010s ]
SQL: SELECT COUNT(*) AS tp_count FROM `ot_user` WHERE `zcr` = 'admin@qq.com' LIMIT 1   [ RunTime:0.0010s ]
SQL: SELECT * FROM `ot_user` WHERE `zcr` = 'admin@qq.com' ORDER BY UE_ID DESC LIMIT 0,20   [ RunTime:0.0010s ]
SQL: SHOW COLUMNS FROM `ot_pin` [ RunTime:0.0300s ]
SQL: SELECT * FROM `ot_pin` WHERE `user` = 'admin@qq.com' AND `zt` = '0' LIMIT 1   [ RunTime:0.0010s ]
INFO: [ view_parse ] --START--
INFO: [ template_filter ] --START--
INFO: Run Behavior\ContentReplaceBehavior [ RunTime:0.001000s ]
INFO: [ template_filter ] --END-- [ RunTime:0.001000s ]
NOTIC: [8] Undefined variable: tgurl F:\wamp\www\12code\03dirsell\User\Runtime\Cache\Home\786a7e8aa27dcabec0bc8e1b37345e8e.php 第 37 行.
NOTIC: [8] Undefined variable: tgurl F:\wamp\www\12code\03dirsell\User\Runtime\Cache\Home\786a7e8aa27dcabec0bc8e1b37345e8e.php 第 47 行.
INFO: Run Behavior\ParseTemplateBehavior [ RunTime:0.033002s ]
INFO: [ view_parse ] --END-- [ RunTime:0.033002s ]
INFO: [ view_filter ] --START--
INFO: Run Behavior\WriteHtmlCacheBehavior [ RunTime:0.001000s ]
INFO: Run Behavior\TokenBuildBehavior [ RunTime:0.001000s ]
INFO: [ view_filter ] --END-- [ RunTime:0.002000s ]
INFO: [ app_end ] --START--
INFO: Run Behavior\ShowPageTraceBehavior [ RunTime:0.001000s ]
INFO: [ app_end ] --END-- [ RunTime:0.001000s ]

[ 2017-02-21T16:30:37+08:00 ] 127.0.0.1 /
INFO: [ app_init ] --START--
INFO: Run Behavior\BuildLiteBehavior [ RunTime:0.000000s ]
INFO: [ app_init ] --END-- [ RunTime:0.001000s ]
INFO: [ app_begin ] --START--
INFO: Run Behavior\ReadHtmlCacheBehavior [ RunTime:0.001001s ]
INFO: [ app_begin ] --END-- [ RunTime:0.001001s ]
SQL: SHOW COLUMNS FROM `ot_system` [ RunTime:0.0100s ]
SQL: SELECT * FROM `ot_system` WHERE `SYS_ID` = 1 LIMIT 1   [ RunTime:0.0010s ]
SQL: SHOW COLUMNS FROM `ot_user` [ RunTime:0.0080s ]
SQL: SELECT * FROM `ot_user` WHERE `UE_account` = 'admin@qq.com' LIMIT 1   [ RunTime:0.0010s ]
SQL: UPDATE `ot_user` SET `levelname`='高级会员' WHERE `UE_account` = 'admin@qq.com' [ RunTime:0.0000s ]
SQL: SELECT * FROM `ot_user` WHERE `UE_ID` = 61451 LIMIT 1   [ RunTime:0.0010s ]

[ 2017-02-21T16:30:38+08:00 ] 127.0.0.1 /Home/Index/home.html
INFO: [ app_init ] --START--
INFO: Run Behavior\BuildLiteBehavior [ RunTime:0.000000s ]
INFO: [ app_init ] --END-- [ RunTime:0.001000s ]
INFO: [ app_begin ] --START--
INFO: Run Behavior\ReadHtmlCacheBehavior [ RunTime:0.001000s ]
INFO: [ app_begin ] --END-- [ RunTime:0.001000s ]
SQL: SHOW COLUMNS FROM `ot_system` [ RunTime:0.0070s ]
SQL: SELECT * FROM `ot_system` WHERE `SYS_ID` = 1 LIMIT 1   [ RunTime:0.0000s ]
SQL: SHOW COLUMNS FROM `ot_user` [ RunTime:0.0080s ]
SQL: SELECT * FROM `ot_user` WHERE `UE_account` = 'admin@qq.com' LIMIT 1   [ RunTime:0.0010s ]
SQL: UPDATE `ot_user` SET `levelname`='高级会员' WHERE `UE_account` = 'admin@qq.com' [ RunTime:0.0010s ]
SQL: SELECT * FROM `ot_user` WHERE `UE_ID` = 61451 LIMIT 1   [ RunTime:0.0000s ]
SQL: SHOW COLUMNS FROM `ot_tgbz` [ RunTime:0.0050s ]
SQL: SELECT COUNT(*) AS tp_count FROM `ot_tgbz` WHERE `user` = 'admin@qq.com' LIMIT 1   [ RunTime:0.0000s ]
SQL: SELECT * FROM `ot_tgbz` WHERE `user` = 'admin@qq.com' ORDER BY id DESC LIMIT 0,100   [ RunTime:0.0000s ]
SQL: SHOW COLUMNS FROM `ot_jsbz` [ RunTime:0.0060s ]
SQL: SELECT COUNT(*) AS tp_count FROM `ot_jsbz` WHERE `user` = 'admin@qq.com' LIMIT 1   [ RunTime:0.0010s ]
SQL: SELECT * FROM `ot_jsbz` WHERE `user` = 'admin@qq.com' ORDER BY id DESC LIMIT 0,100   [ RunTime:0.0000s ]
SQL: SELECT * FROM `ot_jsbz` WHERE `user` = 'admin@qq.com' LIMIT 1   [ RunTime:0.0000s ]
SQL: SHOW COLUMNS FROM `ot_ppdd` [ RunTime:0.0070s ]
SQL: SELECT COUNT(*) AS tp_count FROM `ot_ppdd` WHERE `p_user` = 'admin@qq.com' LIMIT 1   [ RunTime:0.0000s ]
SQL: SELECT * FROM `ot_ppdd` WHERE `p_user` = 'admin@qq.com' ORDER BY id DESC LIMIT 0,100   [ RunTime:0.0000s ]
SQL: SELECT COUNT(*) AS tp_count FROM `ot_ppdd` WHERE `g_user` = 'admin@qq.com' LIMIT 1   [ RunTime:0.0000s ]
SQL: SELECT * FROM `ot_ppdd` WHERE `g_user` = 'admin@qq.com' ORDER BY id DESC LIMIT 0,100   [ RunTime:0.0000s ]
INFO: [ view_parse ] --START--
INFO: [ template_filter ] --START--
INFO: Run Behavior\ContentReplaceBehavior [ RunTime:0.001000s ]
INFO: [ template_filter ] --END-- [ RunTime:0.001000s ]
NOTIC: [8] Undefined variable: a F:\wamp\www\12code\03dirsell\User\Runtime\Cache\Home\9b888f9a05177cc78c87c9cd7e37319c.php 第 1611 行.
INFO: Run Behavior\ParseTemplateBehavior [ RunTime:0.050003s ]
INFO: [ view_parse ] --END-- [ RunTime:0.050003s ]
INFO: [ view_filter ] --START--
INFO: Run Behavior\WriteHtmlCacheBehavior [ RunTime:0.001000s ]
INFO: Run Behavior\TokenBuildBehavior [ RunTime:0.000000s ]
INFO: [ view_filter ] --END-- [ RunTime:0.002000s ]
INFO: [ app_end ] --START--
INFO: Run Behavior\ShowPageTraceBehavior [ RunTime:0.002001s ]
INFO: [ app_end ] --END-- [ RunTime:0.002001s ]

[ 2017-02-21T16:30:53+08:00 ] 127.0.0.1 /Home/Login/logout.html
INFO: [ app_init ] --START--
INFO: Run Behavior\BuildLiteBehavior [ RunTime:0.000000s ]
INFO: [ app_init ] --END-- [ RunTime:0.001000s ]
INFO: [ app_begin ] --START--
INFO: Run Behavior\ReadHtmlCacheBehavior [ RunTime:0.002001s ]
INFO: [ app_begin ] --END-- [ RunTime:0.002001s ]

[ 2017-02-21T16:30:53+08:00 ] 127.0.0.1 /Home/Login/index.html
INFO: [ app_init ] --START--
INFO: Run Behavior\BuildLiteBehavior [ RunTime:0.000000s ]
INFO: [ app_init ] --END-- [ RunTime:0.001000s ]
INFO: [ app_begin ] --START--
INFO: Run Behavior\ReadHtmlCacheBehavior [ RunTime:0.001000s ]
INFO: [ app_begin ] --END-- [ RunTime:0.001000s ]
INFO: [ view_parse ] --START--
INFO: [ template_filter ] --START--
INFO: Run Behavior\ContentReplaceBehavior [ RunTime:0.000000s ]
INFO: [ template_filter ] --END-- [ RunTime:0.000000s ]
INFO: Run Behavior\ParseTemplateBehavior [ RunTime:0.011001s ]
INFO: [ view_parse ] --END-- [ RunTime:0.011001s ]
INFO: [ view_filter ] --START--
INFO: Run Behavior\WriteHtmlCacheBehavior [ RunTime:0.001000s ]
INFO: Run Behavior\TokenBuildBehavior [ RunTime:0.001000s ]
INFO: [ view_filter ] --END-- [ RunTime:0.002000s ]
INFO: [ app_end ] --START--
INFO: Run Behavior\ShowPageTraceBehavior [ RunTime:0.000000s ]
INFO: [ app_end ] --END-- [ RunTime:0.000000s ]

[ 2017-02-21T16:36:05+08:00 ] 127.0.0.1 /Home/Login/index.html
INFO: [ app_init ] --START--
INFO: Run Behavior\BuildLiteBehavior [ RunTime:0.000000s ]
INFO: [ app_init ] --END-- [ RunTime:0.000000s ]
INFO: [ app_begin ] --START--
INFO: Run Behavior\ReadHtmlCacheBehavior [ RunTime:0.001000s ]
INFO: [ app_begin ] --END-- [ RunTime:0.001000s ]
INFO: [ view_parse ] --START--
INFO: [ template_filter ] --START--
INFO: Run Behavior\ContentReplaceBehavior [ RunTime:0.000000s ]
INFO: [ template_filter ] --END-- [ RunTime:0.001000s ]
INFO: Run Behavior\ParseTemplateBehavior [ RunTime:0.010000s ]
INFO: [ view_parse ] --END-- [ RunTime:0.010000s ]
INFO: [ view_filter ] --START--
INFO: Run Behavior\WriteHtmlCacheBehavior [ RunTime:0.001000s ]
INFO: Run Behavior\TokenBuildBehavior [ RunTime:0.000000s ]
INFO: [ view_filter ] --END-- [ RunTime:0.001000s ]
INFO: [ app_end ] --START--
INFO: Run Behavior\ShowPageTraceBehavior [ RunTime:0.002000s ]
INFO: [ app_end ] --END-- [ RunTime:0.002000s ]

[ 2017-02-21T16:36:10+08:00 ] 127.0.0.1 /Home/Login/index.html
INFO: [ app_init ] --START--
INFO: Run Behavior\BuildLiteBehavior [ RunTime:0.000000s ]
INFO: [ app_init ] --END-- [ RunTime:0.001000s ]
INFO: [ app_begin ] --START--
INFO: Run Behavior\ReadHtmlCacheBehavior [ RunTime:0.000000s ]
INFO: [ app_begin ] --END-- [ RunTime:0.000000s ]
INFO: [ view_parse ] --START--
INFO: [ template_filter ] --START--
INFO: Run Behavior\ContentReplaceBehavior [ RunTime:0.000000s ]
INFO: [ template_filter ] --END-- [ RunTime:0.000000s ]
INFO: Run Behavior\ParseTemplateBehavior [ RunTime:0.010001s ]
INFO: [ view_parse ] --END-- [ RunTime:0.010001s ]
INFO: [ view_filter ] --START--
INFO: Run Behavior\WriteHtmlCacheBehavior [ RunTime:0.001000s ]
INFO: Run Behavior\TokenBuildBehavior [ RunTime:0.001000s ]
INFO: [ view_filter ] --END-- [ RunTime:0.002000s ]
INFO: [ app_end ] --START--
INFO: Run Behavior\ShowPageTraceBehavior [ RunTime:0.001000s ]
INFO: [ app_end ] --END-- [ RunTime:0.001000s ]

[ 2017-02-21T16:40:24+08:00 ] 127.0.0.1 /Home/Login/index.html
INFO: [ app_init ] --START--
INFO: Run Behavior\BuildLiteBehavior [ RunTime:0.000000s ]
INFO: [ app_init ] --END-- [ RunTime:0.000000s ]
INFO: [ app_begin ] --START--
INFO: Run Behavior\ReadHtmlCacheBehavior [ RunTime:0.001000s ]
INFO: [ app_begin ] --END-- [ RunTime:0.001000s ]
INFO: [ view_parse ] --START--
INFO: [ template_filter ] --START--
INFO: Run Behavior\ContentReplaceBehavior [ RunTime:0.001000s ]
INFO: [ template_filter ] --END-- [ RunTime:0.001000s ]
INFO: Run Behavior\ParseTemplateBehavior [ RunTime:0.008000s ]
INFO: [ view_parse ] --END-- [ RunTime:0.008000s ]
INFO: [ view_filter ] --START--
INFO: Run Behavior\WriteHtmlCacheBehavior [ RunTime:0.001000s ]
INFO: Run Behavior\TokenBuildBehavior [ RunTime:0.001001s ]
INFO: [ view_filter ] --END-- [ RunTime:0.002001s ]
INFO: [ app_end ] --START--
INFO: Run Behavior\ShowPageTraceBehavior [ RunTime:0.000000s ]
INFO: [ app_end ] --END-- [ RunTime:0.000000s ]

[ 2017-02-21T16:40:30+08:00 ] 127.0.0.1 /Home/Login/logincl.html
INFO: [ app_init ] --START--
INFO: Run Behavior\BuildLiteBehavior [ RunTime:0.000000s ]
INFO: [ app_init ] --END-- [ RunTime:0.000000s ]
INFO: [ app_begin ] --START--
INFO: Run Behavior\ReadHtmlCacheBehavior [ RunTime:0.001000s ]
INFO: [ app_begin ] --END-- [ RunTime:0.001000s ]
SQL: SHOW COLUMNS FROM `ot_user` [ RunTime:0.0080s ]
SQL: SELECT * FROM `ot_user` WHERE `UE_account` = 'admin@qq.com' LIMIT 1   [ RunTime:0.0010s ]
SQL: SHOW COLUMNS FROM `ot_ppdd` [ RunTime:0.0070s ]
SQL: SELECT * FROM `ot_ppdd` WHERE `g_user` = 'admin@qq.com' AND `zt` = 0  [ RunTime:0.0000s ]
NOTIC: [8] Use of undefined constant ue_id - assumed 'ue_id' F:\wamp\www\12code\03dirsell\User\Home\Controller\LoginController.class.php 第 103 行.
NOTIC: [8] Use of undefined constant ue_account - assumed 'ue_account' F:\wamp\www\12code\03dirsell\User\Home\Controller\LoginController.class.php 第 105 行.
NOTIC: [8] Use of undefined constant ue_account - assumed 'ue_account' F:\wamp\www\12code\03dirsell\User\Home\Controller\LoginController.class.php 第 113 行.
SQL: SHOW COLUMNS FROM `ot_drrz` [ RunTime:0.0070s ]
SQL: INSERT INTO `ot_drrz` (`date`,`ip`,`user`,`leixin`) VALUES ('2017-02-21 16:40:30','','admin@qq.com','0') [ RunTime:0.0000s ]
INFO: [ view_parse ] --START--
INFO: [ template_filter ] --START--
INFO: Run Behavior\ContentReplaceBehavior [ RunTime:0.000000s ]
INFO: [ template_filter ] --END-- [ RunTime:0.000000s ]
INFO: Run Behavior\ParseTemplateBehavior [ RunTime:0.010000s ]
INFO: [ view_parse ] --END-- [ RunTime:0.010000s ]
INFO: [ view_filter ] --START--
INFO: Run Behavior\WriteHtmlCacheBehavior [ RunTime:0.000000s ]
INFO: Run Behavior\TokenBuildBehavior [ RunTime:0.001000s ]
INFO: [ view_filter ] --END-- [ RunTime:0.001000s ]

[ 2017-02-21T16:40:33+08:00 ] 127.0.0.1 /Home/Index/home/
INFO: [ app_init ] --START--
INFO: Run Behavior\BuildLiteBehavior [ RunTime:0.000000s ]
INFO: [ app_init ] --END-- [ RunTime:0.001000s ]
INFO: [ app_begin ] --START--
INFO: Run Behavior\ReadHtmlCacheBehavior [ RunTime:0.001000s ]
INFO: [ app_begin ] --END-- [ RunTime:0.001000s ]
SQL: SHOW COLUMNS FROM `ot_system` [ RunTime:0.0080s ]
SQL: SELECT * FROM `ot_system` WHERE `SYS_ID` = 1 LIMIT 1   [ RunTime:0.0000s ]
SQL: SHOW COLUMNS FROM `ot_user` [ RunTime:0.0080s ]
SQL: SELECT * FROM `ot_user` WHERE `UE_account` = 'admin@qq.com' LIMIT 1   [ RunTime:0.0010s ]
SQL: UPDATE `ot_user` SET `levelname`='高级会员' WHERE `UE_account` = 'admin@qq.com' [ RunTime:0.0000s ]
SQL: SELECT * FROM `ot_user` WHERE `UE_ID` = 61451 LIMIT 1   [ RunTime:0.0000s ]
SQL: SHOW COLUMNS FROM `ot_tgbz` [ RunTime:0.0070s ]
SQL: SELECT COUNT(*) AS tp_count FROM `ot_tgbz` WHERE `user` = 'admin@qq.com' LIMIT 1   [ RunTime:0.0000s ]
SQL: SELECT * FROM `ot_tgbz` WHERE `user` = 'admin@qq.com' ORDER BY id DESC LIMIT 0,100   [ RunTime:0.0020s ]
SQL: SHOW COLUMNS FROM `ot_jsbz` [ RunTime:0.0060s ]
SQL: SELECT COUNT(*) AS tp_count FROM `ot_jsbz` WHERE `user` = 'admin@qq.com' LIMIT 1   [ RunTime:0.0000s ]
SQL: SELECT * FROM `ot_jsbz` WHERE `user` = 'admin@qq.com' ORDER BY id DESC LIMIT 0,100   [ RunTime:0.0010s ]
SQL: SELECT * FROM `ot_jsbz` WHERE `user` = 'admin@qq.com' LIMIT 1   [ RunTime:0.0000s ]
SQL: SHOW COLUMNS FROM `ot_ppdd` [ RunTime:0.0060s ]
SQL: SELECT COUNT(*) AS tp_count FROM `ot_ppdd` WHERE `p_user` = 'admin@qq.com' LIMIT 1   [ RunTime:0.0010s ]
SQL: SELECT * FROM `ot_ppdd` WHERE `p_user` = 'admin@qq.com' ORDER BY id DESC LIMIT 0,100   [ RunTime:0.0000s ]
SQL: SELECT COUNT(*) AS tp_count FROM `ot_ppdd` WHERE `g_user` = 'admin@qq.com' LIMIT 1   [ RunTime:0.0000s ]
SQL: SELECT * FROM `ot_ppdd` WHERE `g_user` = 'admin@qq.com' ORDER BY id DESC LIMIT 0,100   [ RunTime:0.0000s ]
INFO: [ view_parse ] --START--
INFO: [ template_filter ] --START--
INFO: Run Behavior\ContentReplaceBehavior [ RunTime:0.000000s ]
INFO: [ template_filter ] --END-- [ RunTime:0.000000s ]
NOTIC: [8] Undefined variable: a F:\wamp\www\12code\03dirsell\User\Runtime\Cache\Home\9b888f9a05177cc78c87c9cd7e37319c.php 第 1611 行.
INFO: Run Behavior\ParseTemplateBehavior [ RunTime:0.052003s ]
INFO: [ view_parse ] --END-- [ RunTime:0.052003s ]
INFO: [ view_filter ] --START--
INFO: Run Behavior\WriteHtmlCacheBehavior [ RunTime:0.001000s ]
INFO: Run Behavior\TokenBuildBehavior [ RunTime:0.000000s ]
INFO: [ view_filter ] --END-- [ RunTime:0.001000s ]
INFO: [ app_end ] --START--
INFO: Run Behavior\ShowPageTraceBehavior [ RunTime:0.002001s ]
INFO: [ app_end ] --END-- [ RunTime:0.002001s ]

[ 2017-02-21T17:02:01+08:00 ] 127.0.0.1 /
INFO: [ app_init ] --START--
INFO: Run Behavior\BuildLiteBehavior [ RunTime:0.000000s ]
INFO: [ app_init ] --END-- [ RunTime:0.001000s ]
INFO: [ app_begin ] --START--
INFO: Run Behavior\ReadHtmlCacheBehavior [ RunTime:0.001000s ]
INFO: [ app_begin ] --END-- [ RunTime:0.001000s ]
SQL: SHOW COLUMNS FROM `ot_system` [ RunTime:0.0080s ]
SQL: SELECT * FROM `ot_system` WHERE `SYS_ID` = 1 LIMIT 1   [ RunTime:0.0010s ]
SQL: SHOW COLUMNS FROM `ot_user` [ RunTime:0.0090s ]
SQL: SELECT * FROM `ot_user` WHERE `UE_account` = 'admin@qq.com' LIMIT 1   [ RunTime:0.0010s ]
SQL: UPDATE `ot_user` SET `levelname`='高级会员' WHERE `UE_account` = 'admin@qq.com' [ RunTime:0.0010s ]
SQL: SELECT * FROM `ot_user` WHERE `UE_ID` = 61451 LIMIT 1   [ RunTime:0.0000s ]

[ 2017-02-21T17:02:02+08:00 ] 127.0.0.1 /Home/Index/reg/
INFO: [ app_init ] --START--
INFO: Run Behavior\BuildLiteBehavior [ RunTime:0.000000s ]
INFO: [ app_init ] --END-- [ RunTime:0.001000s ]
INFO: [ app_begin ] --START--
INFO: Run Behavior\ReadHtmlCacheBehavior [ RunTime:0.001000s ]
INFO: [ app_begin ] --END-- [ RunTime:0.001000s ]
SQL: SHOW COLUMNS FROM `ot_system` [ RunTime:0.0080s ]
SQL: SELECT * FROM `ot_system` WHERE `SYS_ID` = 1 LIMIT 1   [ RunTime:0.0010s ]
SQL: SHOW COLUMNS FROM `ot_user` [ RunTime:0.0100s ]
SQL: SELECT * FROM `ot_user` WHERE `UE_account` = 'admin@qq.com' LIMIT 1   [ RunTime:0.0010s ]
SQL: UPDATE `ot_user` SET `levelname`='高级会员' WHERE `UE_account` = 'admin@qq.com' [ RunTime:0.0010s ]
SQL: SELECT * FROM `ot_user` WHERE `UE_ID` = 61451 LIMIT 1   [ RunTime:0.0010s ]
SQL: SELECT COUNT(*) AS tp_count FROM `ot_user` WHERE `zcr` = 'admin@qq.com' LIMIT 1   [ RunTime:0.0000s ]
SQL: SELECT * FROM `ot_user` WHERE `zcr` = 'admin@qq.com' ORDER BY UE_ID DESC LIMIT 0,20   [ RunTime:0.0010s ]
SQL: SHOW COLUMNS FROM `ot_pin` [ RunTime:0.0080s ]
SQL: SELECT * FROM `ot_pin` WHERE `user` = 'admin@qq.com' AND `zt` = '0' LIMIT 1   [ RunTime:0.0010s ]
INFO: [ view_parse ] --START--
INFO: [ template_filter ] --START--
INFO: Run Behavior\ContentReplaceBehavior [ RunTime:0.001000s ]
INFO: [ template_filter ] --END-- [ RunTime:0.001000s ]
NOTIC: [8] Undefined variable: tgurl F:\wamp\www\12code\03dirsell\User\Runtime\Cache\Home\786a7e8aa27dcabec0bc8e1b37345e8e.php 第 37 行.
NOTIC: [8] Undefined variable: tgurl F:\wamp\www\12code\03dirsell\User\Runtime\Cache\Home\786a7e8aa27dcabec0bc8e1b37345e8e.php 第 47 行.
INFO: Run Behavior\ParseTemplateBehavior [ RunTime:0.032002s ]
INFO: [ view_parse ] --END-- [ RunTime:0.032002s ]
INFO: [ view_filter ] --START--
INFO: Run Behavior\WriteHtmlCacheBehavior [ RunTime:0.001000s ]
INFO: Run Behavior\TokenBuildBehavior [ RunTime:0.000000s ]
INFO: [ view_filter ] --END-- [ RunTime:0.001000s ]
INFO: [ app_end ] --START--
INFO: Run Behavior\ShowPageTraceBehavior [ RunTime:0.001000s ]
INFO: [ app_end ] --END-- [ RunTime:0.001000s ]

[ 2017-02-21T17:02:09+08:00 ] 127.0.0.1 /Home/Myuser/lxwm/
INFO: [ app_init ] --START--
INFO: Run Behavior\BuildLiteBehavior [ RunTime:0.000000s ]
INFO: [ app_init ] --END-- [ RunTime:0.001000s ]
INFO: [ app_begin ] --START--
INFO: Run Behavior\ReadHtmlCacheBehavior [ RunTime:0.001000s ]
INFO: [ app_begin ] --END-- [ RunTime:0.001000s ]
SQL: SHOW COLUMNS FROM `ot_system` [ RunTime:0.0080s ]
SQL: SELECT * FROM `ot_system` WHERE `SYS_ID` = 1 LIMIT 1   [ RunTime:0.0010s ]
SQL: SHOW COLUMNS FROM `ot_user` [ RunTime:0.0070s ]
SQL: SELECT * FROM `ot_user` WHERE `UE_account` = 'admin@qq.com' LIMIT 1   [ RunTime:0.0000s ]
SQL: UPDATE `ot_user` SET `levelname`='高级会员' WHERE `UE_account` = 'admin@qq.com' [ RunTime:0.0010s ]
SQL: SELECT * FROM `ot_user` WHERE `UE_ID` = 61451 LIMIT 1   [ RunTime:0.0010s ]
SQL: SHOW COLUMNS FROM `ot_message` [ RunTime:0.0520s ]
SQL: SELECT COUNT(*) AS tp_count FROM `ot_message` WHERE `MA_userName` = 'admin@qq.com' LIMIT 1   [ RunTime:0.0000s ]
SQL: SELECT * FROM `ot_message` WHERE `MA_userName` = 'admin@qq.com' ORDER BY MA_ID DESC LIMIT 0,12   [ RunTime:0.0010s ]
SQL: SELECT * FROM `ot_user` WHERE `UE_ID` = 61451 LIMIT 1   [ RunTime:0.0000s ]
INFO: [ view_parse ] --START--
INFO: [ template_filter ] --START--
INFO: Run Behavior\ContentReplaceBehavior [ RunTime:0.001000s ]
INFO: [ template_filter ] --END-- [ RunTime:0.001000s ]
NOTIC: [8] Undefined variable: tgurl F:\wamp\www\12code\03dirsell\User\Runtime\Cache\Home\35788c78ae110064cbf698cd6b336981.php 第 59 行.
NOTIC: [8] Undefined variable: tgurl F:\wamp\www\12code\03dirsell\User\Runtime\Cache\Home\35788c78ae110064cbf698cd6b336981.php 第 69 行.
INFO: Run Behavior\ParseTemplateBehavior [ RunTime:0.016001s ]
INFO: [ view_parse ] --END-- [ RunTime:0.016001s ]
INFO: [ view_filter ] --START--
INFO: Run Behavior\WriteHtmlCacheBehavior [ RunTime:0.001000s ]
INFO: Run Behavior\TokenBuildBehavior [ RunTime:0.001000s ]
INFO: [ view_filter ] --END-- [ RunTime:0.002000s ]
INFO: [ app_end ] --START--
INFO: Run Behavior\ShowPageTraceBehavior [ RunTime:0.001000s ]
INFO: [ app_end ] --END-- [ RunTime:0.001000s ]

[ 2017-02-21T17:02:14+08:00 ] 127.0.0.1 /Home/Index/news/
INFO: [ app_init ] --START--
INFO: Run Behavior\BuildLiteBehavior [ RunTime:0.000000s ]
INFO: [ app_init ] --END-- [ RunTime:0.001000s ]
INFO: [ app_begin ] --START--
INFO: Run Behavior\ReadHtmlCacheBehavior [ RunTime:0.002000s ]
INFO: [ app_begin ] --END-- [ RunTime:0.002000s ]
SQL: SHOW COLUMNS FROM `ot_system` [ RunTime:0.0080s ]
SQL: SELECT * FROM `ot_system` WHERE `SYS_ID` = 1 LIMIT 1   [ RunTime:0.0010s ]
SQL: SHOW COLUMNS FROM `ot_user` [ RunTime:0.0080s ]
SQL: SELECT * FROM `ot_user` WHERE `UE_account` = 'admin@qq.com' LIMIT 1   [ RunTime:0.0020s ]
SQL: UPDATE `ot_user` SET `levelname`='高级会员' WHERE `UE_account` = 'admin@qq.com' [ RunTime:0.0000s ]
SQL: SELECT * FROM `ot_user` WHERE `UE_ID` = 61451 LIMIT 1   [ RunTime:0.0010s ]
SQL: SHOW COLUMNS FROM `ot_info` [ RunTime:0.0110s ]
SQL: SELECT COUNT(*) AS tp_count FROM `ot_info` WHERE `IF_type` = 'news' LIMIT 1   [ RunTime:0.0000s ]
SQL: SELECT * FROM `ot_info` WHERE `IF_type` = 'news' ORDER BY IF_ID DESC LIMIT 0,20   [ RunTime:0.0010s ]
SQL: SELECT COUNT(*) AS tp_count FROM `ot_info` WHERE `IF_type` = 'bzzx' LIMIT 1   [ RunTime:0.0010s ]
SQL: SELECT * FROM `ot_info` WHERE `IF_type` = 'bzzx' ORDER BY IF_ID DESC LIMIT 0,100   [ RunTime:0.0010s ]
INFO: [ view_parse ] --START--
INFO: [ template_filter ] --START--
INFO: Run Behavior\ContentReplaceBehavior [ RunTime:0.000000s ]
INFO: [ template_filter ] --END-- [ RunTime:0.000000s ]
NOTIC: [8] Undefined variable: tgurl F:\wamp\www\12code\03dirsell\User\Runtime\Cache\Home\5429f051fcf0e3d118043f47f8b18b03.php 第 37 行.
NOTIC: [8] Undefined variable: tgurl F:\wamp\www\12code\03dirsell\User\Runtime\Cache\Home\5429f051fcf0e3d118043f47f8b18b03.php 第 47 行.
INFO: Run Behavior\ParseTemplateBehavior [ RunTime:0.020002s ]
INFO: [ view_parse ] --END-- [ RunTime:0.021002s ]
INFO: [ view_filter ] --START--
INFO: Run Behavior\WriteHtmlCacheBehavior [ RunTime:0.000000s ]
INFO: Run Behavior\TokenBuildBehavior [ RunTime:0.001000s ]
INFO: [ view_filter ] --END-- [ RunTime:0.001000s ]
INFO: [ app_end ] --START--
INFO: Run Behavior\ShowPageTraceBehavior [ RunTime:0.001000s ]
INFO: [ app_end ] --END-- [ RunTime:0.002000s ]

[ 2017-02-21T17:02:21+08:00 ] 127.0.0.1 /Home/Info/pin
INFO: [ app_init ] --START--
INFO: Run Behavior\BuildLiteBehavior [ RunTime:0.000000s ]
INFO: [ app_init ] --END-- [ RunTime:0.001000s ]
INFO: [ app_begin ] --START--
INFO: Run Behavior\ReadHtmlCacheBehavior [ RunTime:0.001000s ]
INFO: [ app_begin ] --END-- [ RunTime:0.001000s ]
SQL: SHOW COLUMNS FROM `ot_system` [ RunTime:0.0090s ]
SQL: SELECT * FROM `ot_system` WHERE `SYS_ID` = 1 LIMIT 1   [ RunTime:0.0010s ]
SQL: SHOW COLUMNS FROM `ot_user` [ RunTime:0.0080s ]
SQL: SELECT * FROM `ot_user` WHERE `UE_account` = 'admin@qq.com' LIMIT 1   [ RunTime:0.0010s ]
SQL: UPDATE `ot_user` SET `levelname`='高级会员' WHERE `UE_account` = 'admin@qq.com' [ RunTime:0.0000s ]
SQL: SELECT * FROM `ot_user` WHERE `UE_ID` = 61451 LIMIT 1   [ RunTime:0.0010s ]
SQL: SHOW COLUMNS FROM `ot_pin` [ RunTime:0.0070s ]
SQL: SELECT COUNT(*) AS tp_count FROM `ot_pin` WHERE `user` = 'admin@qq.com' LIMIT 1   [ RunTime:0.0010s ]
SQL: SELECT * FROM `ot_pin` WHERE `user` = 'admin@qq.com' ORDER BY id DESC LIMIT 0,10   [ RunTime:0.0000s ]
SQL: SELECT COUNT(*) AS tp_count FROM `ot_pin` WHERE `user` = 'admin@qq.com' AND `zt` = 0 LIMIT 1   [ RunTime:0.0000s ]
INFO: [ view_parse ] --START--
INFO: [ template_filter ] --START--
INFO: Run Behavior\ContentReplaceBehavior [ RunTime:0.001000s ]
INFO: [ template_filter ] --END-- [ RunTime:0.001000s ]
NOTIC: [8] Undefined variable: tgurl F:\wamp\www\12code\03dirsell\User\Runtime\Cache\Home\bf304dab9709729f41042ad3b2073dd1.php 第 37 行.
NOTIC: [8] Undefined variable: tgurl F:\wamp\www\12code\03dirsell\User\Runtime\Cache\Home\bf304dab9709729f41042ad3b2073dd1.php 第 47 行.
INFO: Run Behavior\ParseTemplateBehavior [ RunTime:0.018001s ]
INFO: [ view_parse ] --END-- [ RunTime:0.018001s ]
INFO: [ view_filter ] --START--
INFO: Run Behavior\WriteHtmlCacheBehavior [ RunTime:0.001000s ]
INFO: Run Behavior\TokenBuildBehavior [ RunTime:0.001000s ]
INFO: [ view_filter ] --END-- [ RunTime:0.002000s ]
INFO: [ app_end ] --START--
INFO: Run Behavior\ShowPageTraceBehavior [ RunTime:0.001000s ]
INFO: [ app_end ] --END-- [ RunTime:0.001000s ]

[ 2017-02-21T17:03:28+08:00 ] 127.0.0.1 /
INFO: [ app_init ] --START--
INFO: Run Behavior\BuildLiteBehavior [ RunTime:0.000000s ]
INFO: [ app_init ] --END-- [ RunTime:0.001000s ]
INFO: [ app_begin ] --START--
INFO: Run Behavior\ReadHtmlCacheBehavior [ RunTime:0.001000s ]
INFO: [ app_begin ] --END-- [ RunTime:0.001000s ]
SQL: SHOW COLUMNS FROM `ot_system` [ RunTime:0.0080s ]
SQL: SELECT * FROM `ot_system` WHERE `SYS_ID` = 1 LIMIT 1   [ RunTime:0.0010s ]
SQL: SHOW COLUMNS FROM `ot_user` [ RunTime:0.0090s ]
SQL: SELECT * FROM `ot_user` WHERE `UE_account` = 'admin@qq.com' LIMIT 1   [ RunTime:0.0010s ]
SQL: UPDATE `ot_user` SET `levelname`='高级会员' WHERE `UE_account` = 'admin@qq.com' [ RunTime:0.0000s ]
SQL: SELECT * FROM `ot_user` WHERE `UE_ID` = 61451 LIMIT 1   [ RunTime:0.0000s ]

[ 2017-02-21T17:03:29+08:00 ] 127.0.0.1 /Home/Index/home.html
INFO: [ app_init ] --START--
INFO: Run Behavior\BuildLiteBehavior [ RunTime:0.001000s ]
INFO: [ app_init ] --END-- [ RunTime:0.001000s ]
INFO: [ app_begin ] --START--
INFO: Run Behavior\ReadHtmlCacheBehavior [ RunTime:0.001000s ]
INFO: [ app_begin ] --END-- [ RunTime:0.001000s ]
SQL: SHOW COLUMNS FROM `ot_system` [ RunTime:0.0070s ]
SQL: SELECT * FROM `ot_system` WHERE `SYS_ID` = 1 LIMIT 1   [ RunTime:0.0000s ]
SQL: SHOW COLUMNS FROM `ot_user` [ RunTime:0.0090s ]
SQL: SELECT * FROM `ot_user` WHERE `UE_account` = 'admin@qq.com' LIMIT 1   [ RunTime:0.0000s ]
SQL: UPDATE `ot_user` SET `levelname`='高级会员' WHERE `UE_account` = 'admin@qq.com' [ RunTime:0.0000s ]
SQL: SELECT * FROM `ot_user` WHERE `UE_ID` = 61451 LIMIT 1   [ RunTime:0.0010s ]
SQL: SHOW COLUMNS FROM `ot_tgbz` [ RunTime:0.0050s ]
SQL: SELECT COUNT(*) AS tp_count FROM `ot_tgbz` WHERE `user` = 'admin@qq.com' LIMIT 1   [ RunTime:0.0000s ]
SQL: SELECT * FROM `ot_tgbz` WHERE `user` = 'admin@qq.com' ORDER BY id DESC LIMIT 0,100   [ RunTime:0.0010s ]
SQL: SHOW COLUMNS FROM `ot_jsbz` [ RunTime:0.0060s ]
SQL: SELECT COUNT(*) AS tp_count FROM `ot_jsbz` WHERE `user` = 'admin@qq.com' LIMIT 1   [ RunTime:0.0000s ]
SQL: SELECT * FROM `ot_jsbz` WHERE `user` = 'admin@qq.com' ORDER BY id DESC LIMIT 0,100   [ RunTime:0.0010s ]
SQL: SELECT * FROM `ot_jsbz` WHERE `user` = 'admin@qq.com' LIMIT 1   [ RunTime:0.0000s ]
SQL: SHOW COLUMNS FROM `ot_ppdd` [ RunTime:0.0060s ]
SQL: SELECT COUNT(*) AS tp_count FROM `ot_ppdd` WHERE `p_user` = 'admin@qq.com' LIMIT 1   [ RunTime:0.0000s ]
SQL: SELECT * FROM `ot_ppdd` WHERE `p_user` = 'admin@qq.com' ORDER BY id DESC LIMIT 0,100   [ RunTime:0.0010s ]
SQL: SELECT COUNT(*) AS tp_count FROM `ot_ppdd` WHERE `g_user` = 'admin@qq.com' LIMIT 1   [ RunTime:0.0000s ]
SQL: SELECT * FROM `ot_ppdd` WHERE `g_user` = 'admin@qq.com' ORDER BY id DESC LIMIT 0,100   [ RunTime:0.0000s ]
INFO: [ view_parse ] --START--
INFO: [ template_filter ] --START--
INFO: Run Behavior\ContentReplaceBehavior [ RunTime:0.000000s ]
INFO: [ template_filter ] --END-- [ RunTime:0.000000s ]
NOTIC: [8] Undefined variable: a F:\wamp\www\12code\03dirsell\User\Runtime\Cache\Home\9b888f9a05177cc78c87c9cd7e37319c.php 第 1611 行.
INFO: Run Behavior\ParseTemplateBehavior [ RunTime:0.051003s ]
INFO: [ view_parse ] --END-- [ RunTime:0.051003s ]
INFO: [ view_filter ] --START--
INFO: Run Behavior\WriteHtmlCacheBehavior [ RunTime:0.000000s ]
INFO: Run Behavior\TokenBuildBehavior [ RunTime:0.001000s ]
INFO: [ view_filter ] --END-- [ RunTime:0.001000s ]
INFO: [ app_end ] --START--
INFO: Run Behavior\ShowPageTraceBehavior [ RunTime:0.001000s ]
INFO: [ app_end ] --END-- [ RunTime:0.001000s ]

[ 2017-02-21T17:10:43+08:00 ] 127.0.0.1 /
INFO: [ app_init ] --START--
INFO: Run Behavior\BuildLiteBehavior [ RunTime:0.000000s ]
INFO: [ app_init ] --END-- [ RunTime:0.001000s ]
INFO: [ app_begin ] --START--
INFO: Run Behavior\ReadHtmlCacheBehavior [ RunTime:0.001000s ]
INFO: [ app_begin ] --END-- [ RunTime:0.001000s ]
SQL: SHOW COLUMNS FROM `ot_system` [ RunTime:0.0070s ]
SQL: SELECT * FROM `ot_system` WHERE `SYS_ID` = 1 LIMIT 1   [ RunTime:0.0010s ]
NOTIC: [8] Undefined index: uname F:\wamp\www\12code\03dirsell\User\Home\Controller\CommonController.class.php 第 85 行.
SQL: SHOW COLUMNS FROM `ot_user` [ RunTime:0.0080s ]
SQL: SELECT * FROM `ot_user` WHERE `UE_account` = null LIMIT 1   [ RunTime:0.0010s ]
SQL: UPDATE `ot_user` SET `levelname`='高级会员' WHERE `UE_account` = null [ RunTime:0.0000s ]
NOTIC: [8] Undefined index: uid F:\wamp\www\12code\03dirsell\User\Home\Controller\CommonController.class.php 第 90 行.
SQL: SELECT * FROM `ot_user` WHERE `UE_ID` = null LIMIT 1   [ RunTime:0.0000s ]

[ 2017-02-21T17:10:44+08:00 ] 127.0.0.1 /Home/Index/home.html
INFO: [ app_init ] --START--
INFO: Run Behavior\BuildLiteBehavior [ RunTime:0.000000s ]
INFO: [ app_init ] --END-- [ RunTime:0.001000s ]
INFO: [ app_begin ] --START--
INFO: Run Behavior\ReadHtmlCacheBehavior [ RunTime:0.000000s ]
INFO: [ app_begin ] --END-- [ RunTime:0.002001s ]
SQL: SHOW COLUMNS FROM `ot_system` [ RunTime:0.0070s ]
SQL: SELECT * FROM `ot_system` WHERE `SYS_ID` = 1 LIMIT 1   [ RunTime:0.0000s ]

[ 2017-02-21T17:10:44+08:00 ] 127.0.0.1 /Home/Login/index.html
INFO: [ app_init ] --START--
INFO: Run Behavior\BuildLiteBehavior [ RunTime:0.000000s ]
INFO: [ app_init ] --END-- [ RunTime:0.001000s ]
INFO: [ app_begin ] --START--
INFO: Run Behavior\ReadHtmlCacheBehavior [ RunTime:0.000000s ]
INFO: [ app_begin ] --END-- [ RunTime:0.001000s ]
INFO: [ view_parse ] --START--
INFO: [ template_filter ] --START--
INFO: Run Behavior\ContentReplaceBehavior [ RunTime:0.000000s ]
INFO: [ template_filter ] --END-- [ RunTime:0.000000s ]
INFO: Run Behavior\ParseTemplateBehavior [ RunTime:0.011001s ]
INFO: [ view_parse ] --END-- [ RunTime:0.011001s ]
INFO: [ view_filter ] --START--
INFO: Run Behavior\WriteHtmlCacheBehavior [ RunTime:0.001000s ]
INFO: Run Behavior\TokenBuildBehavior [ RunTime:0.000000s ]
INFO: [ view_filter ] --END-- [ RunTime:0.001000s ]
INFO: [ app_end ] --START--
INFO: Run Behavior\ShowPageTraceBehavior [ RunTime:0.001000s ]
INFO: [ app_end ] --END-- [ RunTime:0.001000s ]

