[ 2017-02-25T15:02:56+08:00 ] 127.0.0.1 /
INFO: [ app_init ] --START--
INFO: Run Behavior\BuildLiteBehavior [ RunTime:0.000000s ]
INFO: [ app_init ] --END-- [ RunTime:0.000000s ]
INFO: [ app_begin ] --START--
INFO: Run Behavior\ReadHtmlCacheBehavior [ RunTime:0.000000s ]
INFO: [ app_begin ] --END-- [ RunTime:0.000000s ]
SQL: SHOW COLUMNS FROM `ot_system` [ RunTime:0.0400s ]
SQL: SELECT * FROM `ot_system` WHERE `SYS_ID` = 1 LIMIT 1   [ RunTime:0.0000s ]
NOTIC: [8] Undefined index: uname F:\Product\03dirsell\User\Home\Controller\CommonController.class.php 第 78 行.
SQL: SHOW COLUMNS FROM `ot_user` [ RunTime:0.0300s ]
SQL: SELECT * FROM `ot_user` WHERE `UE_account` = null LIMIT 1   [ RunTime:0.0000s ]
SQL: UPDATE `ot_user` SET `levelname`='高级会员' WHERE `UE_account` = null [ RunTime:0.0000s ]
NOTIC: [8] Undefined index: uid F:\Product\03dirsell\User\Home\Controller\CommonController.class.php 第 83 行.
SQL: SELECT * FROM `ot_user` WHERE `UE_ID` = null LIMIT 1   [ RunTime:0.0000s ]

[ 2017-02-25T15:02:56+08:00 ] 127.0.0.1 /Home/Index/home.html
INFO: [ app_init ] --START--
INFO: Run Behavior\BuildLiteBehavior [ RunTime:0.000000s ]
INFO: [ app_init ] --END-- [ RunTime:0.000000s ]
INFO: [ app_begin ] --START--
INFO: Run Behavior\ReadHtmlCacheBehavior [ RunTime:0.000000s ]
INFO: [ app_begin ] --END-- [ RunTime:0.000000s ]
SQL: SHOW COLUMNS FROM `ot_system` [ RunTime:0.0000s ]
SQL: SELECT * FROM `ot_system` WHERE `SYS_ID` = 1 LIMIT 1   [ RunTime:0.0000s ]

[ 2017-02-25T15:02:56+08:00 ] 127.0.0.1 /Home/Login/index.html
INFO: [ app_init ] --START--
INFO: Run Behavior\BuildLiteBehavior [ RunTime:0.000000s ]
INFO: [ app_init ] --END-- [ RunTime:0.000000s ]
INFO: [ app_begin ] --START--
INFO: Run Behavior\ReadHtmlCacheBehavior [ RunTime:0.000000s ]
INFO: [ app_begin ] --END-- [ RunTime:0.000000s ]
INFO: [ view_parse ] --START--
INFO: [ template_filter ] --START--
INFO: Run Behavior\ContentReplaceBehavior [ RunTime:0.000000s ]
INFO: [ template_filter ] --END-- [ RunTime:0.000000s ]
INFO: Run Behavior\ParseTemplateBehavior [ RunTime:0.040000s ]
INFO: [ view_parse ] --END-- [ RunTime:0.040000s ]
INFO: [ view_filter ] --START--
INFO: Run Behavior\WriteHtmlCacheBehavior [ RunTime:0.000000s ]
INFO: Run Behavior\TokenBuildBehavior [ RunTime:0.000000s ]
INFO: [ view_filter ] --END-- [ RunTime:0.000000s ]
INFO: [ app_end ] --START--
INFO: Run Behavior\ShowPageTraceBehavior [ RunTime:0.000000s ]
INFO: [ app_end ] --END-- [ RunTime:0.000000s ]

[ 2017-02-25T15:02:58+08:00 ] 127.0.0.1 /Home/Login/index.html
INFO: [ app_init ] --START--
INFO: Run Behavior\BuildLiteBehavior [ RunTime:0.000000s ]
INFO: [ app_init ] --END-- [ RunTime:0.001000s ]
INFO: [ app_begin ] --START--
INFO: Run Behavior\ReadHtmlCacheBehavior [ RunTime:0.000000s ]
INFO: [ app_begin ] --END-- [ RunTime:0.001000s ]
INFO: [ view_parse ] --START--
INFO: [ template_filter ] --START--
INFO: Run Behavior\ContentReplaceBehavior [ RunTime:0.000000s ]
INFO: [ template_filter ] --END-- [ RunTime:0.000000s ]
INFO: Run Behavior\ParseTemplateBehavior [ RunTime:0.004001s ]
INFO: [ view_parse ] --END-- [ RunTime:0.004001s ]
INFO: [ view_filter ] --START--
INFO: Run Behavior\WriteHtmlCacheBehavior [ RunTime:0.000000s ]
INFO: Run Behavior\TokenBuildBehavior [ RunTime:0.000000s ]
INFO: [ view_filter ] --END-- [ RunTime:0.000000s ]
INFO: [ app_end ] --START--
INFO: Run Behavior\ShowPageTraceBehavior [ RunTime:0.000000s ]
INFO: [ app_end ] --END-- [ RunTime:0.000000s ]

[ 2017-02-25T15:02:59+08:00 ] 127.0.0.1 /Home/Login/index.html
INFO: [ app_init ] --START--
INFO: Run Behavior\BuildLiteBehavior [ RunTime:0.000000s ]
INFO: [ app_init ] --END-- [ RunTime:0.000000s ]
INFO: [ app_begin ] --START--
INFO: Run Behavior\ReadHtmlCacheBehavior [ RunTime:0.000000s ]
INFO: [ app_begin ] --END-- [ RunTime:0.000000s ]
INFO: [ view_parse ] --START--
INFO: [ template_filter ] --START--
INFO: Run Behavior\ContentReplaceBehavior [ RunTime:0.010000s ]
INFO: [ template_filter ] --END-- [ RunTime:0.010000s ]
INFO: Run Behavior\ParseTemplateBehavior [ RunTime:0.010000s ]
INFO: [ view_parse ] --END-- [ RunTime:0.010000s ]
INFO: [ view_filter ] --START--
INFO: Run Behavior\WriteHtmlCacheBehavior [ RunTime:0.000000s ]
INFO: Run Behavior\TokenBuildBehavior [ RunTime:0.001000s ]
INFO: [ view_filter ] --END-- [ RunTime:0.001000s ]
INFO: [ app_end ] --START--
INFO: Run Behavior\ShowPageTraceBehavior [ RunTime:0.000000s ]
INFO: [ app_end ] --END-- [ RunTime:0.000000s ]

[ 2017-02-25T15:03:00+08:00 ] 127.0.0.1 /Home/Login/logincl.html
INFO: [ app_init ] --START--
INFO: Run Behavior\BuildLiteBehavior [ RunTime:0.000000s ]
INFO: [ app_init ] --END-- [ RunTime:0.000000s ]
INFO: [ app_begin ] --START--
INFO: Run Behavior\ReadHtmlCacheBehavior [ RunTime:0.001000s ]
INFO: [ app_begin ] --END-- [ RunTime:0.001000s ]
SQL: SHOW COLUMNS FROM `ot_user` [ RunTime:0.0030s ]
SQL: SELECT * FROM `ot_user` WHERE `UE_account` = 'admin@qq.com' LIMIT 1   [ RunTime:0.0150s ]
SQL: SHOW COLUMNS FROM `ot_ppdd` [ RunTime:0.0850s ]
SQL: SELECT * FROM `ot_ppdd` WHERE `g_user` = 'admin@qq.com' AND `zt` = 0  [ RunTime:0.0000s ]
NOTIC: [8] Use of undefined constant ue_id - assumed 'ue_id' F:\Product\03dirsell\User\Home\Controller\LoginController.class.php 第 110 行.
NOTIC: [8] Use of undefined constant ue_account - assumed 'ue_account' F:\Product\03dirsell\User\Home\Controller\LoginController.class.php 第 112 行.
NOTIC: [8] Use of undefined constant ue_account - assumed 'ue_account' F:\Product\03dirsell\User\Home\Controller\LoginController.class.php 第 120 行.
SQL: SHOW COLUMNS FROM `ot_drrz` [ RunTime:0.0160s ]
SQL: INSERT INTO `ot_drrz` (`date`,`ip`,`user`,`leixin`) VALUES ('2017-02-25 15:02:59','','admin@qq.com','0') [ RunTime:0.0010s ]
INFO: [ view_parse ] --START--
INFO: [ template_filter ] --START--
INFO: Run Behavior\ContentReplaceBehavior [ RunTime:0.000000s ]
INFO: [ template_filter ] --END-- [ RunTime:0.000000s ]
INFO: Run Behavior\ParseTemplateBehavior [ RunTime:0.025001s ]
INFO: [ view_parse ] --END-- [ RunTime:0.025001s ]
INFO: [ view_filter ] --START--
INFO: Run Behavior\WriteHtmlCacheBehavior [ RunTime:0.000000s ]
INFO: Run Behavior\TokenBuildBehavior [ RunTime:0.000000s ]
INFO: [ view_filter ] --END-- [ RunTime:0.000000s ]

[ 2017-02-25T15:03:00+08:00 ] 127.0.0.1 /Home/Login/favicon.ico
INFO: [ app_init ] --START--
INFO: Run Behavior\BuildLiteBehavior [ RunTime:0.001000s ]
INFO: [ app_init ] --END-- [ RunTime:0.001000s ]

[ 2017-02-25T15:03:02+08:00 ] 127.0.0.1 /Home/Index/home/
INFO: [ app_init ] --START--
INFO: Run Behavior\BuildLiteBehavior [ RunTime:0.001000s ]
INFO: [ app_init ] --END-- [ RunTime:0.001000s ]
INFO: [ app_begin ] --START--
INFO: Run Behavior\ReadHtmlCacheBehavior [ RunTime:0.001001s ]
INFO: [ app_begin ] --END-- [ RunTime:0.001001s ]
SQL: SHOW COLUMNS FROM `ot_system` [ RunTime:0.0030s ]
SQL: SELECT * FROM `ot_system` WHERE `SYS_ID` = 1 LIMIT 1   [ RunTime:0.0000s ]
SQL: SHOW COLUMNS FROM `ot_user` [ RunTime:0.0040s ]
SQL: SELECT * FROM `ot_user` WHERE `UE_account` = 'admin@qq.com' LIMIT 1   [ RunTime:0.0000s ]
SQL: UPDATE `ot_user` SET `levelname`='高级会员' WHERE `UE_account` = 'admin@qq.com' [ RunTime:0.0000s ]
SQL: SELECT * FROM `ot_user` WHERE `UE_ID` = 61451 LIMIT 1   [ RunTime:0.0000s ]
SQL: SHOW COLUMNS FROM `ot_tgbz` [ RunTime:0.0290s ]
SQL: SELECT COUNT(*) AS tp_count FROM `ot_tgbz` WHERE `user` = 'admin@qq.com' LIMIT 1   [ RunTime:0.0000s ]
SQL: SELECT * FROM `ot_tgbz` WHERE `user` = 'admin@qq.com' ORDER BY id DESC LIMIT 0,100   [ RunTime:0.0010s ]
SQL: SHOW COLUMNS FROM `ot_jsbz` [ RunTime:0.0280s ]
SQL: SELECT COUNT(*) AS tp_count FROM `ot_jsbz` WHERE `user` = 'admin@qq.com' LIMIT 1   [ RunTime:0.0000s ]
SQL: SELECT * FROM `ot_jsbz` WHERE `user` = 'admin@qq.com' ORDER BY id DESC LIMIT 0,100   [ RunTime:0.0000s ]
SQL: SELECT * FROM `ot_jsbz` WHERE `user` = 'admin@qq.com' LIMIT 1   [ RunTime:0.0010s ]
SQL: SHOW COLUMNS FROM `ot_ppdd` [ RunTime:0.0020s ]
SQL: SELECT COUNT(*) AS tp_count FROM `ot_ppdd` WHERE `p_user` = 'admin@qq.com' LIMIT 1   [ RunTime:0.0000s ]
SQL: SELECT * FROM `ot_ppdd` WHERE `p_user` = 'admin@qq.com' ORDER BY id DESC LIMIT 0,100   [ RunTime:0.0000s ]
SQL: SELECT COUNT(*) AS tp_count FROM `ot_ppdd` WHERE `g_user` = 'admin@qq.com' LIMIT 1   [ RunTime:0.0000s ]
SQL: SELECT * FROM `ot_ppdd` WHERE `g_user` = 'admin@qq.com' ORDER BY id DESC LIMIT 0,100   [ RunTime:0.0000s ]
INFO: [ view_parse ] --START--
INFO: [ template_filter ] --START--
INFO: Run Behavior\ContentReplaceBehavior [ RunTime:0.000000s ]
INFO: [ template_filter ] --END-- [ RunTime:0.000000s ]
NOTIC: [8] Undefined variable: a F:\Product\03dirsell\User\Runtime\Cache\Home\9b888f9a05177cc78c87c9cd7e37319c.php 第 1611 行.
INFO: Run Behavior\ParseTemplateBehavior [ RunTime:0.051002s ]
INFO: [ view_parse ] --END-- [ RunTime:0.051002s ]
INFO: [ view_filter ] --START--
INFO: Run Behavior\WriteHtmlCacheBehavior [ RunTime:0.001001s ]
INFO: Run Behavior\TokenBuildBehavior [ RunTime:0.000000s ]
INFO: [ view_filter ] --END-- [ RunTime:0.001001s ]
INFO: [ app_end ] --START--
INFO: Run Behavior\ShowPageTraceBehavior [ RunTime:0.001000s ]
INFO: [ app_end ] --END-- [ RunTime:0.001000s ]

[ 2017-02-25T15:03:02+08:00 ] 127.0.0.1 /Home/Index/home/
INFO: [ app_init ] --START--
INFO: Run Behavior\BuildLiteBehavior [ RunTime:0.000000s ]
INFO: [ app_init ] --END-- [ RunTime:0.000000s ]
INFO: [ app_begin ] --START--
INFO: Run Behavior\ReadHtmlCacheBehavior [ RunTime:0.000000s ]
INFO: [ app_begin ] --END-- [ RunTime:0.000000s ]
SQL: SHOW COLUMNS FROM `ot_system` [ RunTime:0.0020s ]
SQL: SELECT * FROM `ot_system` WHERE `SYS_ID` = 1 LIMIT 1   [ RunTime:0.0000s ]
SQL: SHOW COLUMNS FROM `ot_user` [ RunTime:0.0030s ]
SQL: SELECT * FROM `ot_user` WHERE `UE_account` = 'admin@qq.com' LIMIT 1   [ RunTime:0.0000s ]
SQL: UPDATE `ot_user` SET `levelname`='高级会员' WHERE `UE_account` = 'admin@qq.com' [ RunTime:0.0000s ]
SQL: SELECT * FROM `ot_user` WHERE `UE_ID` = 61451 LIMIT 1   [ RunTime:0.0010s ]
SQL: SHOW COLUMNS FROM `ot_tgbz` [ RunTime:0.0050s ]
SQL: SELECT COUNT(*) AS tp_count FROM `ot_tgbz` WHERE `user` = 'admin@qq.com' LIMIT 1   [ RunTime:0.0000s ]
SQL: SELECT * FROM `ot_tgbz` WHERE `user` = 'admin@qq.com' ORDER BY id DESC LIMIT 0,100   [ RunTime:0.0000s ]
SQL: SHOW COLUMNS FROM `ot_jsbz` [ RunTime:0.0020s ]
SQL: SELECT COUNT(*) AS tp_count FROM `ot_jsbz` WHERE `user` = 'admin@qq.com' LIMIT 1   [ RunTime:0.0000s ]
SQL: SELECT * FROM `ot_jsbz` WHERE `user` = 'admin@qq.com' ORDER BY id DESC LIMIT 0,100   [ RunTime:0.0000s ]
SQL: SELECT * FROM `ot_jsbz` WHERE `user` = 'admin@qq.com' LIMIT 1   [ RunTime:0.0000s ]
SQL: SHOW COLUMNS FROM `ot_ppdd` [ RunTime:0.0020s ]
SQL: SELECT COUNT(*) AS tp_count FROM `ot_ppdd` WHERE `p_user` = 'admin@qq.com' LIMIT 1   [ RunTime:0.0000s ]
SQL: SELECT * FROM `ot_ppdd` WHERE `p_user` = 'admin@qq.com' ORDER BY id DESC LIMIT 0,100   [ RunTime:0.0000s ]
SQL: SELECT COUNT(*) AS tp_count FROM `ot_ppdd` WHERE `g_user` = 'admin@qq.com' LIMIT 1   [ RunTime:0.0000s ]
SQL: SELECT * FROM `ot_ppdd` WHERE `g_user` = 'admin@qq.com' ORDER BY id DESC LIMIT 0,100   [ RunTime:0.0000s ]
INFO: [ view_parse ] --START--
INFO: [ template_filter ] --START--
INFO: Run Behavior\ContentReplaceBehavior [ RunTime:0.000000s ]
INFO: [ template_filter ] --END-- [ RunTime:0.000000s ]
NOTIC: [8] Undefined variable: a F:\Product\03dirsell\User\Runtime\Cache\Home\9b888f9a05177cc78c87c9cd7e37319c.php 第 1611 行.
INFO: Run Behavior\ParseTemplateBehavior [ RunTime:0.025002s ]
INFO: [ view_parse ] --END-- [ RunTime:0.025002s ]
INFO: [ view_filter ] --START--
INFO: Run Behavior\WriteHtmlCacheBehavior [ RunTime:0.000000s ]
INFO: Run Behavior\TokenBuildBehavior [ RunTime:0.000000s ]
INFO: [ view_filter ] --END-- [ RunTime:0.000000s ]
INFO: [ app_end ] --START--
INFO: Run Behavior\ShowPageTraceBehavior [ RunTime:0.001000s ]
INFO: [ app_end ] --END-- [ RunTime:0.001000s ]

[ 2017-02-25T15:07:41+08:00 ] 127.0.0.1 /Home/Myuser/xzzh/
INFO: [ app_init ] --START--
INFO: Run Behavior\BuildLiteBehavior [ RunTime:0.000000s ]
INFO: [ app_init ] --END-- [ RunTime:0.000000s ]
INFO: [ app_begin ] --START--
INFO: Run Behavior\ReadHtmlCacheBehavior [ RunTime:0.000000s ]
INFO: [ app_begin ] --END-- [ RunTime:0.000000s ]
SQL: SHOW COLUMNS FROM `ot_system` [ RunTime:0.0030s ]
SQL: SELECT * FROM `ot_system` WHERE `SYS_ID` = 1 LIMIT 1   [ RunTime:0.0000s ]
SQL: SHOW COLUMNS FROM `ot_user` [ RunTime:0.0030s ]
SQL: SELECT * FROM `ot_user` WHERE `UE_account` = 'admin@qq.com' LIMIT 1   [ RunTime:0.0000s ]
SQL: UPDATE `ot_user` SET `levelname`='高级会员' WHERE `UE_account` = 'admin@qq.com' [ RunTime:0.0000s ]
SQL: SELECT * FROM `ot_user` WHERE `UE_ID` = 61451 LIMIT 1   [ RunTime:0.0010s ]
SQL: SHOW COLUMNS FROM `ot_tgbz` [ RunTime:0.0020s ]
SQL: SELECT COUNT(*) AS tp_count FROM `ot_tgbz` WHERE `user_tjr` = 'admin@qq.com' LIMIT 1   [ RunTime:0.0000s ]
SQL: SELECT * FROM `ot_tgbz` WHERE `user_tjr` = 'admin@qq.com' ORDER BY id DESC LIMIT 0,10   [ RunTime:0.0000s ]
SQL: SHOW COLUMNS FROM `ot_jsbz` [ RunTime:0.0020s ]
SQL: SELECT COUNT(*) AS tp_count FROM `ot_jsbz` WHERE `user_tjr` = 'admin@qq.com' LIMIT 1   [ RunTime:0.0000s ]
SQL: SELECT * FROM `ot_jsbz` WHERE `user_tjr` = 'admin@qq.com' ORDER BY id DESC LIMIT 0,100   [ RunTime:0.0000s ]
INFO: [ view_parse ] --START--
INFO: [ template_filter ] --START--
INFO: Run Behavior\ContentReplaceBehavior [ RunTime:0.001000s ]
INFO: [ template_filter ] --END-- [ RunTime:0.001000s ]
NOTIC: [8] Undefined variable: tgurl F:\Product\03dirsell\User\Runtime\Cache\Home\90eaf8959c76b6ce5cbe92c607759d92.php 第 37 行.
NOTIC: [8] Undefined variable: tgurl F:\Product\03dirsell\User\Runtime\Cache\Home\90eaf8959c76b6ce5cbe92c607759d92.php 第 47 行.
NOTIC: [8] Undefined variable: ztrs F:\Product\03dirsell\User\Runtime\Cache\Home\90eaf8959c76b6ce5cbe92c607759d92.php 第 276 行.
SQL: SELECT * FROM `ot_tgbz` WHERE `id` = 1122 LIMIT 1   [ RunTime:0.0000s ]
NOTIC: [8] Undefined variable: ztrs1 F:\Product\03dirsell\User\Runtime\Cache\Home\90eaf8959c76b6ce5cbe92c607759d92.php 第 279 行.
SQL: SELECT * FROM `ot_tgbz` WHERE `id` = 1122 LIMIT 1   [ RunTime:0.0000s ]
NOTIC: [8] Use of undefined constant UE_account - assumed 'UE_account' F:\Product\03dirsell\User\Home\Common\function.php 第 206 行.
SQL: SELECT * FROM `ot_user` WHERE `UE_account` = '77@qq.com' LIMIT 1   [ RunTime:0.0000s ]
NOTIC: [8] Undefined variable: ztrs F:\Product\03dirsell\User\Runtime\Cache\Home\90eaf8959c76b6ce5cbe92c607759d92.php 第 276 行.
SQL: SELECT * FROM `ot_tgbz` WHERE `id` = 1121 LIMIT 1   [ RunTime:0.0000s ]
NOTIC: [8] Undefined variable: ztrs1 F:\Product\03dirsell\User\Runtime\Cache\Home\90eaf8959c76b6ce5cbe92c607759d92.php 第 279 行.
SQL: SELECT * FROM `ot_tgbz` WHERE `id` = 1121 LIMIT 1   [ RunTime:0.0010s ]
NOTIC: [8] Use of undefined constant UE_account - assumed 'UE_account' F:\Product\03dirsell\User\Home\Common\function.php 第 206 行.
SQL: SELECT * FROM `ot_user` WHERE `UE_account` = 'c2' LIMIT 1   [ RunTime:0.0000s ]
NOTIC: [8] Undefined variable: ztrs F:\Product\03dirsell\User\Runtime\Cache\Home\90eaf8959c76b6ce5cbe92c607759d92.php 第 276 行.
SQL: SELECT * FROM `ot_tgbz` WHERE `id` = 1120 LIMIT 1   [ RunTime:0.0000s ]
NOTIC: [8] Undefined variable: ztrs1 F:\Product\03dirsell\User\Runtime\Cache\Home\90eaf8959c76b6ce5cbe92c607759d92.php 第 279 行.
SQL: SELECT * FROM `ot_tgbz` WHERE `id` = 1120 LIMIT 1   [ RunTime:0.0000s ]
NOTIC: [8] Use of undefined constant UE_account - assumed 'UE_account' F:\Product\03dirsell\User\Home\Common\function.php 第 206 行.
SQL: SELECT * FROM `ot_user` WHERE `UE_account` = 'c2' LIMIT 1   [ RunTime:0.0010s ]
NOTIC: [8] Undefined variable: ztrs F:\Product\03dirsell\User\Runtime\Cache\Home\90eaf8959c76b6ce5cbe92c607759d92.php 第 276 行.
SQL: SELECT * FROM `ot_tgbz` WHERE `id` = 1119 LIMIT 1   [ RunTime:0.0000s ]
NOTIC: [8] Undefined variable: ztrs1 F:\Product\03dirsell\User\Runtime\Cache\Home\90eaf8959c76b6ce5cbe92c607759d92.php 第 279 行.
SQL: SELECT * FROM `ot_tgbz` WHERE `id` = 1119 LIMIT 1   [ RunTime:0.0000s ]
NOTIC: [8] Use of undefined constant UE_account - assumed 'UE_account' F:\Product\03dirsell\User\Home\Common\function.php 第 206 行.
SQL: SELECT * FROM `ot_user` WHERE `UE_account` = 'c2' LIMIT 1   [ RunTime:0.0000s ]
NOTIC: [8] Undefined variable: ztrs F:\Product\03dirsell\User\Runtime\Cache\Home\90eaf8959c76b6ce5cbe92c607759d92.php 第 276 行.
SQL: SELECT * FROM `ot_tgbz` WHERE `id` = 1115 LIMIT 1   [ RunTime:0.0000s ]
NOTIC: [8] Undefined variable: ztrs1 F:\Product\03dirsell\User\Runtime\Cache\Home\90eaf8959c76b6ce5cbe92c607759d92.php 第 279 行.
SQL: SELECT * FROM `ot_tgbz` WHERE `id` = 1115 LIMIT 1   [ RunTime:0.0000s ]
NOTIC: [8] Use of undefined constant UE_account - assumed 'UE_account' F:\Product\03dirsell\User\Home\Common\function.php 第 206 行.
SQL: SELECT * FROM `ot_user` WHERE `UE_account` = 'ccc' LIMIT 1   [ RunTime:0.0000s ]
NOTIC: [8] Undefined variable: ztrs F:\Product\03dirsell\User\Runtime\Cache\Home\90eaf8959c76b6ce5cbe92c607759d92.php 第 276 行.
SQL: SELECT * FROM `ot_tgbz` WHERE `id` = 1091 LIMIT 1   [ RunTime:0.0000s ]
NOTIC: [8] Undefined variable: ztrs1 F:\Product\03dirsell\User\Runtime\Cache\Home\90eaf8959c76b6ce5cbe92c607759d92.php 第 279 行.
SQL: SELECT * FROM `ot_tgbz` WHERE `id` = 1091 LIMIT 1   [ RunTime:0.0000s ]
NOTIC: [8] Use of undefined constant UE_account - assumed 'UE_account' F:\Product\03dirsell\User\Home\Common\function.php 第 206 行.
SQL: SELECT * FROM `ot_user` WHERE `UE_account` = 'cs@qq.com' LIMIT 1   [ RunTime:0.0000s ]
NOTIC: [8] Undefined variable: ztrs F:\Product\03dirsell\User\Runtime\Cache\Home\90eaf8959c76b6ce5cbe92c607759d92.php 第 320 行.
SQL: SELECT * FROM `ot_jsbz` WHERE `id` = 812 LIMIT 1   [ RunTime:0.0000s ]
NOTIC: [8] Undefined variable: ztrs1 F:\Product\03dirsell\User\Runtime\Cache\Home\90eaf8959c76b6ce5cbe92c607759d92.php 第 322 行.
SQL: SELECT * FROM `ot_jsbz` WHERE `id` = 812 LIMIT 1   [ RunTime:0.0000s ]
NOTIC: [8] Use of undefined constant UE_account - assumed 'UE_account' F:\Product\03dirsell\User\Home\Common\function.php 第 237 行.
SQL: SELECT * FROM `ot_user` WHERE `UE_account` = 'ccc' LIMIT 1   [ RunTime:0.0000s ]
NOTIC: [8] Undefined variable: ztrs F:\Product\03dirsell\User\Runtime\Cache\Home\90eaf8959c76b6ce5cbe92c607759d92.php 第 320 行.
SQL: SELECT * FROM `ot_jsbz` WHERE `id` = 811 LIMIT 1   [ RunTime:0.0000s ]
NOTIC: [8] Undefined variable: ztrs1 F:\Product\03dirsell\User\Runtime\Cache\Home\90eaf8959c76b6ce5cbe92c607759d92.php 第 322 行.
SQL: SELECT * FROM `ot_jsbz` WHERE `id` = 811 LIMIT 1   [ RunTime:0.0000s ]
NOTIC: [8] Use of undefined constant UE_account - assumed 'UE_account' F:\Product\03dirsell\User\Home\Common\function.php 第 237 行.
SQL: SELECT * FROM `ot_user` WHERE `UE_account` = 'ccc' LIMIT 1   [ RunTime:0.0000s ]
NOTIC: [8] Undefined variable: ztrs F:\Product\03dirsell\User\Runtime\Cache\Home\90eaf8959c76b6ce5cbe92c607759d92.php 第 320 行.
SQL: SELECT * FROM `ot_jsbz` WHERE `id` = 810 LIMIT 1   [ RunTime:0.0000s ]
NOTIC: [8] Undefined variable: ztrs1 F:\Product\03dirsell\User\Runtime\Cache\Home\90eaf8959c76b6ce5cbe92c607759d92.php 第 322 行.
SQL: SELECT * FROM `ot_jsbz` WHERE `id` = 810 LIMIT 1   [ RunTime:0.0000s ]
NOTIC: [8] Use of undefined constant UE_account - assumed 'UE_account' F:\Product\03dirsell\User\Home\Common\function.php 第 237 行.
SQL: SELECT * FROM `ot_user` WHERE `UE_account` = 'ccc' LIMIT 1   [ RunTime:0.0000s ]
NOTIC: [8] Undefined variable: ztrs F:\Product\03dirsell\User\Runtime\Cache\Home\90eaf8959c76b6ce5cbe92c607759d92.php 第 320 行.
SQL: SELECT * FROM `ot_jsbz` WHERE `id` = 808 LIMIT 1   [ RunTime:0.0000s ]
NOTIC: [8] Undefined variable: ztrs1 F:\Product\03dirsell\User\Runtime\Cache\Home\90eaf8959c76b6ce5cbe92c607759d92.php 第 322 行.
SQL: SELECT * FROM `ot_jsbz` WHERE `id` = 808 LIMIT 1   [ RunTime:0.0000s ]
NOTIC: [8] Use of undefined constant UE_account - assumed 'UE_account' F:\Product\03dirsell\User\Home\Common\function.php 第 237 行.
SQL: SELECT * FROM `ot_user` WHERE `UE_account` = 'c2' LIMIT 1   [ RunTime:0.0000s ]
INFO: Run Behavior\ParseTemplateBehavior [ RunTime:0.052003s ]
INFO: [ view_parse ] --END-- [ RunTime:0.052003s ]
INFO: [ view_filter ] --START--
INFO: Run Behavior\WriteHtmlCacheBehavior [ RunTime:0.000000s ]
INFO: Run Behavior\TokenBuildBehavior [ RunTime:0.000000s ]
INFO: [ view_filter ] --END-- [ RunTime:0.001000s ]
INFO: [ app_end ] --START--
INFO: Run Behavior\ShowPageTraceBehavior [ RunTime:0.001000s ]
INFO: [ app_end ] --END-- [ RunTime:0.001000s ]

[ 2017-02-25T15:07:46+08:00 ] 127.0.0.1 /Home/Myuser/ygsc/
INFO: [ app_init ] --START--
INFO: Run Behavior\BuildLiteBehavior [ RunTime:0.000000s ]
INFO: [ app_init ] --END-- [ RunTime:0.000000s ]
INFO: [ app_begin ] --START--
INFO: Run Behavior\ReadHtmlCacheBehavior [ RunTime:0.000000s ]
INFO: [ app_begin ] --END-- [ RunTime:0.000000s ]
SQL: SHOW COLUMNS FROM `ot_system` [ RunTime:0.0020s ]
SQL: SELECT * FROM `ot_system` WHERE `SYS_ID` = 1 LIMIT 1   [ RunTime:0.0000s ]
SQL: SHOW COLUMNS FROM `ot_user` [ RunTime:0.0030s ]
SQL: SELECT * FROM `ot_user` WHERE `UE_account` = 'admin@qq.com' LIMIT 1   [ RunTime:0.0010s ]
SQL: UPDATE `ot_user` SET `levelname`='高级会员' WHERE `UE_account` = 'admin@qq.com' [ RunTime:0.0000s ]
SQL: SELECT * FROM `ot_user` WHERE `UE_ID` = 61451 LIMIT 1   [ RunTime:0.0000s ]
SQL: SELECT * FROM `ot_user` WHERE `UE_ID` = 61451 LIMIT 1   [ RunTime:0.0010s ]
ERR: 模板不存在:./User/Home/View/default/Myuser/ygsc.html

[ 2017-02-25T15:42:49+08:00 ] 127.0.0.1 /Home/Myuser/
INFO: [ app_init ] --START--
INFO: Run Behavior\BuildLiteBehavior [ RunTime:0.000000s ]
INFO: [ app_init ] --END-- [ RunTime:0.001000s ]
INFO: [ app_begin ] --START--
INFO: Run Behavior\ReadHtmlCacheBehavior [ RunTime:0.001000s ]
INFO: [ app_begin ] --END-- [ RunTime:0.001000s ]
SQL: SHOW COLUMNS FROM `ot_system` [ RunTime:0.0030s ]
SQL: SELECT * FROM `ot_system` WHERE `SYS_ID` = 1 LIMIT 1   [ RunTime:0.0000s ]
SQL: SHOW COLUMNS FROM `ot_user` [ RunTime:0.0030s ]
SQL: SELECT * FROM `ot_user` WHERE `UE_account` = 'admin@qq.com' LIMIT 1   [ RunTime:0.0000s ]
SQL: UPDATE `ot_user` SET `levelname`='高级会员' WHERE `UE_account` = 'admin@qq.com' [ RunTime:0.0000s ]
SQL: SELECT * FROM `ot_user` WHERE `UE_ID` = 61451 LIMIT 1   [ RunTime:0.0000s ]
SQL: SELECT COUNT(*) AS tp_count FROM `ot_user` WHERE `UE_accName` = 'admin@qq.com' LIMIT 1   [ RunTime:0.0000s ]
SQL: SELECT * FROM `ot_user` WHERE `UE_accName` = 'admin@qq.com' ORDER BY UE_ID DESC LIMIT 0,10   [ RunTime:0.0000s ]
SQL: SELECT * FROM `ot_user` WHERE `UE_ID` = 61451 LIMIT 1   [ RunTime:0.0000s ]
INFO: [ view_parse ] --START--
INFO: [ template_filter ] --START--
INFO: Run Behavior\ContentReplaceBehavior [ RunTime:0.000000s ]
INFO: [ template_filter ] --END-- [ RunTime:0.001000s ]
NOTIC: [8] Undefined variable: tgurl F:\Product\03dirsell\User\Runtime\Cache\Home\2ea9978e54dd44c6f035b76408e4b778.php 第 37 行.
NOTIC: [8] Undefined variable: tgurl F:\Product\03dirsell\User\Runtime\Cache\Home\2ea9978e54dd44c6f035b76408e4b778.php 第 47 行.
INFO: Run Behavior\ParseTemplateBehavior [ RunTime:0.039002s ]
INFO: [ view_parse ] --END-- [ RunTime:0.039002s ]
INFO: [ view_filter ] --START--
INFO: Run Behavior\WriteHtmlCacheBehavior [ RunTime:0.000000s ]
INFO: Run Behavior\TokenBuildBehavior [ RunTime:0.000000s ]
INFO: [ view_filter ] --END-- [ RunTime:0.000000s ]
INFO: [ app_end ] --START--
INFO: Run Behavior\ShowPageTraceBehavior [ RunTime:0.001000s ]
INFO: [ app_end ] --END-- [ RunTime:0.001000s ]

[ 2017-02-25T15:43:01+08:00 ] 127.0.0.1 /Home/Myuser/yjsb
INFO: [ app_init ] --START--
INFO: Run Behavior\BuildLiteBehavior [ RunTime:0.000000s ]
INFO: [ app_init ] --END-- [ RunTime:0.000000s ]
INFO: [ app_begin ] --START--
INFO: Run Behavior\ReadHtmlCacheBehavior [ RunTime:0.001000s ]
INFO: [ app_begin ] --END-- [ RunTime:0.001000s ]
SQL: SHOW COLUMNS FROM `ot_system` [ RunTime:0.0020s ]
SQL: SELECT * FROM `ot_system` WHERE `SYS_ID` = 1 LIMIT 1   [ RunTime:0.0000s ]
SQL: SHOW COLUMNS FROM `ot_user` [ RunTime:0.0030s ]
SQL: SELECT * FROM `ot_user` WHERE `UE_account` = 'admin@qq.com' LIMIT 1   [ RunTime:0.0000s ]
SQL: UPDATE `ot_user` SET `levelname`='高级会员' WHERE `UE_account` = 'admin@qq.com' [ RunTime:0.0000s ]
SQL: SELECT * FROM `ot_user` WHERE `UE_ID` = 61451 LIMIT 1   [ RunTime:0.0010s ]
SQL: SELECT COUNT(*) AS tp_count FROM `ot_user` WHERE `zbzh` = 'admin@qq.com' AND `zbqx` = 1 AND `UE_money` >= '100' LIMIT 1   [ RunTime:0.0000s ]
SQL: SELECT * FROM `ot_user` WHERE `zbzh` = 'admin@qq.com' AND `zbqx` = 1 AND `UE_money` >= '100' ORDER BY UE_ID DESC LIMIT 0,12   [ RunTime:0.0000s ]
SQL: SELECT * FROM `ot_user` WHERE `UE_ID` = 61451 LIMIT 1   [ RunTime:0.0000s ]
ERR: 模板不存在:./User/Home/View/default/Myuser/yjsb.html

[ 2017-02-25T15:43:06+08:00 ] 127.0.0.1 /Home/Myuser/
INFO: [ app_init ] --START--
INFO: Run Behavior\BuildLiteBehavior [ RunTime:0.000000s ]
INFO: [ app_init ] --END-- [ RunTime:0.000000s ]
INFO: [ app_begin ] --START--
INFO: Run Behavior\ReadHtmlCacheBehavior [ RunTime:0.001000s ]
INFO: [ app_begin ] --END-- [ RunTime:0.001000s ]
SQL: SHOW COLUMNS FROM `ot_system` [ RunTime:0.0030s ]
SQL: SELECT * FROM `ot_system` WHERE `SYS_ID` = 1 LIMIT 1   [ RunTime:0.0000s ]
SQL: SHOW COLUMNS FROM `ot_user` [ RunTime:0.0030s ]
SQL: SELECT * FROM `ot_user` WHERE `UE_account` = 'admin@qq.com' LIMIT 1   [ RunTime:0.0010s ]
SQL: UPDATE `ot_user` SET `levelname`='高级会员' WHERE `UE_account` = 'admin@qq.com' [ RunTime:0.0000s ]
SQL: SELECT * FROM `ot_user` WHERE `UE_ID` = 61451 LIMIT 1   [ RunTime:0.0000s ]
SQL: SELECT COUNT(*) AS tp_count FROM `ot_user` WHERE `UE_accName` = 'admin@qq.com' LIMIT 1   [ RunTime:0.0010s ]
SQL: SELECT * FROM `ot_user` WHERE `UE_accName` = 'admin@qq.com' ORDER BY UE_ID DESC LIMIT 0,10   [ RunTime:0.0000s ]
SQL: SELECT * FROM `ot_user` WHERE `UE_ID` = 61451 LIMIT 1   [ RunTime:0.0010s ]
INFO: [ view_parse ] --START--
INFO: [ template_filter ] --START--
INFO: Run Behavior\ContentReplaceBehavior [ RunTime:0.000000s ]
INFO: [ template_filter ] --END-- [ RunTime:0.001000s ]
NOTIC: [8] Undefined variable: tgurl F:\Product\03dirsell\User\Runtime\Cache\Home\2ea9978e54dd44c6f035b76408e4b778.php 第 37 行.
NOTIC: [8] Undefined variable: tgurl F:\Product\03dirsell\User\Runtime\Cache\Home\2ea9978e54dd44c6f035b76408e4b778.php 第 47 行.
INFO: Run Behavior\ParseTemplateBehavior [ RunTime:0.006000s ]
INFO: [ view_parse ] --END-- [ RunTime:0.006000s ]
INFO: [ view_filter ] --START--
INFO: Run Behavior\WriteHtmlCacheBehavior [ RunTime:0.001000s ]
INFO: Run Behavior\TokenBuildBehavior [ RunTime:0.000000s ]
INFO: [ view_filter ] --END-- [ RunTime:0.001000s ]
INFO: [ app_end ] --START--
INFO: Run Behavior\ShowPageTraceBehavior [ RunTime:0.000000s ]
INFO: [ app_end ] --END-- [ RunTime:0.000000s ]

[ 2017-02-25T15:43:08+08:00 ] 127.0.0.1 /Home/Myuser/xzzh/
INFO: [ app_init ] --START--
INFO: Run Behavior\BuildLiteBehavior [ RunTime:0.000000s ]
INFO: [ app_init ] --END-- [ RunTime:0.000000s ]
INFO: [ app_begin ] --START--
INFO: Run Behavior\ReadHtmlCacheBehavior [ RunTime:0.000000s ]
INFO: [ app_begin ] --END-- [ RunTime:0.000000s ]
SQL: SHOW COLUMNS FROM `ot_system` [ RunTime:0.0020s ]
SQL: SELECT * FROM `ot_system` WHERE `SYS_ID` = 1 LIMIT 1   [ RunTime:0.0000s ]
SQL: SHOW COLUMNS FROM `ot_user` [ RunTime:0.0030s ]
SQL: SELECT * FROM `ot_user` WHERE `UE_account` = 'admin@qq.com' LIMIT 1   [ RunTime:0.0000s ]
SQL: UPDATE `ot_user` SET `levelname`='高级会员' WHERE `UE_account` = 'admin@qq.com' [ RunTime:0.0000s ]
SQL: SELECT * FROM `ot_user` WHERE `UE_ID` = 61451 LIMIT 1   [ RunTime:0.0000s ]
SQL: SHOW COLUMNS FROM `ot_tgbz` [ RunTime:0.0020s ]
SQL: SELECT COUNT(*) AS tp_count FROM `ot_tgbz` WHERE `user_tjr` = 'admin@qq.com' LIMIT 1   [ RunTime:0.0000s ]
SQL: SELECT * FROM `ot_tgbz` WHERE `user_tjr` = 'admin@qq.com' ORDER BY id DESC LIMIT 0,10   [ RunTime:0.0010s ]
SQL: SHOW COLUMNS FROM `ot_jsbz` [ RunTime:0.0020s ]
SQL: SELECT COUNT(*) AS tp_count FROM `ot_jsbz` WHERE `user_tjr` = 'admin@qq.com' LIMIT 1   [ RunTime:0.0010s ]
SQL: SELECT * FROM `ot_jsbz` WHERE `user_tjr` = 'admin@qq.com' ORDER BY id DESC LIMIT 0,100   [ RunTime:0.0000s ]
INFO: [ view_parse ] --START--
INFO: [ template_filter ] --START--
INFO: Run Behavior\ContentReplaceBehavior [ RunTime:0.001000s ]
INFO: [ template_filter ] --END-- [ RunTime:0.001000s ]
NOTIC: [8] Undefined variable: tgurl F:\Product\03dirsell\User\Runtime\Cache\Home\90eaf8959c76b6ce5cbe92c607759d92.php 第 37 行.
NOTIC: [8] Undefined variable: tgurl F:\Product\03dirsell\User\Runtime\Cache\Home\90eaf8959c76b6ce5cbe92c607759d92.php 第 47 行.
NOTIC: [8] Undefined variable: ztrs F:\Product\03dirsell\User\Runtime\Cache\Home\90eaf8959c76b6ce5cbe92c607759d92.php 第 276 行.
SQL: SELECT * FROM `ot_tgbz` WHERE `id` = 1122 LIMIT 1   [ RunTime:0.0000s ]
NOTIC: [8] Undefined variable: ztrs1 F:\Product\03dirsell\User\Runtime\Cache\Home\90eaf8959c76b6ce5cbe92c607759d92.php 第 279 行.
SQL: SELECT * FROM `ot_tgbz` WHERE `id` = 1122 LIMIT 1   [ RunTime:0.0000s ]
NOTIC: [8] Use of undefined constant UE_account - assumed 'UE_account' F:\Product\03dirsell\User\Home\Common\function.php 第 206 行.
SQL: SELECT * FROM `ot_user` WHERE `UE_account` = '77@qq.com' LIMIT 1   [ RunTime:0.0000s ]
NOTIC: [8] Undefined variable: ztrs F:\Product\03dirsell\User\Runtime\Cache\Home\90eaf8959c76b6ce5cbe92c607759d92.php 第 276 行.
SQL: SELECT * FROM `ot_tgbz` WHERE `id` = 1121 LIMIT 1   [ RunTime:0.0000s ]
NOTIC: [8] Undefined variable: ztrs1 F:\Product\03dirsell\User\Runtime\Cache\Home\90eaf8959c76b6ce5cbe92c607759d92.php 第 279 行.
SQL: SELECT * FROM `ot_tgbz` WHERE `id` = 1121 LIMIT 1   [ RunTime:0.0000s ]
NOTIC: [8] Use of undefined constant UE_account - assumed 'UE_account' F:\Product\03dirsell\User\Home\Common\function.php 第 206 行.
SQL: SELECT * FROM `ot_user` WHERE `UE_account` = 'c2' LIMIT 1   [ RunTime:0.0010s ]
NOTIC: [8] Undefined variable: ztrs F:\Product\03dirsell\User\Runtime\Cache\Home\90eaf8959c76b6ce5cbe92c607759d92.php 第 276 行.
SQL: SELECT * FROM `ot_tgbz` WHERE `id` = 1120 LIMIT 1   [ RunTime:0.0000s ]
NOTIC: [8] Undefined variable: ztrs1 F:\Product\03dirsell\User\Runtime\Cache\Home\90eaf8959c76b6ce5cbe92c607759d92.php 第 279 行.
SQL: SELECT * FROM `ot_tgbz` WHERE `id` = 1120 LIMIT 1   [ RunTime:0.0000s ]
NOTIC: [8] Use of undefined constant UE_account - assumed 'UE_account' F:\Product\03dirsell\User\Home\Common\function.php 第 206 行.
SQL: SELECT * FROM `ot_user` WHERE `UE_account` = 'c2' LIMIT 1   [ RunTime:0.0000s ]
NOTIC: [8] Undefined variable: ztrs F:\Product\03dirsell\User\Runtime\Cache\Home\90eaf8959c76b6ce5cbe92c607759d92.php 第 276 行.
SQL: SELECT * FROM `ot_tgbz` WHERE `id` = 1119 LIMIT 1   [ RunTime:0.0000s ]
NOTIC: [8] Undefined variable: ztrs1 F:\Product\03dirsell\User\Runtime\Cache\Home\90eaf8959c76b6ce5cbe92c607759d92.php 第 279 行.
SQL: SELECT * FROM `ot_tgbz` WHERE `id` = 1119 LIMIT 1   [ RunTime:0.0000s ]
NOTIC: [8] Use of undefined constant UE_account - assumed 'UE_account' F:\Product\03dirsell\User\Home\Common\function.php 第 206 行.
SQL: SELECT * FROM `ot_user` WHERE `UE_account` = 'c2' LIMIT 1   [ RunTime:0.0000s ]
NOTIC: [8] Undefined variable: ztrs F:\Product\03dirsell\User\Runtime\Cache\Home\90eaf8959c76b6ce5cbe92c607759d92.php 第 276 行.
SQL: SELECT * FROM `ot_tgbz` WHERE `id` = 1115 LIMIT 1   [ RunTime:0.0000s ]
NOTIC: [8] Undefined variable: ztrs1 F:\Product\03dirsell\User\Runtime\Cache\Home\90eaf8959c76b6ce5cbe92c607759d92.php 第 279 行.
SQL: SELECT * FROM `ot_tgbz` WHERE `id` = 1115 LIMIT 1   [ RunTime:0.0000s ]
NOTIC: [8] Use of undefined constant UE_account - assumed 'UE_account' F:\Product\03dirsell\User\Home\Common\function.php 第 206 行.
SQL: SELECT * FROM `ot_user` WHERE `UE_account` = 'ccc' LIMIT 1   [ RunTime:0.0000s ]
NOTIC: [8] Undefined variable: ztrs F:\Product\03dirsell\User\Runtime\Cache\Home\90eaf8959c76b6ce5cbe92c607759d92.php 第 276 行.
SQL: SELECT * FROM `ot_tgbz` WHERE `id` = 1091 LIMIT 1   [ RunTime:0.0000s ]
NOTIC: [8] Undefined variable: ztrs1 F:\Product\03dirsell\User\Runtime\Cache\Home\90eaf8959c76b6ce5cbe92c607759d92.php 第 279 行.
SQL: SELECT * FROM `ot_tgbz` WHERE `id` = 1091 LIMIT 1   [ RunTime:0.0000s ]
NOTIC: [8] Use of undefined constant UE_account - assumed 'UE_account' F:\Product\03dirsell\User\Home\Common\function.php 第 206 行.
SQL: SELECT * FROM `ot_user` WHERE `UE_account` = 'cs@qq.com' LIMIT 1   [ RunTime:0.0010s ]
NOTIC: [8] Undefined variable: ztrs F:\Product\03dirsell\User\Runtime\Cache\Home\90eaf8959c76b6ce5cbe92c607759d92.php 第 320 行.
SQL: SELECT * FROM `ot_jsbz` WHERE `id` = 812 LIMIT 1   [ RunTime:0.0000s ]
NOTIC: [8] Undefined variable: ztrs1 F:\Product\03dirsell\User\Runtime\Cache\Home\90eaf8959c76b6ce5cbe92c607759d92.php 第 322 行.
SQL: SELECT * FROM `ot_jsbz` WHERE `id` = 812 LIMIT 1   [ RunTime:0.0000s ]
NOTIC: [8] Use of undefined constant UE_account - assumed 'UE_account' F:\Product\03dirsell\User\Home\Common\function.php 第 237 行.
SQL: SELECT * FROM `ot_user` WHERE `UE_account` = 'ccc' LIMIT 1   [ RunTime:0.0000s ]
NOTIC: [8] Undefined variable: ztrs F:\Product\03dirsell\User\Runtime\Cache\Home\90eaf8959c76b6ce5cbe92c607759d92.php 第 320 行.
SQL: SELECT * FROM `ot_jsbz` WHERE `id` = 811 LIMIT 1   [ RunTime:0.0000s ]
NOTIC: [8] Undefined variable: ztrs1 F:\Product\03dirsell\User\Runtime\Cache\Home\90eaf8959c76b6ce5cbe92c607759d92.php 第 322 行.
SQL: SELECT * FROM `ot_jsbz` WHERE `id` = 811 LIMIT 1   [ RunTime:0.0000s ]
NOTIC: [8] Use of undefined constant UE_account - assumed 'UE_account' F:\Product\03dirsell\User\Home\Common\function.php 第 237 行.
SQL: SELECT * FROM `ot_user` WHERE `UE_account` = 'ccc' LIMIT 1   [ RunTime:0.0000s ]
NOTIC: [8] Undefined variable: ztrs F:\Product\03dirsell\User\Runtime\Cache\Home\90eaf8959c76b6ce5cbe92c607759d92.php 第 320 行.
SQL: SELECT * FROM `ot_jsbz` WHERE `id` = 810 LIMIT 1   [ RunTime:0.0000s ]
NOTIC: [8] Undefined variable: ztrs1 F:\Product\03dirsell\User\Runtime\Cache\Home\90eaf8959c76b6ce5cbe92c607759d92.php 第 322 行.
SQL: SELECT * FROM `ot_jsbz` WHERE `id` = 810 LIMIT 1   [ RunTime:0.0000s ]
NOTIC: [8] Use of undefined constant UE_account - assumed 'UE_account' F:\Product\03dirsell\User\Home\Common\function.php 第 237 行.
SQL: SELECT * FROM `ot_user` WHERE `UE_account` = 'ccc' LIMIT 1   [ RunTime:0.0000s ]
NOTIC: [8] Undefined variable: ztrs F:\Product\03dirsell\User\Runtime\Cache\Home\90eaf8959c76b6ce5cbe92c607759d92.php 第 320 行.
SQL: SELECT * FROM `ot_jsbz` WHERE `id` = 808 LIMIT 1   [ RunTime:0.0010s ]
NOTIC: [8] Undefined variable: ztrs1 F:\Product\03dirsell\User\Runtime\Cache\Home\90eaf8959c76b6ce5cbe92c607759d92.php 第 322 行.
SQL: SELECT * FROM `ot_jsbz` WHERE `id` = 808 LIMIT 1   [ RunTime:0.0000s ]
NOTIC: [8] Use of undefined constant UE_account - assumed 'UE_account' F:\Product\03dirsell\User\Home\Common\function.php 第 237 行.
SQL: SELECT * FROM `ot_user` WHERE `UE_account` = 'c2' LIMIT 1   [ RunTime:0.0000s ]
INFO: Run Behavior\ParseTemplateBehavior [ RunTime:0.019001s ]
INFO: [ view_parse ] --END-- [ RunTime:0.019001s ]
INFO: [ view_filter ] --START--
INFO: Run Behavior\WriteHtmlCacheBehavior [ RunTime:0.000000s ]
INFO: Run Behavior\TokenBuildBehavior [ RunTime:0.001000s ]
INFO: [ view_filter ] --END-- [ RunTime:0.001000s ]
INFO: [ app_end ] --START--
INFO: Run Behavior\ShowPageTraceBehavior [ RunTime:0.000000s ]
INFO: [ app_end ] --END-- [ RunTime:0.000000s ]

[ 2017-02-25T15:43:12+08:00 ] 127.0.0.1 /Home/Myuser/yjsb/
INFO: [ app_init ] --START--
INFO: Run Behavior\BuildLiteBehavior [ RunTime:0.000000s ]
INFO: [ app_init ] --END-- [ RunTime:0.000000s ]
INFO: [ app_begin ] --START--
INFO: Run Behavior\ReadHtmlCacheBehavior [ RunTime:0.000000s ]
INFO: [ app_begin ] --END-- [ RunTime:0.000000s ]
SQL: SHOW COLUMNS FROM `ot_system` [ RunTime:0.0020s ]
SQL: SELECT * FROM `ot_system` WHERE `SYS_ID` = 1 LIMIT 1   [ RunTime:0.0000s ]
SQL: SHOW COLUMNS FROM `ot_user` [ RunTime:0.0030s ]
SQL: SELECT * FROM `ot_user` WHERE `UE_account` = 'admin@qq.com' LIMIT 1   [ RunTime:0.0000s ]
SQL: UPDATE `ot_user` SET `levelname`='高级会员' WHERE `UE_account` = 'admin@qq.com' [ RunTime:0.0000s ]
SQL: SELECT * FROM `ot_user` WHERE `UE_ID` = 61451 LIMIT 1   [ RunTime:0.0000s ]
SQL: SELECT COUNT(*) AS tp_count FROM `ot_user` WHERE `zbzh` = 'admin@qq.com' AND `zbqx` = 1 AND `UE_money` >= '100' LIMIT 1   [ RunTime:0.0000s ]
SQL: SELECT * FROM `ot_user` WHERE `zbzh` = 'admin@qq.com' AND `zbqx` = 1 AND `UE_money` >= '100' ORDER BY UE_ID DESC LIMIT 0,12   [ RunTime:0.0000s ]
SQL: SELECT * FROM `ot_user` WHERE `UE_ID` = 61451 LIMIT 1   [ RunTime:0.0000s ]
ERR: 模板不存在:./User/Home/View/default/Myuser/yjsb.html

[ 2017-02-25T16:23:05+08:00 ] 127.0.0.1 /Home/Myuser/xzzh/
INFO: [ app_init ] --START--
INFO: Run Behavior\BuildLiteBehavior [ RunTime:0.000000s ]
INFO: [ app_init ] --END-- [ RunTime:0.000000s ]
INFO: [ app_begin ] --START--
INFO: Run Behavior\ReadHtmlCacheBehavior [ RunTime:0.000000s ]
INFO: [ app_begin ] --END-- [ RunTime:0.000000s ]
SQL: SHOW COLUMNS FROM `ot_system` [ RunTime:0.0030s ]
SQL: SELECT * FROM `ot_system` WHERE `SYS_ID` = 1 LIMIT 1   [ RunTime:0.0000s ]
SQL: SHOW COLUMNS FROM `ot_user` [ RunTime:0.0030s ]
SQL: SELECT * FROM `ot_user` WHERE `UE_account` = 'admin@qq.com' LIMIT 1   [ RunTime:0.0010s ]
SQL: UPDATE `ot_user` SET `levelname`='高级会员' WHERE `UE_account` = 'admin@qq.com' [ RunTime:0.0000s ]
SQL: SELECT * FROM `ot_user` WHERE `UE_ID` = 61451 LIMIT 1   [ RunTime:0.0010s ]
SQL: SHOW COLUMNS FROM `ot_tgbz` [ RunTime:0.0030s ]
SQL: SELECT COUNT(*) AS tp_count FROM `ot_tgbz` WHERE `user_tjr` = 'admin@qq.com' LIMIT 1   [ RunTime:0.0000s ]
SQL: SELECT * FROM `ot_tgbz` WHERE `user_tjr` = 'admin@qq.com' ORDER BY id DESC LIMIT 0,10   [ RunTime:0.0000s ]
SQL: SHOW COLUMNS FROM `ot_jsbz` [ RunTime:0.0030s ]
SQL: SELECT COUNT(*) AS tp_count FROM `ot_jsbz` WHERE `user_tjr` = 'admin@qq.com' LIMIT 1   [ RunTime:0.0000s ]
SQL: SELECT * FROM `ot_jsbz` WHERE `user_tjr` = 'admin@qq.com' ORDER BY id DESC LIMIT 0,100   [ RunTime:0.0000s ]
INFO: [ view_parse ] --START--
INFO: [ template_filter ] --START--
INFO: Run Behavior\ContentReplaceBehavior [ RunTime:0.000000s ]
INFO: [ template_filter ] --END-- [ RunTime:0.000000s ]
NOTIC: [8] Undefined variable: tgurl F:\Product\03dirsell\User\Runtime\Cache\Home\90eaf8959c76b6ce5cbe92c607759d92.php 第 37 行.
NOTIC: [8] Undefined variable: tgurl F:\Product\03dirsell\User\Runtime\Cache\Home\90eaf8959c76b6ce5cbe92c607759d92.php 第 47 行.
NOTIC: [8] Undefined variable: ztrs F:\Product\03dirsell\User\Runtime\Cache\Home\90eaf8959c76b6ce5cbe92c607759d92.php 第 276 行.
SQL: SELECT * FROM `ot_tgbz` WHERE `id` = 1122 LIMIT 1   [ RunTime:0.0000s ]
NOTIC: [8] Undefined variable: ztrs1 F:\Product\03dirsell\User\Runtime\Cache\Home\90eaf8959c76b6ce5cbe92c607759d92.php 第 279 行.
SQL: SELECT * FROM `ot_tgbz` WHERE `id` = 1122 LIMIT 1   [ RunTime:0.0000s ]
NOTIC: [8] Use of undefined constant UE_account - assumed 'UE_account' F:\Product\03dirsell\User\Home\Common\function.php 第 206 行.
SQL: SELECT * FROM `ot_user` WHERE `UE_account` = '77@qq.com' LIMIT 1   [ RunTime:0.0000s ]
NOTIC: [8] Undefined variable: ztrs F:\Product\03dirsell\User\Runtime\Cache\Home\90eaf8959c76b6ce5cbe92c607759d92.php 第 276 行.
SQL: SELECT * FROM `ot_tgbz` WHERE `id` = 1121 LIMIT 1   [ RunTime:0.0000s ]
NOTIC: [8] Undefined variable: ztrs1 F:\Product\03dirsell\User\Runtime\Cache\Home\90eaf8959c76b6ce5cbe92c607759d92.php 第 279 行.
SQL: SELECT * FROM `ot_tgbz` WHERE `id` = 1121 LIMIT 1   [ RunTime:0.0000s ]
NOTIC: [8] Use of undefined constant UE_account - assumed 'UE_account' F:\Product\03dirsell\User\Home\Common\function.php 第 206 行.
SQL: SELECT * FROM `ot_user` WHERE `UE_account` = 'c2' LIMIT 1   [ RunTime:0.0010s ]
NOTIC: [8] Undefined variable: ztrs F:\Product\03dirsell\User\Runtime\Cache\Home\90eaf8959c76b6ce5cbe92c607759d92.php 第 276 行.
SQL: SELECT * FROM `ot_tgbz` WHERE `id` = 1120 LIMIT 1   [ RunTime:0.0000s ]
NOTIC: [8] Undefined variable: ztrs1 F:\Product\03dirsell\User\Runtime\Cache\Home\90eaf8959c76b6ce5cbe92c607759d92.php 第 279 行.
SQL: SELECT * FROM `ot_tgbz` WHERE `id` = 1120 LIMIT 1   [ RunTime:0.0000s ]
NOTIC: [8] Use of undefined constant UE_account - assumed 'UE_account' F:\Product\03dirsell\User\Home\Common\function.php 第 206 行.
SQL: SELECT * FROM `ot_user` WHERE `UE_account` = 'c2' LIMIT 1   [ RunTime:0.0000s ]
NOTIC: [8] Undefined variable: ztrs F:\Product\03dirsell\User\Runtime\Cache\Home\90eaf8959c76b6ce5cbe92c607759d92.php 第 276 行.
SQL: SELECT * FROM `ot_tgbz` WHERE `id` = 1119 LIMIT 1   [ RunTime:0.0010s ]
NOTIC: [8] Undefined variable: ztrs1 F:\Product\03dirsell\User\Runtime\Cache\Home\90eaf8959c76b6ce5cbe92c607759d92.php 第 279 行.
SQL: SELECT * FROM `ot_tgbz` WHERE `id` = 1119 LIMIT 1   [ RunTime:0.0000s ]
NOTIC: [8] Use of undefined constant UE_account - assumed 'UE_account' F:\Product\03dirsell\User\Home\Common\function.php 第 206 行.
SQL: SELECT * FROM `ot_user` WHERE `UE_account` = 'c2' LIMIT 1   [ RunTime:0.0000s ]
NOTIC: [8] Undefined variable: ztrs F:\Product\03dirsell\User\Runtime\Cache\Home\90eaf8959c76b6ce5cbe92c607759d92.php 第 276 行.
SQL: SELECT * FROM `ot_tgbz` WHERE `id` = 1115 LIMIT 1   [ RunTime:0.0000s ]
NOTIC: [8] Undefined variable: ztrs1 F:\Product\03dirsell\User\Runtime\Cache\Home\90eaf8959c76b6ce5cbe92c607759d92.php 第 279 行.
SQL: SELECT * FROM `ot_tgbz` WHERE `id` = 1115 LIMIT 1   [ RunTime:0.0010s ]
NOTIC: [8] Use of undefined constant UE_account - assumed 'UE_account' F:\Product\03dirsell\User\Home\Common\function.php 第 206 行.
SQL: SELECT * FROM `ot_user` WHERE `UE_account` = 'ccc' LIMIT 1   [ RunTime:0.0000s ]
NOTIC: [8] Undefined variable: ztrs F:\Product\03dirsell\User\Runtime\Cache\Home\90eaf8959c76b6ce5cbe92c607759d92.php 第 276 行.
SQL: SELECT * FROM `ot_tgbz` WHERE `id` = 1091 LIMIT 1   [ RunTime:0.0000s ]
NOTIC: [8] Undefined variable: ztrs1 F:\Product\03dirsell\User\Runtime\Cache\Home\90eaf8959c76b6ce5cbe92c607759d92.php 第 279 行.
SQL: SELECT * FROM `ot_tgbz` WHERE `id` = 1091 LIMIT 1   [ RunTime:0.0000s ]
NOTIC: [8] Use of undefined constant UE_account - assumed 'UE_account' F:\Product\03dirsell\User\Home\Common\function.php 第 206 行.
SQL: SELECT * FROM `ot_user` WHERE `UE_account` = 'cs@qq.com' LIMIT 1   [ RunTime:0.0000s ]
NOTIC: [8] Undefined variable: ztrs F:\Product\03dirsell\User\Runtime\Cache\Home\90eaf8959c76b6ce5cbe92c607759d92.php 第 320 行.
SQL: SELECT * FROM `ot_jsbz` WHERE `id` = 812 LIMIT 1   [ RunTime:0.0000s ]
NOTIC: [8] Undefined variable: ztrs1 F:\Product\03dirsell\User\Runtime\Cache\Home\90eaf8959c76b6ce5cbe92c607759d92.php 第 322 行.
SQL: SELECT * FROM `ot_jsbz` WHERE `id` = 812 LIMIT 1   [ RunTime:0.0000s ]
NOTIC: [8] Use of undefined constant UE_account - assumed 'UE_account' F:\Product\03dirsell\User\Home\Common\function.php 第 237 行.
SQL: SELECT * FROM `ot_user` WHERE `UE_account` = 'ccc' LIMIT 1   [ RunTime:0.0000s ]
NOTIC: [8] Undefined variable: ztrs F:\Product\03dirsell\User\Runtime\Cache\Home\90eaf8959c76b6ce5cbe92c607759d92.php 第 320 行.
SQL: SELECT * FROM `ot_jsbz` WHERE `id` = 811 LIMIT 1   [ RunTime:0.0000s ]
NOTIC: [8] Undefined variable: ztrs1 F:\Product\03dirsell\User\Runtime\Cache\Home\90eaf8959c76b6ce5cbe92c607759d92.php 第 322 行.
SQL: SELECT * FROM `ot_jsbz` WHERE `id` = 811 LIMIT 1   [ RunTime:0.0010s ]
NOTIC: [8] Use of undefined constant UE_account - assumed 'UE_account' F:\Product\03dirsell\User\Home\Common\function.php 第 237 行.
SQL: SELECT * FROM `ot_user` WHERE `UE_account` = 'ccc' LIMIT 1   [ RunTime:0.0000s ]
NOTIC: [8] Undefined variable: ztrs F:\Product\03dirsell\User\Runtime\Cache\Home\90eaf8959c76b6ce5cbe92c607759d92.php 第 320 行.
SQL: SELECT * FROM `ot_jsbz` WHERE `id` = 810 LIMIT 1   [ RunTime:0.0000s ]
NOTIC: [8] Undefined variable: ztrs1 F:\Product\03dirsell\User\Runtime\Cache\Home\90eaf8959c76b6ce5cbe92c607759d92.php 第 322 行.
SQL: SELECT * FROM `ot_jsbz` WHERE `id` = 810 LIMIT 1   [ RunTime:0.0000s ]
NOTIC: [8] Use of undefined constant UE_account - assumed 'UE_account' F:\Product\03dirsell\User\Home\Common\function.php 第 237 行.
SQL: SELECT * FROM `ot_user` WHERE `UE_account` = 'ccc' LIMIT 1   [ RunTime:0.0010s ]
NOTIC: [8] Undefined variable: ztrs F:\Product\03dirsell\User\Runtime\Cache\Home\90eaf8959c76b6ce5cbe92c607759d92.php 第 320 行.
SQL: SELECT * FROM `ot_jsbz` WHERE `id` = 808 LIMIT 1   [ RunTime:0.0000s ]
NOTIC: [8] Undefined variable: ztrs1 F:\Product\03dirsell\User\Runtime\Cache\Home\90eaf8959c76b6ce5cbe92c607759d92.php 第 322 行.
SQL: SELECT * FROM `ot_jsbz` WHERE `id` = 808 LIMIT 1   [ RunTime:0.0000s ]
NOTIC: [8] Use of undefined constant UE_account - assumed 'UE_account' F:\Product\03dirsell\User\Home\Common\function.php 第 237 行.
SQL: SELECT * FROM `ot_user` WHERE `UE_account` = 'c2' LIMIT 1   [ RunTime:0.0000s ]
INFO: Run Behavior\ParseTemplateBehavior [ RunTime:0.025001s ]
INFO: [ view_parse ] --END-- [ RunTime:0.025001s ]
INFO: [ view_filter ] --START--
INFO: Run Behavior\WriteHtmlCacheBehavior [ RunTime:0.001001s ]
INFO: Run Behavior\TokenBuildBehavior [ RunTime:0.000000s ]
INFO: [ view_filter ] --END-- [ RunTime:0.001001s ]
INFO: [ app_end ] --START--
INFO: Run Behavior\ShowPageTraceBehavior [ RunTime:0.001000s ]
INFO: [ app_end ] --END-- [ RunTime:0.001000s ]

[ 2017-02-25T16:23:10+08:00 ] 127.0.0.1 /Home/Myuser/
INFO: [ app_init ] --START--
INFO: Run Behavior\BuildLiteBehavior [ RunTime:0.000000s ]
INFO: [ app_init ] --END-- [ RunTime:0.000000s ]
INFO: [ app_begin ] --START--
INFO: Run Behavior\ReadHtmlCacheBehavior [ RunTime:0.002000s ]
INFO: [ app_begin ] --END-- [ RunTime:0.002000s ]
SQL: SHOW COLUMNS FROM `ot_system` [ RunTime:0.0020s ]
SQL: SELECT * FROM `ot_system` WHERE `SYS_ID` = 1 LIMIT 1   [ RunTime:0.0000s ]
SQL: SHOW COLUMNS FROM `ot_user` [ RunTime:0.0030s ]
SQL: SELECT * FROM `ot_user` WHERE `UE_account` = 'admin@qq.com' LIMIT 1   [ RunTime:0.0010s ]
SQL: UPDATE `ot_user` SET `levelname`='高级会员' WHERE `UE_account` = 'admin@qq.com' [ RunTime:0.0010s ]
SQL: SELECT * FROM `ot_user` WHERE `UE_ID` = 61451 LIMIT 1   [ RunTime:0.0000s ]
SQL: SELECT COUNT(*) AS tp_count FROM `ot_user` WHERE `UE_accName` = 'admin@qq.com' LIMIT 1   [ RunTime:0.0010s ]
SQL: SELECT * FROM `ot_user` WHERE `UE_accName` = 'admin@qq.com' ORDER BY UE_ID DESC LIMIT 0,10   [ RunTime:0.0010s ]
SQL: SELECT * FROM `ot_user` WHERE `UE_ID` = 61451 LIMIT 1   [ RunTime:0.0000s ]
INFO: [ view_parse ] --START--
INFO: [ template_filter ] --START--
INFO: Run Behavior\ContentReplaceBehavior [ RunTime:0.000000s ]
INFO: [ template_filter ] --END-- [ RunTime:0.000000s ]
NOTIC: [8] Undefined variable: tgurl F:\Product\03dirsell\User\Runtime\Cache\Home\2ea9978e54dd44c6f035b76408e4b778.php 第 37 行.
NOTIC: [8] Undefined variable: tgurl F:\Product\03dirsell\User\Runtime\Cache\Home\2ea9978e54dd44c6f035b76408e4b778.php 第 47 行.
INFO: Run Behavior\ParseTemplateBehavior [ RunTime:0.006001s ]
INFO: [ view_parse ] --END-- [ RunTime:0.007001s ]
INFO: [ view_filter ] --START--
INFO: Run Behavior\WriteHtmlCacheBehavior [ RunTime:0.000000s ]
INFO: Run Behavior\TokenBuildBehavior [ RunTime:0.000000s ]
INFO: [ view_filter ] --END-- [ RunTime:0.000000s ]
INFO: [ app_end ] --START--
INFO: Run Behavior\ShowPageTraceBehavior [ RunTime:0.000000s ]
INFO: [ app_end ] --END-- [ RunTime:0.000000s ]

