[ 2017-02-26T14:37:30+08:00 ] 127.0.0.1 /
INFO: [ app_init ] --START--
INFO: Run Behavior\BuildLiteBehavior [ RunTime:0.000000s ]
INFO: [ app_init ] --END-- [ RunTime:0.000000s ]
INFO: [ app_begin ] --START--
INFO: Run Behavior\ReadHtmlCacheBehavior [ RunTime:0.001000s ]
INFO: [ app_begin ] --END-- [ RunTime:0.001000s ]
SQL: SHOW COLUMNS FROM `ot_system` [ RunTime:0.0400s ]
SQL: SELECT * FROM `ot_system` WHERE `SYS_ID` = 1 LIMIT 1   [ RunTime:0.0000s ]
NOTIC: [8] Undefined index: uname F:\Product\03dirsell\User\Home\Controller\CommonController.class.php 第 78 行.
SQL: SHOW COLUMNS FROM `ot_user` [ RunTime:0.0550s ]
SQL: SELECT * FROM `ot_user` WHERE `UE_account` = null LIMIT 1   [ RunTime:0.0000s ]
SQL: UPDATE `ot_user` SET `levelname`='高级会员' WHERE `UE_account` = null [ RunTime:0.0010s ]
NOTIC: [8] Undefined index: uid F:\Product\03dirsell\User\Home\Controller\CommonController.class.php 第 83 行.
SQL: SELECT * FROM `ot_user` WHERE `UE_ID` = null LIMIT 1   [ RunTime:0.0000s ]

[ 2017-02-26T14:37:31+08:00 ] 127.0.0.1 /
INFO: [ app_init ] --START--
INFO: Run Behavior\BuildLiteBehavior [ RunTime:0.000000s ]
INFO: [ app_init ] --END-- [ RunTime:0.000000s ]
INFO: [ app_begin ] --START--
INFO: Run Behavior\ReadHtmlCacheBehavior [ RunTime:0.001000s ]
INFO: [ app_begin ] --END-- [ RunTime:0.001000s ]
SQL: SHOW COLUMNS FROM `ot_system` [ RunTime:0.0020s ]
SQL: SELECT * FROM `ot_system` WHERE `SYS_ID` = 1 LIMIT 1   [ RunTime:0.0000s ]
NOTIC: [8] Undefined index: uname F:\Product\03dirsell\User\Home\Controller\CommonController.class.php 第 78 行.
SQL: SHOW COLUMNS FROM `ot_user` [ RunTime:0.0030s ]
SQL: SELECT * FROM `ot_user` WHERE `UE_account` = null LIMIT 1   [ RunTime:0.0010s ]
SQL: UPDATE `ot_user` SET `levelname`='高级会员' WHERE `UE_account` = null [ RunTime:0.0000s ]
NOTIC: [8] Undefined index: uid F:\Product\03dirsell\User\Home\Controller\CommonController.class.php 第 83 行.
SQL: SELECT * FROM `ot_user` WHERE `UE_ID` = null LIMIT 1   [ RunTime:0.0000s ]

[ 2017-02-26T14:37:31+08:00 ] 127.0.0.1 /Home/Index/home.html
INFO: [ app_init ] --START--
INFO: Run Behavior\BuildLiteBehavior [ RunTime:0.000000s ]
INFO: [ app_init ] --END-- [ RunTime:0.001000s ]
INFO: [ app_begin ] --START--
INFO: Run Behavior\ReadHtmlCacheBehavior [ RunTime:0.001000s ]
INFO: [ app_begin ] --END-- [ RunTime:0.001000s ]
SQL: SHOW COLUMNS FROM `ot_system` [ RunTime:0.0020s ]
SQL: SELECT * FROM `ot_system` WHERE `SYS_ID` = 1 LIMIT 1   [ RunTime:0.0000s ]

[ 2017-02-26T14:37:31+08:00 ] 127.0.0.1 /Home/Login/index.html
INFO: [ app_init ] --START--
INFO: Run Behavior\BuildLiteBehavior [ RunTime:0.000000s ]
INFO: [ app_init ] --END-- [ RunTime:0.000000s ]
INFO: [ app_begin ] --START--
INFO: Run Behavior\ReadHtmlCacheBehavior [ RunTime:0.000000s ]
INFO: [ app_begin ] --END-- [ RunTime:0.000000s ]
INFO: [ view_parse ] --START--
INFO: [ template_filter ] --START--
INFO: Run Behavior\ContentReplaceBehavior [ RunTime:0.000000s ]
INFO: [ template_filter ] --END-- [ RunTime:0.000000s ]
INFO: Run Behavior\ParseTemplateBehavior [ RunTime:0.021001s ]
INFO: [ view_parse ] --END-- [ RunTime:0.021001s ]
INFO: [ view_filter ] --START--
INFO: Run Behavior\WriteHtmlCacheBehavior [ RunTime:0.000000s ]
INFO: Run Behavior\TokenBuildBehavior [ RunTime:0.000000s ]
INFO: [ view_filter ] --END-- [ RunTime:0.000000s ]
INFO: [ app_end ] --START--
INFO: Run Behavior\ShowPageTraceBehavior [ RunTime:0.001000s ]
INFO: [ app_end ] --END-- [ RunTime:0.001000s ]

[ 2017-02-26T14:37:36+08:00 ] 127.0.0.1 /Home/Login/logincl.html
INFO: [ app_init ] --START--
INFO: Run Behavior\BuildLiteBehavior [ RunTime:0.000000s ]
INFO: [ app_init ] --END-- [ RunTime:0.000000s ]
INFO: [ app_begin ] --START--
INFO: Run Behavior\ReadHtmlCacheBehavior [ RunTime:0.000000s ]
INFO: [ app_begin ] --END-- [ RunTime:0.000000s ]
SQL: SHOW COLUMNS FROM `ot_user` [ RunTime:0.0280s ]
SQL: SELECT * FROM `ot_user` WHERE `UE_account` = 'admin@qq.com' LIMIT 1   [ RunTime:0.2920s ]
SQL: SHOW COLUMNS FROM `ot_ppdd` [ RunTime:0.0190s ]
SQL: SELECT * FROM `ot_ppdd` WHERE `g_user` = 'admin@qq.com' AND `zt` = 0  [ RunTime:0.0000s ]
NOTIC: [8] Use of undefined constant ue_id - assumed 'ue_id' F:\Product\03dirsell\User\Home\Controller\LoginController.class.php 第 110 行.
NOTIC: [8] Use of undefined constant ue_account - assumed 'ue_account' F:\Product\03dirsell\User\Home\Controller\LoginController.class.php 第 112 行.
NOTIC: [8] Use of undefined constant ue_account - assumed 'ue_account' F:\Product\03dirsell\User\Home\Controller\LoginController.class.php 第 120 行.
SQL: SHOW COLUMNS FROM `ot_drrz` [ RunTime:0.0160s ]
SQL: INSERT INTO `ot_drrz` (`date`,`ip`,`user`,`leixin`) VALUES ('2017-02-26 14:37:36','','admin@qq.com','0') [ RunTime:0.0120s ]
INFO: [ view_parse ] --START--
INFO: [ template_filter ] --START--
INFO: Run Behavior\ContentReplaceBehavior [ RunTime:0.000000s ]
INFO: [ template_filter ] --END-- [ RunTime:0.000000s ]
INFO: Run Behavior\ParseTemplateBehavior [ RunTime:0.022002s ]
INFO: [ view_parse ] --END-- [ RunTime:0.022002s ]
INFO: [ view_filter ] --START--
INFO: Run Behavior\WriteHtmlCacheBehavior [ RunTime:0.000000s ]
INFO: Run Behavior\TokenBuildBehavior [ RunTime:0.000000s ]
INFO: [ view_filter ] --END-- [ RunTime:0.000000s ]

[ 2017-02-26T14:37:37+08:00 ] 127.0.0.1 /Home/Login/favicon.ico
INFO: [ app_init ] --START--
INFO: Run Behavior\BuildLiteBehavior [ RunTime:0.001000s ]
INFO: [ app_init ] --END-- [ RunTime:0.001000s ]

[ 2017-02-26T14:37:39+08:00 ] 127.0.0.1 /Home/Index/home/
INFO: [ app_init ] --START--
INFO: Run Behavior\BuildLiteBehavior [ RunTime:0.000000s ]
INFO: [ app_init ] --END-- [ RunTime:0.000000s ]
INFO: [ app_begin ] --START--
INFO: Run Behavior\ReadHtmlCacheBehavior [ RunTime:0.001000s ]
INFO: [ app_begin ] --END-- [ RunTime:0.001000s ]
SQL: SHOW COLUMNS FROM `ot_system` [ RunTime:0.0100s ]
SQL: SELECT * FROM `ot_system` WHERE `SYS_ID` = 1 LIMIT 1   [ RunTime:0.0010s ]
SQL: SHOW COLUMNS FROM `ot_user` [ RunTime:0.0030s ]
SQL: SELECT * FROM `ot_user` WHERE `UE_account` = 'admin@qq.com' LIMIT 1   [ RunTime:0.0000s ]
SQL: UPDATE `ot_user` SET `levelname`='高级会员' WHERE `UE_account` = 'admin@qq.com' [ RunTime:0.0090s ]
SQL: SELECT * FROM `ot_user` WHERE `UE_ID` = 61451 LIMIT 1   [ RunTime:0.0010s ]
SQL: SHOW COLUMNS FROM `ot_tgbz` [ RunTime:0.0280s ]
SQL: SELECT COUNT(*) AS tp_count FROM `ot_tgbz` WHERE `user` = 'admin@qq.com' LIMIT 1   [ RunTime:0.0000s ]
SQL: SELECT * FROM `ot_tgbz` WHERE `user` = 'admin@qq.com' ORDER BY id DESC LIMIT 0,100   [ RunTime:0.0000s ]
SQL: SHOW COLUMNS FROM `ot_jsbz` [ RunTime:0.0280s ]
SQL: SELECT COUNT(*) AS tp_count FROM `ot_jsbz` WHERE `user` = 'admin@qq.com' LIMIT 1   [ RunTime:0.0000s ]
SQL: SELECT * FROM `ot_jsbz` WHERE `user` = 'admin@qq.com' ORDER BY id DESC LIMIT 0,100   [ RunTime:0.0000s ]
SQL: SELECT * FROM `ot_jsbz` WHERE `user` = 'admin@qq.com' LIMIT 1   [ RunTime:0.0000s ]
SQL: SHOW COLUMNS FROM `ot_ppdd` [ RunTime:0.0020s ]
SQL: SELECT COUNT(*) AS tp_count FROM `ot_ppdd` WHERE `p_user` = 'admin@qq.com' LIMIT 1   [ RunTime:0.0010s ]
SQL: SELECT * FROM `ot_ppdd` WHERE `p_user` = 'admin@qq.com' ORDER BY id DESC LIMIT 0,100   [ RunTime:0.0000s ]
SQL: SELECT COUNT(*) AS tp_count FROM `ot_ppdd` WHERE `g_user` = 'admin@qq.com' LIMIT 1   [ RunTime:0.0000s ]
SQL: SELECT * FROM `ot_ppdd` WHERE `g_user` = 'admin@qq.com' ORDER BY id DESC LIMIT 0,100   [ RunTime:0.0000s ]
INFO: [ view_parse ] --START--
INFO: [ template_filter ] --START--
INFO: Run Behavior\ContentReplaceBehavior [ RunTime:0.000000s ]
INFO: [ template_filter ] --END-- [ RunTime:0.000000s ]
NOTIC: [8] Undefined variable: a F:\Product\03dirsell\User\Runtime\Cache\Home\9b888f9a05177cc78c87c9cd7e37319c.php 第 1611 行.
INFO: Run Behavior\ParseTemplateBehavior [ RunTime:0.065004s ]
INFO: [ view_parse ] --END-- [ RunTime:0.065004s ]
INFO: [ view_filter ] --START--
INFO: Run Behavior\WriteHtmlCacheBehavior [ RunTime:0.000000s ]
INFO: Run Behavior\TokenBuildBehavior [ RunTime:0.000000s ]
INFO: [ view_filter ] --END-- [ RunTime:0.000000s ]
INFO: [ app_end ] --START--
INFO: Run Behavior\ShowPageTraceBehavior [ RunTime:0.001000s ]
INFO: [ app_end ] --END-- [ RunTime:0.001000s ]

[ 2017-02-26T14:39:01+08:00 ] 127.0.0.1 /Home/Info/cwmx
INFO: [ app_init ] --START--
INFO: Run Behavior\BuildLiteBehavior [ RunTime:0.000000s ]
INFO: [ app_init ] --END-- [ RunTime:0.000000s ]
INFO: [ app_begin ] --START--
INFO: Run Behavior\ReadHtmlCacheBehavior [ RunTime:0.001000s ]
INFO: [ app_begin ] --END-- [ RunTime:0.001000s ]
SQL: SHOW COLUMNS FROM `ot_system` [ RunTime:0.0030s ]
SQL: SELECT * FROM `ot_system` WHERE `SYS_ID` = 1 LIMIT 1   [ RunTime:0.0000s ]
SQL: SHOW COLUMNS FROM `ot_user` [ RunTime:0.0030s ]
SQL: SELECT * FROM `ot_user` WHERE `UE_account` = 'admin@qq.com' LIMIT 1   [ RunTime:0.0000s ]
SQL: UPDATE `ot_user` SET `levelname`='高级会员' WHERE `UE_account` = 'admin@qq.com' [ RunTime:0.0000s ]
SQL: SELECT * FROM `ot_user` WHERE `UE_ID` = 61451 LIMIT 1   [ RunTime:0.0010s ]
SQL: SHOW COLUMNS FROM `ot_tgbz` [ RunTime:0.0020s ]
SQL: SELECT * FROM `ot_tgbz` WHERE `user` = 'admin@qq.com' AND `zt` = 0 ORDER BY id DESC  [ RunTime:0.0000s ]
SQL: SHOW COLUMNS FROM `ot_user_jj` [ RunTime:0.0410s ]
SQL: SELECT COUNT(*) AS tp_count FROM `ot_user_jj` WHERE `user` = 'admin@qq.com' LIMIT 1   [ RunTime:0.0000s ]
SQL: SELECT * FROM `ot_user_jj` WHERE `user` = 'admin@qq.com' ORDER BY id DESC LIMIT 0,10   [ RunTime:0.0000s ]
SQL: SHOW COLUMNS FROM `ot_user_jl` [ RunTime:0.0340s ]
SQL: SELECT COUNT(*) AS tp_count FROM `ot_user_jl` WHERE `user` = 'admin@qq.com' LIMIT 1   [ RunTime:0.0050s ]
SQL: SELECT * FROM `ot_user_jl` WHERE `user` = 'admin@qq.com' ORDER BY id DESC LIMIT 0,10   [ RunTime:0.0000s ]
SQL: SHOW COLUMNS FROM `ot_userget` [ RunTime:0.0300s ]
SQL: SELECT COUNT(*) AS tp_count FROM `ot_userget` WHERE `UG_account` = 'admin@qq.com' LIMIT 1   [ RunTime:0.0010s ]
SQL: SELECT * FROM `ot_userget` WHERE `UG_account` = 'admin@qq.com' ORDER BY UG_ID DESC LIMIT 0,10   [ RunTime:0.0000s ]
SQL: SHOW COLUMNS FROM `ot_tixian` [ RunTime:0.0160s ]
SQL: SELECT COUNT(*) AS tp_count FROM `ot_tixian` WHERE `UG_account` = 'admin@qq.com' LIMIT 1   [ RunTime:0.0000s ]
SQL: SELECT * FROM `ot_tixian` WHERE `UG_account` = 'admin@qq.com' ORDER BY id DESC LIMIT 0,10   [ RunTime:0.0010s ]
NOTIC: [8] Use of undefined constant UE_account - assumed 'UE_account' F:\Product\03dirsell\User\Home\Controller\InfoController.class.php 第 604 行.
SQL: SELECT * FROM `ot_user` WHERE `UE_account` = 'admin@qq.com' LIMIT 1   [ RunTime:0.0000s ]
SQL: SELECT SUM(UG_money) AS tp_sum FROM `ot_userget` WHERE `UG_account` = 'admin@qq.com' AND `UG_dataType` = 'tjj' LIMIT 1   [ RunTime:0.0080s ]
SQL: SELECT SUM(UG_money) AS tp_sum FROM `ot_userget` WHERE `UG_account` = 'admin@qq.com' AND `UG_dataType` = 'jlj' LIMIT 1   [ RunTime:0.0000s ]
INFO: [ view_parse ] --START--
INFO: [ template_filter ] --START--
INFO: Run Behavior\ContentReplaceBehavior [ RunTime:0.000000s ]
INFO: [ template_filter ] --END-- [ RunTime:0.000000s ]
NOTIC: [8] Undefined variable: tgurl F:\Product\03dirsell\User\Runtime\Cache\Home\95d2402fc4416413d7cf886e5691e94b.php 第 62 行.
NOTIC: [8] Undefined variable: tgurl F:\Product\03dirsell\User\Runtime\Cache\Home\95d2402fc4416413d7cf886e5691e94b.php 第 72 行.
NOTIC: [8] Undefined variable: ztrs3 F:\Product\03dirsell\User\Runtime\Cache\Home\95d2402fc4416413d7cf886e5691e94b.php 第 566 行.
SQL: SHOW COLUMNS FROM `ot_ppdd` [ RunTime:0.0020s ]
SQL: SELECT * FROM `ot_ppdd` WHERE `id` = 39 LIMIT 1   [ RunTime:0.0000s ]
NOTIC: [8] Undefined variable: ztrs2 F:\Product\03dirsell\User\Runtime\Cache\Home\95d2402fc4416413d7cf886e5691e94b.php 第 567 行.
SQL: SELECT * FROM `ot_ppdd` WHERE `id` = 39 LIMIT 1   [ RunTime:0.0000s ]
NOTIC: [8] Undefined variable: ztrs3 F:\Product\03dirsell\User\Runtime\Cache\Home\95d2402fc4416413d7cf886e5691e94b.php 第 566 行.
SQL: SELECT * FROM `ot_ppdd` WHERE `id` = 39 LIMIT 1   [ RunTime:0.0000s ]
NOTIC: [8] Undefined variable: ztrs2 F:\Product\03dirsell\User\Runtime\Cache\Home\95d2402fc4416413d7cf886e5691e94b.php 第 567 行.
SQL: SELECT * FROM `ot_ppdd` WHERE `id` = 39 LIMIT 1   [ RunTime:0.0000s ]
NOTIC: [8] Undefined variable: ztrs3 F:\Product\03dirsell\User\Runtime\Cache\Home\95d2402fc4416413d7cf886e5691e94b.php 第 566 行.
SQL: SELECT * FROM `ot_ppdd` WHERE `id` = 38 LIMIT 1   [ RunTime:0.0000s ]
NOTIC: [8] Undefined variable: ztrs2 F:\Product\03dirsell\User\Runtime\Cache\Home\95d2402fc4416413d7cf886e5691e94b.php 第 567 行.
SQL: SELECT * FROM `ot_ppdd` WHERE `id` = 38 LIMIT 1   [ RunTime:0.0000s ]
NOTIC: [8] Undefined variable: ztrs3 F:\Product\03dirsell\User\Runtime\Cache\Home\95d2402fc4416413d7cf886e5691e94b.php 第 566 行.
SQL: SELECT * FROM `ot_ppdd` WHERE `id` = 38 LIMIT 1   [ RunTime:0.0000s ]
NOTIC: [8] Undefined variable: ztrs2 F:\Product\03dirsell\User\Runtime\Cache\Home\95d2402fc4416413d7cf886e5691e94b.php 第 567 行.
SQL: SELECT * FROM `ot_ppdd` WHERE `id` = 38 LIMIT 1   [ RunTime:0.0000s ]
NOTIC: [8] Undefined variable: ztrs3 F:\Product\03dirsell\User\Runtime\Cache\Home\95d2402fc4416413d7cf886e5691e94b.php 第 566 行.
SQL: SELECT * FROM `ot_ppdd` WHERE `id` = 37 LIMIT 1   [ RunTime:0.0000s ]
NOTIC: [8] Undefined variable: ztrs2 F:\Product\03dirsell\User\Runtime\Cache\Home\95d2402fc4416413d7cf886e5691e94b.php 第 567 行.
SQL: SELECT * FROM `ot_ppdd` WHERE `id` = 37 LIMIT 1   [ RunTime:0.0000s ]
NOTIC: [8] Undefined variable: ztrs3 F:\Product\03dirsell\User\Runtime\Cache\Home\95d2402fc4416413d7cf886e5691e94b.php 第 566 行.
SQL: SELECT * FROM `ot_ppdd` WHERE `id` = 37 LIMIT 1   [ RunTime:0.0000s ]
NOTIC: [8] Undefined variable: ztrs2 F:\Product\03dirsell\User\Runtime\Cache\Home\95d2402fc4416413d7cf886e5691e94b.php 第 567 行.
SQL: SELECT * FROM `ot_ppdd` WHERE `id` = 37 LIMIT 1   [ RunTime:0.0000s ]
NOTIC: [8] Undefined variable: ztrs3 F:\Product\03dirsell\User\Runtime\Cache\Home\95d2402fc4416413d7cf886e5691e94b.php 第 566 行.
SQL: SELECT * FROM `ot_ppdd` WHERE `id` = 36 LIMIT 1   [ RunTime:0.0000s ]
NOTIC: [8] Undefined variable: ztrs2 F:\Product\03dirsell\User\Runtime\Cache\Home\95d2402fc4416413d7cf886e5691e94b.php 第 567 行.
SQL: SELECT * FROM `ot_ppdd` WHERE `id` = 36 LIMIT 1   [ RunTime:0.0000s ]
NOTIC: [8] Undefined variable: ztrs3 F:\Product\03dirsell\User\Runtime\Cache\Home\95d2402fc4416413d7cf886e5691e94b.php 第 566 行.
SQL: SELECT * FROM `ot_ppdd` WHERE `id` = 35 LIMIT 1   [ RunTime:0.0000s ]
NOTIC: [8] Undefined variable: ztrs2 F:\Product\03dirsell\User\Runtime\Cache\Home\95d2402fc4416413d7cf886e5691e94b.php 第 567 行.
SQL: SELECT * FROM `ot_ppdd` WHERE `id` = 35 LIMIT 1   [ RunTime:0.0000s ]
NOTIC: [8] Undefined variable: ztrs3 F:\Product\03dirsell\User\Runtime\Cache\Home\95d2402fc4416413d7cf886e5691e94b.php 第 566 行.
SQL: SELECT * FROM `ot_ppdd` WHERE `id` = 26 LIMIT 1   [ RunTime:0.0000s ]
NOTIC: [8] Undefined variable: ztrs2 F:\Product\03dirsell\User\Runtime\Cache\Home\95d2402fc4416413d7cf886e5691e94b.php 第 567 行.
SQL: SELECT * FROM `ot_ppdd` WHERE `id` = 26 LIMIT 1   [ RunTime:0.0000s ]
NOTIC: [8] Undefined variable: ztrs3 F:\Product\03dirsell\User\Runtime\Cache\Home\95d2402fc4416413d7cf886e5691e94b.php 第 566 行.
SQL: SELECT * FROM `ot_ppdd` WHERE `id` = 26 LIMIT 1   [ RunTime:0.0000s ]
NOTIC: [8] Undefined variable: ztrs2 F:\Product\03dirsell\User\Runtime\Cache\Home\95d2402fc4416413d7cf886e5691e94b.php 第 567 行.
SQL: SELECT * FROM `ot_ppdd` WHERE `id` = 26 LIMIT 1   [ RunTime:0.0000s ]
INFO: Run Behavior\ParseTemplateBehavior [ RunTime:0.065004s ]
INFO: [ view_parse ] --END-- [ RunTime:0.065004s ]
INFO: [ view_filter ] --START--
INFO: Run Behavior\WriteHtmlCacheBehavior [ RunTime:0.000000s ]
INFO: Run Behavior\TokenBuildBehavior [ RunTime:0.000000s ]
INFO: [ view_filter ] --END-- [ RunTime:0.000000s ]
INFO: [ app_end ] --START--
INFO: Run Behavior\ShowPageTraceBehavior [ RunTime:0.001000s ]
INFO: [ app_end ] --END-- [ RunTime:0.001000s ]

[ 2017-02-26T14:39:03+08:00 ] 127.0.0.1 /Home/Info/xgmm/
INFO: [ app_init ] --START--
INFO: Run Behavior\BuildLiteBehavior [ RunTime:0.000000s ]
INFO: [ app_init ] --END-- [ RunTime:0.000000s ]
INFO: [ app_begin ] --START--
INFO: Run Behavior\ReadHtmlCacheBehavior [ RunTime:0.000000s ]
INFO: [ app_begin ] --END-- [ RunTime:0.000000s ]
SQL: SHOW COLUMNS FROM `ot_system` [ RunTime:0.0030s ]
SQL: SELECT * FROM `ot_system` WHERE `SYS_ID` = 1 LIMIT 1   [ RunTime:0.0010s ]
SQL: SHOW COLUMNS FROM `ot_user` [ RunTime:0.0030s ]
SQL: SELECT * FROM `ot_user` WHERE `UE_account` = 'admin@qq.com' LIMIT 1   [ RunTime:0.0010s ]
SQL: UPDATE `ot_user` SET `levelname`='高级会员' WHERE `UE_account` = 'admin@qq.com' [ RunTime:0.0000s ]
SQL: SELECT * FROM `ot_user` WHERE `UE_ID` = 61451 LIMIT 1   [ RunTime:0.0000s ]
SQL: SELECT * FROM `ot_user` WHERE `UE_ID` = 61451 LIMIT 1   [ RunTime:0.0010s ]
INFO: [ view_parse ] --START--
INFO: [ template_filter ] --START--
INFO: Run Behavior\ContentReplaceBehavior [ RunTime:0.001001s ]
INFO: [ template_filter ] --END-- [ RunTime:0.001001s ]
NOTIC: [8] Undefined variable: tgurl F:\Product\03dirsell\User\Runtime\Cache\Home\59a159d5cd65d5cc4b58e1ee8d4bfc07.php 第 37 行.
NOTIC: [8] Undefined variable: tgurl F:\Product\03dirsell\User\Runtime\Cache\Home\59a159d5cd65d5cc4b58e1ee8d4bfc07.php 第 47 行.
INFO: Run Behavior\ParseTemplateBehavior [ RunTime:0.047002s ]
INFO: [ view_parse ] --END-- [ RunTime:0.047002s ]
INFO: [ view_filter ] --START--
INFO: Run Behavior\WriteHtmlCacheBehavior [ RunTime:0.000000s ]
INFO: Run Behavior\TokenBuildBehavior [ RunTime:0.001000s ]
INFO: [ view_filter ] --END-- [ RunTime:0.001000s ]
INFO: [ app_end ] --START--
INFO: Run Behavior\ShowPageTraceBehavior [ RunTime:0.000000s ]
INFO: [ app_end ] --END-- [ RunTime:0.000000s ]

[ 2017-02-26T14:39:05+08:00 ] 127.0.0.1 /Home/Myuser/lxwm/
INFO: [ app_init ] --START--
INFO: Run Behavior\BuildLiteBehavior [ RunTime:0.000000s ]
INFO: [ app_init ] --END-- [ RunTime:0.000000s ]
INFO: [ app_begin ] --START--
INFO: Run Behavior\ReadHtmlCacheBehavior [ RunTime:0.001000s ]
INFO: [ app_begin ] --END-- [ RunTime:0.001000s ]
SQL: SHOW COLUMNS FROM `ot_system` [ RunTime:0.0030s ]
SQL: SELECT * FROM `ot_system` WHERE `SYS_ID` = 1 LIMIT 1   [ RunTime:0.0000s ]
SQL: SHOW COLUMNS FROM `ot_user` [ RunTime:0.0040s ]
SQL: SELECT * FROM `ot_user` WHERE `UE_account` = 'admin@qq.com' LIMIT 1   [ RunTime:0.0010s ]
SQL: UPDATE `ot_user` SET `levelname`='高级会员' WHERE `UE_account` = 'admin@qq.com' [ RunTime:0.0000s ]
SQL: SELECT * FROM `ot_user` WHERE `UE_ID` = 61451 LIMIT 1   [ RunTime:0.0000s ]
SQL: SHOW COLUMNS FROM `ot_message` [ RunTime:0.0690s ]
SQL: SELECT COUNT(*) AS tp_count FROM `ot_message` WHERE `MA_userName` = 'admin@qq.com' LIMIT 1   [ RunTime:0.0000s ]
SQL: SELECT * FROM `ot_message` WHERE `MA_userName` = 'admin@qq.com' ORDER BY MA_ID DESC LIMIT 0,12   [ RunTime:0.0000s ]
SQL: SELECT * FROM `ot_user` WHERE `UE_ID` = 61451 LIMIT 1   [ RunTime:0.0000s ]
INFO: [ view_parse ] --START--
INFO: [ template_filter ] --START--
INFO: Run Behavior\ContentReplaceBehavior [ RunTime:0.000000s ]
INFO: [ template_filter ] --END-- [ RunTime:0.000000s ]
NOTIC: [8] Undefined variable: tgurl F:\Product\03dirsell\User\Runtime\Cache\Home\35788c78ae110064cbf698cd6b336981.php 第 59 行.
NOTIC: [8] Undefined variable: tgurl F:\Product\03dirsell\User\Runtime\Cache\Home\35788c78ae110064cbf698cd6b336981.php 第 69 行.
INFO: Run Behavior\ParseTemplateBehavior [ RunTime:0.024002s ]
INFO: [ view_parse ] --END-- [ RunTime:0.024002s ]
INFO: [ view_filter ] --START--
INFO: Run Behavior\WriteHtmlCacheBehavior [ RunTime:0.000000s ]
INFO: Run Behavior\TokenBuildBehavior [ RunTime:0.000000s ]
INFO: [ view_filter ] --END-- [ RunTime:0.000000s ]
INFO: [ app_end ] --START--
INFO: Run Behavior\ShowPageTraceBehavior [ RunTime:0.000000s ]
INFO: [ app_end ] --END-- [ RunTime:0.000000s ]

[ 2017-02-26T14:39:06+08:00 ] 127.0.0.1 /Home/Index/reg/
INFO: [ app_init ] --START--
INFO: Run Behavior\BuildLiteBehavior [ RunTime:0.000000s ]
INFO: [ app_init ] --END-- [ RunTime:0.000000s ]
INFO: [ app_begin ] --START--
INFO: Run Behavior\ReadHtmlCacheBehavior [ RunTime:0.000000s ]
INFO: [ app_begin ] --END-- [ RunTime:0.000000s ]
SQL: SHOW COLUMNS FROM `ot_system` [ RunTime:0.0030s ]
SQL: SELECT * FROM `ot_system` WHERE `SYS_ID` = 1 LIMIT 1   [ RunTime:0.0000s ]
SQL: SHOW COLUMNS FROM `ot_user` [ RunTime:0.0030s ]
SQL: SELECT * FROM `ot_user` WHERE `UE_account` = 'admin@qq.com' LIMIT 1   [ RunTime:0.0020s ]
SQL: UPDATE `ot_user` SET `levelname`='高级会员' WHERE `UE_account` = 'admin@qq.com' [ RunTime:0.0000s ]
SQL: SELECT * FROM `ot_user` WHERE `UE_ID` = 61451 LIMIT 1   [ RunTime:0.0000s ]
SQL: SELECT COUNT(*) AS tp_count FROM `ot_user` WHERE `zcr` = 'admin@qq.com' LIMIT 1   [ RunTime:0.0000s ]
SQL: SELECT * FROM `ot_user` WHERE `zcr` = 'admin@qq.com' ORDER BY UE_ID DESC LIMIT 0,20   [ RunTime:0.0000s ]
SQL: SHOW COLUMNS FROM `ot_pin` [ RunTime:0.0470s ]
SQL: SELECT * FROM `ot_pin` WHERE `user` = 'admin@qq.com' AND `zt` = '0' LIMIT 1   [ RunTime:0.0090s ]
INFO: [ view_parse ] --START--
INFO: [ template_filter ] --START--
INFO: Run Behavior\ContentReplaceBehavior [ RunTime:0.001000s ]
INFO: [ template_filter ] --END-- [ RunTime:0.001000s ]
NOTIC: [8] Undefined variable: tgurl F:\Product\03dirsell\User\Runtime\Cache\Home\786a7e8aa27dcabec0bc8e1b37345e8e.php 第 37 行.
NOTIC: [8] Undefined variable: tgurl F:\Product\03dirsell\User\Runtime\Cache\Home\786a7e8aa27dcabec0bc8e1b37345e8e.php 第 47 行.
INFO: Run Behavior\ParseTemplateBehavior [ RunTime:0.045003s ]
INFO: [ view_parse ] --END-- [ RunTime:0.045003s ]
INFO: [ view_filter ] --START--
INFO: Run Behavior\WriteHtmlCacheBehavior [ RunTime:0.000000s ]
INFO: Run Behavior\TokenBuildBehavior [ RunTime:0.000000s ]
INFO: [ view_filter ] --END-- [ RunTime:0.000000s ]
INFO: [ app_end ] --START--
INFO: Run Behavior\ShowPageTraceBehavior [ RunTime:0.000000s ]
INFO: [ app_end ] --END-- [ RunTime:0.000000s ]

[ 2017-02-26T14:39:06+08:00 ] 127.0.0.1 /Home/Info/pin
INFO: [ app_init ] --START--
INFO: Run Behavior\BuildLiteBehavior [ RunTime:0.000000s ]
INFO: [ app_init ] --END-- [ RunTime:0.000000s ]
INFO: [ app_begin ] --START--
INFO: Run Behavior\ReadHtmlCacheBehavior [ RunTime:0.000000s ]
INFO: [ app_begin ] --END-- [ RunTime:0.000000s ]
SQL: SHOW COLUMNS FROM `ot_system` [ RunTime:0.0030s ]
SQL: SELECT * FROM `ot_system` WHERE `SYS_ID` = 1 LIMIT 1   [ RunTime:0.0010s ]
SQL: SHOW COLUMNS FROM `ot_user` [ RunTime:0.0030s ]
SQL: SELECT * FROM `ot_user` WHERE `UE_account` = 'admin@qq.com' LIMIT 1   [ RunTime:0.0000s ]
SQL: UPDATE `ot_user` SET `levelname`='高级会员' WHERE `UE_account` = 'admin@qq.com' [ RunTime:0.0000s ]
SQL: SELECT * FROM `ot_user` WHERE `UE_ID` = 61451 LIMIT 1   [ RunTime:0.0000s ]
SQL: SHOW COLUMNS FROM `ot_pin` [ RunTime:0.0020s ]
SQL: SELECT COUNT(*) AS tp_count FROM `ot_pin` WHERE `user` = 'admin@qq.com' LIMIT 1   [ RunTime:0.0000s ]
SQL: SELECT * FROM `ot_pin` WHERE `user` = 'admin@qq.com' ORDER BY id DESC LIMIT 0,10   [ RunTime:0.0010s ]
SQL: SELECT COUNT(*) AS tp_count FROM `ot_pin` WHERE `user` = 'admin@qq.com' AND `zt` = 0 LIMIT 1   [ RunTime:0.0000s ]
INFO: [ view_parse ] --START--
INFO: [ template_filter ] --START--
INFO: Run Behavior\ContentReplaceBehavior [ RunTime:0.000000s ]
INFO: [ template_filter ] --END-- [ RunTime:0.000000s ]
NOTIC: [8] Undefined variable: tgurl F:\Product\03dirsell\User\Runtime\Cache\Home\bf304dab9709729f41042ad3b2073dd1.php 第 37 行.
NOTIC: [8] Undefined variable: tgurl F:\Product\03dirsell\User\Runtime\Cache\Home\bf304dab9709729f41042ad3b2073dd1.php 第 47 行.
INFO: Run Behavior\ParseTemplateBehavior [ RunTime:0.021001s ]
INFO: [ view_parse ] --END-- [ RunTime:0.021001s ]
INFO: [ view_filter ] --START--
INFO: Run Behavior\WriteHtmlCacheBehavior [ RunTime:0.001000s ]
INFO: Run Behavior\TokenBuildBehavior [ RunTime:0.000000s ]
INFO: [ view_filter ] --END-- [ RunTime:0.001000s ]
INFO: [ app_end ] --START--
INFO: Run Behavior\ShowPageTraceBehavior [ RunTime:0.000000s ]
INFO: [ app_end ] --END-- [ RunTime:0.000000s ]

[ 2017-02-26T14:39:07+08:00 ] 127.0.0.1 /Home/Info/pin
INFO: [ app_init ] --START--
INFO: Run Behavior\BuildLiteBehavior [ RunTime:0.000000s ]
INFO: [ app_init ] --END-- [ RunTime:0.000000s ]
INFO: [ app_begin ] --START--
INFO: Run Behavior\ReadHtmlCacheBehavior [ RunTime:0.001000s ]
INFO: [ app_begin ] --END-- [ RunTime:0.001000s ]
SQL: SHOW COLUMNS FROM `ot_system` [ RunTime:0.0030s ]
SQL: SELECT * FROM `ot_system` WHERE `SYS_ID` = 1 LIMIT 1   [ RunTime:0.0000s ]
SQL: SHOW COLUMNS FROM `ot_user` [ RunTime:0.0040s ]
SQL: SELECT * FROM `ot_user` WHERE `UE_account` = 'admin@qq.com' LIMIT 1   [ RunTime:0.0000s ]
SQL: UPDATE `ot_user` SET `levelname`='高级会员' WHERE `UE_account` = 'admin@qq.com' [ RunTime:0.0000s ]
SQL: SELECT * FROM `ot_user` WHERE `UE_ID` = 61451 LIMIT 1   [ RunTime:0.0000s ]
SQL: SHOW COLUMNS FROM `ot_pin` [ RunTime:0.0020s ]
SQL: SELECT COUNT(*) AS tp_count FROM `ot_pin` WHERE `user` = 'admin@qq.com' LIMIT 1   [ RunTime:0.0000s ]
SQL: SELECT * FROM `ot_pin` WHERE `user` = 'admin@qq.com' ORDER BY id DESC LIMIT 0,10   [ RunTime:0.0000s ]
SQL: SELECT COUNT(*) AS tp_count FROM `ot_pin` WHERE `user` = 'admin@qq.com' AND `zt` = 0 LIMIT 1   [ RunTime:0.0000s ]
INFO: [ view_parse ] --START--
INFO: [ template_filter ] --START--
INFO: Run Behavior\ContentReplaceBehavior [ RunTime:0.001000s ]
INFO: [ template_filter ] --END-- [ RunTime:0.001000s ]
NOTIC: [8] Undefined variable: tgurl F:\Product\03dirsell\User\Runtime\Cache\Home\bf304dab9709729f41042ad3b2073dd1.php 第 37 行.
NOTIC: [8] Undefined variable: tgurl F:\Product\03dirsell\User\Runtime\Cache\Home\bf304dab9709729f41042ad3b2073dd1.php 第 47 行.
INFO: Run Behavior\ParseTemplateBehavior [ RunTime:0.009001s ]
INFO: [ view_parse ] --END-- [ RunTime:0.009001s ]
INFO: [ view_filter ] --START--
INFO: Run Behavior\WriteHtmlCacheBehavior [ RunTime:0.000000s ]
INFO: Run Behavior\TokenBuildBehavior [ RunTime:0.000000s ]
INFO: [ view_filter ] --END-- [ RunTime:0.000000s ]
INFO: [ app_end ] --START--
INFO: Run Behavior\ShowPageTraceBehavior [ RunTime:0.001000s ]
INFO: [ app_end ] --END-- [ RunTime:0.001000s ]

[ 2017-02-26T14:39:38+08:00 ] 127.0.0.1 /Home/Rag/index
INFO: [ app_init ] --START--
INFO: Run Behavior\BuildLiteBehavior [ RunTime:0.000000s ]
INFO: [ app_init ] --END-- [ RunTime:0.000000s ]
INFO: [ app_begin ] --START--
INFO: Run Behavior\ReadHtmlCacheBehavior [ RunTime:0.000000s ]
INFO: [ app_begin ] --END-- [ RunTime:0.000000s ]
ERR: 无法加载控制器:Rag

[ 2017-02-26T14:40:12+08:00 ] 127.0.0.1 /
INFO: [ app_init ] --START--
INFO: Run Behavior\BuildLiteBehavior [ RunTime:0.000000s ]
INFO: [ app_init ] --END-- [ RunTime:0.000000s ]
INFO: [ app_begin ] --START--
INFO: Run Behavior\ReadHtmlCacheBehavior [ RunTime:0.001000s ]
INFO: [ app_begin ] --END-- [ RunTime:0.001000s ]
SQL: SHOW COLUMNS FROM `ot_system` [ RunTime:0.0030s ]
SQL: SELECT * FROM `ot_system` WHERE `SYS_ID` = 1 LIMIT 1   [ RunTime:0.0000s ]
SQL: SHOW COLUMNS FROM `ot_user` [ RunTime:0.0030s ]
SQL: SELECT * FROM `ot_user` WHERE `UE_account` = 'admin@qq.com' LIMIT 1   [ RunTime:0.0010s ]
SQL: UPDATE `ot_user` SET `levelname`='高级会员' WHERE `UE_account` = 'admin@qq.com' [ RunTime:0.0000s ]
SQL: SELECT * FROM `ot_user` WHERE `UE_ID` = 61451 LIMIT 1   [ RunTime:0.0000s ]

[ 2017-02-26T14:40:12+08:00 ] 127.0.0.1 /Home/Index/home.html
INFO: [ app_init ] --START--
INFO: Run Behavior\BuildLiteBehavior [ RunTime:0.000000s ]
INFO: [ app_init ] --END-- [ RunTime:0.000000s ]
INFO: [ app_begin ] --START--
INFO: Run Behavior\ReadHtmlCacheBehavior [ RunTime:0.000000s ]
INFO: [ app_begin ] --END-- [ RunTime:0.000000s ]
SQL: SHOW COLUMNS FROM `ot_system` [ RunTime:0.0030s ]
SQL: SELECT * FROM `ot_system` WHERE `SYS_ID` = 1 LIMIT 1   [ RunTime:0.0010s ]
SQL: SHOW COLUMNS FROM `ot_user` [ RunTime:0.0040s ]
SQL: SELECT * FROM `ot_user` WHERE `UE_account` = 'admin@qq.com' LIMIT 1   [ RunTime:0.0010s ]
SQL: UPDATE `ot_user` SET `levelname`='高级会员' WHERE `UE_account` = 'admin@qq.com' [ RunTime:0.0000s ]
SQL: SELECT * FROM `ot_user` WHERE `UE_ID` = 61451 LIMIT 1   [ RunTime:0.0000s ]
SQL: SHOW COLUMNS FROM `ot_tgbz` [ RunTime:0.0020s ]
SQL: SELECT COUNT(*) AS tp_count FROM `ot_tgbz` WHERE `user` = 'admin@qq.com' LIMIT 1   [ RunTime:0.0000s ]
SQL: SELECT * FROM `ot_tgbz` WHERE `user` = 'admin@qq.com' ORDER BY id DESC LIMIT 0,100   [ RunTime:0.0010s ]
SQL: SHOW COLUMNS FROM `ot_jsbz` [ RunTime:0.0020s ]
SQL: SELECT COUNT(*) AS tp_count FROM `ot_jsbz` WHERE `user` = 'admin@qq.com' LIMIT 1   [ RunTime:0.0000s ]
SQL: SELECT * FROM `ot_jsbz` WHERE `user` = 'admin@qq.com' ORDER BY id DESC LIMIT 0,100   [ RunTime:0.0010s ]
SQL: SELECT * FROM `ot_jsbz` WHERE `user` = 'admin@qq.com' LIMIT 1   [ RunTime:0.0000s ]
SQL: SHOW COLUMNS FROM `ot_ppdd` [ RunTime:0.0020s ]
SQL: SELECT COUNT(*) AS tp_count FROM `ot_ppdd` WHERE `p_user` = 'admin@qq.com' LIMIT 1   [ RunTime:0.0000s ]
SQL: SELECT * FROM `ot_ppdd` WHERE `p_user` = 'admin@qq.com' ORDER BY id DESC LIMIT 0,100   [ RunTime:0.0010s ]
SQL: SELECT COUNT(*) AS tp_count FROM `ot_ppdd` WHERE `g_user` = 'admin@qq.com' LIMIT 1   [ RunTime:0.0000s ]
SQL: SELECT * FROM `ot_ppdd` WHERE `g_user` = 'admin@qq.com' ORDER BY id DESC LIMIT 0,100   [ RunTime:0.0000s ]
INFO: [ view_parse ] --START--
INFO: [ template_filter ] --START--
INFO: Run Behavior\ContentReplaceBehavior [ RunTime:0.000000s ]
INFO: [ template_filter ] --END-- [ RunTime:0.000000s ]
NOTIC: [8] Undefined variable: a F:\Product\03dirsell\User\Runtime\Cache\Home\9b888f9a05177cc78c87c9cd7e37319c.php 第 1611 行.
INFO: Run Behavior\ParseTemplateBehavior [ RunTime:0.022001s ]
INFO: [ view_parse ] --END-- [ RunTime:0.022001s ]
INFO: [ view_filter ] --START--
INFO: Run Behavior\WriteHtmlCacheBehavior [ RunTime:0.001000s ]
INFO: Run Behavior\TokenBuildBehavior [ RunTime:0.000000s ]
INFO: [ view_filter ] --END-- [ RunTime:0.001000s ]
INFO: [ app_end ] --START--
INFO: Run Behavior\ShowPageTraceBehavior [ RunTime:0.001000s ]
INFO: [ app_end ] --END-- [ RunTime:0.001000s ]

[ 2017-02-26T14:40:13+08:00 ] 127.0.0.1 /Home/Index/reg/
INFO: [ app_init ] --START--
INFO: Run Behavior\BuildLiteBehavior [ RunTime:0.000000s ]
INFO: [ app_init ] --END-- [ RunTime:0.000000s ]
INFO: [ app_begin ] --START--
INFO: Run Behavior\ReadHtmlCacheBehavior [ RunTime:0.000000s ]
INFO: [ app_begin ] --END-- [ RunTime:0.000000s ]
SQL: SHOW COLUMNS FROM `ot_system` [ RunTime:0.0030s ]
SQL: SELECT * FROM `ot_system` WHERE `SYS_ID` = 1 LIMIT 1   [ RunTime:0.0010s ]
SQL: SHOW COLUMNS FROM `ot_user` [ RunTime:0.0050s ]
SQL: SELECT * FROM `ot_user` WHERE `UE_account` = 'admin@qq.com' LIMIT 1   [ RunTime:0.0000s ]
SQL: UPDATE `ot_user` SET `levelname`='高级会员' WHERE `UE_account` = 'admin@qq.com' [ RunTime:0.0000s ]
SQL: SELECT * FROM `ot_user` WHERE `UE_ID` = 61451 LIMIT 1   [ RunTime:0.0000s ]
SQL: SELECT COUNT(*) AS tp_count FROM `ot_user` WHERE `zcr` = 'admin@qq.com' LIMIT 1   [ RunTime:0.0000s ]
SQL: SELECT * FROM `ot_user` WHERE `zcr` = 'admin@qq.com' ORDER BY UE_ID DESC LIMIT 0,20   [ RunTime:0.0010s ]
SQL: SHOW COLUMNS FROM `ot_pin` [ RunTime:0.0030s ]
SQL: SELECT * FROM `ot_pin` WHERE `user` = 'admin@qq.com' AND `zt` = '0' LIMIT 1   [ RunTime:0.0000s ]
INFO: [ view_parse ] --START--
INFO: [ template_filter ] --START--
INFO: Run Behavior\ContentReplaceBehavior [ RunTime:0.000000s ]
INFO: [ template_filter ] --END-- [ RunTime:0.000000s ]
NOTIC: [8] Undefined variable: tgurl F:\Product\03dirsell\User\Runtime\Cache\Home\786a7e8aa27dcabec0bc8e1b37345e8e.php 第 37 行.
NOTIC: [8] Undefined variable: tgurl F:\Product\03dirsell\User\Runtime\Cache\Home\786a7e8aa27dcabec0bc8e1b37345e8e.php 第 47 行.
INFO: Run Behavior\ParseTemplateBehavior [ RunTime:0.017001s ]
INFO: [ view_parse ] --END-- [ RunTime:0.017001s ]
INFO: [ view_filter ] --START--
INFO: Run Behavior\WriteHtmlCacheBehavior [ RunTime:0.001000s ]
INFO: Run Behavior\TokenBuildBehavior [ RunTime:0.000000s ]
INFO: [ view_filter ] --END-- [ RunTime:0.001000s ]
INFO: [ app_end ] --START--
INFO: Run Behavior\ShowPageTraceBehavior [ RunTime:0.001000s ]
INFO: [ app_end ] --END-- [ RunTime:0.001000s ]

[ 2017-02-26T14:40:14+08:00 ] 127.0.0.1 /Home/Index/reg/
INFO: [ app_init ] --START--
INFO: Run Behavior\BuildLiteBehavior [ RunTime:0.000000s ]
INFO: [ app_init ] --END-- [ RunTime:0.000000s ]
INFO: [ app_begin ] --START--
INFO: Run Behavior\ReadHtmlCacheBehavior [ RunTime:0.000000s ]
INFO: [ app_begin ] --END-- [ RunTime:0.000000s ]
SQL: SHOW COLUMNS FROM `ot_system` [ RunTime:0.0020s ]
SQL: SELECT * FROM `ot_system` WHERE `SYS_ID` = 1 LIMIT 1   [ RunTime:0.0000s ]
SQL: SHOW COLUMNS FROM `ot_user` [ RunTime:0.0030s ]
SQL: SELECT * FROM `ot_user` WHERE `UE_account` = 'admin@qq.com' LIMIT 1   [ RunTime:0.0010s ]
SQL: UPDATE `ot_user` SET `levelname`='高级会员' WHERE `UE_account` = 'admin@qq.com' [ RunTime:0.0000s ]
SQL: SELECT * FROM `ot_user` WHERE `UE_ID` = 61451 LIMIT 1   [ RunTime:0.0010s ]
SQL: SELECT COUNT(*) AS tp_count FROM `ot_user` WHERE `zcr` = 'admin@qq.com' LIMIT 1   [ RunTime:0.0000s ]
SQL: SELECT * FROM `ot_user` WHERE `zcr` = 'admin@qq.com' ORDER BY UE_ID DESC LIMIT 0,20   [ RunTime:0.0000s ]
SQL: SHOW COLUMNS FROM `ot_pin` [ RunTime:0.0030s ]
SQL: SELECT * FROM `ot_pin` WHERE `user` = 'admin@qq.com' AND `zt` = '0' LIMIT 1   [ RunTime:0.0000s ]
INFO: [ view_parse ] --START--
INFO: [ template_filter ] --START--
INFO: Run Behavior\ContentReplaceBehavior [ RunTime:0.000000s ]
INFO: [ template_filter ] --END-- [ RunTime:0.000000s ]
NOTIC: [8] Undefined variable: tgurl F:\Product\03dirsell\User\Runtime\Cache\Home\786a7e8aa27dcabec0bc8e1b37345e8e.php 第 37 行.
NOTIC: [8] Undefined variable: tgurl F:\Product\03dirsell\User\Runtime\Cache\Home\786a7e8aa27dcabec0bc8e1b37345e8e.php 第 47 行.
INFO: Run Behavior\ParseTemplateBehavior [ RunTime:0.014001s ]
INFO: [ view_parse ] --END-- [ RunTime:0.014001s ]
INFO: [ view_filter ] --START--
INFO: Run Behavior\WriteHtmlCacheBehavior [ RunTime:0.000000s ]
INFO: Run Behavior\TokenBuildBehavior [ RunTime:0.000000s ]
INFO: [ view_filter ] --END-- [ RunTime:0.000000s ]
INFO: [ app_end ] --START--
INFO: Run Behavior\ShowPageTraceBehavior [ RunTime:0.000000s ]
INFO: [ app_end ] --END-- [ RunTime:0.000000s ]

[ 2017-02-26T14:40:14+08:00 ] 127.0.0.1 /Home/Info/pin
INFO: [ app_init ] --START--
INFO: Run Behavior\BuildLiteBehavior [ RunTime:0.000000s ]
INFO: [ app_init ] --END-- [ RunTime:0.000000s ]
INFO: [ app_begin ] --START--
INFO: Run Behavior\ReadHtmlCacheBehavior [ RunTime:0.000000s ]
INFO: [ app_begin ] --END-- [ RunTime:0.000000s ]
SQL: SHOW COLUMNS FROM `ot_system` [ RunTime:0.0020s ]
SQL: SELECT * FROM `ot_system` WHERE `SYS_ID` = 1 LIMIT 1   [ RunTime:0.0000s ]
SQL: SHOW COLUMNS FROM `ot_user` [ RunTime:0.0030s ]
SQL: SELECT * FROM `ot_user` WHERE `UE_account` = 'admin@qq.com' LIMIT 1   [ RunTime:0.0000s ]
SQL: UPDATE `ot_user` SET `levelname`='高级会员' WHERE `UE_account` = 'admin@qq.com' [ RunTime:0.0000s ]
SQL: SELECT * FROM `ot_user` WHERE `UE_ID` = 61451 LIMIT 1   [ RunTime:0.0000s ]
SQL: SHOW COLUMNS FROM `ot_pin` [ RunTime:0.0030s ]
SQL: SELECT COUNT(*) AS tp_count FROM `ot_pin` WHERE `user` = 'admin@qq.com' LIMIT 1   [ RunTime:0.0000s ]
SQL: SELECT * FROM `ot_pin` WHERE `user` = 'admin@qq.com' ORDER BY id DESC LIMIT 0,10   [ RunTime:0.0000s ]
SQL: SELECT COUNT(*) AS tp_count FROM `ot_pin` WHERE `user` = 'admin@qq.com' AND `zt` = 0 LIMIT 1   [ RunTime:0.0000s ]
INFO: [ view_parse ] --START--
INFO: [ template_filter ] --START--
INFO: Run Behavior\ContentReplaceBehavior [ RunTime:0.000000s ]
INFO: [ template_filter ] --END-- [ RunTime:0.000000s ]
NOTIC: [8] Undefined variable: tgurl F:\Product\03dirsell\User\Runtime\Cache\Home\bf304dab9709729f41042ad3b2073dd1.php 第 37 行.
NOTIC: [8] Undefined variable: tgurl F:\Product\03dirsell\User\Runtime\Cache\Home\bf304dab9709729f41042ad3b2073dd1.php 第 47 行.
INFO: Run Behavior\ParseTemplateBehavior [ RunTime:0.016001s ]
INFO: [ view_parse ] --END-- [ RunTime:0.016001s ]
INFO: [ view_filter ] --START--
INFO: Run Behavior\WriteHtmlCacheBehavior [ RunTime:0.000000s ]
INFO: Run Behavior\TokenBuildBehavior [ RunTime:0.000000s ]
INFO: [ view_filter ] --END-- [ RunTime:0.000000s ]
INFO: [ app_end ] --START--
INFO: Run Behavior\ShowPageTraceBehavior [ RunTime:0.000000s ]
INFO: [ app_end ] --END-- [ RunTime:0.001000s ]

[ 2017-02-26T14:40:16+08:00 ] 127.0.0.1 /Home/Info/pin
INFO: [ app_init ] --START--
INFO: Run Behavior\BuildLiteBehavior [ RunTime:0.000000s ]
INFO: [ app_init ] --END-- [ RunTime:0.000000s ]
INFO: [ app_begin ] --START--
INFO: Run Behavior\ReadHtmlCacheBehavior [ RunTime:0.001000s ]
INFO: [ app_begin ] --END-- [ RunTime:0.001000s ]
SQL: SHOW COLUMNS FROM `ot_system` [ RunTime:0.0030s ]
SQL: SELECT * FROM `ot_system` WHERE `SYS_ID` = 1 LIMIT 1   [ RunTime:0.0010s ]
SQL: SHOW COLUMNS FROM `ot_user` [ RunTime:0.0030s ]
SQL: SELECT * FROM `ot_user` WHERE `UE_account` = 'admin@qq.com' LIMIT 1   [ RunTime:0.0000s ]
SQL: UPDATE `ot_user` SET `levelname`='高级会员' WHERE `UE_account` = 'admin@qq.com' [ RunTime:0.0000s ]
SQL: SELECT * FROM `ot_user` WHERE `UE_ID` = 61451 LIMIT 1   [ RunTime:0.0010s ]
SQL: SHOW COLUMNS FROM `ot_pin` [ RunTime:0.0020s ]
SQL: SELECT COUNT(*) AS tp_count FROM `ot_pin` WHERE `user` = 'admin@qq.com' LIMIT 1   [ RunTime:0.0000s ]
SQL: SELECT * FROM `ot_pin` WHERE `user` = 'admin@qq.com' ORDER BY id DESC LIMIT 0,10   [ RunTime:0.0000s ]
SQL: SELECT COUNT(*) AS tp_count FROM `ot_pin` WHERE `user` = 'admin@qq.com' AND `zt` = 0 LIMIT 1   [ RunTime:0.0000s ]
INFO: [ view_parse ] --START--
INFO: [ template_filter ] --START--
INFO: Run Behavior\ContentReplaceBehavior [ RunTime:0.000000s ]
INFO: [ template_filter ] --END-- [ RunTime:0.000000s ]
NOTIC: [8] Undefined variable: tgurl F:\Product\03dirsell\User\Runtime\Cache\Home\bf304dab9709729f41042ad3b2073dd1.php 第 37 行.
NOTIC: [8] Undefined variable: tgurl F:\Product\03dirsell\User\Runtime\Cache\Home\bf304dab9709729f41042ad3b2073dd1.php 第 47 行.
INFO: Run Behavior\ParseTemplateBehavior [ RunTime:0.007000s ]
INFO: [ view_parse ] --END-- [ RunTime:0.007000s ]
INFO: [ view_filter ] --START--
INFO: Run Behavior\WriteHtmlCacheBehavior [ RunTime:0.000000s ]
INFO: Run Behavior\TokenBuildBehavior [ RunTime:0.000000s ]
INFO: [ view_filter ] --END-- [ RunTime:0.001000s ]
INFO: [ app_end ] --START--
INFO: Run Behavior\ShowPageTraceBehavior [ RunTime:0.000000s ]
INFO: [ app_end ] --END-- [ RunTime:0.000000s ]

[ 2017-02-26T14:40:16+08:00 ] 127.0.0.1 /Home/Index/news/
INFO: [ app_init ] --START--
INFO: Run Behavior\BuildLiteBehavior [ RunTime:0.000000s ]
INFO: [ app_init ] --END-- [ RunTime:0.000000s ]
INFO: [ app_begin ] --START--
INFO: Run Behavior\ReadHtmlCacheBehavior [ RunTime:0.001000s ]
INFO: [ app_begin ] --END-- [ RunTime:0.001000s ]
SQL: SHOW COLUMNS FROM `ot_system` [ RunTime:0.0040s ]
SQL: SELECT * FROM `ot_system` WHERE `SYS_ID` = 1 LIMIT 1   [ RunTime:0.0000s ]
SQL: SHOW COLUMNS FROM `ot_user` [ RunTime:0.0040s ]
SQL: SELECT * FROM `ot_user` WHERE `UE_account` = 'admin@qq.com' LIMIT 1   [ RunTime:0.0010s ]
SQL: UPDATE `ot_user` SET `levelname`='高级会员' WHERE `UE_account` = 'admin@qq.com' [ RunTime:0.0000s ]
SQL: SELECT * FROM `ot_user` WHERE `UE_ID` = 61451 LIMIT 1   [ RunTime:0.0000s ]
SQL: SHOW COLUMNS FROM `ot_info` [ RunTime:0.0290s ]
SQL: SELECT COUNT(*) AS tp_count FROM `ot_info` WHERE `IF_type` = 'news' LIMIT 1   [ RunTime:0.0000s ]
SQL: SELECT * FROM `ot_info` WHERE `IF_type` = 'news' ORDER BY IF_ID DESC LIMIT 0,20   [ RunTime:0.0060s ]
SQL: SELECT COUNT(*) AS tp_count FROM `ot_info` WHERE `IF_type` = 'bzzx' LIMIT 1   [ RunTime:0.0010s ]
SQL: SELECT * FROM `ot_info` WHERE `IF_type` = 'bzzx' ORDER BY IF_ID DESC LIMIT 0,100   [ RunTime:0.0000s ]
INFO: [ view_parse ] --START--
INFO: [ template_filter ] --START--
INFO: Run Behavior\ContentReplaceBehavior [ RunTime:0.000000s ]
INFO: [ template_filter ] --END-- [ RunTime:0.000000s ]
NOTIC: [8] Undefined variable: tgurl F:\Product\03dirsell\User\Runtime\Cache\Home\5429f051fcf0e3d118043f47f8b18b03.php 第 37 行.
NOTIC: [8] Undefined variable: tgurl F:\Product\03dirsell\User\Runtime\Cache\Home\5429f051fcf0e3d118043f47f8b18b03.php 第 47 行.
INFO: Run Behavior\ParseTemplateBehavior [ RunTime:0.052003s ]
INFO: [ view_parse ] --END-- [ RunTime:0.052003s ]
INFO: [ view_filter ] --START--
INFO: Run Behavior\WriteHtmlCacheBehavior [ RunTime:0.000000s ]
INFO: Run Behavior\TokenBuildBehavior [ RunTime:0.000000s ]
INFO: [ view_filter ] --END-- [ RunTime:0.000000s ]
INFO: [ app_end ] --START--
INFO: Run Behavior\ShowPageTraceBehavior [ RunTime:0.000000s ]
INFO: [ app_end ] --END-- [ RunTime:0.000000s ]

[ 2017-02-26T14:40:17+08:00 ] 127.0.0.1 /Home/Index/news/
INFO: [ app_init ] --START--
INFO: Run Behavior\BuildLiteBehavior [ RunTime:0.000000s ]
INFO: [ app_init ] --END-- [ RunTime:0.000000s ]
INFO: [ app_begin ] --START--
INFO: Run Behavior\ReadHtmlCacheBehavior [ RunTime:0.001000s ]
INFO: [ app_begin ] --END-- [ RunTime:0.001000s ]
SQL: SHOW COLUMNS FROM `ot_system` [ RunTime:0.0040s ]
SQL: SELECT * FROM `ot_system` WHERE `SYS_ID` = 1 LIMIT 1   [ RunTime:0.0010s ]
SQL: SHOW COLUMNS FROM `ot_user` [ RunTime:0.0050s ]
SQL: SELECT * FROM `ot_user` WHERE `UE_account` = 'admin@qq.com' LIMIT 1   [ RunTime:0.0000s ]
SQL: UPDATE `ot_user` SET `levelname`='高级会员' WHERE `UE_account` = 'admin@qq.com' [ RunTime:0.0010s ]
SQL: SELECT * FROM `ot_user` WHERE `UE_ID` = 61451 LIMIT 1   [ RunTime:0.0000s ]
SQL: SHOW COLUMNS FROM `ot_info` [ RunTime:0.0020s ]
SQL: SELECT COUNT(*) AS tp_count FROM `ot_info` WHERE `IF_type` = 'news' LIMIT 1   [ RunTime:0.0000s ]
SQL: SELECT * FROM `ot_info` WHERE `IF_type` = 'news' ORDER BY IF_ID DESC LIMIT 0,20   [ RunTime:0.0000s ]
SQL: SELECT COUNT(*) AS tp_count FROM `ot_info` WHERE `IF_type` = 'bzzx' LIMIT 1   [ RunTime:0.0010s ]
SQL: SELECT * FROM `ot_info` WHERE `IF_type` = 'bzzx' ORDER BY IF_ID DESC LIMIT 0,100   [ RunTime:0.0000s ]
INFO: [ view_parse ] --START--
INFO: [ template_filter ] --START--
INFO: Run Behavior\ContentReplaceBehavior [ RunTime:0.000000s ]
INFO: [ template_filter ] --END-- [ RunTime:0.000000s ]
NOTIC: [8] Undefined variable: tgurl F:\Product\03dirsell\User\Runtime\Cache\Home\5429f051fcf0e3d118043f47f8b18b03.php 第 37 行.
NOTIC: [8] Undefined variable: tgurl F:\Product\03dirsell\User\Runtime\Cache\Home\5429f051fcf0e3d118043f47f8b18b03.php 第 47 行.
INFO: Run Behavior\ParseTemplateBehavior [ RunTime:0.011000s ]
INFO: [ view_parse ] --END-- [ RunTime:0.011000s ]
INFO: [ view_filter ] --START--
INFO: Run Behavior\WriteHtmlCacheBehavior [ RunTime:0.000000s ]
INFO: Run Behavior\TokenBuildBehavior [ RunTime:0.000000s ]
INFO: [ view_filter ] --END-- [ RunTime:0.000000s ]
INFO: [ app_end ] --START--
INFO: Run Behavior\ShowPageTraceBehavior [ RunTime:0.001000s ]
INFO: [ app_end ] --END-- [ RunTime:0.001000s ]

[ 2017-02-26T14:40:18+08:00 ] 127.0.0.1 /Home/Myuser/
INFO: [ app_init ] --START--
INFO: Run Behavior\BuildLiteBehavior [ RunTime:0.000000s ]
INFO: [ app_init ] --END-- [ RunTime:0.000000s ]
INFO: [ app_begin ] --START--
INFO: Run Behavior\ReadHtmlCacheBehavior [ RunTime:0.000000s ]
INFO: [ app_begin ] --END-- [ RunTime:0.000000s ]
SQL: SHOW COLUMNS FROM `ot_system` [ RunTime:0.0030s ]
SQL: SELECT * FROM `ot_system` WHERE `SYS_ID` = 1 LIMIT 1   [ RunTime:0.0010s ]
SQL: SHOW COLUMNS FROM `ot_user` [ RunTime:0.0030s ]
SQL: SELECT * FROM `ot_user` WHERE `UE_account` = 'admin@qq.com' LIMIT 1   [ RunTime:0.0010s ]
SQL: UPDATE `ot_user` SET `levelname`='高级会员' WHERE `UE_account` = 'admin@qq.com' [ RunTime:0.0000s ]
SQL: SELECT * FROM `ot_user` WHERE `UE_ID` = 61451 LIMIT 1   [ RunTime:0.0010s ]
SQL: SELECT COUNT(*) AS tp_count FROM `ot_user` WHERE `UE_accName` = 'admin@qq.com' LIMIT 1   [ RunTime:0.0000s ]
SQL: SELECT * FROM `ot_user` WHERE `UE_accName` = 'admin@qq.com' ORDER BY UE_ID DESC LIMIT 0,10   [ RunTime:0.0000s ]
SQL: SELECT * FROM `ot_user` WHERE `UE_ID` = 61451 LIMIT 1   [ RunTime:0.0000s ]
INFO: [ view_parse ] --START--
INFO: [ template_filter ] --START--
INFO: Run Behavior\ContentReplaceBehavior [ RunTime:0.000000s ]
INFO: [ template_filter ] --END-- [ RunTime:0.000000s ]
NOTIC: [8] Undefined variable: tgurl F:\Product\03dirsell\User\Runtime\Cache\Home\2ea9978e54dd44c6f035b76408e4b778.php 第 37 行.
NOTIC: [8] Undefined variable: tgurl F:\Product\03dirsell\User\Runtime\Cache\Home\2ea9978e54dd44c6f035b76408e4b778.php 第 47 行.
INFO: Run Behavior\ParseTemplateBehavior [ RunTime:0.044003s ]
INFO: [ view_parse ] --END-- [ RunTime:0.044003s ]
INFO: [ view_filter ] --START--
INFO: Run Behavior\WriteHtmlCacheBehavior [ RunTime:0.000000s ]
INFO: Run Behavior\TokenBuildBehavior [ RunTime:0.000000s ]
INFO: [ view_filter ] --END-- [ RunTime:0.000000s ]
INFO: [ app_end ] --START--
INFO: Run Behavior\ShowPageTraceBehavior [ RunTime:0.001000s ]
INFO: [ app_end ] --END-- [ RunTime:0.001000s ]

[ 2017-02-26T14:40:19+08:00 ] 127.0.0.1 /Home/Info/cwmx
INFO: [ app_init ] --START--
INFO: Run Behavior\BuildLiteBehavior [ RunTime:0.000000s ]
INFO: [ app_init ] --END-- [ RunTime:0.000000s ]
INFO: [ app_begin ] --START--
INFO: Run Behavior\ReadHtmlCacheBehavior [ RunTime:0.000000s ]
INFO: [ app_begin ] --END-- [ RunTime:0.000000s ]
SQL: SHOW COLUMNS FROM `ot_system` [ RunTime:0.0040s ]
SQL: SELECT * FROM `ot_system` WHERE `SYS_ID` = 1 LIMIT 1   [ RunTime:0.0010s ]
SQL: SHOW COLUMNS FROM `ot_user` [ RunTime:0.0050s ]
SQL: SELECT * FROM `ot_user` WHERE `UE_account` = 'admin@qq.com' LIMIT 1   [ RunTime:0.0000s ]
SQL: UPDATE `ot_user` SET `levelname`='高级会员' WHERE `UE_account` = 'admin@qq.com' [ RunTime:0.0000s ]
SQL: SELECT * FROM `ot_user` WHERE `UE_ID` = 61451 LIMIT 1   [ RunTime:0.0000s ]
SQL: SHOW COLUMNS FROM `ot_tgbz` [ RunTime:0.0040s ]
SQL: SELECT * FROM `ot_tgbz` WHERE `user` = 'admin@qq.com' AND `zt` = 0 ORDER BY id DESC  [ RunTime:0.0000s ]
SQL: SHOW COLUMNS FROM `ot_user_jj` [ RunTime:0.0030s ]
SQL: SELECT COUNT(*) AS tp_count FROM `ot_user_jj` WHERE `user` = 'admin@qq.com' LIMIT 1   [ RunTime:0.0000s ]
SQL: SELECT * FROM `ot_user_jj` WHERE `user` = 'admin@qq.com' ORDER BY id DESC LIMIT 0,10   [ RunTime:0.0000s ]
SQL: SHOW COLUMNS FROM `ot_user_jl` [ RunTime:0.0040s ]
SQL: SELECT COUNT(*) AS tp_count FROM `ot_user_jl` WHERE `user` = 'admin@qq.com' LIMIT 1   [ RunTime:0.0000s ]
SQL: SELECT * FROM `ot_user_jl` WHERE `user` = 'admin@qq.com' ORDER BY id DESC LIMIT 0,10   [ RunTime:0.0000s ]
SQL: SHOW COLUMNS FROM `ot_userget` [ RunTime:0.0040s ]
SQL: SELECT COUNT(*) AS tp_count FROM `ot_userget` WHERE `UG_account` = 'admin@qq.com' LIMIT 1   [ RunTime:0.0000s ]
SQL: SELECT * FROM `ot_userget` WHERE `UG_account` = 'admin@qq.com' ORDER BY UG_ID DESC LIMIT 0,10   [ RunTime:0.0000s ]
SQL: SHOW COLUMNS FROM `ot_tixian` [ RunTime:0.0020s ]
SQL: SELECT COUNT(*) AS tp_count FROM `ot_tixian` WHERE `UG_account` = 'admin@qq.com' LIMIT 1   [ RunTime:0.0000s ]
SQL: SELECT * FROM `ot_tixian` WHERE `UG_account` = 'admin@qq.com' ORDER BY id DESC LIMIT 0,10   [ RunTime:0.0010s ]
NOTIC: [8] Use of undefined constant UE_account - assumed 'UE_account' F:\Product\03dirsell\User\Home\Controller\InfoController.class.php 第 604 行.
SQL: SELECT * FROM `ot_user` WHERE `UE_account` = 'admin@qq.com' LIMIT 1   [ RunTime:0.0000s ]
SQL: SELECT SUM(UG_money) AS tp_sum FROM `ot_userget` WHERE `UG_account` = 'admin@qq.com' AND `UG_dataType` = 'tjj' LIMIT 1   [ RunTime:0.0000s ]
SQL: SELECT SUM(UG_money) AS tp_sum FROM `ot_userget` WHERE `UG_account` = 'admin@qq.com' AND `UG_dataType` = 'jlj' LIMIT 1   [ RunTime:0.0010s ]
INFO: [ view_parse ] --START--
INFO: [ template_filter ] --START--
INFO: Run Behavior\ContentReplaceBehavior [ RunTime:0.001000s ]
INFO: [ template_filter ] --END-- [ RunTime:0.001000s ]
NOTIC: [8] Undefined variable: tgurl F:\Product\03dirsell\User\Runtime\Cache\Home\95d2402fc4416413d7cf886e5691e94b.php 第 62 行.
NOTIC: [8] Undefined variable: tgurl F:\Product\03dirsell\User\Runtime\Cache\Home\95d2402fc4416413d7cf886e5691e94b.php 第 72 行.
NOTIC: [8] Undefined variable: ztrs3 F:\Product\03dirsell\User\Runtime\Cache\Home\95d2402fc4416413d7cf886e5691e94b.php 第 566 行.
SQL: SHOW COLUMNS FROM `ot_ppdd` [ RunTime:0.0040s ]
SQL: SELECT * FROM `ot_ppdd` WHERE `id` = 39 LIMIT 1   [ RunTime:0.0010s ]
NOTIC: [8] Undefined variable: ztrs2 F:\Product\03dirsell\User\Runtime\Cache\Home\95d2402fc4416413d7cf886e5691e94b.php 第 567 行.
SQL: SELECT * FROM `ot_ppdd` WHERE `id` = 39 LIMIT 1   [ RunTime:0.0000s ]
NOTIC: [8] Undefined variable: ztrs3 F:\Product\03dirsell\User\Runtime\Cache\Home\95d2402fc4416413d7cf886e5691e94b.php 第 566 行.
SQL: SELECT * FROM `ot_ppdd` WHERE `id` = 39 LIMIT 1   [ RunTime:0.0000s ]
NOTIC: [8] Undefined variable: ztrs2 F:\Product\03dirsell\User\Runtime\Cache\Home\95d2402fc4416413d7cf886e5691e94b.php 第 567 行.
SQL: SELECT * FROM `ot_ppdd` WHERE `id` = 39 LIMIT 1   [ RunTime:0.0000s ]
NOTIC: [8] Undefined variable: ztrs3 F:\Product\03dirsell\User\Runtime\Cache\Home\95d2402fc4416413d7cf886e5691e94b.php 第 566 行.
SQL: SELECT * FROM `ot_ppdd` WHERE `id` = 38 LIMIT 1   [ RunTime:0.0000s ]
NOTIC: [8] Undefined variable: ztrs2 F:\Product\03dirsell\User\Runtime\Cache\Home\95d2402fc4416413d7cf886e5691e94b.php 第 567 行.
SQL: SELECT * FROM `ot_ppdd` WHERE `id` = 38 LIMIT 1   [ RunTime:0.0000s ]
NOTIC: [8] Undefined variable: ztrs3 F:\Product\03dirsell\User\Runtime\Cache\Home\95d2402fc4416413d7cf886e5691e94b.php 第 566 行.
SQL: SELECT * FROM `ot_ppdd` WHERE `id` = 38 LIMIT 1   [ RunTime:0.0000s ]
NOTIC: [8] Undefined variable: ztrs2 F:\Product\03dirsell\User\Runtime\Cache\Home\95d2402fc4416413d7cf886e5691e94b.php 第 567 行.
SQL: SELECT * FROM `ot_ppdd` WHERE `id` = 38 LIMIT 1   [ RunTime:0.0010s ]
NOTIC: [8] Undefined variable: ztrs3 F:\Product\03dirsell\User\Runtime\Cache\Home\95d2402fc4416413d7cf886e5691e94b.php 第 566 行.
SQL: SELECT * FROM `ot_ppdd` WHERE `id` = 37 LIMIT 1   [ RunTime:0.0000s ]
NOTIC: [8] Undefined variable: ztrs2 F:\Product\03dirsell\User\Runtime\Cache\Home\95d2402fc4416413d7cf886e5691e94b.php 第 567 行.
SQL: SELECT * FROM `ot_ppdd` WHERE `id` = 37 LIMIT 1   [ RunTime:0.0000s ]
NOTIC: [8] Undefined variable: ztrs3 F:\Product\03dirsell\User\Runtime\Cache\Home\95d2402fc4416413d7cf886e5691e94b.php 第 566 行.
SQL: SELECT * FROM `ot_ppdd` WHERE `id` = 37 LIMIT 1   [ RunTime:0.0000s ]
NOTIC: [8] Undefined variable: ztrs2 F:\Product\03dirsell\User\Runtime\Cache\Home\95d2402fc4416413d7cf886e5691e94b.php 第 567 行.
SQL: SELECT * FROM `ot_ppdd` WHERE `id` = 37 LIMIT 1   [ RunTime:0.0000s ]
NOTIC: [8] Undefined variable: ztrs3 F:\Product\03dirsell\User\Runtime\Cache\Home\95d2402fc4416413d7cf886e5691e94b.php 第 566 行.
SQL: SELECT * FROM `ot_ppdd` WHERE `id` = 36 LIMIT 1   [ RunTime:0.0000s ]
NOTIC: [8] Undefined variable: ztrs2 F:\Product\03dirsell\User\Runtime\Cache\Home\95d2402fc4416413d7cf886e5691e94b.php 第 567 行.
SQL: SELECT * FROM `ot_ppdd` WHERE `id` = 36 LIMIT 1   [ RunTime:0.0000s ]
NOTIC: [8] Undefined variable: ztrs3 F:\Product\03dirsell\User\Runtime\Cache\Home\95d2402fc4416413d7cf886e5691e94b.php 第 566 行.
SQL: SELECT * FROM `ot_ppdd` WHERE `id` = 35 LIMIT 1   [ RunTime:0.0000s ]
NOTIC: [8] Undefined variable: ztrs2 F:\Product\03dirsell\User\Runtime\Cache\Home\95d2402fc4416413d7cf886e5691e94b.php 第 567 行.
SQL: SELECT * FROM `ot_ppdd` WHERE `id` = 35 LIMIT 1   [ RunTime:0.0000s ]
NOTIC: [8] Undefined variable: ztrs3 F:\Product\03dirsell\User\Runtime\Cache\Home\95d2402fc4416413d7cf886e5691e94b.php 第 566 行.
SQL: SELECT * FROM `ot_ppdd` WHERE `id` = 26 LIMIT 1   [ RunTime:0.0000s ]
NOTIC: [8] Undefined variable: ztrs2 F:\Product\03dirsell\User\Runtime\Cache\Home\95d2402fc4416413d7cf886e5691e94b.php 第 567 行.
SQL: SELECT * FROM `ot_ppdd` WHERE `id` = 26 LIMIT 1   [ RunTime:0.0000s ]
NOTIC: [8] Undefined variable: ztrs3 F:\Product\03dirsell\User\Runtime\Cache\Home\95d2402fc4416413d7cf886e5691e94b.php 第 566 行.
SQL: SELECT * FROM `ot_ppdd` WHERE `id` = 26 LIMIT 1   [ RunTime:0.0000s ]
NOTIC: [8] Undefined variable: ztrs2 F:\Product\03dirsell\User\Runtime\Cache\Home\95d2402fc4416413d7cf886e5691e94b.php 第 567 行.
SQL: SELECT * FROM `ot_ppdd` WHERE `id` = 26 LIMIT 1   [ RunTime:0.0000s ]
INFO: Run Behavior\ParseTemplateBehavior [ RunTime:0.031002s ]
INFO: [ view_parse ] --END-- [ RunTime:0.031002s ]
INFO: [ view_filter ] --START--
INFO: Run Behavior\WriteHtmlCacheBehavior [ RunTime:0.001000s ]
INFO: Run Behavior\TokenBuildBehavior [ RunTime:0.000000s ]
INFO: [ view_filter ] --END-- [ RunTime:0.001000s ]
INFO: [ app_end ] --START--
INFO: Run Behavior\ShowPageTraceBehavior [ RunTime:0.001000s ]
INFO: [ app_end ] --END-- [ RunTime:0.001000s ]

[ 2017-02-26T14:40:19+08:00 ] 127.0.0.1 /Home/Info/cwmx
INFO: [ app_init ] --START--
INFO: Run Behavior\BuildLiteBehavior [ RunTime:0.000000s ]
INFO: [ app_init ] --END-- [ RunTime:0.000000s ]
INFO: [ app_begin ] --START--
INFO: Run Behavior\ReadHtmlCacheBehavior [ RunTime:0.001000s ]
INFO: [ app_begin ] --END-- [ RunTime:0.001000s ]
SQL: SHOW COLUMNS FROM `ot_system` [ RunTime:0.0030s ]
SQL: SELECT * FROM `ot_system` WHERE `SYS_ID` = 1 LIMIT 1   [ RunTime:0.0010s ]
SQL: SHOW COLUMNS FROM `ot_user` [ RunTime:0.0030s ]
SQL: SELECT * FROM `ot_user` WHERE `UE_account` = 'admin@qq.com' LIMIT 1   [ RunTime:0.0000s ]
SQL: UPDATE `ot_user` SET `levelname`='高级会员' WHERE `UE_account` = 'admin@qq.com' [ RunTime:0.0000s ]
SQL: SELECT * FROM `ot_user` WHERE `UE_ID` = 61451 LIMIT 1   [ RunTime:0.0000s ]
SQL: SHOW COLUMNS FROM `ot_tgbz` [ RunTime:0.0020s ]
SQL: SELECT * FROM `ot_tgbz` WHERE `user` = 'admin@qq.com' AND `zt` = 0 ORDER BY id DESC  [ RunTime:0.0020s ]
SQL: SHOW COLUMNS FROM `ot_user_jj` [ RunTime:0.0030s ]
SQL: SELECT COUNT(*) AS tp_count FROM `ot_user_jj` WHERE `user` = 'admin@qq.com' LIMIT 1   [ RunTime:0.0000s ]
SQL: SELECT * FROM `ot_user_jj` WHERE `user` = 'admin@qq.com' ORDER BY id DESC LIMIT 0,10   [ RunTime:0.0000s ]
SQL: SHOW COLUMNS FROM `ot_user_jl` [ RunTime:0.0020s ]
SQL: SELECT COUNT(*) AS tp_count FROM `ot_user_jl` WHERE `user` = 'admin@qq.com' LIMIT 1   [ RunTime:0.0000s ]
SQL: SELECT * FROM `ot_user_jl` WHERE `user` = 'admin@qq.com' ORDER BY id DESC LIMIT 0,10   [ RunTime:0.0000s ]
SQL: SHOW COLUMNS FROM `ot_userget` [ RunTime:0.0020s ]
SQL: SELECT COUNT(*) AS tp_count FROM `ot_userget` WHERE `UG_account` = 'admin@qq.com' LIMIT 1   [ RunTime:0.0000s ]
SQL: SELECT * FROM `ot_userget` WHERE `UG_account` = 'admin@qq.com' ORDER BY UG_ID DESC LIMIT 0,10   [ RunTime:0.0000s ]
SQL: SHOW COLUMNS FROM `ot_tixian` [ RunTime:0.0030s ]
SQL: SELECT COUNT(*) AS tp_count FROM `ot_tixian` WHERE `UG_account` = 'admin@qq.com' LIMIT 1   [ RunTime:0.0000s ]
SQL: SELECT * FROM `ot_tixian` WHERE `UG_account` = 'admin@qq.com' ORDER BY id DESC LIMIT 0,10   [ RunTime:0.0000s ]
NOTIC: [8] Use of undefined constant UE_account - assumed 'UE_account' F:\Product\03dirsell\User\Home\Controller\InfoController.class.php 第 604 行.
SQL: SELECT * FROM `ot_user` WHERE `UE_account` = 'admin@qq.com' LIMIT 1   [ RunTime:0.0010s ]
SQL: SELECT SUM(UG_money) AS tp_sum FROM `ot_userget` WHERE `UG_account` = 'admin@qq.com' AND `UG_dataType` = 'tjj' LIMIT 1   [ RunTime:0.0000s ]
SQL: SELECT SUM(UG_money) AS tp_sum FROM `ot_userget` WHERE `UG_account` = 'admin@qq.com' AND `UG_dataType` = 'jlj' LIMIT 1   [ RunTime:0.0000s ]
INFO: [ view_parse ] --START--
INFO: [ template_filter ] --START--
INFO: Run Behavior\ContentReplaceBehavior [ RunTime:0.001000s ]
INFO: [ template_filter ] --END-- [ RunTime:0.001000s ]
NOTIC: [8] Undefined variable: tgurl F:\Product\03dirsell\User\Runtime\Cache\Home\95d2402fc4416413d7cf886e5691e94b.php 第 62 行.
NOTIC: [8] Undefined variable: tgurl F:\Product\03dirsell\User\Runtime\Cache\Home\95d2402fc4416413d7cf886e5691e94b.php 第 72 行.
NOTIC: [8] Undefined variable: ztrs3 F:\Product\03dirsell\User\Runtime\Cache\Home\95d2402fc4416413d7cf886e5691e94b.php 第 566 行.
SQL: SHOW COLUMNS FROM `ot_ppdd` [ RunTime:0.0030s ]
SQL: SELECT * FROM `ot_ppdd` WHERE `id` = 39 LIMIT 1   [ RunTime:0.0000s ]
NOTIC: [8] Undefined variable: ztrs2 F:\Product\03dirsell\User\Runtime\Cache\Home\95d2402fc4416413d7cf886e5691e94b.php 第 567 行.
SQL: SELECT * FROM `ot_ppdd` WHERE `id` = 39 LIMIT 1   [ RunTime:0.0000s ]
NOTIC: [8] Undefined variable: ztrs3 F:\Product\03dirsell\User\Runtime\Cache\Home\95d2402fc4416413d7cf886e5691e94b.php 第 566 行.
SQL: SELECT * FROM `ot_ppdd` WHERE `id` = 39 LIMIT 1   [ RunTime:0.0000s ]
NOTIC: [8] Undefined variable: ztrs2 F:\Product\03dirsell\User\Runtime\Cache\Home\95d2402fc4416413d7cf886e5691e94b.php 第 567 行.
SQL: SELECT * FROM `ot_ppdd` WHERE `id` = 39 LIMIT 1   [ RunTime:0.0000s ]
NOTIC: [8] Undefined variable: ztrs3 F:\Product\03dirsell\User\Runtime\Cache\Home\95d2402fc4416413d7cf886e5691e94b.php 第 566 行.
SQL: SELECT * FROM `ot_ppdd` WHERE `id` = 38 LIMIT 1   [ RunTime:0.0000s ]
NOTIC: [8] Undefined variable: ztrs2 F:\Product\03dirsell\User\Runtime\Cache\Home\95d2402fc4416413d7cf886e5691e94b.php 第 567 行.
SQL: SELECT * FROM `ot_ppdd` WHERE `id` = 38 LIMIT 1   [ RunTime:0.0000s ]
NOTIC: [8] Undefined variable: ztrs3 F:\Product\03dirsell\User\Runtime\Cache\Home\95d2402fc4416413d7cf886e5691e94b.php 第 566 行.
SQL: SELECT * FROM `ot_ppdd` WHERE `id` = 38 LIMIT 1   [ RunTime:0.0000s ]
NOTIC: [8] Undefined variable: ztrs2 F:\Product\03dirsell\User\Runtime\Cache\Home\95d2402fc4416413d7cf886e5691e94b.php 第 567 行.
SQL: SELECT * FROM `ot_ppdd` WHERE `id` = 38 LIMIT 1   [ RunTime:0.0010s ]
NOTIC: [8] Undefined variable: ztrs3 F:\Product\03dirsell\User\Runtime\Cache\Home\95d2402fc4416413d7cf886e5691e94b.php 第 566 行.
SQL: SELECT * FROM `ot_ppdd` WHERE `id` = 37 LIMIT 1   [ RunTime:0.0000s ]
NOTIC: [8] Undefined variable: ztrs2 F:\Product\03dirsell\User\Runtime\Cache\Home\95d2402fc4416413d7cf886e5691e94b.php 第 567 行.
SQL: SELECT * FROM `ot_ppdd` WHERE `id` = 37 LIMIT 1   [ RunTime:0.0000s ]
NOTIC: [8] Undefined variable: ztrs3 F:\Product\03dirsell\User\Runtime\Cache\Home\95d2402fc4416413d7cf886e5691e94b.php 第 566 行.
SQL: SELECT * FROM `ot_ppdd` WHERE `id` = 37 LIMIT 1   [ RunTime:0.0000s ]
NOTIC: [8] Undefined variable: ztrs2 F:\Product\03dirsell\User\Runtime\Cache\Home\95d2402fc4416413d7cf886e5691e94b.php 第 567 行.
SQL: SELECT * FROM `ot_ppdd` WHERE `id` = 37 LIMIT 1   [ RunTime:0.0000s ]
NOTIC: [8] Undefined variable: ztrs3 F:\Product\03dirsell\User\Runtime\Cache\Home\95d2402fc4416413d7cf886e5691e94b.php 第 566 行.
SQL: SELECT * FROM `ot_ppdd` WHERE `id` = 36 LIMIT 1   [ RunTime:0.0000s ]
NOTIC: [8] Undefined variable: ztrs2 F:\Product\03dirsell\User\Runtime\Cache\Home\95d2402fc4416413d7cf886e5691e94b.php 第 567 行.
SQL: SELECT * FROM `ot_ppdd` WHERE `id` = 36 LIMIT 1   [ RunTime:0.0010s ]
NOTIC: [8] Undefined variable: ztrs3 F:\Product\03dirsell\User\Runtime\Cache\Home\95d2402fc4416413d7cf886e5691e94b.php 第 566 行.
SQL: SELECT * FROM `ot_ppdd` WHERE `id` = 35 LIMIT 1   [ RunTime:0.0000s ]
NOTIC: [8] Undefined variable: ztrs2 F:\Product\03dirsell\User\Runtime\Cache\Home\95d2402fc4416413d7cf886e5691e94b.php 第 567 行.
SQL: SELECT * FROM `ot_ppdd` WHERE `id` = 35 LIMIT 1   [ RunTime:0.0000s ]
NOTIC: [8] Undefined variable: ztrs3 F:\Product\03dirsell\User\Runtime\Cache\Home\95d2402fc4416413d7cf886e5691e94b.php 第 566 行.
SQL: SELECT * FROM `ot_ppdd` WHERE `id` = 26 LIMIT 1   [ RunTime:0.0000s ]
NOTIC: [8] Undefined variable: ztrs2 F:\Product\03dirsell\User\Runtime\Cache\Home\95d2402fc4416413d7cf886e5691e94b.php 第 567 行.
SQL: SELECT * FROM `ot_ppdd` WHERE `id` = 26 LIMIT 1   [ RunTime:0.0000s ]
NOTIC: [8] Undefined variable: ztrs3 F:\Product\03dirsell\User\Runtime\Cache\Home\95d2402fc4416413d7cf886e5691e94b.php 第 566 行.
SQL: SELECT * FROM `ot_ppdd` WHERE `id` = 26 LIMIT 1   [ RunTime:0.0000s ]
NOTIC: [8] Undefined variable: ztrs2 F:\Product\03dirsell\User\Runtime\Cache\Home\95d2402fc4416413d7cf886e5691e94b.php 第 567 行.
SQL: SELECT * FROM `ot_ppdd` WHERE `id` = 26 LIMIT 1   [ RunTime:0.0000s ]
INFO: Run Behavior\ParseTemplateBehavior [ RunTime:0.027002s ]
INFO: [ view_parse ] --END-- [ RunTime:0.028002s ]
INFO: [ view_filter ] --START--
INFO: Run Behavior\WriteHtmlCacheBehavior [ RunTime:0.000000s ]
INFO: Run Behavior\TokenBuildBehavior [ RunTime:0.000000s ]
INFO: [ view_filter ] --END-- [ RunTime:0.000000s ]
INFO: [ app_end ] --START--
INFO: Run Behavior\ShowPageTraceBehavior [ RunTime:0.001000s ]
INFO: [ app_end ] --END-- [ RunTime:0.001000s ]

[ 2017-02-26T14:40:20+08:00 ] 127.0.0.1 /Home/Myuser/lxwm/
INFO: [ app_init ] --START--
INFO: Run Behavior\BuildLiteBehavior [ RunTime:0.000000s ]
INFO: [ app_init ] --END-- [ RunTime:0.000000s ]
INFO: [ app_begin ] --START--
INFO: Run Behavior\ReadHtmlCacheBehavior [ RunTime:0.000000s ]
INFO: [ app_begin ] --END-- [ RunTime:0.000000s ]
SQL: SHOW COLUMNS FROM `ot_system` [ RunTime:0.0030s ]
SQL: SELECT * FROM `ot_system` WHERE `SYS_ID` = 1 LIMIT 1   [ RunTime:0.0010s ]
SQL: SHOW COLUMNS FROM `ot_user` [ RunTime:0.0030s ]
SQL: SELECT * FROM `ot_user` WHERE `UE_account` = 'admin@qq.com' LIMIT 1   [ RunTime:0.0000s ]
SQL: UPDATE `ot_user` SET `levelname`='高级会员' WHERE `UE_account` = 'admin@qq.com' [ RunTime:0.0000s ]
SQL: SELECT * FROM `ot_user` WHERE `UE_ID` = 61451 LIMIT 1   [ RunTime:0.0000s ]
SQL: SHOW COLUMNS FROM `ot_message` [ RunTime:0.0020s ]
SQL: SELECT COUNT(*) AS tp_count FROM `ot_message` WHERE `MA_userName` = 'admin@qq.com' LIMIT 1   [ RunTime:0.0000s ]
SQL: SELECT * FROM `ot_message` WHERE `MA_userName` = 'admin@qq.com' ORDER BY MA_ID DESC LIMIT 0,12   [ RunTime:0.0000s ]
SQL: SELECT * FROM `ot_user` WHERE `UE_ID` = 61451 LIMIT 1   [ RunTime:0.0000s ]
INFO: [ view_parse ] --START--
INFO: [ template_filter ] --START--
INFO: Run Behavior\ContentReplaceBehavior [ RunTime:0.001000s ]
INFO: [ template_filter ] --END-- [ RunTime:0.001000s ]
NOTIC: [8] Undefined variable: tgurl F:\Product\03dirsell\User\Runtime\Cache\Home\35788c78ae110064cbf698cd6b336981.php 第 59 行.
NOTIC: [8] Undefined variable: tgurl F:\Product\03dirsell\User\Runtime\Cache\Home\35788c78ae110064cbf698cd6b336981.php 第 69 行.
INFO: Run Behavior\ParseTemplateBehavior [ RunTime:0.008000s ]
INFO: [ view_parse ] --END-- [ RunTime:0.008000s ]
INFO: [ view_filter ] --START--
INFO: Run Behavior\WriteHtmlCacheBehavior [ RunTime:0.000000s ]
INFO: Run Behavior\TokenBuildBehavior [ RunTime:0.000000s ]
INFO: [ view_filter ] --END-- [ RunTime:0.000000s ]
INFO: [ app_end ] --START--
INFO: Run Behavior\ShowPageTraceBehavior [ RunTime:0.000000s ]
INFO: [ app_end ] --END-- [ RunTime:0.000000s ]

[ 2017-02-26T14:40:20+08:00 ] 127.0.0.1 /Home/Myuser/lxwm/
INFO: [ app_init ] --START--
INFO: Run Behavior\BuildLiteBehavior [ RunTime:0.000000s ]
INFO: [ app_init ] --END-- [ RunTime:0.000000s ]
INFO: [ app_begin ] --START--
INFO: Run Behavior\ReadHtmlCacheBehavior [ RunTime:0.010000s ]
INFO: [ app_begin ] --END-- [ RunTime:0.010000s ]
SQL: SHOW COLUMNS FROM `ot_system` [ RunTime:0.0030s ]
SQL: SELECT * FROM `ot_system` WHERE `SYS_ID` = 1 LIMIT 1   [ RunTime:0.0010s ]
SQL: SHOW COLUMNS FROM `ot_user` [ RunTime:0.0040s ]
SQL: SELECT * FROM `ot_user` WHERE `UE_account` = 'admin@qq.com' LIMIT 1   [ RunTime:0.0010s ]
SQL: UPDATE `ot_user` SET `levelname`='高级会员' WHERE `UE_account` = 'admin@qq.com' [ RunTime:0.0000s ]
SQL: SELECT * FROM `ot_user` WHERE `UE_ID` = 61451 LIMIT 1   [ RunTime:0.0000s ]
SQL: SHOW COLUMNS FROM `ot_message` [ RunTime:0.0030s ]
SQL: SELECT COUNT(*) AS tp_count FROM `ot_message` WHERE `MA_userName` = 'admin@qq.com' LIMIT 1   [ RunTime:0.0000s ]
SQL: SELECT * FROM `ot_message` WHERE `MA_userName` = 'admin@qq.com' ORDER BY MA_ID DESC LIMIT 0,12   [ RunTime:0.0010s ]
SQL: SELECT * FROM `ot_user` WHERE `UE_ID` = 61451 LIMIT 1   [ RunTime:0.0000s ]
INFO: [ view_parse ] --START--
INFO: [ template_filter ] --START--
INFO: Run Behavior\ContentReplaceBehavior [ RunTime:0.000000s ]
INFO: [ template_filter ] --END-- [ RunTime:0.000000s ]
NOTIC: [8] Undefined variable: tgurl F:\Product\03dirsell\User\Runtime\Cache\Home\35788c78ae110064cbf698cd6b336981.php 第 59 行.
NOTIC: [8] Undefined variable: tgurl F:\Product\03dirsell\User\Runtime\Cache\Home\35788c78ae110064cbf698cd6b336981.php 第 69 行.
INFO: Run Behavior\ParseTemplateBehavior [ RunTime:0.007000s ]
INFO: [ view_parse ] --END-- [ RunTime:0.007000s ]
INFO: [ view_filter ] --START--
INFO: Run Behavior\WriteHtmlCacheBehavior [ RunTime:0.001000s ]
INFO: Run Behavior\TokenBuildBehavior [ RunTime:0.000000s ]
INFO: [ view_filter ] --END-- [ RunTime:0.001000s ]
INFO: [ app_end ] --START--
INFO: Run Behavior\ShowPageTraceBehavior [ RunTime:0.000000s ]
INFO: [ app_end ] --END-- [ RunTime:0.000000s ]

[ 2017-02-26T14:40:22+08:00 ] 127.0.0.1 /Home/Myuser/lxwm/
INFO: [ app_init ] --START--
INFO: Run Behavior\BuildLiteBehavior [ RunTime:0.000000s ]
INFO: [ app_init ] --END-- [ RunTime:0.000000s ]
INFO: [ app_begin ] --START--
INFO: Run Behavior\ReadHtmlCacheBehavior [ RunTime:0.000000s ]
INFO: [ app_begin ] --END-- [ RunTime:0.000000s ]
SQL: SHOW COLUMNS FROM `ot_system` [ RunTime:0.0030s ]
SQL: SELECT * FROM `ot_system` WHERE `SYS_ID` = 1 LIMIT 1   [ RunTime:0.0010s ]
SQL: SHOW COLUMNS FROM `ot_user` [ RunTime:0.0030s ]
SQL: SELECT * FROM `ot_user` WHERE `UE_account` = 'admin@qq.com' LIMIT 1   [ RunTime:0.0000s ]
SQL: UPDATE `ot_user` SET `levelname`='高级会员' WHERE `UE_account` = 'admin@qq.com' [ RunTime:0.0000s ]
SQL: SELECT * FROM `ot_user` WHERE `UE_ID` = 61451 LIMIT 1   [ RunTime:0.0000s ]
SQL: SHOW COLUMNS FROM `ot_message` [ RunTime:0.0020s ]
SQL: SELECT COUNT(*) AS tp_count FROM `ot_message` WHERE `MA_userName` = 'admin@qq.com' LIMIT 1   [ RunTime:0.0000s ]
SQL: SELECT * FROM `ot_message` WHERE `MA_userName` = 'admin@qq.com' ORDER BY MA_ID DESC LIMIT 0,12   [ RunTime:0.0000s ]
SQL: SELECT * FROM `ot_user` WHERE `UE_ID` = 61451 LIMIT 1   [ RunTime:0.0010s ]
INFO: [ view_parse ] --START--
INFO: [ template_filter ] --START--
INFO: Run Behavior\ContentReplaceBehavior [ RunTime:0.000000s ]
INFO: [ template_filter ] --END-- [ RunTime:0.001000s ]
NOTIC: [8] Undefined variable: tgurl F:\Product\03dirsell\User\Runtime\Cache\Home\35788c78ae110064cbf698cd6b336981.php 第 59 行.
NOTIC: [8] Undefined variable: tgurl F:\Product\03dirsell\User\Runtime\Cache\Home\35788c78ae110064cbf698cd6b336981.php 第 69 行.
INFO: Run Behavior\ParseTemplateBehavior [ RunTime:0.007000s ]
INFO: [ view_parse ] --END-- [ RunTime:0.007000s ]
INFO: [ view_filter ] --START--
INFO: Run Behavior\WriteHtmlCacheBehavior [ RunTime:0.001000s ]
INFO: Run Behavior\TokenBuildBehavior [ RunTime:0.000000s ]
INFO: [ view_filter ] --END-- [ RunTime:0.001000s ]
INFO: [ app_end ] --START--
INFO: Run Behavior\ShowPageTraceBehavior [ RunTime:0.000000s ]
INFO: [ app_end ] --END-- [ RunTime:0.000000s ]

[ 2017-02-26T14:40:23+08:00 ] 127.0.0.1 /Home/Info/cwmx
INFO: [ app_init ] --START--
INFO: Run Behavior\BuildLiteBehavior [ RunTime:0.000000s ]
INFO: [ app_init ] --END-- [ RunTime:0.000000s ]
INFO: [ app_begin ] --START--
INFO: Run Behavior\ReadHtmlCacheBehavior [ RunTime:0.001000s ]
INFO: [ app_begin ] --END-- [ RunTime:0.001000s ]
SQL: SHOW COLUMNS FROM `ot_system` [ RunTime:0.0030s ]
SQL: SELECT * FROM `ot_system` WHERE `SYS_ID` = 1 LIMIT 1   [ RunTime:0.0010s ]
SQL: SHOW COLUMNS FROM `ot_user` [ RunTime:0.0030s ]
SQL: SELECT * FROM `ot_user` WHERE `UE_account` = 'admin@qq.com' LIMIT 1   [ RunTime:0.0000s ]
SQL: UPDATE `ot_user` SET `levelname`='高级会员' WHERE `UE_account` = 'admin@qq.com' [ RunTime:0.0010s ]
SQL: SELECT * FROM `ot_user` WHERE `UE_ID` = 61451 LIMIT 1   [ RunTime:0.0000s ]
SQL: SHOW COLUMNS FROM `ot_tgbz` [ RunTime:0.0020s ]
SQL: SELECT * FROM `ot_tgbz` WHERE `user` = 'admin@qq.com' AND `zt` = 0 ORDER BY id DESC  [ RunTime:0.0000s ]
SQL: SHOW COLUMNS FROM `ot_user_jj` [ RunTime:0.0020s ]
SQL: SELECT COUNT(*) AS tp_count FROM `ot_user_jj` WHERE `user` = 'admin@qq.com' LIMIT 1   [ RunTime:0.0000s ]
SQL: SELECT * FROM `ot_user_jj` WHERE `user` = 'admin@qq.com' ORDER BY id DESC LIMIT 0,10   [ RunTime:0.0000s ]
SQL: SHOW COLUMNS FROM `ot_user_jl` [ RunTime:0.0020s ]
SQL: SELECT COUNT(*) AS tp_count FROM `ot_user_jl` WHERE `user` = 'admin@qq.com' LIMIT 1   [ RunTime:0.0000s ]
SQL: SELECT * FROM `ot_user_jl` WHERE `user` = 'admin@qq.com' ORDER BY id DESC LIMIT 0,10   [ RunTime:0.0000s ]
SQL: SHOW COLUMNS FROM `ot_userget` [ RunTime:0.0030s ]
SQL: SELECT COUNT(*) AS tp_count FROM `ot_userget` WHERE `UG_account` = 'admin@qq.com' LIMIT 1   [ RunTime:0.0000s ]
SQL: SELECT * FROM `ot_userget` WHERE `UG_account` = 'admin@qq.com' ORDER BY UG_ID DESC LIMIT 0,10   [ RunTime:0.0000s ]
SQL: SHOW COLUMNS FROM `ot_tixian` [ RunTime:0.0020s ]
SQL: SELECT COUNT(*) AS tp_count FROM `ot_tixian` WHERE `UG_account` = 'admin@qq.com' LIMIT 1   [ RunTime:0.0000s ]
SQL: SELECT * FROM `ot_tixian` WHERE `UG_account` = 'admin@qq.com' ORDER BY id DESC LIMIT 0,10   [ RunTime:0.0000s ]
NOTIC: [8] Use of undefined constant UE_account - assumed 'UE_account' F:\Product\03dirsell\User\Home\Controller\InfoController.class.php 第 604 行.
SQL: SELECT * FROM `ot_user` WHERE `UE_account` = 'admin@qq.com' LIMIT 1   [ RunTime:0.0000s ]
SQL: SELECT SUM(UG_money) AS tp_sum FROM `ot_userget` WHERE `UG_account` = 'admin@qq.com' AND `UG_dataType` = 'tjj' LIMIT 1   [ RunTime:0.0010s ]
SQL: SELECT SUM(UG_money) AS tp_sum FROM `ot_userget` WHERE `UG_account` = 'admin@qq.com' AND `UG_dataType` = 'jlj' LIMIT 1   [ RunTime:0.0000s ]
INFO: [ view_parse ] --START--
INFO: [ template_filter ] --START--
INFO: Run Behavior\ContentReplaceBehavior [ RunTime:0.000000s ]
INFO: [ template_filter ] --END-- [ RunTime:0.000000s ]
NOTIC: [8] Undefined variable: tgurl F:\Product\03dirsell\User\Runtime\Cache\Home\95d2402fc4416413d7cf886e5691e94b.php 第 62 行.
NOTIC: [8] Undefined variable: tgurl F:\Product\03dirsell\User\Runtime\Cache\Home\95d2402fc4416413d7cf886e5691e94b.php 第 72 行.
NOTIC: [8] Undefined variable: ztrs3 F:\Product\03dirsell\User\Runtime\Cache\Home\95d2402fc4416413d7cf886e5691e94b.php 第 566 行.
SQL: SHOW COLUMNS FROM `ot_ppdd` [ RunTime:0.0020s ]
SQL: SELECT * FROM `ot_ppdd` WHERE `id` = 39 LIMIT 1   [ RunTime:0.0000s ]
NOTIC: [8] Undefined variable: ztrs2 F:\Product\03dirsell\User\Runtime\Cache\Home\95d2402fc4416413d7cf886e5691e94b.php 第 567 行.
SQL: SELECT * FROM `ot_ppdd` WHERE `id` = 39 LIMIT 1   [ RunTime:0.0000s ]
NOTIC: [8] Undefined variable: ztrs3 F:\Product\03dirsell\User\Runtime\Cache\Home\95d2402fc4416413d7cf886e5691e94b.php 第 566 行.
SQL: SELECT * FROM `ot_ppdd` WHERE `id` = 39 LIMIT 1   [ RunTime:0.0000s ]
NOTIC: [8] Undefined variable: ztrs2 F:\Product\03dirsell\User\Runtime\Cache\Home\95d2402fc4416413d7cf886e5691e94b.php 第 567 行.
SQL: SELECT * FROM `ot_ppdd` WHERE `id` = 39 LIMIT 1   [ RunTime:0.0000s ]
NOTIC: [8] Undefined variable: ztrs3 F:\Product\03dirsell\User\Runtime\Cache\Home\95d2402fc4416413d7cf886e5691e94b.php 第 566 行.
SQL: SELECT * FROM `ot_ppdd` WHERE `id` = 38 LIMIT 1   [ RunTime:0.0000s ]
NOTIC: [8] Undefined variable: ztrs2 F:\Product\03dirsell\User\Runtime\Cache\Home\95d2402fc4416413d7cf886e5691e94b.php 第 567 行.
SQL: SELECT * FROM `ot_ppdd` WHERE `id` = 38 LIMIT 1   [ RunTime:0.0000s ]
NOTIC: [8] Undefined variable: ztrs3 F:\Product\03dirsell\User\Runtime\Cache\Home\95d2402fc4416413d7cf886e5691e94b.php 第 566 行.
SQL: SELECT * FROM `ot_ppdd` WHERE `id` = 38 LIMIT 1   [ RunTime:0.0000s ]
NOTIC: [8] Undefined variable: ztrs2 F:\Product\03dirsell\User\Runtime\Cache\Home\95d2402fc4416413d7cf886e5691e94b.php 第 567 行.
SQL: SELECT * FROM `ot_ppdd` WHERE `id` = 38 LIMIT 1   [ RunTime:0.0000s ]
NOTIC: [8] Undefined variable: ztrs3 F:\Product\03dirsell\User\Runtime\Cache\Home\95d2402fc4416413d7cf886e5691e94b.php 第 566 行.
SQL: SELECT * FROM `ot_ppdd` WHERE `id` = 37 LIMIT 1   [ RunTime:0.0000s ]
NOTIC: [8] Undefined variable: ztrs2 F:\Product\03dirsell\User\Runtime\Cache\Home\95d2402fc4416413d7cf886e5691e94b.php 第 567 行.
SQL: SELECT * FROM `ot_ppdd` WHERE `id` = 37 LIMIT 1   [ RunTime:0.0000s ]
NOTIC: [8] Undefined variable: ztrs3 F:\Product\03dirsell\User\Runtime\Cache\Home\95d2402fc4416413d7cf886e5691e94b.php 第 566 行.
SQL: SELECT * FROM `ot_ppdd` WHERE `id` = 37 LIMIT 1   [ RunTime:0.0000s ]
NOTIC: [8] Undefined variable: ztrs2 F:\Product\03dirsell\User\Runtime\Cache\Home\95d2402fc4416413d7cf886e5691e94b.php 第 567 行.
SQL: SELECT * FROM `ot_ppdd` WHERE `id` = 37 LIMIT 1   [ RunTime:0.0000s ]
NOTIC: [8] Undefined variable: ztrs3 F:\Product\03dirsell\User\Runtime\Cache\Home\95d2402fc4416413d7cf886e5691e94b.php 第 566 行.
SQL: SELECT * FROM `ot_ppdd` WHERE `id` = 36 LIMIT 1   [ RunTime:0.0000s ]
NOTIC: [8] Undefined variable: ztrs2 F:\Product\03dirsell\User\Runtime\Cache\Home\95d2402fc4416413d7cf886e5691e94b.php 第 567 行.
SQL: SELECT * FROM `ot_ppdd` WHERE `id` = 36 LIMIT 1   [ RunTime:0.0000s ]
NOTIC: [8] Undefined variable: ztrs3 F:\Product\03dirsell\User\Runtime\Cache\Home\95d2402fc4416413d7cf886e5691e94b.php 第 566 行.
SQL: SELECT * FROM `ot_ppdd` WHERE `id` = 35 LIMIT 1   [ RunTime:0.0000s ]
NOTIC: [8] Undefined variable: ztrs2 F:\Product\03dirsell\User\Runtime\Cache\Home\95d2402fc4416413d7cf886e5691e94b.php 第 567 行.
SQL: SELECT * FROM `ot_ppdd` WHERE `id` = 35 LIMIT 1   [ RunTime:0.0000s ]
NOTIC: [8] Undefined variable: ztrs3 F:\Product\03dirsell\User\Runtime\Cache\Home\95d2402fc4416413d7cf886e5691e94b.php 第 566 行.
SQL: SELECT * FROM `ot_ppdd` WHERE `id` = 26 LIMIT 1   [ RunTime:0.0000s ]
NOTIC: [8] Undefined variable: ztrs2 F:\Product\03dirsell\User\Runtime\Cache\Home\95d2402fc4416413d7cf886e5691e94b.php 第 567 行.
SQL: SELECT * FROM `ot_ppdd` WHERE `id` = 26 LIMIT 1   [ RunTime:0.0000s ]
NOTIC: [8] Undefined variable: ztrs3 F:\Product\03dirsell\User\Runtime\Cache\Home\95d2402fc4416413d7cf886e5691e94b.php 第 566 行.
SQL: SELECT * FROM `ot_ppdd` WHERE `id` = 26 LIMIT 1   [ RunTime:0.0010s ]
NOTIC: [8] Undefined variable: ztrs2 F:\Product\03dirsell\User\Runtime\Cache\Home\95d2402fc4416413d7cf886e5691e94b.php 第 567 行.
SQL: SELECT * FROM `ot_ppdd` WHERE `id` = 26 LIMIT 1   [ RunTime:0.0000s ]
INFO: Run Behavior\ParseTemplateBehavior [ RunTime:0.025002s ]
INFO: [ view_parse ] --END-- [ RunTime:0.025002s ]
INFO: [ view_filter ] --START--
INFO: Run Behavior\WriteHtmlCacheBehavior [ RunTime:0.000000s ]
INFO: Run Behavior\TokenBuildBehavior [ RunTime:0.000000s ]
INFO: [ view_filter ] --END-- [ RunTime:0.000000s ]
INFO: [ app_end ] --START--
INFO: Run Behavior\ShowPageTraceBehavior [ RunTime:0.000000s ]
INFO: [ app_end ] --END-- [ RunTime:0.000000s ]

[ 2017-02-26T14:40:24+08:00 ] 127.0.0.1 /Home/Myuser/lxwm/
INFO: [ app_init ] --START--
INFO: Run Behavior\BuildLiteBehavior [ RunTime:0.000000s ]
INFO: [ app_init ] --END-- [ RunTime:0.000000s ]
INFO: [ app_begin ] --START--
INFO: Run Behavior\ReadHtmlCacheBehavior [ RunTime:0.001000s ]
INFO: [ app_begin ] --END-- [ RunTime:0.001000s ]
SQL: SHOW COLUMNS FROM `ot_system` [ RunTime:0.0030s ]
SQL: SELECT * FROM `ot_system` WHERE `SYS_ID` = 1 LIMIT 1   [ RunTime:0.0000s ]
SQL: SHOW COLUMNS FROM `ot_user` [ RunTime:0.0040s ]
SQL: SELECT * FROM `ot_user` WHERE `UE_account` = 'admin@qq.com' LIMIT 1   [ RunTime:0.0000s ]
SQL: UPDATE `ot_user` SET `levelname`='高级会员' WHERE `UE_account` = 'admin@qq.com' [ RunTime:0.0000s ]
SQL: SELECT * FROM `ot_user` WHERE `UE_ID` = 61451 LIMIT 1   [ RunTime:0.0000s ]
SQL: SHOW COLUMNS FROM `ot_message` [ RunTime:0.0020s ]
SQL: SELECT COUNT(*) AS tp_count FROM `ot_message` WHERE `MA_userName` = 'admin@qq.com' LIMIT 1   [ RunTime:0.0000s ]
SQL: SELECT * FROM `ot_message` WHERE `MA_userName` = 'admin@qq.com' ORDER BY MA_ID DESC LIMIT 0,12   [ RunTime:0.0000s ]
SQL: SELECT * FROM `ot_user` WHERE `UE_ID` = 61451 LIMIT 1   [ RunTime:0.0000s ]
INFO: [ view_parse ] --START--
INFO: [ template_filter ] --START--
INFO: Run Behavior\ContentReplaceBehavior [ RunTime:0.000000s ]
INFO: [ template_filter ] --END-- [ RunTime:0.000000s ]
NOTIC: [8] Undefined variable: tgurl F:\Product\03dirsell\User\Runtime\Cache\Home\35788c78ae110064cbf698cd6b336981.php 第 59 行.
NOTIC: [8] Undefined variable: tgurl F:\Product\03dirsell\User\Runtime\Cache\Home\35788c78ae110064cbf698cd6b336981.php 第 69 行.
INFO: Run Behavior\ParseTemplateBehavior [ RunTime:0.007000s ]
INFO: [ view_parse ] --END-- [ RunTime:0.008000s ]
INFO: [ view_filter ] --START--
INFO: Run Behavior\WriteHtmlCacheBehavior [ RunTime:0.000000s ]
INFO: Run Behavior\TokenBuildBehavior [ RunTime:0.000000s ]
INFO: [ view_filter ] --END-- [ RunTime:0.000000s ]
INFO: [ app_end ] --START--
INFO: Run Behavior\ShowPageTraceBehavior [ RunTime:0.000000s ]
INFO: [ app_end ] --END-- [ RunTime:0.000000s ]

[ 2017-02-26T14:40:25+08:00 ] 127.0.0.1 /Home/Myuser/lxwm/
INFO: [ app_init ] --START--
INFO: Run Behavior\BuildLiteBehavior [ RunTime:0.000000s ]
INFO: [ app_init ] --END-- [ RunTime:0.001000s ]
INFO: [ app_begin ] --START--
INFO: Run Behavior\ReadHtmlCacheBehavior [ RunTime:0.000000s ]
INFO: [ app_begin ] --END-- [ RunTime:0.000000s ]
SQL: SHOW COLUMNS FROM `ot_system` [ RunTime:0.0030s ]
SQL: SELECT * FROM `ot_system` WHERE `SYS_ID` = 1 LIMIT 1   [ RunTime:0.0000s ]
SQL: SHOW COLUMNS FROM `ot_user` [ RunTime:0.0030s ]
SQL: SELECT * FROM `ot_user` WHERE `UE_account` = 'admin@qq.com' LIMIT 1   [ RunTime:0.0000s ]
SQL: UPDATE `ot_user` SET `levelname`='高级会员' WHERE `UE_account` = 'admin@qq.com' [ RunTime:0.0010s ]
SQL: SELECT * FROM `ot_user` WHERE `UE_ID` = 61451 LIMIT 1   [ RunTime:0.0000s ]
SQL: SHOW COLUMNS FROM `ot_message` [ RunTime:0.0030s ]
SQL: SELECT COUNT(*) AS tp_count FROM `ot_message` WHERE `MA_userName` = 'admin@qq.com' LIMIT 1   [ RunTime:0.0000s ]
SQL: SELECT * FROM `ot_message` WHERE `MA_userName` = 'admin@qq.com' ORDER BY MA_ID DESC LIMIT 0,12   [ RunTime:0.0010s ]
SQL: SELECT * FROM `ot_user` WHERE `UE_ID` = 61451 LIMIT 1   [ RunTime:0.0000s ]
INFO: [ view_parse ] --START--
INFO: [ template_filter ] --START--
INFO: Run Behavior\ContentReplaceBehavior [ RunTime:0.000000s ]
INFO: [ template_filter ] --END-- [ RunTime:0.000000s ]
NOTIC: [8] Undefined variable: tgurl F:\Product\03dirsell\User\Runtime\Cache\Home\35788c78ae110064cbf698cd6b336981.php 第 59 行.
NOTIC: [8] Undefined variable: tgurl F:\Product\03dirsell\User\Runtime\Cache\Home\35788c78ae110064cbf698cd6b336981.php 第 69 行.
INFO: Run Behavior\ParseTemplateBehavior [ RunTime:0.008000s ]
INFO: [ view_parse ] --END-- [ RunTime:0.008000s ]
INFO: [ view_filter ] --START--
INFO: Run Behavior\WriteHtmlCacheBehavior [ RunTime:0.000000s ]
INFO: Run Behavior\TokenBuildBehavior [ RunTime:0.000000s ]
INFO: [ view_filter ] --END-- [ RunTime:0.000000s ]
INFO: [ app_end ] --START--
INFO: Run Behavior\ShowPageTraceBehavior [ RunTime:0.001000s ]
INFO: [ app_end ] --END-- [ RunTime:0.001000s ]

[ 2017-02-26T15:10:22+08:00 ] 127.0.0.1 /Home/Reg/lxwm/
INFO: [ app_init ] --START--
INFO: Run Behavior\BuildLiteBehavior [ RunTime:0.000000s ]
INFO: [ app_init ] --END-- [ RunTime:0.000000s ]
INFO: [ app_begin ] --START--
INFO: Run Behavior\ReadHtmlCacheBehavior [ RunTime:0.001000s ]
INFO: [ app_begin ] --END-- [ RunTime:0.001000s ]

[ 2017-02-26T15:10:27+08:00 ] 127.0.0.1 /Home/Reg/reg
INFO: [ app_init ] --START--
INFO: Run Behavior\BuildLiteBehavior [ RunTime:0.000000s ]
INFO: [ app_init ] --END-- [ RunTime:0.000000s ]
INFO: [ app_begin ] --START--
INFO: Run Behavior\ReadHtmlCacheBehavior [ RunTime:0.000000s ]
INFO: [ app_begin ] --END-- [ RunTime:0.000000s ]

[ 2017-02-26T15:10:37+08:00 ] 127.0.0.1 /Home/Reg/reg
INFO: [ app_init ] --START--
INFO: Run Behavior\BuildLiteBehavior [ RunTime:0.000000s ]
INFO: [ app_init ] --END-- [ RunTime:0.000000s ]
INFO: [ app_begin ] --START--
INFO: Run Behavior\ReadHtmlCacheBehavior [ RunTime:0.000000s ]
INFO: [ app_begin ] --END-- [ RunTime:0.000000s ]
INFO: [ view_parse ] --START--
INFO: [ template_filter ] --START--
INFO: Run Behavior\ContentReplaceBehavior [ RunTime:0.000000s ]
INFO: [ template_filter ] --END-- [ RunTime:0.001000s ]
NOTIC: [8] Undefined variable: tjmail F:\Product\03dirsell\User\Runtime\Cache\Home\1f394932da5e056a8a7e079741388cd0.php 第 94 行.
INFO: Run Behavior\ParseTemplateBehavior [ RunTime:0.017001s ]
INFO: [ view_parse ] --END-- [ RunTime:0.017001s ]
INFO: [ view_filter ] --START--
INFO: Run Behavior\WriteHtmlCacheBehavior [ RunTime:0.001000s ]
INFO: Run Behavior\TokenBuildBehavior [ RunTime:0.000000s ]
INFO: [ view_filter ] --END-- [ RunTime:0.001000s ]
INFO: [ app_end ] --START--
INFO: Run Behavior\ShowPageTraceBehavior [ RunTime:0.000000s ]
INFO: [ app_end ] --END-- [ RunTime:0.000000s ]

[ 2017-02-26T15:35:11+08:00 ] 127.0.0.1 /Home/Reg/reg2
INFO: [ app_init ] --START--
INFO: Run Behavior\BuildLiteBehavior [ RunTime:0.000000s ]
INFO: [ app_init ] --END-- [ RunTime:0.000000s ]
INFO: [ app_begin ] --START--
INFO: Run Behavior\ReadHtmlCacheBehavior [ RunTime:0.000000s ]
INFO: [ app_begin ] --END-- [ RunTime:0.000000s ]
SQL: SHOW COLUMNS FROM `ot_user` [ RunTime:0.0040s ]
SQL: SELECT * FROM `ot_user` WHERE `UE_ID` = 0 LIMIT 1   [ RunTime:0.0010s ]
ERR: 模板不存在:./User/Home/View/default/Reg/reg2.html

[ 2017-02-26T15:41:56+08:00 ] 127.0.0.1 /Home/Shop/index
INFO: [ app_init ] --START--
INFO: Run Behavior\BuildLiteBehavior [ RunTime:0.000000s ]
INFO: [ app_init ] --END-- [ RunTime:0.000000s ]
INFO: [ app_begin ] --START--
INFO: Run Behavior\ReadHtmlCacheBehavior [ RunTime:0.000000s ]
INFO: [ app_begin ] --END-- [ RunTime:0.000000s ]
SQL: SHOW COLUMNS FROM `ot_system` [ RunTime:0.0130s ]
SQL: SELECT * FROM `ot_system` WHERE `SYS_ID` = 1 LIMIT 1   [ RunTime:0.0000s ]
SQL: SHOW COLUMNS FROM `ot_user` [ RunTime:0.0030s ]
SQL: SELECT * FROM `ot_user` WHERE `UE_account` = 'admin@qq.com' LIMIT 1   [ RunTime:0.0000s ]
SQL: UPDATE `ot_user` SET `levelname`='高级会员' WHERE `UE_account` = 'admin@qq.com' [ RunTime:0.0000s ]
SQL: SELECT * FROM `ot_user` WHERE `UE_ID` = 61451 LIMIT 1   [ RunTime:0.0000s ]
SQL: SHOW COLUMNS FROM `ot_shopsj` [ RunTime:0.0020s ]
SQL: SELECT * FROM `ot_shopsj` WHERE `leixin` = 'jbzgq' AND `zt` = 1 ORDER BY id LIMIT 0,12   [ RunTime:0.0000s ]
SQL: SELECT * FROM `ot_shopsj` WHERE `leixin` = 'zsbygq' AND `zt` = 1 ORDER BY id LIMIT 0,10   [ RunTime:0.0000s ]
SQL: SELECT * FROM `ot_shopsj` WHERE `leixin` = 'zsbxyq' AND `zt` = 1 ORDER BY id LIMIT 0,3   [ RunTime:0.0000s ]
SQL: SELECT * FROM `ot_user` WHERE `UE_ID` = 61451 LIMIT 1   [ RunTime:0.0000s ]
ERR: 模板不存在:./User/Home/View/default/Shop/index.html

[ 2017-02-26T16:27:52+08:00 ] 127.0.0.1 /Home/Shop/stsj
INFO: [ app_init ] --START--
INFO: Run Behavior\BuildLiteBehavior [ RunTime:0.000000s ]
INFO: [ app_init ] --END-- [ RunTime:0.000000s ]
INFO: [ app_begin ] --START--
INFO: Run Behavior\ReadHtmlCacheBehavior [ RunTime:0.000000s ]
INFO: [ app_begin ] --END-- [ RunTime:0.000000s ]
SQL: SHOW COLUMNS FROM `ot_system` [ RunTime:0.0040s ]
SQL: SELECT * FROM `ot_system` WHERE `SYS_ID` = 1 LIMIT 1   [ RunTime:0.0000s ]
SQL: SHOW COLUMNS FROM `ot_user` [ RunTime:0.0040s ]
SQL: SELECT * FROM `ot_user` WHERE `UE_account` = 'admin@qq.com' LIMIT 1   [ RunTime:0.0010s ]
SQL: UPDATE `ot_user` SET `levelname`='高级会员' WHERE `UE_account` = 'admin@qq.com' [ RunTime:0.0000s ]
SQL: SELECT * FROM `ot_user` WHERE `UE_ID` = 61451 LIMIT 1   [ RunTime:0.0010s ]
SQL: SELECT * FROM `ot_user` WHERE `UE_ID` = 61451 LIMIT 1   [ RunTime:0.0000s ]
ERR: 模板不存在:./User/Home/View/default/Shop/stsj.html

[ 2017-02-26T16:31:04+08:00 ] 127.0.0.1 /Home/Shop/index
INFO: [ app_init ] --START--
INFO: Run Behavior\BuildLiteBehavior [ RunTime:0.000000s ]
INFO: [ app_init ] --END-- [ RunTime:0.001000s ]
INFO: [ app_begin ] --START--
INFO: Run Behavior\ReadHtmlCacheBehavior [ RunTime:0.001000s ]
INFO: [ app_begin ] --END-- [ RunTime:0.001000s ]
SQL: SHOW COLUMNS FROM `ot_system` [ RunTime:0.0030s ]
SQL: SELECT * FROM `ot_system` WHERE `SYS_ID` = 1 LIMIT 1   [ RunTime:0.0000s ]
SQL: SHOW COLUMNS FROM `ot_user` [ RunTime:0.0040s ]
SQL: SELECT * FROM `ot_user` WHERE `UE_account` = 'admin@qq.com' LIMIT 1   [ RunTime:0.0000s ]
SQL: UPDATE `ot_user` SET `levelname`='高级会员' WHERE `UE_account` = 'admin@qq.com' [ RunTime:0.0010s ]
SQL: SELECT * FROM `ot_user` WHERE `UE_ID` = 61451 LIMIT 1   [ RunTime:0.0000s ]
SQL: SHOW COLUMNS FROM `ot_shopsj` [ RunTime:0.0040s ]
SQL: SELECT * FROM `ot_shopsj` WHERE `leixin` = 'jbzgq' AND `zt` = 1 ORDER BY id LIMIT 0,12   [ RunTime:0.0000s ]
SQL: SELECT * FROM `ot_shopsj` WHERE `leixin` = 'zsbygq' AND `zt` = 1 ORDER BY id LIMIT 0,10   [ RunTime:0.0000s ]
SQL: SELECT * FROM `ot_shopsj` WHERE `leixin` = 'zsbxyq' AND `zt` = 1 ORDER BY id LIMIT 0,3   [ RunTime:0.0000s ]
SQL: SELECT * FROM `ot_user` WHERE `UE_ID` = 61451 LIMIT 1   [ RunTime:0.0000s ]
ERR: 模板不存在:./User/Home/View/default/Shop/index.html

[ 2017-02-26T16:31:05+08:00 ] 127.0.0.1 /Home/Reg/lxwm/
INFO: [ app_init ] --START--
INFO: Run Behavior\BuildLiteBehavior [ RunTime:0.000000s ]
INFO: [ app_init ] --END-- [ RunTime:0.000000s ]
INFO: [ app_begin ] --START--
INFO: Run Behavior\ReadHtmlCacheBehavior [ RunTime:0.000000s ]
INFO: [ app_begin ] --END-- [ RunTime:0.000000s ]
ERR: 非法操作:lxwm

[ 2017-02-26T16:31:16+08:00 ] 127.0.0.1 /
INFO: [ app_init ] --START--
INFO: Run Behavior\BuildLiteBehavior [ RunTime:0.000000s ]
INFO: [ app_init ] --END-- [ RunTime:0.000000s ]
INFO: [ app_begin ] --START--
INFO: Run Behavior\ReadHtmlCacheBehavior [ RunTime:0.000000s ]
INFO: [ app_begin ] --END-- [ RunTime:0.001000s ]
SQL: SHOW COLUMNS FROM `ot_system` [ RunTime:0.0030s ]
SQL: SELECT * FROM `ot_system` WHERE `SYS_ID` = 1 LIMIT 1   [ RunTime:0.0010s ]
SQL: SHOW COLUMNS FROM `ot_user` [ RunTime:0.0030s ]
SQL: SELECT * FROM `ot_user` WHERE `UE_account` = 'admin@qq.com' LIMIT 1   [ RunTime:0.0000s ]
SQL: UPDATE `ot_user` SET `levelname`='高级会员' WHERE `UE_account` = 'admin@qq.com' [ RunTime:0.0000s ]
SQL: SELECT * FROM `ot_user` WHERE `UE_ID` = 61451 LIMIT 1   [ RunTime:0.0000s ]

[ 2017-02-26T16:31:16+08:00 ] 127.0.0.1 /Home/Index/home.html
INFO: [ app_init ] --START--
INFO: Run Behavior\BuildLiteBehavior [ RunTime:0.000000s ]
INFO: [ app_init ] --END-- [ RunTime:0.000000s ]
INFO: [ app_begin ] --START--
INFO: Run Behavior\ReadHtmlCacheBehavior [ RunTime:0.001000s ]
INFO: [ app_begin ] --END-- [ RunTime:0.001000s ]
SQL: SHOW COLUMNS FROM `ot_system` [ RunTime:0.0040s ]
SQL: SELECT * FROM `ot_system` WHERE `SYS_ID` = 1 LIMIT 1   [ RunTime:0.0000s ]
SQL: SHOW COLUMNS FROM `ot_user` [ RunTime:0.0030s ]
SQL: SELECT * FROM `ot_user` WHERE `UE_account` = 'admin@qq.com' LIMIT 1   [ RunTime:0.0000s ]
SQL: UPDATE `ot_user` SET `levelname`='高级会员' WHERE `UE_account` = 'admin@qq.com' [ RunTime:0.0000s ]
SQL: SELECT * FROM `ot_user` WHERE `UE_ID` = 61451 LIMIT 1   [ RunTime:0.0010s ]
SQL: SHOW COLUMNS FROM `ot_tgbz` [ RunTime:0.0020s ]
SQL: SELECT COUNT(*) AS tp_count FROM `ot_tgbz` WHERE `user` = 'admin@qq.com' LIMIT 1   [ RunTime:0.0010s ]
SQL: SELECT * FROM `ot_tgbz` WHERE `user` = 'admin@qq.com' ORDER BY id DESC LIMIT 0,100   [ RunTime:0.0000s ]
SQL: SHOW COLUMNS FROM `ot_jsbz` [ RunTime:0.0030s ]
SQL: SELECT COUNT(*) AS tp_count FROM `ot_jsbz` WHERE `user` = 'admin@qq.com' LIMIT 1   [ RunTime:0.0000s ]
SQL: SELECT * FROM `ot_jsbz` WHERE `user` = 'admin@qq.com' ORDER BY id DESC LIMIT 0,100   [ RunTime:0.0000s ]
SQL: SELECT * FROM `ot_jsbz` WHERE `user` = 'admin@qq.com' LIMIT 1   [ RunTime:0.0000s ]
SQL: SHOW COLUMNS FROM `ot_ppdd` [ RunTime:0.0020s ]
SQL: SELECT COUNT(*) AS tp_count FROM `ot_ppdd` WHERE `p_user` = 'admin@qq.com' LIMIT 1   [ RunTime:0.0000s ]
SQL: SELECT * FROM `ot_ppdd` WHERE `p_user` = 'admin@qq.com' ORDER BY id DESC LIMIT 0,100   [ RunTime:0.0000s ]
SQL: SELECT COUNT(*) AS tp_count FROM `ot_ppdd` WHERE `g_user` = 'admin@qq.com' LIMIT 1   [ RunTime:0.0000s ]
SQL: SELECT * FROM `ot_ppdd` WHERE `g_user` = 'admin@qq.com' ORDER BY id DESC LIMIT 0,100   [ RunTime:0.0000s ]
INFO: [ view_parse ] --START--
INFO: [ template_filter ] --START--
INFO: Run Behavior\ContentReplaceBehavior [ RunTime:0.000000s ]
INFO: [ template_filter ] --END-- [ RunTime:0.000000s ]
NOTIC: [8] Undefined variable: a F:\Product\03dirsell\User\Runtime\Cache\Home\9b888f9a05177cc78c87c9cd7e37319c.php 第 1611 行.
INFO: Run Behavior\ParseTemplateBehavior [ RunTime:0.031002s ]
INFO: [ view_parse ] --END-- [ RunTime:0.031002s ]
INFO: [ view_filter ] --START--
INFO: Run Behavior\WriteHtmlCacheBehavior [ RunTime:0.000000s ]
INFO: Run Behavior\TokenBuildBehavior [ RunTime:0.000000s ]
INFO: [ view_filter ] --END-- [ RunTime:0.000000s ]
INFO: [ app_end ] --START--
INFO: Run Behavior\ShowPageTraceBehavior [ RunTime:0.001000s ]
INFO: [ app_end ] --END-- [ RunTime:0.001000s ]

[ 2017-02-26T16:32:03+08:00 ] 127.0.0.1 /Home/Index/home
INFO: [ app_init ] --START--
INFO: Run Behavior\BuildLiteBehavior [ RunTime:0.000000s ]
INFO: [ app_init ] --END-- [ RunTime:0.000000s ]
INFO: [ app_begin ] --START--
INFO: Run Behavior\ReadHtmlCacheBehavior [ RunTime:0.001000s ]
INFO: [ app_begin ] --END-- [ RunTime:0.001000s ]
SQL: SHOW COLUMNS FROM `ot_system` [ RunTime:0.0030s ]
SQL: SELECT * FROM `ot_system` WHERE `SYS_ID` = 1 LIMIT 1   [ RunTime:0.0000s ]
SQL: SHOW COLUMNS FROM `ot_user` [ RunTime:0.0030s ]
SQL: SELECT * FROM `ot_user` WHERE `UE_account` = 'admin@qq.com' LIMIT 1   [ RunTime:0.0000s ]
SQL: UPDATE `ot_user` SET `levelname`='高级会员' WHERE `UE_account` = 'admin@qq.com' [ RunTime:0.0000s ]
SQL: SELECT * FROM `ot_user` WHERE `UE_ID` = 61451 LIMIT 1   [ RunTime:0.0000s ]
NOTIC: [8] Undefined index: token F:\Product\03dirsell\User\Home\Controller\IndexController.class.php 第 41 行.
SQL: SHOW COLUMNS FROM `ot_tgbz` [ RunTime:0.0020s ]
SQL: SELECT COUNT(*) AS tp_count FROM `ot_tgbz` WHERE `user` = 'admin@qq.com' LIMIT 1   [ RunTime:0.0000s ]
SQL: SELECT * FROM `ot_tgbz` WHERE `user` = 'admin@qq.com' ORDER BY id DESC LIMIT 0,100   [ RunTime:0.0000s ]
SQL: SHOW COLUMNS FROM `ot_jsbz` [ RunTime:0.0030s ]
SQL: SELECT COUNT(*) AS tp_count FROM `ot_jsbz` WHERE `user` = 'admin@qq.com' LIMIT 1   [ RunTime:0.0010s ]
SQL: SELECT * FROM `ot_jsbz` WHERE `user` = 'admin@qq.com' ORDER BY id DESC LIMIT 0,100   [ RunTime:0.0000s ]
SQL: SELECT * FROM `ot_jsbz` WHERE `user` = 'admin@qq.com' LIMIT 1   [ RunTime:0.0000s ]
SQL: SHOW COLUMNS FROM `ot_ppdd` [ RunTime:0.0030s ]
SQL: SELECT COUNT(*) AS tp_count FROM `ot_ppdd` WHERE `p_user` = 'admin@qq.com' LIMIT 1   [ RunTime:0.0000s ]
SQL: SELECT * FROM `ot_ppdd` WHERE `p_user` = 'admin@qq.com' ORDER BY id DESC LIMIT 0,100   [ RunTime:0.0000s ]
SQL: SELECT COUNT(*) AS tp_count FROM `ot_ppdd` WHERE `g_user` = 'admin@qq.com' LIMIT 1   [ RunTime:0.0000s ]
SQL: SELECT * FROM `ot_ppdd` WHERE `g_user` = 'admin@qq.com' ORDER BY id DESC LIMIT 0,100   [ RunTime:0.0000s ]
INFO: [ view_parse ] --START--
INFO: [ template_filter ] --START--
INFO: Run Behavior\ContentReplaceBehavior [ RunTime:0.000000s ]
INFO: [ template_filter ] --END-- [ RunTime:0.000000s ]
NOTIC: [8] Undefined variable: a F:\Product\03dirsell\User\Runtime\Cache\Home\9b888f9a05177cc78c87c9cd7e37319c.php 第 1611 行.
INFO: Run Behavior\ParseTemplateBehavior [ RunTime:0.021001s ]
INFO: [ view_parse ] --END-- [ RunTime:0.022001s ]
INFO: [ view_filter ] --START--
INFO: Run Behavior\WriteHtmlCacheBehavior [ RunTime:0.000000s ]
INFO: Run Behavior\TokenBuildBehavior [ RunTime:0.001000s ]
INFO: [ view_filter ] --END-- [ RunTime:0.001000s ]
INFO: [ app_end ] --START--
INFO: Run Behavior\ShowPageTraceBehavior [ RunTime:0.000000s ]
INFO: [ app_end ] --END-- [ RunTime:0.000000s ]

[ 2017-02-26T16:32:06+08:00 ] 127.0.0.1 /Home/Index/home?token=NDU4NQ==&pid=MzU=
INFO: [ app_init ] --START--
INFO: Run Behavior\BuildLiteBehavior [ RunTime:0.000000s ]
INFO: [ app_init ] --END-- [ RunTime:0.000000s ]
INFO: [ app_begin ] --START--
INFO: Run Behavior\ReadHtmlCacheBehavior [ RunTime:0.000000s ]
INFO: [ app_begin ] --END-- [ RunTime:0.001000s ]
SQL: SHOW COLUMNS FROM `ot_system` [ RunTime:0.0030s ]
SQL: SELECT * FROM `ot_system` WHERE `SYS_ID` = 1 LIMIT 1   [ RunTime:0.0010s ]
SQL: SHOW COLUMNS FROM `ot_user` [ RunTime:0.0030s ]
SQL: SELECT * FROM `ot_user` WHERE `UE_account` = 'admin@qq.com' LIMIT 1   [ RunTime:0.0010s ]
SQL: UPDATE `ot_user` SET `levelname`='高级会员' WHERE `UE_account` = 'admin@qq.com' [ RunTime:0.0000s ]
SQL: SELECT * FROM `ot_user` WHERE `UE_ID` = 61451 LIMIT 1   [ RunTime:0.0000s ]
SQL: SHOW COLUMNS FROM `ot_tgbz` [ RunTime:0.0030s ]
SQL: SELECT COUNT(*) AS tp_count FROM `ot_tgbz` WHERE `user` = 'admin@qq.com' LIMIT 1   [ RunTime:0.0000s ]
SQL: SELECT * FROM `ot_tgbz` WHERE `user` = 'admin@qq.com' ORDER BY id DESC LIMIT 0,100   [ RunTime:0.0000s ]
SQL: SHOW COLUMNS FROM `ot_jsbz` [ RunTime:0.0020s ]
SQL: SELECT COUNT(*) AS tp_count FROM `ot_jsbz` WHERE `user` = 'admin@qq.com' LIMIT 1   [ RunTime:0.0000s ]
SQL: SELECT * FROM `ot_jsbz` WHERE `user` = 'admin@qq.com' ORDER BY id DESC LIMIT 0,100   [ RunTime:0.0010s ]
SQL: SELECT * FROM `ot_jsbz` WHERE `user` = 'admin@qq.com' LIMIT 1   [ RunTime:0.0000s ]
SQL: SHOW COLUMNS FROM `ot_ppdd` [ RunTime:0.0030s ]
SQL: SELECT COUNT(*) AS tp_count FROM `ot_ppdd` WHERE `p_user` = 'admin@qq.com' LIMIT 1   [ RunTime:0.0000s ]
SQL: SELECT * FROM `ot_ppdd` WHERE `p_user` = 'admin@qq.com' ORDER BY id DESC LIMIT 0,100   [ RunTime:0.0000s ]
SQL: SELECT COUNT(*) AS tp_count FROM `ot_ppdd` WHERE `g_user` = 'admin@qq.com' LIMIT 1   [ RunTime:0.0000s ]
SQL: SELECT * FROM `ot_ppdd` WHERE `g_user` = 'admin@qq.com' ORDER BY id DESC LIMIT 0,100   [ RunTime:0.0000s ]
INFO: [ view_parse ] --START--
INFO: [ template_filter ] --START--
INFO: Run Behavior\ContentReplaceBehavior [ RunTime:0.000000s ]
INFO: [ template_filter ] --END-- [ RunTime:0.000000s ]
NOTIC: [8] Undefined variable: a F:\Product\03dirsell\User\Runtime\Cache\Home\9b888f9a05177cc78c87c9cd7e37319c.php 第 1611 行.
INFO: Run Behavior\ParseTemplateBehavior [ RunTime:0.022001s ]
INFO: [ view_parse ] --END-- [ RunTime:0.022001s ]
INFO: [ view_filter ] --START--
INFO: Run Behavior\WriteHtmlCacheBehavior [ RunTime:0.000000s ]
INFO: Run Behavior\TokenBuildBehavior [ RunTime:0.000000s ]
INFO: [ view_filter ] --END-- [ RunTime:0.000000s ]
INFO: [ app_end ] --START--
INFO: Run Behavior\ShowPageTraceBehavior [ RunTime:0.001000s ]
INFO: [ app_end ] --END-- [ RunTime:0.001000s ]

[ 2017-02-26T16:32:33+08:00 ] 127.0.0.1 /Home/Index/home?token=NDU4NQ==&pid=MzU=
INFO: [ app_init ] --START--
INFO: Run Behavior\BuildLiteBehavior [ RunTime:0.000000s ]
INFO: [ app_init ] --END-- [ RunTime:0.000000s ]
INFO: [ app_begin ] --START--
INFO: Run Behavior\ReadHtmlCacheBehavior [ RunTime:0.001000s ]
INFO: [ app_begin ] --END-- [ RunTime:0.001000s ]
SQL: SHOW COLUMNS FROM `ot_system` [ RunTime:0.0040s ]
SQL: SELECT * FROM `ot_system` WHERE `SYS_ID` = 1 LIMIT 1   [ RunTime:0.0000s ]
SQL: SHOW COLUMNS FROM `ot_user` [ RunTime:0.0040s ]
SQL: SELECT * FROM `ot_user` WHERE `UE_account` = 'admin@qq.com' LIMIT 1   [ RunTime:0.0010s ]
SQL: UPDATE `ot_user` SET `levelname`='高级会员' WHERE `UE_account` = 'admin@qq.com' [ RunTime:0.0000s ]
SQL: SELECT * FROM `ot_user` WHERE `UE_ID` = 61451 LIMIT 1   [ RunTime:0.0000s ]
SQL: SHOW COLUMNS FROM `ot_tgbz` [ RunTime:0.0020s ]
SQL: SELECT COUNT(*) AS tp_count FROM `ot_tgbz` WHERE `user` = 'admin@qq.com' LIMIT 1   [ RunTime:0.0000s ]
SQL: SELECT * FROM `ot_tgbz` WHERE `user` = 'admin@qq.com' ORDER BY id DESC LIMIT 0,100   [ RunTime:0.0000s ]
SQL: SHOW COLUMNS FROM `ot_jsbz` [ RunTime:0.0020s ]
SQL: SELECT COUNT(*) AS tp_count FROM `ot_jsbz` WHERE `user` = 'admin@qq.com' LIMIT 1   [ RunTime:0.0000s ]
SQL: SELECT * FROM `ot_jsbz` WHERE `user` = 'admin@qq.com' ORDER BY id DESC LIMIT 0,100   [ RunTime:0.0000s ]
SQL: SELECT * FROM `ot_jsbz` WHERE `user` = 'admin@qq.com' LIMIT 1   [ RunTime:0.0000s ]
SQL: SHOW COLUMNS FROM `ot_ppdd` [ RunTime:0.0030s ]
SQL: SELECT COUNT(*) AS tp_count FROM `ot_ppdd` WHERE `p_user` = 'admin@qq.com' LIMIT 1   [ RunTime:0.0000s ]
SQL: SELECT * FROM `ot_ppdd` WHERE `p_user` = 'admin@qq.com' ORDER BY id DESC LIMIT 0,100   [ RunTime:0.0000s ]
SQL: SELECT COUNT(*) AS tp_count FROM `ot_ppdd` WHERE `g_user` = 'admin@qq.com' LIMIT 1   [ RunTime:0.0000s ]
SQL: SELECT * FROM `ot_ppdd` WHERE `g_user` = 'admin@qq.com' ORDER BY id DESC LIMIT 0,100   [ RunTime:0.0000s ]
INFO: [ view_parse ] --START--
INFO: [ template_filter ] --START--
INFO: Run Behavior\ContentReplaceBehavior [ RunTime:0.001000s ]
INFO: [ template_filter ] --END-- [ RunTime:0.001000s ]
NOTIC: [8] Undefined variable: a F:\Product\03dirsell\User\Runtime\Cache\Home\9b888f9a05177cc78c87c9cd7e37319c.php 第 1611 行.
INFO: Run Behavior\ParseTemplateBehavior [ RunTime:0.031002s ]
INFO: [ view_parse ] --END-- [ RunTime:0.031002s ]
INFO: [ view_filter ] --START--
INFO: Run Behavior\WriteHtmlCacheBehavior [ RunTime:0.000000s ]
INFO: Run Behavior\TokenBuildBehavior [ RunTime:0.001000s ]
INFO: [ view_filter ] --END-- [ RunTime:0.001000s ]
INFO: [ app_end ] --START--
INFO: Run Behavior\ShowPageTraceBehavior [ RunTime:0.000000s ]
INFO: [ app_end ] --END-- [ RunTime:0.000000s ]

[ 2017-02-26T16:32:34+08:00 ] 127.0.0.1 /Home/Index/home?token=NDU4NQ==&pid=MzU=
INFO: [ app_init ] --START--
INFO: Run Behavior\BuildLiteBehavior [ RunTime:0.000000s ]
INFO: [ app_init ] --END-- [ RunTime:0.000000s ]
INFO: [ app_begin ] --START--
INFO: Run Behavior\ReadHtmlCacheBehavior [ RunTime:0.000000s ]
INFO: [ app_begin ] --END-- [ RunTime:0.000000s ]
SQL: SHOW COLUMNS FROM `ot_system` [ RunTime:0.0030s ]
SQL: SELECT * FROM `ot_system` WHERE `SYS_ID` = 1 LIMIT 1   [ RunTime:0.0000s ]
SQL: SHOW COLUMNS FROM `ot_user` [ RunTime:0.0040s ]
SQL: SELECT * FROM `ot_user` WHERE `UE_account` = 'admin@qq.com' LIMIT 1   [ RunTime:0.0000s ]
SQL: UPDATE `ot_user` SET `levelname`='高级会员' WHERE `UE_account` = 'admin@qq.com' [ RunTime:0.0000s ]
SQL: SELECT * FROM `ot_user` WHERE `UE_ID` = 61451 LIMIT 1   [ RunTime:0.0000s ]
SQL: SHOW COLUMNS FROM `ot_tgbz` [ RunTime:0.0030s ]
SQL: SELECT COUNT(*) AS tp_count FROM `ot_tgbz` WHERE `user` = 'admin@qq.com' LIMIT 1   [ RunTime:0.0000s ]
SQL: SELECT * FROM `ot_tgbz` WHERE `user` = 'admin@qq.com' ORDER BY id DESC LIMIT 0,100   [ RunTime:0.0000s ]
SQL: SHOW COLUMNS FROM `ot_jsbz` [ RunTime:0.0030s ]
SQL: SELECT COUNT(*) AS tp_count FROM `ot_jsbz` WHERE `user` = 'admin@qq.com' LIMIT 1   [ RunTime:0.0010s ]
SQL: SELECT * FROM `ot_jsbz` WHERE `user` = 'admin@qq.com' ORDER BY id DESC LIMIT 0,100   [ RunTime:0.0000s ]
SQL: SELECT * FROM `ot_jsbz` WHERE `user` = 'admin@qq.com' LIMIT 1   [ RunTime:0.0000s ]
SQL: SHOW COLUMNS FROM `ot_ppdd` [ RunTime:0.0030s ]
SQL: SELECT COUNT(*) AS tp_count FROM `ot_ppdd` WHERE `p_user` = 'admin@qq.com' LIMIT 1   [ RunTime:0.0010s ]
SQL: SELECT * FROM `ot_ppdd` WHERE `p_user` = 'admin@qq.com' ORDER BY id DESC LIMIT 0,100   [ RunTime:0.0000s ]
SQL: SELECT COUNT(*) AS tp_count FROM `ot_ppdd` WHERE `g_user` = 'admin@qq.com' LIMIT 1   [ RunTime:0.0010s ]
SQL: SELECT * FROM `ot_ppdd` WHERE `g_user` = 'admin@qq.com' ORDER BY id DESC LIMIT 0,100   [ RunTime:0.0000s ]
INFO: [ view_parse ] --START--
INFO: [ template_filter ] --START--
INFO: Run Behavior\ContentReplaceBehavior [ RunTime:0.000000s ]
INFO: [ template_filter ] --END-- [ RunTime:0.000000s ]
NOTIC: [8] Undefined variable: a F:\Product\03dirsell\User\Runtime\Cache\Home\9b888f9a05177cc78c87c9cd7e37319c.php 第 1611 行.
INFO: Run Behavior\ParseTemplateBehavior [ RunTime:0.025001s ]
INFO: [ view_parse ] --END-- [ RunTime:0.025001s ]
INFO: [ view_filter ] --START--
INFO: Run Behavior\WriteHtmlCacheBehavior [ RunTime:0.000000s ]
INFO: Run Behavior\TokenBuildBehavior [ RunTime:0.000000s ]
INFO: [ view_filter ] --END-- [ RunTime:0.001000s ]
INFO: [ app_end ] --START--
INFO: Run Behavior\ShowPageTraceBehavior [ RunTime:0.001000s ]
INFO: [ app_end ] --END-- [ RunTime:0.001000s ]

